2021-05-04 08:49:37.7330|INFO|Topshelf.HostFactory|Configuration Result:
[Success] Name EzAlgoTrading.Standard
[Success] DisplayName EzAlgoTrading.Standard 1.0.0.0
[Success] Description Datafactory to process rail reference data
[Success] ServiceName EzAlgoTrading.Standard
2021-05-04 08:49:37.7561|INFO|Topshelf.HostConfigurators.HostConfiguratorImpl|Topshelf v4.3.0.0, .NET Core 3.1.13 (3.1.13)
2021-05-04 08:49:37.9471|ERROR|Topshelf.Runtime.Windows.WindowsHostEnvironment|Unable to get parent process (ignored)
2021-05-04 08:49:37.9479|DEBUG|Topshelf.Builders.RunBuilder|Running as a console application, creating the console host.
2021-05-04 08:49:37.9778|DEBUG|Topshelf.Hosts.ConsoleRunHost|Starting up as a console application
2021-05-04 08:49:38.0409|INFO|ExAlgo.Core.Cache.QuoteRepositoryManager|Historical Data loaded at  5/4/2021 8:49:38 AM
2021-05-04 08:49:38.6811|INFO|ExAlgo.Core.Cache.QuoteRepositoryManager|ADANI PORT & SEZ Pivot Details , PivoPoint: 747.18333333333333333333333333,previousPivotPoint: 736.76666666666666666666666667,IsUptrendPivot : True,  Resistance1: 779.4166666666666666666666667, Support1: 730.3666666666666666666666667,  Points Change :7.0402802101576182136602451800
2021-05-04 08:49:38.9364|INFO|ExAlgo.Core.Cache.QuoteRepositoryManager|ASIAN PAINTS Pivot Details , PivoPoint: 2563.8166666666666666666666667,previousPivotPoint: 2552.50,IsUptrendPivot : True,  Resistance1: 2621.7833333333333333333333334, Support1: 2532.5333333333333333333333334,  Points Change :3.5719987228607918263090676900
2021-05-04 08:49:39.1834|INFO|ExAlgo.Core.Cache.QuoteRepositoryManager|AXIS BANK Pivot Details , PivoPoint: 701.2,previousPivotPoint: 715.45,IsUptrendPivot : False,  Resistance1: 710.1, Support1: 694.6,  Points Change :2.2973558734286952752492414400
2021-05-04 08:49:39.5021|INFO|ExAlgo.Core.Cache.QuoteRepositoryManager|BAJAJ AUTO Pivot Details , PivoPoint: 3851.35,previousPivotPoint: 3865.8833333333333333333333333,IsUptrendPivot : False,  Resistance1: 3913.30, Support1: 3796.85,  Points Change :3.2179656538969616908850726600
2021-05-04 08:49:39.7547|INFO|ExAlgo.Core.Cache.QuoteRepositoryManager|BAJAJ FINSERV. Pivot Details , PivoPoint: 10985.00,previousPivotPoint: 11038.733333333333333333333333,IsUptrendPivot : False,  Resistance1: 11155.85, Support1: 10859.15,  Points Change :2.7436275620367758908467147200
2021-05-04 08:49:40.1101|INFO|ExAlgo.Core.Cache.QuoteRepositoryManager|BAJAJ FINANCE Pivot Details , PivoPoint: 5473,previousPivotPoint: 5433.5666666666666666666666667,IsUptrendPivot : True,  Resistance1: 5653, Support1: 5366,  Points Change :5.4571226080793763288447909300
2021-05-04 08:49:40.3590|INFO|ExAlgo.Core.Cache.QuoteRepositoryManager|BHARTI AIRTEL Pivot Details , PivoPoint: 550.86666666666666666666666667,previousPivotPoint: 538.88333333333333333333333333,IsUptrendPivot : True,  Resistance1: 572.6833333333333333333333333, Support1: 539.2333333333333333333333333,  Points Change :6.3226538134391834420187127900
2021-05-04 08:49:40.6041|INFO|ExAlgo.Core.Cache.QuoteRepositoryManager|BHARAT PETROLEUM CORP  LT Pivot Details , PivoPoint: 420.13333333333333333333333333,previousPivotPoint: 424.88333333333333333333333333,IsUptrendPivot : False,  Resistance1: 424.8666666666666666666666667, Support1: 411.2666666666666666666666667,  Points Change :3.2859894077997111218103033200
2021-05-04 08:49:40.8777|INFO|ExAlgo.Core.Cache.QuoteRepositoryManager|BRITANNIA INDUSTRIES Pivot Details , PivoPoint: 3450.7333333333333333333333333,previousPivotPoint: 3450.05,IsUptrendPivot : True,  Resistance1: 3468.7166666666666666666666666, Support1: 3422.7666666666666666666666666,  Points Change :1.3725375917939153747523021300
2021-05-04 08:49:41.1512|INFO|ExAlgo.Core.Cache.QuoteRepositoryManager|CIPLA Pivot Details , PivoPoint: 913.1666666666666666666666667,previousPivotPoint: 910.5833333333333333333333333,IsUptrendPivot : True,  Resistance1: 919.8333333333333333333333334, Support1: 902.3333333333333333333333334,  Points Change :1.9858781994704324801412180100
2021-05-04 08:49:41.4172|INFO|ExAlgo.Core.Cache.QuoteRepositoryManager|COAL INDIA Pivot Details , PivoPoint: 132.30,previousPivotPoint: 131.53333333333333333333333333,IsUptrendPivot : True,  Resistance1: 133.40, Support1: 131.15,  Points Change :1.7149390243902439024390243900
2021-05-04 08:49:41.6693|INFO|ExAlgo.Core.Cache.QuoteRepositoryManager|DIVI'S LABORATORIES Pivot Details , PivoPoint: 4083.9833333333333333333333333,previousPivotPoint: 4032.2,IsUptrendPivot : True,  Resistance1: 4142.866666666666666666666667, Support1: 4020.666666666666666666666667,  Points Change :3.0372293511881839977143141100
2021-05-04 08:49:41.9290|INFO|ExAlgo.Core.Cache.QuoteRepositoryManager|DR. REDDY'S LABORATORIES Pivot Details , PivoPoint: 5176.9666666666666666666666667,previousPivotPoint: 5168.4166666666666666666666667,IsUptrendPivot : True,  Resistance1: 5213.933333333333333333333333, Support1: 5144.033333333333333333333333,  Points Change :1.4075875486381322957198443600
2021-05-04 08:49:42.1757|INFO|ExAlgo.Core.Cache.QuoteRepositoryManager|EICHER MOTORS Pivot Details , PivoPoint: 2394.3166666666666666666666667,previousPivotPoint: 2435.05,IsUptrendPivot : False,  Resistance1: 2420.9333333333333333333333334, Support1: 2372.3833333333333333333333334,  Points Change :2.0591341077085533262935586100
2021-05-04 08:49:42.4556|INFO|ExAlgo.Core.Cache.QuoteRepositoryManager|GAIL (INDIA) Pivot Details , PivoPoint: 136.76666666666666666666666667,previousPivotPoint: 137.00,IsUptrendPivot : False,  Resistance1: 138.78333333333333333333333334, Support1: 135.38333333333333333333333334,  Points Change :2.636464909023393984404010400
2021-05-04 08:49:42.7407|INFO|ExAlgo.Core.Cache.QuoteRepositoryManager|GRASIM INDUSTRIES Pivot Details , PivoPoint: 1404.35,previousPivotPoint: 1381.7833333333333333333333333,IsUptrendPivot : True,  Resistance1: 1434.45, Support1: 1383.90,  Points Change :3.6965617609605239221393487400
2021-05-04 08:49:42.9944|INFO|ExAlgo.Core.Cache.QuoteRepositoryManager|HCL TECHNOLOGIES Pivot Details , PivoPoint: 903.85,previousPivotPoint: 903.5833333333333333333333333,IsUptrendPivot : True,  Resistance1: 916.35, Support1: 897.40,  Points Change :2.1829405162738496071829405200
2021-05-04 08:49:43.2391|INFO|ExAlgo.Core.Cache.QuoteRepositoryManager|HDFC Pivot Details , PivoPoint: 2407.5,previousPivotPoint: 2456.05,IsUptrendPivot : False,  Resistance1: 2450.0, Support1: 2382.5,  Points Change :2.8731501057082452431289640600
2021-05-04 08:49:43.5273|INFO|ExAlgo.Core.Cache.QuoteRepositoryManager|HDFC BANK Pivot Details , PivoPoint: 1405.9166666666666666666666667,previousPivotPoint: 1423.5333333333333333333333333,IsUptrendPivot : False,  Resistance1: 1434.4833333333333333333333334, Support1: 1390.4333333333333333333333334,  Points Change :3.238219705220358672765555800
2021-05-04 08:49:43.7795|INFO|ExAlgo.Core.Cache.QuoteRepositoryManager|HDFC LIFE INS CO Pivot Details , PivoPoint: 668.45,previousPivotPoint: 667.13333333333333333333333333,IsUptrendPivot : True,  Resistance1: 679.75, Support1: 662.40,  Points Change :2.640188693601156509168378600
2021-05-04 08:49:44.0609|INFO|ExAlgo.Core.Cache.QuoteRepositoryManager|HERO MOTOCORP Pivot Details , PivoPoint: 2803.2666666666666666666666667,previousPivotPoint: 2827.6166666666666666666666667,IsUptrendPivot : False,  Resistance1: 2835.8333333333333333333333334, Support1: 2759.4333333333333333333333334,  Points Change :2.9403791589105958469629335100
2021-05-04 08:49:44.5309|INFO|ExAlgo.Core.Cache.QuoteRepositoryManager|HINDALCO  INDUSTRIES  Pivot Details , PivoPoint: 366.93333333333333333333333333,previousPivotPoint: 367.26666666666666666666666667,IsUptrendPivot : False,  Resistance1: 376.21666666666666666666666666, Support1: 360.71666666666666666666666666,  Points Change :4.3478260869565217391304347800
2021-05-04 08:49:44.7836|INFO|ExAlgo.Core.Cache.QuoteRepositoryManager|HINDUSTAN UNILEVER. Pivot Details , PivoPoint: 2386.4,previousPivotPoint: 2374.5,IsUptrendPivot : True,  Resistance1: 2430.2, Support1: 2357.8,  Points Change :3.2051282051282051282051282100
2021-05-04 08:49:45.0652|INFO|ExAlgo.Core.Cache.QuoteRepositoryManager|ICICI BANK. Pivot Details , PivoPoint: 594.8,previousPivotPoint: 604.66666666666666666666666667,IsUptrendPivot : False,  Resistance1: 602.0, Support1: 590.8,  Points Change :1.9319148936170212765957446800
2021-05-04 08:49:45.3083|INFO|ExAlgo.Core.Cache.QuoteRepositoryManager|INDUSIND BANK Pivot Details , PivoPoint: 927.0166666666666666666666667,previousPivotPoint: 931.7333333333333333333333333,IsUptrendPivot : False,  Resistance1: 954.6833333333333333333333334, Support1: 886.3333333333333333333333334,  Points Change :7.6418242491657397107897664100
2021-05-04 08:49:45.9605|INFO|ExAlgo.Core.Cache.QuoteRepositoryManager|INFOSYS Pivot Details , PivoPoint: 1349.4833333333333333333333333,previousPivotPoint: 1355.9666666666666666666666667,IsUptrendPivot : False,  Resistance1: 1360.5166666666666666666666666, Support1: 1337.9666666666666666666666666,  Points Change :1.7189835575485799701046337800
2021-05-04 08:49:46.2423|INFO|ExAlgo.Core.Cache.QuoteRepositoryManager|INDIAN OIL CORP Pivot Details , PivoPoint: 90.98333333333333333333333333,previousPivotPoint: 90.63333333333333333333333333,IsUptrendPivot : True,  Resistance1: 92.41666666666666666666666666, Support1: 90.06666666666666666666666666,  Points Change :2.624232272473478503629257400
2021-05-04 08:49:46.4832|INFO|ExAlgo.Core.Cache.QuoteRepositoryManager|ITC Pivot Details , PivoPoint: 200.98333333333333333333333333,previousPivotPoint: 203.36666666666666666666666667,IsUptrendPivot : False,  Resistance1: 201.96666666666666666666666666, Support1: 200.11666666666666666666666666,  Points Change :0.92500
2021-05-04 08:49:46.7615|INFO|ExAlgo.Core.Cache.QuoteRepositoryManager|JSW STEEL Pivot Details , PivoPoint: 721.2,previousPivotPoint: 721.73333333333333333333333333,IsUptrendPivot : False,  Resistance1: 731.8, Support1: 712.4,  Points Change :2.7300872502110892203771460700
2021-05-04 08:49:47.0142|INFO|ExAlgo.Core.Cache.QuoteRepositoryManager|KOTAK MAHINDRA BANK Pivot Details , PivoPoint: 1724.8333333333333333333333333,previousPivotPoint: 1761.9166666666666666666666667,IsUptrendPivot : False,  Resistance1: 1764.6666666666666666666666666, Support1: 1690.6666666666666666666666666,  Points Change :4.3916913946587537091988130600
2021-05-04 08:49:47.2787|INFO|ExAlgo.Core.Cache.QuoteRepositoryManager|LARSEN & TOUBRO. Pivot Details , PivoPoint: 1337.5833333333333333333333333,previousPivotPoint: 1347.4333333333333333333333333,IsUptrendPivot : False,  Resistance1: 1355.2166666666666666666666666, Support1: 1323.8666666666666666666666666,  Points Change :2.4371754538907629913201682900
2021-05-04 08:49:47.5388|INFO|ExAlgo.Core.Cache.QuoteRepositoryManager|MAHINDRA & MAHINDRA Pivot Details , PivoPoint: 753.53333333333333333333333333,previousPivotPoint: 760.66666666666666666666666667,IsUptrendPivot : False,  Resistance1: 766.9666666666666666666666667, Support1: 740.5666666666666666666666667,  Points Change :3.5808391324910479021687723800
2021-05-04 08:49:47.7815|INFO|ExAlgo.Core.Cache.QuoteRepositoryManager|MARUTI SUZUKI INDIA. Pivot Details , PivoPoint: 6540.5333333333333333333333333,previousPivotPoint: 6476.3166666666666666666666667,IsUptrendPivot : True,  Resistance1: 6681.066666666666666666666667, Support1: 6459.466666666666666666666667,  Points Change :3.4687500
2021-05-04 08:49:48.0220|INFO|ExAlgo.Core.Cache.QuoteRepositoryManager|NESTLE INDIA Pivot Details , PivoPoint: 16455.733333333333333333333333,previousPivotPoint: 16381.466666666666666666666667,IsUptrendPivot : True,  Resistance1: 16638.816666666666666666666666, Support1: 16336.616666666666666666666666,  Points Change :1.857718318774139430271037600
2021-05-04 08:49:48.2771|INFO|ExAlgo.Core.Cache.QuoteRepositoryManager|NTPC Pivot Details , PivoPoint: 103.35,previousPivotPoint: 103.36666666666666666666666667,IsUptrendPivot : False,  Resistance1: 105.65, Support1: 102.10,  Points Change :3.5131123206333498268184067300
2021-05-04 08:49:48.5599|INFO|ExAlgo.Core.Cache.QuoteRepositoryManager|OIL AND NATURAL GAS CORP. Pivot Details , PivoPoint: 108.1,previousPivotPoint: 108.10,IsUptrendPivot : False,  Resistance1: 110.2, Support1: 105.5,  Points Change :4.4339622641509433962264150900
2021-05-04 08:49:48.9733|INFO|ExAlgo.Core.Cache.QuoteRepositoryManager|POWER GRID CORP.. Pivot Details , PivoPoint: 220.16666666666666666666666667,previousPivotPoint: 219.80,IsUptrendPivot : True,  Resistance1: 223.58333333333333333333333334, Support1: 217.48333333333333333333333334,  Points Change :2.8143021914648212226066897300
2021-05-04 08:49:49.2536|INFO|ExAlgo.Core.Cache.QuoteRepositoryManager|RELIANCE INDUSTRIES Pivot Details , PivoPoint: 1959.65,previousPivotPoint: 2006.1166666666666666666666667,IsUptrendPivot : False,  Resistance1: 1975.35, Support1: 1940.30,  Points Change :1.8475631722505275075909628900
2021-05-04 08:49:49.4933|INFO|ExAlgo.Core.Cache.QuoteRepositoryManager|SBI LIFE INSURANCE CO Pivot Details , PivoPoint: 958.3666666666666666666666667,previousPivotPoint: 929.85,IsUptrendPivot : True,  Resistance1: 1000.6833333333333333333333334, Support1: 936.7833333333333333333333334,  Points Change :6.981059985808634899841711700
2021-05-04 08:49:49.8767|INFO|ExAlgo.Core.Cache.QuoteRepositoryManager|STATE BANK OF INDIA Pivot Details , PivoPoint: 348.48333333333333333333333333,previousPivotPoint: 355.05,IsUptrendPivot : False,  Resistance1: 355.51666666666666666666666666, Support1: 344.61666666666666666666666666,  Points Change :3.2513181019332161687170474500
2021-05-04 08:49:50.4112|INFO|ExAlgo.Core.Cache.QuoteRepositoryManager|SHREE CEMENT Pivot Details , PivoPoint: 27770.80,previousPivotPoint: 28054.116666666666666666666667,IsUptrendPivot : False,  Resistance1: 28214.00, Support1: 27461.05,  Points Change :2.7552730572754285045155813200
2021-05-04 08:49:50.8476|INFO|ExAlgo.Core.Cache.QuoteRepositoryManager|SUN PHARMACEUTICAL IND L Pivot Details , PivoPoint: 657.65,previousPivotPoint: 653.63333333333333333333333333,IsUptrendPivot : True,  Resistance1: 665.20, Support1: 651.55,  Points Change :2.1304414705429933856329795400
2021-05-04 08:49:51.5639|INFO|ExAlgo.Core.Cache.QuoteRepositoryManager|TATA MOTORS Pivot Details , PivoPoint: 291.05,previousPivotPoint: 295.75,IsUptrendPivot : False,  Resistance1: 296.80, Support1: 287.35,  Points Change :3.4210526315789473684210526300
2021-05-04 08:49:52.2423|INFO|ExAlgo.Core.Cache.QuoteRepositoryManager|TATA STEEL Pivot Details , PivoPoint: 1051.5833333333333333333333333,previousPivotPoint: 1029.8666666666666666666666667,IsUptrendPivot : True,  Resistance1: 1084.5166666666666666666666666, Support1: 1034.1666666666666666666666666,  Points Change :4.9582719685812469317623956800
2021-05-04 08:49:52.9207|INFO|ExAlgo.Core.Cache.QuoteRepositoryManager|TATA CONSULTANCY SERV LT Pivot Details , PivoPoint: 3031.9166666666666666666666667,previousPivotPoint: 3064.3333333333333333333333333,IsUptrendPivot : False,  Resistance1: 3058.8333333333333333333333334, Support1: 3009.0833333333333333333333334,  Points Change :1.6977363515312916111850865500
2021-05-04 08:49:53.2119|INFO|ExAlgo.Core.Cache.QuoteRepositoryManager|TECH MAHINDRA Pivot Details , PivoPoint: 958.9,previousPivotPoint: 963.7833333333333333333333333,IsUptrendPivot : False,  Resistance1: 962.8, Support1: 952.8,  Points Change :1.0471204188481675392670157100
2021-05-04 08:49:53.4399|INFO|ExAlgo.Core.Cache.QuoteRepositoryManager|TITAN COMPANY Pivot Details , PivoPoint: 1440.7,previousPivotPoint: 1492.4166666666666666666666667,IsUptrendPivot : False,  Resistance1: 1460.0, Support1: 1404.4,  Points Change :3.9408866995073891625615763500
2021-05-04 08:49:53.6739|INFO|ExAlgo.Core.Cache.QuoteRepositoryManager|ULTRATECH CEMENT Pivot Details , PivoPoint: 6290.6166666666666666666666667,previousPivotPoint: 6303.55,IsUptrendPivot : False,  Resistance1: 6430.533333333333333333333333, Support1: 6202.083333333333333333333333,  Points Change :3.7398373983739837398373983700
2021-05-04 08:49:53.9169|INFO|ExAlgo.Core.Cache.QuoteRepositoryManager|UPL Pivot Details , PivoPoint: 611.00,previousPivotPoint: 610.35,IsUptrendPivot : True,  Resistance1: 625.55, Support1: 602.45,  Points Change :3.9587352176465654617126562100
2021-05-04 08:49:54.1345|INFO|ExAlgo.Core.Cache.QuoteRepositoryManager|WIPRO Pivot Details , PivoPoint: 488.56666666666666666666666667,previousPivotPoint: 497.75,IsUptrendPivot : False,  Resistance1: 493.8833333333333333333333333, Support1: 481.1833333333333333333333333,  Points Change :2.6383859286083807553026383900
2021-05-04 08:49:54.1392|INFO|ExAlgo.Core.HostService|Scheduler registered..
2021-05-04 08:49:54.1392|INFO|ExAlgo.Core.HostService|LoadHistoricalData scheduled at ..9:13
2021-05-04 08:49:54.1392|INFO|ExAlgo.Core.HostService|LoadCurrentData scheduled at ..9:30
2021-05-04 08:49:54.1392|INFO|ExAlgo.Core.HostService|RegisterAndProcessTicks scheduled at ..9:15
2021-05-04 08:49:54.1392|INFO|ExAlgo.Core.HostService|WriteConfirmation scheduled at ..15:30
2021-05-04 08:49:54.1394|INFO|Topshelf.Hosts.ConsoleRunHost|The EzAlgoTrading.Standard service is now running, press Control+C to exit.
2021-05-04 09:11:24.9968|INFO|Topshelf.HostFactory|Configuration Result:
[Success] Name EzAlgoTrading.Standard
[Success] DisplayName EzAlgoTrading.Standard 1.0.0.0
[Success] Description Datafactory to process rail reference data
[Success] ServiceName EzAlgoTrading.Standard
2021-05-04 09:11:25.0349|INFO|Topshelf.HostConfigurators.HostConfiguratorImpl|Topshelf v4.3.0.0, .NET Core 3.1.13 (3.1.13)
2021-05-04 09:11:25.2112|ERROR|Topshelf.Runtime.Windows.WindowsHostEnvironment|Unable to get parent process (ignored)
2021-05-04 09:11:25.2122|DEBUG|Topshelf.Builders.RunBuilder|Running as a console application, creating the console host.
2021-05-04 09:11:25.2222|DEBUG|Topshelf.Hosts.ConsoleRunHost|Starting up as a console application
2021-05-04 09:11:25.2684|INFO|ExAlgo.Core.Cache.QuoteRepositoryManager|Historical Data loaded at  5/4/2021 9:11:25 AM
2021-05-04 09:11:26.0080|INFO|ExAlgo.Core.Cache.QuoteRepositoryManager|ADANI PORT & SEZ Pivot Details , PivoPoint: 747.18333333333333333333333333,previousPivotPoint: 736.76666666666666666666666667,IsUptrendPivot : True,  Resistance1: 779.4166666666666666666666667, Support1: 730.3666666666666666666666667,  Points Change :7.0402802101576182136602451800
2021-05-04 09:11:26.2917|INFO|ExAlgo.Core.Cache.QuoteRepositoryManager|ASIAN PAINTS Pivot Details , PivoPoint: 2563.8166666666666666666666667,previousPivotPoint: 2552.50,IsUptrendPivot : True,  Resistance1: 2621.7833333333333333333333334, Support1: 2532.5333333333333333333333334,  Points Change :3.5719987228607918263090676900
2021-05-04 09:11:26.5500|INFO|ExAlgo.Core.Cache.QuoteRepositoryManager|AXIS BANK Pivot Details , PivoPoint: 701.2,previousPivotPoint: 715.45,IsUptrendPivot : False,  Resistance1: 710.1, Support1: 694.6,  Points Change :2.2973558734286952752492414400
2021-05-04 09:11:26.8739|INFO|ExAlgo.Core.Cache.QuoteRepositoryManager|BAJAJ AUTO Pivot Details , PivoPoint: 3851.35,previousPivotPoint: 3865.8833333333333333333333333,IsUptrendPivot : False,  Resistance1: 3913.30, Support1: 3796.85,  Points Change :3.2179656538969616908850726600
2021-05-04 09:11:27.1328|INFO|ExAlgo.Core.Cache.QuoteRepositoryManager|BAJAJ FINSERV. Pivot Details , PivoPoint: 10985.00,previousPivotPoint: 11038.733333333333333333333333,IsUptrendPivot : False,  Resistance1: 11155.85, Support1: 10859.15,  Points Change :2.7436275620367758908467147200
2021-05-04 09:11:27.4200|INFO|ExAlgo.Core.Cache.QuoteRepositoryManager|BAJAJ FINANCE Pivot Details , PivoPoint: 5473,previousPivotPoint: 5433.5666666666666666666666667,IsUptrendPivot : True,  Resistance1: 5653, Support1: 5366,  Points Change :5.4571226080793763288447909300
2021-05-04 09:11:27.6836|INFO|ExAlgo.Core.Cache.QuoteRepositoryManager|BHARTI AIRTEL Pivot Details , PivoPoint: 550.86666666666666666666666667,previousPivotPoint: 538.88333333333333333333333333,IsUptrendPivot : True,  Resistance1: 572.6833333333333333333333333, Support1: 539.2333333333333333333333333,  Points Change :6.3226538134391834420187127900
2021-05-04 09:11:27.9998|INFO|ExAlgo.Core.Cache.QuoteRepositoryManager|BHARAT PETROLEUM CORP  LT Pivot Details , PivoPoint: 420.13333333333333333333333333,previousPivotPoint: 424.88333333333333333333333333,IsUptrendPivot : False,  Resistance1: 424.8666666666666666666666667, Support1: 411.2666666666666666666666667,  Points Change :3.2859894077997111218103033200
2021-05-04 09:11:28.2466|INFO|ExAlgo.Core.Cache.QuoteRepositoryManager|BRITANNIA INDUSTRIES Pivot Details , PivoPoint: 3450.7333333333333333333333333,previousPivotPoint: 3450.05,IsUptrendPivot : True,  Resistance1: 3468.7166666666666666666666666, Support1: 3422.7666666666666666666666666,  Points Change :1.3725375917939153747523021300
2021-05-04 09:11:28.5587|INFO|ExAlgo.Core.Cache.QuoteRepositoryManager|CIPLA Pivot Details , PivoPoint: 913.1666666666666666666666667,previousPivotPoint: 910.5833333333333333333333333,IsUptrendPivot : True,  Resistance1: 919.8333333333333333333333334, Support1: 902.3333333333333333333333334,  Points Change :1.9858781994704324801412180100
2021-05-04 09:11:28.8434|INFO|ExAlgo.Core.Cache.QuoteRepositoryManager|COAL INDIA Pivot Details , PivoPoint: 132.30,previousPivotPoint: 131.53333333333333333333333333,IsUptrendPivot : True,  Resistance1: 133.40, Support1: 131.15,  Points Change :1.7149390243902439024390243900
2021-05-04 09:11:29.0963|INFO|ExAlgo.Core.Cache.QuoteRepositoryManager|DIVI'S LABORATORIES Pivot Details , PivoPoint: 4083.9833333333333333333333333,previousPivotPoint: 4032.2,IsUptrendPivot : True,  Resistance1: 4142.866666666666666666666667, Support1: 4020.666666666666666666666667,  Points Change :3.0372293511881839977143141100
2021-05-04 09:11:29.3653|INFO|ExAlgo.Core.Cache.QuoteRepositoryManager|DR. REDDY'S LABORATORIES Pivot Details , PivoPoint: 5176.9666666666666666666666667,previousPivotPoint: 5168.4166666666666666666666667,IsUptrendPivot : True,  Resistance1: 5213.933333333333333333333333, Support1: 5144.033333333333333333333333,  Points Change :1.4075875486381322957198443600
2021-05-04 09:11:29.9176|INFO|ExAlgo.Core.Cache.QuoteRepositoryManager|EICHER MOTORS Pivot Details , PivoPoint: 2394.3166666666666666666666667,previousPivotPoint: 2435.05,IsUptrendPivot : False,  Resistance1: 2420.9333333333333333333333334, Support1: 2372.3833333333333333333333334,  Points Change :2.0591341077085533262935586100
2021-05-04 09:11:30.1685|INFO|ExAlgo.Core.Cache.QuoteRepositoryManager|GAIL (INDIA) Pivot Details , PivoPoint: 136.76666666666666666666666667,previousPivotPoint: 137.00,IsUptrendPivot : False,  Resistance1: 138.78333333333333333333333334, Support1: 135.38333333333333333333333334,  Points Change :2.636464909023393984404010400
2021-05-04 09:11:30.4504|INFO|ExAlgo.Core.Cache.QuoteRepositoryManager|GRASIM INDUSTRIES Pivot Details , PivoPoint: 1404.35,previousPivotPoint: 1381.7833333333333333333333333,IsUptrendPivot : True,  Resistance1: 1434.45, Support1: 1383.90,  Points Change :3.6965617609605239221393487400
2021-05-04 09:11:30.6974|INFO|ExAlgo.Core.Cache.QuoteRepositoryManager|HCL TECHNOLOGIES Pivot Details , PivoPoint: 903.85,previousPivotPoint: 903.5833333333333333333333333,IsUptrendPivot : True,  Resistance1: 916.35, Support1: 897.40,  Points Change :2.1829405162738496071829405200
2021-05-04 09:11:30.9744|INFO|ExAlgo.Core.Cache.QuoteRepositoryManager|HDFC Pivot Details , PivoPoint: 2407.5,previousPivotPoint: 2456.05,IsUptrendPivot : False,  Resistance1: 2450.0, Support1: 2382.5,  Points Change :2.8731501057082452431289640600
2021-05-04 09:11:31.2681|INFO|ExAlgo.Core.Cache.QuoteRepositoryManager|HDFC BANK Pivot Details , PivoPoint: 1405.9166666666666666666666667,previousPivotPoint: 1423.5333333333333333333333333,IsUptrendPivot : False,  Resistance1: 1434.4833333333333333333333334, Support1: 1390.4333333333333333333333334,  Points Change :3.238219705220358672765555800
2021-05-04 09:11:31.5814|INFO|ExAlgo.Core.Cache.QuoteRepositoryManager|HDFC LIFE INS CO Pivot Details , PivoPoint: 668.45,previousPivotPoint: 667.13333333333333333333333333,IsUptrendPivot : True,  Resistance1: 679.75, Support1: 662.40,  Points Change :2.640188693601156509168378600
2021-05-04 09:11:31.8197|INFO|ExAlgo.Core.Cache.QuoteRepositoryManager|HERO MOTOCORP Pivot Details , PivoPoint: 2803.2666666666666666666666667,previousPivotPoint: 2827.6166666666666666666666667,IsUptrendPivot : False,  Resistance1: 2835.8333333333333333333333334, Support1: 2759.4333333333333333333333334,  Points Change :2.9403791589105958469629335100
2021-05-04 09:11:32.0918|INFO|ExAlgo.Core.Cache.QuoteRepositoryManager|HINDALCO  INDUSTRIES  Pivot Details , PivoPoint: 366.93333333333333333333333333,previousPivotPoint: 367.26666666666666666666666667,IsUptrendPivot : False,  Resistance1: 376.21666666666666666666666666, Support1: 360.71666666666666666666666666,  Points Change :4.3478260869565217391304347800
2021-05-04 09:11:32.3355|INFO|ExAlgo.Core.Cache.QuoteRepositoryManager|HINDUSTAN UNILEVER. Pivot Details , PivoPoint: 2386.4,previousPivotPoint: 2374.5,IsUptrendPivot : True,  Resistance1: 2430.2, Support1: 2357.8,  Points Change :3.2051282051282051282051282100
2021-05-04 09:11:32.6097|INFO|ExAlgo.Core.Cache.QuoteRepositoryManager|ICICI BANK. Pivot Details , PivoPoint: 594.8,previousPivotPoint: 604.66666666666666666666666667,IsUptrendPivot : False,  Resistance1: 602.0, Support1: 590.8,  Points Change :1.9319148936170212765957446800
2021-05-04 09:11:32.8709|INFO|ExAlgo.Core.Cache.QuoteRepositoryManager|INDUSIND BANK Pivot Details , PivoPoint: 927.0166666666666666666666667,previousPivotPoint: 931.7333333333333333333333333,IsUptrendPivot : False,  Resistance1: 954.6833333333333333333333334, Support1: 886.3333333333333333333333334,  Points Change :7.6418242491657397107897664100
2021-05-04 09:11:33.1087|INFO|ExAlgo.Core.Cache.QuoteRepositoryManager|INFOSYS Pivot Details , PivoPoint: 1349.4833333333333333333333333,previousPivotPoint: 1355.9666666666666666666666667,IsUptrendPivot : False,  Resistance1: 1360.5166666666666666666666666, Support1: 1337.9666666666666666666666666,  Points Change :1.7189835575485799701046337800
2021-05-04 09:11:33.3383|INFO|ExAlgo.Core.Cache.QuoteRepositoryManager|INDIAN OIL CORP Pivot Details , PivoPoint: 90.98333333333333333333333333,previousPivotPoint: 90.63333333333333333333333333,IsUptrendPivot : True,  Resistance1: 92.41666666666666666666666666, Support1: 90.06666666666666666666666666,  Points Change :2.624232272473478503629257400
2021-05-04 09:11:33.6241|INFO|ExAlgo.Core.Cache.QuoteRepositoryManager|ITC Pivot Details , PivoPoint: 200.98333333333333333333333333,previousPivotPoint: 203.36666666666666666666666667,IsUptrendPivot : False,  Resistance1: 201.96666666666666666666666666, Support1: 200.11666666666666666666666666,  Points Change :0.92500
2021-05-04 09:11:34.0600|INFO|ExAlgo.Core.Cache.QuoteRepositoryManager|JSW STEEL Pivot Details , PivoPoint: 721.2,previousPivotPoint: 721.73333333333333333333333333,IsUptrendPivot : False,  Resistance1: 731.8, Support1: 712.4,  Points Change :2.7300872502110892203771460700
2021-05-04 09:11:34.3165|INFO|ExAlgo.Core.Cache.QuoteRepositoryManager|KOTAK MAHINDRA BANK Pivot Details , PivoPoint: 1724.8333333333333333333333333,previousPivotPoint: 1761.9166666666666666666666667,IsUptrendPivot : False,  Resistance1: 1764.6666666666666666666666666, Support1: 1690.6666666666666666666666666,  Points Change :4.3916913946587537091988130600
2021-05-04 09:11:34.6039|INFO|ExAlgo.Core.Cache.QuoteRepositoryManager|LARSEN & TOUBRO. Pivot Details , PivoPoint: 1337.5833333333333333333333333,previousPivotPoint: 1347.4333333333333333333333333,IsUptrendPivot : False,  Resistance1: 1355.2166666666666666666666666, Support1: 1323.8666666666666666666666666,  Points Change :2.4371754538907629913201682900
2021-05-04 09:11:34.8655|INFO|ExAlgo.Core.Cache.QuoteRepositoryManager|MAHINDRA & MAHINDRA Pivot Details , PivoPoint: 753.53333333333333333333333333,previousPivotPoint: 760.66666666666666666666666667,IsUptrendPivot : False,  Resistance1: 766.9666666666666666666666667, Support1: 740.5666666666666666666666667,  Points Change :3.5808391324910479021687723800
2021-05-04 09:11:35.1463|INFO|ExAlgo.Core.Cache.QuoteRepositoryManager|MARUTI SUZUKI INDIA. Pivot Details , PivoPoint: 6540.5333333333333333333333333,previousPivotPoint: 6476.3166666666666666666666667,IsUptrendPivot : True,  Resistance1: 6681.066666666666666666666667, Support1: 6459.466666666666666666666667,  Points Change :3.4687500
2021-05-04 09:11:35.3848|INFO|ExAlgo.Core.Cache.QuoteRepositoryManager|NESTLE INDIA Pivot Details , PivoPoint: 16455.733333333333333333333333,previousPivotPoint: 16381.466666666666666666666667,IsUptrendPivot : True,  Resistance1: 16638.816666666666666666666666, Support1: 16336.616666666666666666666666,  Points Change :1.857718318774139430271037600
2021-05-04 09:11:35.6270|INFO|ExAlgo.Core.Cache.QuoteRepositoryManager|NTPC Pivot Details , PivoPoint: 103.35,previousPivotPoint: 103.36666666666666666666666667,IsUptrendPivot : False,  Resistance1: 105.65, Support1: 102.10,  Points Change :3.5131123206333498268184067300
2021-05-04 09:11:35.9381|INFO|ExAlgo.Core.Cache.QuoteRepositoryManager|OIL AND NATURAL GAS CORP. Pivot Details , PivoPoint: 108.1,previousPivotPoint: 108.10,IsUptrendPivot : False,  Resistance1: 110.2, Support1: 105.5,  Points Change :4.4339622641509433962264150900
2021-05-04 09:11:36.1973|INFO|ExAlgo.Core.Cache.QuoteRepositoryManager|POWER GRID CORP.. Pivot Details , PivoPoint: 220.16666666666666666666666667,previousPivotPoint: 219.80,IsUptrendPivot : True,  Resistance1: 223.58333333333333333333333334, Support1: 217.48333333333333333333333334,  Points Change :2.8143021914648212226066897300
2021-05-04 09:11:36.4404|INFO|ExAlgo.Core.Cache.QuoteRepositoryManager|RELIANCE INDUSTRIES Pivot Details , PivoPoint: 1959.65,previousPivotPoint: 2006.1166666666666666666666667,IsUptrendPivot : False,  Resistance1: 1975.35, Support1: 1940.30,  Points Change :1.8475631722505275075909628900
2021-05-04 09:11:36.7039|INFO|ExAlgo.Core.Cache.QuoteRepositoryManager|SBI LIFE INSURANCE CO Pivot Details , PivoPoint: 958.3666666666666666666666667,previousPivotPoint: 929.85,IsUptrendPivot : True,  Resistance1: 1000.6833333333333333333333334, Support1: 936.7833333333333333333333334,  Points Change :6.981059985808634899841711700
2021-05-04 09:11:36.9794|INFO|ExAlgo.Core.Cache.QuoteRepositoryManager|STATE BANK OF INDIA Pivot Details , PivoPoint: 348.48333333333333333333333333,previousPivotPoint: 355.05,IsUptrendPivot : False,  Resistance1: 355.51666666666666666666666666, Support1: 344.61666666666666666666666666,  Points Change :3.2513181019332161687170474500
2021-05-04 09:11:37.2382|INFO|ExAlgo.Core.Cache.QuoteRepositoryManager|SHREE CEMENT Pivot Details , PivoPoint: 27770.80,previousPivotPoint: 28054.116666666666666666666667,IsUptrendPivot : False,  Resistance1: 28214.00, Support1: 27461.05,  Points Change :2.7552730572754285045155813200
2021-05-04 09:11:37.4750|INFO|ExAlgo.Core.Cache.QuoteRepositoryManager|SUN PHARMACEUTICAL IND L Pivot Details , PivoPoint: 657.65,previousPivotPoint: 653.63333333333333333333333333,IsUptrendPivot : True,  Resistance1: 665.20, Support1: 651.55,  Points Change :2.1304414705429933856329795400
2021-05-04 09:11:37.7418|INFO|ExAlgo.Core.Cache.QuoteRepositoryManager|TATA MOTORS Pivot Details , PivoPoint: 291.05,previousPivotPoint: 295.75,IsUptrendPivot : False,  Resistance1: 296.80, Support1: 287.35,  Points Change :3.4210526315789473684210526300
2021-05-04 09:11:38.0298|INFO|ExAlgo.Core.Cache.QuoteRepositoryManager|TATA STEEL Pivot Details , PivoPoint: 1051.5833333333333333333333333,previousPivotPoint: 1029.8666666666666666666666667,IsUptrendPivot : True,  Resistance1: 1084.5166666666666666666666666, Support1: 1034.1666666666666666666666666,  Points Change :4.9582719685812469317623956800
2021-05-04 09:11:38.2842|INFO|ExAlgo.Core.Cache.QuoteRepositoryManager|TATA CONSULTANCY SERV LT Pivot Details , PivoPoint: 3031.9166666666666666666666667,previousPivotPoint: 3064.3333333333333333333333333,IsUptrendPivot : False,  Resistance1: 3058.8333333333333333333333334, Support1: 3009.0833333333333333333333334,  Points Change :1.6977363515312916111850865500
2021-05-04 09:11:38.5377|INFO|ExAlgo.Core.Cache.QuoteRepositoryManager|TECH MAHINDRA Pivot Details , PivoPoint: 958.9,previousPivotPoint: 963.7833333333333333333333333,IsUptrendPivot : False,  Resistance1: 962.8, Support1: 952.8,  Points Change :1.0471204188481675392670157100
2021-05-04 09:11:38.7750|INFO|ExAlgo.Core.Cache.QuoteRepositoryManager|TITAN COMPANY Pivot Details , PivoPoint: 1440.7,previousPivotPoint: 1492.4166666666666666666666667,IsUptrendPivot : False,  Resistance1: 1460.0, Support1: 1404.4,  Points Change :3.9408866995073891625615763500
2021-05-04 09:11:39.0227|INFO|ExAlgo.Core.Cache.QuoteRepositoryManager|ULTRATECH CEMENT Pivot Details , PivoPoint: 6290.6166666666666666666666667,previousPivotPoint: 6303.55,IsUptrendPivot : False,  Resistance1: 6430.533333333333333333333333, Support1: 6202.083333333333333333333333,  Points Change :3.7398373983739837398373983700
2021-05-04 09:11:39.3216|INFO|ExAlgo.Core.Cache.QuoteRepositoryManager|UPL Pivot Details , PivoPoint: 611.00,previousPivotPoint: 610.35,IsUptrendPivot : True,  Resistance1: 625.55, Support1: 602.45,  Points Change :3.9587352176465654617126562100
2021-05-04 09:11:39.5892|INFO|ExAlgo.Core.Cache.QuoteRepositoryManager|WIPRO Pivot Details , PivoPoint: 488.56666666666666666666666667,previousPivotPoint: 497.75,IsUptrendPivot : False,  Resistance1: 493.8833333333333333333333333, Support1: 481.1833333333333333333333333,  Points Change :2.6383859286083807553026383900
2021-05-04 09:11:39.5940|INFO|Topshelf.Hosts.ConsoleRunHost|The EzAlgoTrading.Standard service is now running, press Control+C to exit.
istoricalData scheduled at ..9:13
2021-05-04 09:11:39.5940|INFO|ExAlgo.Core.HostService|LoadCurrentData scheduled at ..9:30
2021-05-04 09:11:39.5940|INFO|ExAlgo.Core.HostService|RegisterAndProcessTicks scheduled at ..9:15
2021-05-04 09:11:39.5940|INFO|ExAlgo.Core.HostService|WriteConfirmation scheduled at ..15:30
2021-05-04 09:15:00.8104|INFO|ExAlgo.Core.Order.OrderProcessor|Recieved order for {"BrokerageAndTxn":250.0,"Instrument":"HCL TECHNOLOGIES","BuyPrice":910.0,"Target":911.82,"StopLoss":902.72,"OrderTime":"2021-05-04T09:15:00.675272+05:30","SellTime":"0001-01-01T00:00:00","Result":"NA","GrossProfit":0.0,"InstrumentToken":1850625,"OrderType":"Long","Qty":549,"ConnorsRsi":0.0,"Ema200":0.0,"NetProfit":-250.0,"OrderStrategy":"ITIndexGap","RevicedStopLoss":{},"PullDownTime":"2021-05-04T09:15:00"}
2021-05-04 09:15:06.0699|INFO|ExAlgo.Core.Order.OrderProcessor|Order executed for HCL TECHNOLOGIES - {"BrokerageAndTxn":250.0,"Instrument":"HCL TECHNOLOGIES","BuyPrice":910.0,"Target":911.82,"StopLoss":902.72,"OrderTime":"2021-05-04T09:15:00.675272+05:30","SellTime":"2021-05-04T09:15:06.068595+05:30","Result":"Profit","GrossProfit":999.1800000000512,"InstrumentToken":1850625,"OrderType":"Long","Qty":549,"ConnorsRsi":0.0,"Ema200":0.0,"NetProfit":749.1800000000512,"OrderStrategy":"ITIndexGap","RevicedStopLoss":{},"PullDownTime":"2021-05-04T09:15:00"}
2021-05-04 09:30:04.0221|INFO|ExAlgo.Core.Cache.QuoteRepositoryManager|Current Data loaded at  5/4/2021 9:30:04 AM
2021-05-04 09:33:28.9093|INFO|ExAlgo.Core.Order.OrderProcessor|Recieved order for {"BrokerageAndTxn":250.0,"Instrument":"KOTAK MAHINDRA BANK","BuyPrice":1746.5,"Target":1743.88025,"StopLoss":1763.965,"OrderTime":"2021-05-04T09:33:28.908516+05:30","SellTime":"0001-01-01T00:00:00","Result":"NA","GrossProfit":0.0,"InstrumentToken":492033,"OrderType":"Short","Qty":286,"ConnorsRsi":90.28143978560864838297296669,"Ema200":1763.1687148111855802938787996,"NetProfit":-250.0,"OrderStrategy":"ConnorsRsiAndEma200","RevicedStopLoss":{},"PullDownTime":"2021-05-04T09:30:00"}
2021-05-04 09:33:39.0396|INFO|ExAlgo.Core.Order.OrderProcessor|Order executed for KOTAK MAHINDRA BANK - {"BrokerageAndTxn":250.0,"Instrument":"KOTAK MAHINDRA BANK","BuyPrice":1746.5,"Target":1743.88025,"StopLoss":1763.965,"OrderTime":"2021-05-04T09:33:28.908516+05:30","SellTime":"2021-05-04T09:33:39.039215+05:30","Result":"Profit","GrossProfit":749.2485000000452,"InstrumentToken":492033,"OrderType":"Short","Qty":286,"ConnorsRsi":90.28143978560864838297296669,"Ema200":1763.1687148111855802938787996,"NetProfit":499.24850000004517,"OrderStrategy":"ConnorsRsiAndEma200","RevicedStopLoss":{},"PullDownTime":"2021-05-04T09:30:00"}
2021-05-04 09:36:45.1737|INFO|ExAlgo.Core.Order.OrderProcessor|Recieved order for {"BrokerageAndTxn":250.0,"Instrument":"TATA CONSULTANCY SERV LT","BuyPrice":3065.5,"Target":3060.90175,"StopLoss":3096.155,"OrderTime":"2021-05-04T09:36:45.17341+05:30","SellTime":"0001-01-01T00:00:00","Result":"NA","GrossProfit":0.0,"InstrumentToken":2953217,"OrderType":"Short","Qty":163,"ConnorsRsi":90.47666824697453889480157116,"Ema200":3110.5976832419756846300264986,"NetProfit":-250.0,"OrderStrategy":"ConnorsRsiAndEma200","RevicedStopLoss":{},"PullDownTime":"2021-05-04T09:30:00"}
2021-05-04 09:37:58.8525|INFO|ExAlgo.Core.Order.OrderProcessor|Order executed for TATA CONSULTANCY SERV LT - {"BrokerageAndTxn":250.0,"Instrument":"TATA CONSULTANCY SERV LT","BuyPrice":3065.5,"Target":3060.90175,"StopLoss":3096.155,"OrderTime":"2021-05-04T09:36:45.17341+05:30","SellTime":"2021-05-04T09:37:58.852176+05:30","Result":"Profit","GrossProfit":749.514749999973,"InstrumentToken":2953217,"OrderType":"Short","Qty":163,"ConnorsRsi":90.47666824697453889480157116,"Ema200":3110.5976832419756846300264986,"NetProfit":499.514749999973,"OrderStrategy":"ConnorsRsiAndEma200","RevicedStopLoss":{},"PullDownTime":"2021-05-04T09:30:00"}
2021-05-04 09:38:21.7017|INFO|ExAlgo.Core.Order.OrderProcessor|Recieved order for {"BrokerageAndTxn":250.0,"Instrument":"DR. REDDY'S LABORATORIES","BuyPrice":5163.6,"Target":5171.3454,"StopLoss":5111.964,"OrderTime":"2021-05-04T09:38:21.701212+05:30","SellTime":"0001-01-01T00:00:00","Result":"NA","GrossProfit":0.0,"InstrumentToken":225537,"OrderType":"Long","Qty":96,"ConnorsRsi":9.85598259100461514409352850,"Ema200":5099.9676220674200346639930306,"NetProfit":-250.0,"OrderStrategy":"ConnorsRsiAndEma200","RevicedStopLoss":{},"PullDownTime":"2021-05-04T09:30:00"}
2021-05-04 09:38:31.8215|INFO|ExAlgo.Core.Order.OrderProcessor|Order executed for DR. REDDY'S LABORATORIES - {"BrokerageAndTxn":250.0,"Instrument":"DR. REDDY'S LABORATORIES","BuyPrice":5163.6,"Target":5171.3454,"StopLoss":5111.964,"OrderTime":"2021-05-04T09:38:21.701212+05:30","SellTime":"2021-05-04T09:38:31.821255+05:30","Result":"Profit","GrossProfit":743.5583999999799,"InstrumentToken":225537,"OrderType":"Long","Qty":96,"ConnorsRsi":9.85598259100461514409352850,"Ema200":5099.9676220674200346639930306,"NetProfit":493.5583999999799,"OrderStrategy":"ConnorsRsiAndEma200","RevicedStopLoss":{},"PullDownTime":"2021-05-04T09:30:00"}
2021-05-04 09:45:04.0258|INFO|ExAlgo.Core.Cache.QuoteRepositoryManager|Current Data loaded at  5/4/2021 9:45:04 AM
2021-05-04 10:00:04.0256|INFO|ExAlgo.Core.Cache.QuoteRepositoryManager|Current Data loaded at  5/4/2021 10:00:04 AM
2021-05-04 10:15:04.0394|INFO|ExAlgo.Core.Cache.QuoteRepositoryManager|Current Data loaded at  5/4/2021 10:15:04 AM
2021-05-04 10:30:04.0460|INFO|ExAlgo.Core.Cache.QuoteRepositoryManager|Current Data loaded at  5/4/2021 10:30:04 AM
2021-05-04 10:41:54.0890|INFO|ExAlgo.Core.Order.OrderProcessor|Recieved order for {"BrokerageAndTxn":250.0,"Instrument":"NESTLE INDIA","BuyPrice":16514.95,"Target":16490.177575,"StopLoss":16680.0995,"OrderTime":"2021-05-04T10:41:54.087842+05:30","SellTime":"0001-01-01T00:00:00","Result":"NA","GrossProfit":0.0,"InstrumentToken":4598529,"OrderType":"Short","Qty":30,"ConnorsRsi":90.08320804315271555459447027,"Ema200":16662.896480623112355668923585,"NetProfit":-250.0,"OrderStrategy":"ConnorsRsiAndEma200","RevicedStopLoss":{},"PullDownTime":"2021-05-04T10:30:00"}
2021-05-04 10:45:04.0602|INFO|ExAlgo.Core.Cache.QuoteRepositoryManager|Current Data loaded at  5/4/2021 10:45:04 AM
2021-05-04 10:52:12.6835|INFO|ExAlgo.Core.Order.OrderProcessor|Recieved order for {"BrokerageAndTxn":250.0,"Instrument":"DR. REDDY'S LABORATORIES","BuyPrice":5143.0,"Target":5150.7145,"StopLoss":5091.57,"OrderTime":"2021-05-04T10:52:12.682567+05:30","SellTime":"0001-01-01T00:00:00","Result":"NA","GrossProfit":0.0,"InstrumentToken":225537,"OrderType":"Long","Qty":97,"ConnorsRsi":8.86466489714663122669303628,"Ema200":5102.6802675030129173930083905,"NetProfit":-250.0,"OrderStrategy":"ConnorsRsiAndEma200","RevicedStopLoss":{},"PullDownTime":"2021-05-04T10:45:00"}
2021-05-04 10:56:20.4986|INFO|ExAlgo.Core.Order.OrderProcessor|Order executed for DR. REDDY'S LABORATORIES - {"BrokerageAndTxn":250.0,"Instrument":"DR. REDDY'S LABORATORIES","BuyPrice":5143.0,"Target":5150.7145,"StopLoss":5091.57,"OrderTime":"2021-05-04T10:52:12.682567+05:30","SellTime":"2021-05-04T10:56:20.496921+05:30","Result":"Profit","GrossProfit":748.306500000006,"InstrumentToken":225537,"OrderType":"Long","Qty":97,"ConnorsRsi":8.86466489714663122669303628,"Ema200":5102.6802675030129173930083905,"NetProfit":498.30650000000605,"OrderStrategy":"ConnorsRsiAndEma200","RevicedStopLoss":{},"PullDownTime":"2021-05-04T10:45:00"}
2021-05-04 11:00:01.9383|INFO|ExAlgo.Core.Order.OrderProcessor|Recieved order for {"BrokerageAndTxn":250.0,"Instrument":"DR. REDDY'S LABORATORIES","BuyPrice":5144.7,"Target":5152.41705,"StopLoss":5093.253,"OrderTime":"2021-05-04T11:00:01.937089+05:30","SellTime":"0001-01-01T00:00:00","Result":"NA","GrossProfit":0.0,"InstrumentToken":225537,"OrderType":"Long","Qty":97,"ConnorsRsi":9.72447479357031183252804597,"Ema200":5102.6802675030129173930083905,"NetProfit":-250.0,"OrderStrategy":"ConnorsRsiAndEma200","RevicedStopLoss":{},"PullDownTime":"2021-05-04T11:00:00"}
2021-05-04 11:00:04.0730|INFO|ExAlgo.Core.Cache.QuoteRepositoryManager|Current Data loaded at  5/4/2021 11:00:04 AM
2021-05-04 11:07:00.7048|INFO|ExAlgo.Core.Order.OrderProcessor|Recieved order for {"BrokerageAndTxn":250.0,"Instrument":"EICHER MOTORS","BuyPrice":2404.0,"Target":2400.394,"StopLoss":2428.04,"OrderTime":"2021-05-04T11:07:00.704638+05:30","SellTime":"0001-01-01T00:00:00","Result":"NA","GrossProfit":0.0,"InstrumentToken":232961,"OrderType":"Short","Qty":207,"ConnorsRsi":91.13416224524075104004551637,"Ema200":2423.5752908498395158636341125,"NetProfit":-250.0,"OrderStrategy":"ConnorsRsiAndEma200","RevicedStopLoss":{},"PullDownTime":"2021-05-04T11:00:00"}
2021-05-04 11:07:09.6314|INFO|ExAlgo.Core.Order.OrderProcessor|Order executed for EICHER MOTORS - {"BrokerageAndTxn":250.0,"Instrument":"EICHER MOTORS","BuyPrice":2404.0,"Target":2400.394,"StopLoss":2428.04,"OrderTime":"2021-05-04T11:07:00.704638+05:30","SellTime":"2021-05-04T11:07:09.631197+05:30","Result":"Profit","GrossProfit":746.4420000000391,"InstrumentToken":232961,"OrderType":"Short","Qty":207,"ConnorsRsi":91.13416224524075104004551637,"Ema200":2423.5752908498395158636341125,"NetProfit":496.4420000000391,"OrderStrategy":"ConnorsRsiAndEma200","RevicedStopLoss":{},"PullDownTime":"2021-05-04T11:00:00"}
2021-05-04 11:08:34.2852|INFO|ExAlgo.Core.Order.OrderProcessor|Recieved order for {"BrokerageAndTxn":250.0,"Instrument":"RELIANCE INDUSTRIES","BuyPrice":1950.9,"Target":1947.9736500000001,"StopLoss":1970.409,"OrderTime":"2021-05-04T11:08:34.285045+05:30","SellTime":"0001-01-01T00:00:00","Result":"NA","GrossProfit":0.0,"InstrumentToken":738561,"OrderType":"Short","Qty":256,"ConnorsRsi":90.02804846009201105954795058,"Ema200":1972.2684769244107195515931133,"NetProfit":-250.0,"OrderStrategy":"ConnorsRsiAndEma200","RevicedStopLoss":{},"PullDownTime":"2021-05-04T11:00:00"}
2021-05-04 11:12:46.3080|INFO|ExAlgo.Core.Order.OrderProcessor|Order executed for RELIANCE INDUSTRIES - {"BrokerageAndTxn":250.0,"Instrument":"RELIANCE INDUSTRIES","BuyPrice":1950.9,"Target":1947.9736500000001,"StopLoss":1970.409,"OrderTime":"2021-05-04T11:08:34.285045+05:30","SellTime":"2021-05-04T11:12:46.30677+05:30","Result":"Profit","GrossProfit":749.1455999999889,"InstrumentToken":738561,"OrderType":"Short","Qty":256,"ConnorsRsi":90.02804846009201105954795058,"Ema200":1972.2684769244107195515931133,"NetProfit":499.1455999999889,"OrderStrategy":"ConnorsRsiAndEma200","RevicedStopLoss":{},"PullDownTime":"2021-05-04T11:00:00"}
2021-05-04 11:13:34.9791|INFO|ExAlgo.Core.Order.OrderProcessor|Recieved order for {"BrokerageAndTxn":250.0,"Instrument":"SHREE CEMENT","BuyPrice":27950.0,"Target":27908.075,"StopLoss":28229.5,"OrderTime":"2021-05-04T11:13:34.979048+05:30","SellTime":"0001-01-01T00:00:00","Result":"NA","GrossProfit":0.0,"InstrumentToken":794369,"OrderType":"Short","Qty":17,"ConnorsRsi":92.21012127110821578328342173,"Ema200":28426.531768142440575952223022,"NetProfit":-250.0,"OrderStrategy":"ConnorsRsiAndEma200","RevicedStopLoss":{},"PullDownTime":"2021-05-04T11:00:00"}
2021-05-04 11:15:04.1085|INFO|ExAlgo.Core.Cache.QuoteRepositoryManager|Current Data loaded at  5/4/2021 11:15:04 AM
2021-05-04 11:16:20.5202|INFO|ExAlgo.Core.Order.OrderProcessor|Recieved order for {"BrokerageAndTxn":250.0,"Instrument":"INDIAN OIL CORP","BuyPrice":92.25,"Target":92.388375,"StopLoss":91.3275,"OrderTime":"2021-05-04T11:16:20.520122+05:30","SellTime":"0001-01-01T00:00:00","Result":"NA","GrossProfit":0.0,"InstrumentToken":415745,"OrderType":"Long","Qty":5420,"ConnorsRsi":9.81101143123657808245534437,"Ema200":90.12219754658623247349216246,"NetProfit":-250.0,"OrderStrategy":"ConnorsRsiAndEma200","RevicedStopLoss":{},"PullDownTime":"2021-05-04T11:15:00"}
2021-05-04 11:17:03.6935|INFO|ExAlgo.Core.Order.OrderProcessor|Order executed for INDIAN OIL CORP - {"BrokerageAndTxn":250.0,"Instrument":"INDIAN OIL CORP","BuyPrice":92.25,"Target":92.388375,"StopLoss":91.3275,"OrderTime":"2021-05-04T11:16:20.520122+05:30","SellTime":"2021-05-04T11:17:03.693467+05:30","Result":"Profit","GrossProfit":749.992499999993,"InstrumentToken":415745,"OrderType":"Long","Qty":5420,"ConnorsRsi":9.81101143123657808245534437,"Ema200":90.12219754658623247349216246,"NetProfit":499.992499999993,"OrderStrategy":"ConnorsRsiAndEma200","RevicedStopLoss":{},"PullDownTime":"2021-05-04T11:15:00"}
2021-05-04 11:30:04.1422|INFO|ExAlgo.Core.Cache.QuoteRepositoryManager|Current Data loaded at  5/4/2021 11:30:04 AM
2021-05-04 11:35:04.3583|INFO|ExAlgo.Core.Order.OrderProcessor|Recieved order for {"BrokerageAndTxn":250.0,"Instrument":"LARSEN & TOUBRO.","BuyPrice":1342.0,"Target":1339.987,"StopLoss":1355.42,"OrderTime":"2021-05-04T11:35:04.358087+05:30","SellTime":"0001-01-01T00:00:00","Result":"NA","GrossProfit":0.0,"InstrumentToken":2939649,"OrderType":"Short","Qty":372,"ConnorsRsi":90.92872537718134691536925996,"Ema200":1352.7826662611942908462076382,"NetProfit":-250.0,"OrderStrategy":"ConnorsRsiAndEma200","RevicedStopLoss":{},"PullDownTime":"2021-05-04T11:30:00"}
2021-05-04 11:35:18.0808|INFO|ExAlgo.Core.Order.OrderProcessor|Recieved order for {"BrokerageAndTxn":250.0,"Instrument":"BRITANNIA INDUSTRIES","BuyPrice":3453.6,"Target":3448.4195999999997,"StopLoss":3488.136,"OrderTime":"2021-05-04T11:35:18.080668+05:30","SellTime":"0001-01-01T00:00:00","Result":"NA","GrossProfit":0.0,"InstrumentToken":140033,"OrderType":"Short","Qty":144,"ConnorsRsi":94.08788563111260559566246765,"Ema200":3529.1723265440142316320258838,"NetProfit":-250.0,"OrderStrategy":"ConnorsRsiAndEma200","RevicedStopLoss":{},"PullDownTime":"2021-05-04T11:30:00"}
2021-05-04 11:35:58.8880|INFO|ExAlgo.Core.Order.OrderProcessor|Order executed for BRITANNIA INDUSTRIES - {"BrokerageAndTxn":250.0,"Instrument":"BRITANNIA INDUSTRIES","BuyPrice":3453.6,"Target":3448.4195999999997,"StopLoss":3488.136,"OrderTime":"2021-05-04T11:35:18.080668+05:30","SellTime":"2021-05-04T11:35:58.88795+05:30","Result":"Profit","GrossProfit":745.9775999999838,"InstrumentToken":140033,"OrderType":"Short","Qty":144,"ConnorsRsi":94.08788563111260559566246765,"Ema200":3529.1723265440142316320258838,"NetProfit":495.9775999999838,"OrderStrategy":"ConnorsRsiAndEma200","RevicedStopLoss":{},"PullDownTime":"2021-05-04T11:30:00"}
2021-05-04 11:45:04.1261|INFO|ExAlgo.Core.Cache.QuoteRepositoryManager|Current Data loaded at  5/4/2021 11:45:04 AM
2021-05-04 12:00:04.1181|INFO|ExAlgo.Core.Cache.QuoteRepositoryManager|Current Data loaded at  5/4/2021 12:00:04 PM
2021-05-04 12:06:02.4804|INFO|ExAlgo.Core.Order.OrderProcessor|Recieved order for {"BrokerageAndTxn":250.0,"Instrument":"UPL","BuyPrice":632.3,"Target":633.2484499999999,"StopLoss":625.977,"OrderTime":"2021-05-04T12:06:02.479922+05:30","SellTime":"0001-01-01T00:00:00","Result":"NA","GrossProfit":0.0,"InstrumentToken":2889473,"OrderType":"Long","Qty":790,"ConnorsRsi":9.976635817726102477170770587,"Ema200":611.30111175516549126801226932,"NetProfit":-250.0,"OrderStrategy":"ConnorsRsiAndEma200","RevicedStopLoss":{},"PullDownTime":"2021-05-04T12:00:00"}
2021-05-04 12:07:36.7102|INFO|ExAlgo.Core.Order.OrderProcessor|Order executed for UPL - {"BrokerageAndTxn":250.0,"Instrument":"UPL","BuyPrice":632.3,"Target":633.2484499999999,"StopLoss":625.977,"OrderTime":"2021-05-04T12:06:02.479922+05:30","SellTime":"2021-05-04T12:07:36.71014+05:30","Result":"Profit","GrossProfit":749.2754999999888,"InstrumentToken":2889473,"OrderType":"Long","Qty":790,"ConnorsRsi":9.976635817726102477170770587,"Ema200":611.30111175516549126801226932,"NetProfit":499.2754999999888,"OrderStrategy":"ConnorsRsiAndEma200","RevicedStopLoss":{},"PullDownTime":"2021-05-04T12:00:00"}
2021-05-04 12:15:00.0836|INFO|ExAlgo.Core.Order.OrderProcessor|Recieved order for {"BrokerageAndTxn":250.0,"Instrument":"UPL","BuyPrice":629.7,"Target":630.6445500000001,"StopLoss":623.403,"OrderTime":"2021-05-04T12:15:00.083515+05:30","SellTime":"0001-01-01T00:00:00","Result":"NA","GrossProfit":0.0,"InstrumentToken":2889473,"OrderType":"Long","Qty":794,"ConnorsRsi":7.981883182715332893498658697,"Ema200":611.30111175516549126801226932,"NetProfit":-250.0,"OrderStrategy":"ConnorsRsiAndEma200","RevicedStopLoss":{},"PullDownTime":"2021-05-04T12:15:00"}
2021-05-04 12:15:04.1333|INFO|ExAlgo.Core.Cache.QuoteRepositoryManager|Current Data loaded at  5/4/2021 12:15:04 PM
2021-05-04 12:16:01.3304|INFO|ExAlgo.Core.Order.OrderProcessor|Order executed for UPL - {"BrokerageAndTxn":250.0,"Instrument":"UPL","BuyPrice":629.7,"Target":630.6445500000001,"StopLoss":623.403,"OrderTime":"2021-05-04T12:15:00.083515+05:30","SellTime":"2021-05-04T12:16:01.330355+05:30","Result":"Profit","GrossProfit":749.9727000000421,"InstrumentToken":2889473,"OrderType":"Long","Qty":794,"ConnorsRsi":7.981883182715332893498658697,"Ema200":611.30111175516549126801226932,"NetProfit":499.9727000000421,"OrderStrategy":"ConnorsRsiAndEma200","RevicedStopLoss":{},"PullDownTime":"2021-05-04T12:15:00"}
2021-05-04 12:18:18.1222|INFO|ExAlgo.Core.Order.OrderProcessor|Recieved order for {"BrokerageAndTxn":250.0,"Instrument":"BHARTI AIRTEL","BuyPrice":554.5,"Target":555.33175,"StopLoss":548.955,"OrderTime":"2021-05-04T12:18:18.122078+05:30","SellTime":"0001-01-01T00:00:00","Result":"NA","GrossProfit":0.0,"InstrumentToken":2714625,"OrderType":"Long","Qty":901,"ConnorsRsi":9.30399430266916102842624942,"Ema200":541.17684986494770834726273164,"NetProfit":-250.0,"OrderStrategy":"ConnorsRsiAndEma200","RevicedStopLoss":{},"PullDownTime":"2021-05-04T12:15:00"}
2021-05-04 12:18:21.1360|INFO|ExAlgo.Core.Order.OrderProcessor|Order executed for SHREE CEMENT - {"BrokerageAndTxn":250.0,"Instrument":"SHREE CEMENT","BuyPrice":27950.0,"Target":27908.075,"StopLoss":28229.5,"OrderTime":"2021-05-04T11:13:34.979048+05:30","SellTime":"2021-05-04T12:18:21.135869+05:30","Result":"Profit","GrossProfit":712.7249999999767,"InstrumentToken":794369,"OrderType":"Short","Qty":17,"ConnorsRsi":92.21012127110821578328342173,"Ema200":28426.531768142440575952223022,"NetProfit":462.7249999999767,"OrderStrategy":"ConnorsRsiAndEma200","RevicedStopLoss":{},"PullDownTime":"2021-05-04T11:00:00"}
2021-05-04 12:19:10.3144|INFO|ExAlgo.Core.Order.OrderProcessor|Order executed for BHARTI AIRTEL - {"BrokerageAndTxn":250.0,"Instrument":"BHARTI AIRTEL","BuyPrice":554.5,"Target":555.33175,"StopLoss":548.955,"OrderTime":"2021-05-04T12:18:18.122078+05:30","SellTime":"2021-05-04T12:19:10.314376+05:30","Result":"Profit","GrossProfit":749.4067500000237,"InstrumentToken":2714625,"OrderType":"Long","Qty":901,"ConnorsRsi":9.30399430266916102842624942,"Ema200":541.17684986494770834726273164,"NetProfit":499.40675000002375,"OrderStrategy":"ConnorsRsiAndEma200","RevicedStopLoss":{},"PullDownTime":"2021-05-04T12:15:00"}
2021-05-04 12:20:51.1659|INFO|ExAlgo.Core.Order.OrderProcessor|Recieved order for {"BrokerageAndTxn":250.0,"Instrument":"TATA CONSULTANCY SERV LT","BuyPrice":3068.0,"Target":3063.398,"StopLoss":3098.68,"OrderTime":"2021-05-04T12:20:51.165785+05:30","SellTime":"0001-01-01T00:00:00","Result":"NA","GrossProfit":0.0,"InstrumentToken":2953217,"OrderType":"Short","Qty":162,"ConnorsRsi":91.25578651022952293552084911,"Ema200":3104.4289396825588110232383794,"NetProfit":-250.0,"OrderStrategy":"ConnorsRsiAndEma200","RevicedStopLoss":{},"PullDownTime":"2021-05-04T12:15:00"}
2021-05-04 12:30:04.1747|INFO|ExAlgo.Core.Cache.QuoteRepositoryManager|Current Data loaded at  5/4/2021 12:30:04 PM
2021-05-04 12:31:19.3372|INFO|ExAlgo.Core.Order.OrderProcessor|Recieved order for {"BrokerageAndTxn":250.0,"Instrument":"UPL","BuyPrice":627.1,"Target":628.04065,"StopLoss":620.8290000000001,"OrderTime":"2021-05-04T12:31:19.337223+05:30","SellTime":"0001-01-01T00:00:00","Result":"NA","GrossProfit":0.0,"InstrumentToken":2889473,"OrderType":"Long","Qty":797,"ConnorsRsi":9.446309645521147224689990497,"Ema200":611.60796404171154190782201356,"NetProfit":-250.0,"OrderStrategy":"ConnorsRsiAndEma200","RevicedStopLoss":{},"PullDownTime":"2021-05-04T12:30:00"}
2021-05-04 12:34:06.1279|INFO|ExAlgo.Core.Order.OrderProcessor|Recieved order for {"BrokerageAndTxn":250.0,"Instrument":"DIVI'S LABORATORIES","BuyPrice":4037.05,"Target":4043.105575,"StopLoss":3996.6795,"OrderTime":"2021-05-04T12:34:06.127841+05:30","SellTime":"0001-01-01T00:00:00","Result":"NA","GrossProfit":0.0,"InstrumentToken":2800641,"OrderType":"Long","Qty":123,"ConnorsRsi":9.48845795185995908408670963,"Ema200":3946.3987528356770440257496706,"NetProfit":-250.0,"OrderStrategy":"ConnorsRsiAndEma200","RevicedStopLoss":{},"PullDownTime":"2021-05-04T12:30:00"}
2021-05-04 12:42:43.9356|INFO|ExAlgo.Core.Order.OrderProcessor|Order executed for DIVI'S LABORATORIES - {"BrokerageAndTxn":250.0,"Instrument":"DIVI'S LABORATORIES","BuyPrice":4037.05,"Target":4043.105575,"StopLoss":3996.6795,"OrderTime":"2021-05-04T12:34:06.127841+05:30","SellTime":"2021-05-04T12:42:43.935602+05:30","Result":"Profit","GrossProfit":744.8357249999535,"InstrumentToken":2800641,"OrderType":"Long","Qty":123,"ConnorsRsi":9.48845795185995908408670963,"Ema200":3946.3987528356770440257496706,"NetProfit":494.8357249999535,"OrderStrategy":"ConnorsRsiAndEma200","RevicedStopLoss":{},"PullDownTime":"2021-05-04T12:30:00"}
2021-05-04 12:45:00.8356|INFO|ExAlgo.Core.Order.OrderProcessor|Recieved order for {"BrokerageAndTxn":250.0,"Instrument":"DIVI'S LABORATORIES","BuyPrice":4036.0,"Target":4042.054,"StopLoss":3995.64,"OrderTime":"2021-05-04T12:45:00.835562+05:30","SellTime":"0001-01-01T00:00:00","Result":"NA","GrossProfit":0.0,"InstrumentToken":2800641,"OrderType":"Long","Qty":123,"ConnorsRsi":9.040558708087460344711379293,"Ema200":3946.3987528356770440257496706,"NetProfit":-250.0,"OrderStrategy":"ConnorsRsiAndEma200","RevicedStopLoss":{},"PullDownTime":"2021-05-04T12:45:00"}
2021-05-04 12:45:04.1577|INFO|ExAlgo.Core.Cache.QuoteRepositoryManager|Current Data loaded at  5/4/2021 12:45:04 PM
2021-05-04 12:45:36.7537|INFO|ExAlgo.Core.Order.OrderProcessor|Order executed for DR. REDDY'S LABORATORIES - {"BrokerageAndTxn":250.0,"Instrument":"DR. REDDY'S LABORATORIES","BuyPrice":5144.7,"Target":5152.41705,"StopLoss":5093.253,"OrderTime":"2021-05-04T11:00:01.937089+05:30","SellTime":"2021-05-04T12:45:36.753699+05:30","Result":"Loss","GrossProfit":-4990.358999999997,"InstrumentToken":225537,"OrderType":"Long","Qty":97,"ConnorsRsi":9.72447479357031183252804597,"Ema200":5102.6802675030129173930083905,"NetProfit":-5240.358999999997,"OrderStrategy":"ConnorsRsiAndEma200","RevicedStopLoss":{},"PullDownTime":"2021-05-04T11:00:00"}
2021-05-04 12:55:44.4717|INFO|ExAlgo.Core.Order.OrderProcessor|Order executed for LARSEN & TOUBRO. - {"BrokerageAndTxn":250.0,"Instrument":"LARSEN & TOUBRO.","BuyPrice":1342.0,"Target":1339.987,"StopLoss":1355.42,"OrderTime":"2021-05-04T11:35:04.358087+05:30","SellTime":"2021-05-04T12:55:44.471652+05:30","Result":"Profit","GrossProfit":748.835999999952,"InstrumentToken":2939649,"OrderType":"Short","Qty":372,"ConnorsRsi":90.92872537718134691536925996,"Ema200":1352.7826662611942908462076382,"NetProfit":498.83599999995204,"OrderStrategy":"ConnorsRsiAndEma200","RevicedStopLoss":{},"PullDownTime":"2021-05-04T11:30:00"}
2021-05-04 13:00:04.1812|INFO|ExAlgo.Core.Cache.QuoteRepositoryManager|Current Data loaded at  5/4/2021 1:00:04 PM
2021-05-04 13:01:34.8666|INFO|ExAlgo.Core.Order.OrderProcessor|Order executed for UPL - {"BrokerageAndTxn":250.0,"Instrument":"UPL","BuyPrice":627.1,"Target":628.04065,"StopLoss":620.8290000000001,"OrderTime":"2021-05-04T12:31:19.337223+05:30","SellTime":"2021-05-04T13:01:34.866574+05:30","Result":"Loss","GrossProfit":-4997.986999999965,"InstrumentToken":2889473,"OrderType":"Long","Qty":797,"ConnorsRsi":9.446309645521147224689990497,"Ema200":611.60796404171154190782201356,"NetProfit":-5247.986999999965,"OrderStrategy":"ConnorsRsiAndEma200","RevicedStopLoss":{},"PullDownTime":"2021-05-04T12:30:00"}
2021-05-04 13:01:34.8732|INFO|ExAlgo.Core.Order.OrderProcessor|Recieved order for {"BrokerageAndTxn":250.0,"Instrument":"TATA STEEL","BuyPrice":1064.25,"Target":1065.846375,"StopLoss":1053.6075,"OrderTime":"2021-05-04T13:01:34.873178+05:30","SellTime":"0001-01-01T00:00:00","Result":"NA","GrossProfit":0.0,"InstrumentToken":895745,"OrderType":"Long","Qty":469,"ConnorsRsi":9.84635477092825644586204418,"Ema200":999.2095550386319706528491913,"NetProfit":-250.0,"OrderStrategy":"ConnorsRsiAndEma200","RevicedStopLoss":{},"PullDownTime":"2021-05-04T13:00:00"}
2021-05-04 13:01:36.1236|INFO|ExAlgo.Core.Order.OrderProcessor|Recieved order for {"BrokerageAndTxn":250.0,"Instrument":"UPL","BuyPrice":621.0,"Target":621.9315,"StopLoss":614.79,"OrderTime":"2021-05-04T13:01:36.123558+05:30","SellTime":"0001-01-01T00:00:00","Result":"NA","GrossProfit":0.0,"InstrumentToken":2889473,"OrderType":"Long","Qty":805,"ConnorsRsi":4.8026860854822223018971907467,"Ema200":611.83313738914537231211887335,"NetProfit":-250.0,"OrderStrategy":"ConnorsRsiAndEma200","RevicedStopLoss":{},"PullDownTime":"2021-05-04T13:00:00"}
2021-05-04 13:02:04.9628|INFO|ExAlgo.Core.Order.OrderProcessor|Recieved order for {"BrokerageAndTxn":250.0,"Instrument":"COAL INDIA","BuyPrice":133.25,"Target":133.449875,"StopLoss":131.9175,"OrderTime":"2021-05-04T13:02:04.962783+05:30","SellTime":"0001-01-01T00:00:00","Result":"NA","GrossProfit":0.0,"InstrumentToken":5215745,"OrderType":"Long","Qty":3752,"ConnorsRsi":9.897245941216333566157806177,"Ema200":130.16623478376157165139917701,"NetProfit":-250.0,"OrderStrategy":"ConnorsRsiAndEma200","RevicedStopLoss":{},"PullDownTime":"2021-05-04T13:00:00"}
2021-05-04 13:02:15.7040|INFO|ExAlgo.Core.Order.OrderProcessor|Order executed for TATA STEEL - {"BrokerageAndTxn":250.0,"Instrument":"TATA STEEL","BuyPrice":1064.25,"Target":1065.846375,"StopLoss":1053.6075,"OrderTime":"2021-05-04T13:01:34.873178+05:30","SellTime":"2021-05-04T13:02:15.704003+05:30","Result":"Profit","GrossProfit":748.6998750000494,"InstrumentToken":895745,"OrderType":"Long","Qty":469,"ConnorsRsi":9.84635477092825644586204418,"Ema200":999.2095550386319706528491913,"NetProfit":498.69987500004936,"OrderStrategy":"ConnorsRsiAndEma200","RevicedStopLoss":{},"PullDownTime":"2021-05-04T13:00:00"}
2021-05-04 13:02:33.7444|INFO|ExAlgo.Core.Order.OrderProcessor|Recieved order for {"BrokerageAndTxn":250.0,"Instrument":"BHARTI AIRTEL","BuyPrice":552.7,"Target":553.5290500000001,"StopLoss":547.173,"OrderTime":"2021-05-04T13:02:33.744409+05:30","SellTime":"0001-01-01T00:00:00","Result":"NA","GrossProfit":0.0,"InstrumentToken":2714625,"OrderType":"Long","Qty":904,"ConnorsRsi":9.770002701139724539216476593,"Ema200":541.59968980291167755459801062,"NetProfit":-250.0,"OrderStrategy":"ConnorsRsiAndEma200","RevicedStopLoss":{},"PullDownTime":"2021-05-04T13:00:00"}
2021-05-04 13:02:49.9059|INFO|ExAlgo.Core.Order.OrderProcessor|Order executed for BHARTI AIRTEL - {"BrokerageAndTxn":250.0,"Instrument":"BHARTI AIRTEL","BuyPrice":552.7,"Target":553.5290500000001,"StopLoss":547.173,"OrderTime":"2021-05-04T13:02:33.744409+05:30","SellTime":"2021-05-04T13:02:49.905901+05:30","Result":"Profit","GrossProfit":749.4612000000197,"InstrumentToken":2714625,"OrderType":"Long","Qty":904,"ConnorsRsi":9.770002701139724539216476593,"Ema200":541.59968980291167755459801062,"NetProfit":499.46120000001974,"OrderStrategy":"ConnorsRsiAndEma200","RevicedStopLoss":{},"PullDownTime":"2021-05-04T13:00:00"}
2021-05-04 13:03:09.6984|INFO|ExAlgo.Core.Order.OrderProcessor|Recieved order for {"BrokerageAndTxn":250.0,"Instrument":"INDIAN OIL CORP","BuyPrice":91.8,"Target":91.93769999999999,"StopLoss":90.88199999999999,"OrderTime":"2021-05-04T13:03:09.698447+05:30","SellTime":"0001-01-01T00:00:00","Result":"NA","GrossProfit":0.0,"InstrumentToken":415745,"OrderType":"Long","Qty":5446,"ConnorsRsi":9.007195570280430636362971873,"Ema200":90.27024692024827472362748549,"NetProfit":-250.0,"OrderStrategy":"ConnorsRsiAndEma200","RevicedStopLoss":{},"PullDownTime":"2021-05-04T13:00:00"}
2021-05-04 13:04:49.2892|INFO|ExAlgo.Core.Order.OrderProcessor|Order executed for UPL - {"BrokerageAndTxn":250.0,"Instrument":"UPL","BuyPrice":621.0,"Target":621.9315,"StopLoss":614.79,"OrderTime":"2021-05-04T13:01:36.123558+05:30","SellTime":"2021-05-04T13:04:49.289178+05:30","Result":"Profit","GrossProfit":749.8575000000419,"InstrumentToken":2889473,"OrderType":"Long","Qty":805,"ConnorsRsi":4.8026860854822223018971907467,"Ema200":611.83313738914537231211887335,"NetProfit":499.8575000000419,"OrderStrategy":"ConnorsRsiAndEma200","RevicedStopLoss":{},"PullDownTime":"2021-05-04T13:00:00"}
2021-05-04 13:04:55.3021|INFO|ExAlgo.Core.Order.OrderProcessor|Recieved order for {"BrokerageAndTxn":250.0,"Instrument":"STATE BANK OF INDIA","BuyPrice":359.1,"Target":359.63865000000004,"StopLoss":355.509,"OrderTime":"2021-05-04T13:04:55.302092+05:30","SellTime":"0001-01-01T00:00:00","Result":"NA","GrossProfit":0.0,"InstrumentToken":779521,"OrderType":"Long","Qty":1392,"ConnorsRsi":9.73378027147497981275426097,"Ema200":351.72948258371546388248187817,"NetProfit":-250.0,"OrderStrategy":"ConnorsRsiAndEma200","RevicedStopLoss":{},"PullDownTime":"2021-05-04T13:00:00"}
2021-05-04 13:05:03.1956|INFO|ExAlgo.Core.Order.OrderProcessor|Recieved order for {"BrokerageAndTxn":250.0,"Instrument":"AXIS BANK","BuyPrice":710.85,"Target":711.916275,"StopLoss":703.7415,"OrderTime":"2021-05-04T13:05:03.195589+05:30","SellTime":"0001-01-01T00:00:00","Result":"NA","GrossProfit":0.0,"InstrumentToken":1510401,"OrderType":"Long","Qty":703,"ConnorsRsi":9.948519503448128280465871673,"Ema200":698.99023891876310589012096319,"NetProfit":-250.0,"OrderStrategy":"ConnorsRsiAndEma200","RevicedStopLoss":{},"PullDownTime":"2021-05-04T13:00:00"}
2021-05-04 13:05:45.1384|INFO|ExAlgo.Core.Order.OrderProcessor|Order executed for STATE BANK OF INDIA - {"BrokerageAndTxn":250.0,"Instrument":"STATE BANK OF INDIA","BuyPrice":359.1,"Target":359.63865000000004,"StopLoss":355.509,"OrderTime":"2021-05-04T13:04:55.302092+05:30","SellTime":"2021-05-04T13:05:45.138101+05:30","Result":"Profit","GrossProfit":749.8008000000264,"InstrumentToken":779521,"OrderType":"Long","Qty":1392,"ConnorsRsi":9.73378027147497981275426097,"Ema200":351.72948258371546388248187817,"NetProfit":499.80080000002636,"OrderStrategy":"ConnorsRsiAndEma200","RevicedStopLoss":{},"PullDownTime":"2021-05-04T13:00:00"}
2021-05-04 13:06:41.5260|INFO|ExAlgo.Core.Order.OrderProcessor|Order executed for AXIS BANK - {"BrokerageAndTxn":250.0,"Instrument":"AXIS BANK","BuyPrice":710.85,"Target":711.916275,"StopLoss":703.7415,"OrderTime":"2021-05-04T13:05:03.195589+05:30","SellTime":"2021-05-04T13:06:41.525971+05:30","Result":"Profit","GrossProfit":749.5913250000449,"InstrumentToken":1510401,"OrderType":"Long","Qty":703,"ConnorsRsi":9.948519503448128280465871673,"Ema200":698.99023891876310589012096319,"NetProfit":499.5913250000449,"OrderStrategy":"ConnorsRsiAndEma200","RevicedStopLoss":{},"PullDownTime":"2021-05-04T13:00:00"}
2021-05-04 13:08:40.9010|INFO|ExAlgo.Core.Order.OrderProcessor|Order executed for COAL INDIA - {"BrokerageAndTxn":250.0,"Instrument":"COAL INDIA","BuyPrice":133.25,"Target":133.449875,"StopLoss":131.9175,"OrderTime":"2021-05-04T13:02:04.962783+05:30","SellTime":"2021-05-04T13:08:40.901022+05:30","Result":"Profit","GrossProfit":749.9309999999823,"InstrumentToken":5215745,"OrderType":"Long","Qty":3752,"ConnorsRsi":9.897245941216333566157806177,"Ema200":130.16623478376157165139917701,"NetProfit":499.9309999999823,"OrderStrategy":"ConnorsRsiAndEma200","RevicedStopLoss":{},"PullDownTime":"2021-05-04T13:00:00"}
2021-05-04 13:08:43.3591|INFO|ExAlgo.Core.Order.OrderProcessor|Order executed for INDIAN OIL CORP - {"BrokerageAndTxn":250.0,"Instrument":"INDIAN OIL CORP","BuyPrice":91.8,"Target":91.93769999999999,"StopLoss":90.88199999999999,"OrderTime":"2021-05-04T13:03:09.698447+05:30","SellTime":"2021-05-04T13:08:43.359106+05:30","Result":"Profit","GrossProfit":749.9141999999993,"InstrumentToken":415745,"OrderType":"Long","Qty":5446,"ConnorsRsi":9.007195570280430636362971873,"Ema200":90.27024692024827472362748549,"NetProfit":499.91419999999925,"OrderStrategy":"ConnorsRsiAndEma200","RevicedStopLoss":{},"PullDownTime":"2021-05-04T13:00:00"}
2021-05-04 13:15:00.0885|INFO|ExAlgo.Core.Order.OrderProcessor|Recieved order for {"BrokerageAndTxn":250.0,"Instrument":"AXIS BANK","BuyPrice":708.2,"Target":709.2623000000001,"StopLoss":701.118,"OrderTime":"2021-05-04T13:15:00.088462+05:30","SellTime":"0001-01-01T00:00:00","Result":"NA","GrossProfit":0.0,"InstrumentToken":1510401,"OrderType":"Long","Qty":706,"ConnorsRsi":8.249228923175243026949635897,"Ema200":698.99023891876310589012096319,"NetProfit":-250.0,"OrderStrategy":"ConnorsRsiAndEma200","RevicedStopLoss":{},"PullDownTime":"2021-05-04T13:15:00"}
2021-05-04 13:15:00.0946|INFO|ExAlgo.Core.Order.OrderProcessor|Recieved order for {"BrokerageAndTxn":250.0,"Instrument":"INDIAN OIL CORP","BuyPrice":91.6,"Target":91.7374,"StopLoss":90.684,"OrderTime":"2021-05-04T13:15:00.094582+05:30","SellTime":"0001-01-01T00:00:00","Result":"NA","GrossProfit":0.0,"InstrumentToken":415745,"OrderType":"Long","Qty":5458,"ConnorsRsi":6.82951938312389890411361339,"Ema200":90.27024692024827472362748549,"NetProfit":-250.0,"OrderStrategy":"ConnorsRsiAndEma200","RevicedStopLoss":{},"PullDownTime":"2021-05-04T13:15:00"}
2021-05-04 13:15:00.1275|INFO|ExAlgo.Core.Order.OrderProcessor|Recieved order for {"BrokerageAndTxn":250.0,"Instrument":"STATE BANK OF INDIA","BuyPrice":357.1,"Target":357.63565,"StopLoss":353.529,"OrderTime":"2021-05-04T13:15:00.127548+05:30","SellTime":"0001-01-01T00:00:00","Result":"NA","GrossProfit":0.0,"InstrumentToken":779521,"OrderType":"Long","Qty":1400,"ConnorsRsi":6.82817509536610290964453574,"Ema200":351.72948258371546388248187817,"NetProfit":-250.0,"OrderStrategy":"ConnorsRsiAndEma200","RevicedStopLoss":{},"PullDownTime":"2021-05-04T13:15:00"}
2021-05-04 13:15:00.1414|INFO|ExAlgo.Core.Order.OrderProcessor|Recieved order for {"BrokerageAndTxn":250.0,"Instrument":"COAL INDIA","BuyPrice":133.0,"Target":133.1995,"StopLoss":131.67,"OrderTime":"2021-05-04T13:15:00.141383+05:30","SellTime":"0001-01-01T00:00:00","Result":"NA","GrossProfit":0.0,"InstrumentToken":5215745,"OrderType":"Long","Qty":3759,"ConnorsRsi":6.5792194713555480735965380167,"Ema200":130.16623478376157165139917701,"NetProfit":-250.0,"OrderStrategy":"ConnorsRsiAndEma200","RevicedStopLoss":{},"PullDownTime":"2021-05-04T13:15:00"}
2021-05-04 13:15:00.1490|INFO|ExAlgo.Core.Order.OrderProcessor|Recieved order for {"BrokerageAndTxn":250.0,"Instrument":"UPL","BuyPrice":617.0,"Target":617.9255,"StopLoss":610.83,"OrderTime":"2021-05-04T13:15:00.149008+05:30","SellTime":"0001-01-01T00:00:00","Result":"NA","GrossProfit":0.0,"InstrumentToken":2889473,"OrderType":"Long","Qty":810,"ConnorsRsi":1.19333542887272981216919342,"Ema200":611.83313738914537231211887335,"NetProfit":-250.0,"OrderStrategy":"ConnorsRsiAndEma200","RevicedStopLoss":{},"PullDownTime":"2021-05-04T13:15:00"}
2021-05-04 13:15:00.1520|INFO|ExAlgo.Core.Order.OrderProcessor|Recieved order for {"BrokerageAndTxn":250.0,"Instrument":"BHARTI AIRTEL","BuyPrice":550.6,"Target":551.4259000000001,"StopLoss":545.094,"OrderTime":"2021-05-04T13:15:00.152013+05:30","SellTime":"0001-01-01T00:00:00","Result":"NA","GrossProfit":0.0,"InstrumentToken":2714625,"OrderType":"Long","Qty":908,"ConnorsRsi":6.7574514914141894412810085167,"Ema200":541.59968980291167755459801062,"NetProfit":-250.0,"OrderStrategy":"ConnorsRsiAndEma200","RevicedStopLoss":{},"PullDownTime":"2021-05-04T13:15:00"}
2021-05-04 13:15:00.7500|INFO|ExAlgo.Core.Order.OrderProcessor|Recieved order for {"BrokerageAndTxn":250.0,"Instrument":"TATA STEEL","BuyPrice":1063.15,"Target":1064.744725,"StopLoss":1052.5185000000001,"OrderTime":"2021-05-04T13:15:00.750029+05:30","SellTime":"0001-01-01T00:00:00","Result":"NA","GrossProfit":0.0,"InstrumentToken":895745,"OrderType":"Long","Qty":470,"ConnorsRsi":8.597355609100163086360528153,"Ema200":999.2095550386319706528491913,"NetProfit":-250.0,"OrderStrategy":"ConnorsRsiAndEma200","RevicedStopLoss":{},"PullDownTime":"2021-05-04T13:15:00"}
2021-05-04 13:15:04.1832|INFO|ExAlgo.Core.Cache.QuoteRepositoryManager|Current Data loaded at  5/4/2021 1:15:04 PM
2021-05-04 13:16:45.7524|INFO|ExAlgo.Core.Order.OrderProcessor|Order executed for STATE BANK OF INDIA - {"BrokerageAndTxn":250.0,"Instrument":"STATE BANK OF INDIA","BuyPrice":357.1,"Target":357.63565,"StopLoss":353.529,"OrderTime":"2021-05-04T13:15:00.127548+05:30","SellTime":"2021-05-04T13:16:45.752429+05:30","Result":"Profit","GrossProfit":749.9099999999162,"InstrumentToken":779521,"OrderType":"Long","Qty":1400,"ConnorsRsi":6.82817509536610290964453574,"Ema200":351.72948258371546388248187817,"NetProfit":499.9099999999162,"OrderStrategy":"ConnorsRsiAndEma200","RevicedStopLoss":{},"PullDownTime":"2021-05-04T13:15:00"}
2021-05-04 13:16:47.5151|INFO|ExAlgo.Core.Order.OrderProcessor|Order executed for AXIS BANK - {"BrokerageAndTxn":250.0,"Instrument":"AXIS BANK","BuyPrice":708.2,"Target":709.2623000000001,"StopLoss":701.118,"OrderTime":"2021-05-04T13:15:00.088462+05:30","SellTime":"2021-05-04T13:16:47.515128+05:30","Result":"Profit","GrossProfit":749.9838000000454,"InstrumentToken":1510401,"OrderType":"Long","Qty":706,"ConnorsRsi":8.249228923175243026949635897,"Ema200":698.99023891876310589012096319,"NetProfit":499.98380000004545,"OrderStrategy":"ConnorsRsiAndEma200","RevicedStopLoss":{},"PullDownTime":"2021-05-04T13:15:00"}
2021-05-04 13:16:50.5337|INFO|ExAlgo.Core.Order.OrderProcessor|Order executed for UPL - {"BrokerageAndTxn":250.0,"Instrument":"UPL","BuyPrice":617.0,"Target":617.9255,"StopLoss":610.83,"OrderTime":"2021-05-04T13:15:00.149008+05:30","SellTime":"2021-05-04T13:16:50.533704+05:30","Result":"Profit","GrossProfit":749.6550000000279,"InstrumentToken":2889473,"OrderType":"Long","Qty":810,"ConnorsRsi":1.19333542887272981216919342,"Ema200":611.83313738914537231211887335,"NetProfit":499.65500000002794,"OrderStrategy":"ConnorsRsiAndEma200","RevicedStopLoss":{},"PullDownTime":"2021-05-04T13:15:00"}
2021-05-04 13:17:25.9139|INFO|ExAlgo.Core.Order.OrderProcessor|Order executed for BHARTI AIRTEL - {"BrokerageAndTxn":250.0,"Instrument":"BHARTI AIRTEL","BuyPrice":550.6,"Target":551.4259000000001,"StopLoss":545.094,"OrderTime":"2021-05-04T13:15:00.152013+05:30","SellTime":"2021-05-04T13:17:25.913885+05:30","Result":"Profit","GrossProfit":749.9172000000253,"InstrumentToken":2714625,"OrderType":"Long","Qty":908,"ConnorsRsi":6.7574514914141894412810085167,"Ema200":541.59968980291167755459801062,"NetProfit":499.91720000002533,"OrderStrategy":"ConnorsRsiAndEma200","RevicedStopLoss":{},"PullDownTime":"2021-05-04T13:15:00"}
2021-05-04 13:17:46.2994|INFO|ExAlgo.Core.Order.OrderProcessor|Order executed for COAL INDIA - {"BrokerageAndTxn":250.0,"Instrument":"COAL INDIA","BuyPrice":133.0,"Target":133.1995,"StopLoss":131.67,"OrderTime":"2021-05-04T13:15:00.141383+05:30","SellTime":"2021-05-04T13:17:46.299438+05:30","Result":"Profit","GrossProfit":749.9205000000075,"InstrumentToken":5215745,"OrderType":"Long","Qty":3759,"ConnorsRsi":6.5792194713555480735965380167,"Ema200":130.16623478376157165139917701,"NetProfit":499.92050000000745,"OrderStrategy":"ConnorsRsiAndEma200","RevicedStopLoss":{},"PullDownTime":"2021-05-04T13:15:00"}
2021-05-04 13:19:06.7696|INFO|ExAlgo.Core.Order.OrderProcessor|Recieved order for {"BrokerageAndTxn":250.0,"Instrument":"INDUSIND BANK","BuyPrice":915.0,"Target":916.3725,"StopLoss":905.85,"OrderTime":"2021-05-04T13:19:06.769605+05:30","SellTime":"0001-01-01T00:00:00","Result":"NA","GrossProfit":0.0,"InstrumentToken":1346049,"OrderType":"Long","Qty":546,"ConnorsRsi":9.999190158430091964942837713,"Ema200":907.1071110989430803988468142,"NetProfit":-250.0,"OrderStrategy":"ConnorsRsiAndEma200","RevicedStopLoss":{},"PullDownTime":"2021-05-04T13:15:00"}
2021-05-04 13:19:25.9064|INFO|ExAlgo.Core.Order.OrderProcessor|Order executed for INDUSIND BANK - {"BrokerageAndTxn":250.0,"Instrument":"INDUSIND BANK","BuyPrice":915.0,"Target":916.3725,"StopLoss":905.85,"OrderTime":"2021-05-04T13:19:06.769605+05:30","SellTime":"2021-05-04T13:19:25.906369+05:30","Result":"Profit","GrossProfit":749.3849999999511,"InstrumentToken":1346049,"OrderType":"Long","Qty":546,"ConnorsRsi":9.999190158430091964942837713,"Ema200":907.1071110989430803988468142,"NetProfit":499.3849999999511,"OrderStrategy":"ConnorsRsiAndEma200","RevicedStopLoss":{},"PullDownTime":"2021-05-04T13:15:00"}
2021-05-04 13:28:36.7876|INFO|ExAlgo.Core.Order.OrderProcessor|Order executed for TATA STEEL - {"BrokerageAndTxn":250.0,"Instrument":"TATA STEEL","BuyPrice":1063.15,"Target":1064.744725,"StopLoss":1052.5185000000001,"OrderTime":"2021-05-04T13:15:00.750029+05:30","SellTime":"2021-05-04T13:28:36.7876+05:30","Result":"Profit","GrossProfit":749.5207499999669,"InstrumentToken":895745,"OrderType":"Long","Qty":470,"ConnorsRsi":8.597355609100163086360528153,"Ema200":999.2095550386319706528491913,"NetProfit":499.52074999996694,"OrderStrategy":"ConnorsRsiAndEma200","RevicedStopLoss":{},"PullDownTime":"2021-05-04T13:15:00"}
2021-05-04 13:30:01.3702|INFO|ExAlgo.Core.Order.OrderProcessor|Order executed for INDIAN OIL CORP - {"BrokerageAndTxn":250.0,"Instrument":"INDIAN OIL CORP","BuyPrice":91.6,"Target":91.7374,"StopLoss":90.684,"OrderTime":"2021-05-04T13:15:00.094582+05:30","SellTime":"2021-05-04T13:30:01.370153+05:30","Result":"Profit","GrossProfit":749.929199999955,"InstrumentToken":415745,"OrderType":"Long","Qty":5458,"ConnorsRsi":6.82951938312389890411361339,"Ema200":90.27024692024827472362748549,"NetProfit":499.929199999955,"OrderStrategy":"ConnorsRsiAndEma200","RevicedStopLoss":{},"PullDownTime":"2021-05-04T13:15:00"}
2021-05-04 13:30:04.1920|INFO|ExAlgo.Core.Cache.QuoteRepositoryManager|Current Data loaded at  5/4/2021 1:30:04 PM
2021-05-04 13:30:13.5208|INFO|ExAlgo.Core.Order.OrderProcessor|Recieved order for {"BrokerageAndTxn":250.0,"Instrument":"INDUSIND BANK","BuyPrice":915.0,"Target":916.3725,"StopLoss":905.85,"OrderTime":"2021-05-04T13:30:13.520847+05:30","SellTime":"0001-01-01T00:00:00","Result":"NA","GrossProfit":0.0,"InstrumentToken":1346049,"OrderType":"Long","Qty":546,"ConnorsRsi":9.999190158430091964942837713,"Ema200":907.1071110989430803988468142,"NetProfit":-250.0,"OrderStrategy":"ConnorsRsiAndEma200","RevicedStopLoss":{},"PullDownTime":"2021-05-04T13:30:00"}
2021-05-04 13:32:54.1378|INFO|ExAlgo.Core.Order.OrderProcessor|Order executed for INDUSIND BANK - {"BrokerageAndTxn":250.0,"Instrument":"INDUSIND BANK","BuyPrice":915.0,"Target":916.3725,"StopLoss":905.85,"OrderTime":"2021-05-04T13:30:13.520847+05:30","SellTime":"2021-05-04T13:32:54.137837+05:30","Result":"Profit","GrossProfit":749.3849999999511,"InstrumentToken":1346049,"OrderType":"Long","Qty":546,"ConnorsRsi":9.999190158430091964942837713,"Ema200":907.1071110989430803988468142,"NetProfit":499.3849999999511,"OrderStrategy":"ConnorsRsiAndEma200","RevicedStopLoss":{},"PullDownTime":"2021-05-04T13:30:00"}
2021-05-04 13:45:04.1956|INFO|ExAlgo.Core.Cache.QuoteRepositoryManager|Current Data loaded at  5/4/2021 1:45:04 PM
2021-05-04 14:00:04.2089|INFO|ExAlgo.Core.Cache.QuoteRepositoryManager|Current Data loaded at  5/4/2021 2:00:04 PM
2021-05-04 14:07:17.5647|INFO|ExAlgo.Core.Order.OrderProcessor|Order executed for DIVI'S LABORATORIES - {"BrokerageAndTxn":250.0,"Instrument":"DIVI'S LABORATORIES","BuyPrice":4036.0,"Target":4042.054,"StopLoss":3995.64,"OrderTime":"2021-05-04T12:45:00.835562+05:30","SellTime":"2021-05-04T14:07:17.564675+05:30","Result":"Loss","GrossProfit":-4964.280000000028,"InstrumentToken":2800641,"OrderType":"Long","Qty":123,"ConnorsRsi":9.040558708087460344711379293,"Ema200":3946.3987528356770440257496706,"NetProfit":-5214.280000000028,"OrderStrategy":"ConnorsRsiAndEma200","RevicedStopLoss":{},"PullDownTime":"2021-05-04T12:45:00"}
2021-05-04 14:10:37.2932|INFO|ExAlgo.Core.Order.OrderProcessor|Order executed for TATA CONSULTANCY SERV LT - {"BrokerageAndTxn":250.0,"Instrument":"TATA CONSULTANCY SERV LT","BuyPrice":3068.0,"Target":3063.398,"StopLoss":3098.68,"OrderTime":"2021-05-04T12:20:51.165785+05:30","SellTime":"2021-05-04T14:10:37.293165+05:30","Result":"Profit","GrossProfit":745.5239999999758,"InstrumentToken":2953217,"OrderType":"Short","Qty":162,"ConnorsRsi":91.25578651022952293552084911,"Ema200":3104.4289396825588110232383794,"NetProfit":495.5239999999758,"OrderStrategy":"ConnorsRsiAndEma200","RevicedStopLoss":{},"PullDownTime":"2021-05-04T12:15:00"}
2021-05-04 14:15:04.2174|INFO|ExAlgo.Core.Cache.QuoteRepositoryManager|Current Data loaded at  5/4/2021 2:15:04 PM
2021-05-04 14:30:04.2170|INFO|ExAlgo.Core.Cache.QuoteRepositoryManager|Current Data loaded at  5/4/2021 2:30:04 PM
2021-05-04 14:45:04.2238|INFO|ExAlgo.Core.Cache.QuoteRepositoryManager|Current Data loaded at  5/4/2021 2:45:04 PM
2021-05-04 14:59:45.6678|INFO|ExAlgo.Core.Order.OrderProcessor|Order executed for NESTLE INDIA - {"BrokerageAndTxn":250.0,"Instrument":"NESTLE INDIA","BuyPrice":16514.95,"Target":16490.177575,"StopLoss":16680.0995,"OrderTime":"2021-05-04T10:41:54.087842+05:30","SellTime":"2021-05-04T14:59:45.667732+05:30","Result":"Profit","GrossProfit":743.1727499999688,"InstrumentToken":4598529,"OrderType":"Short","Qty":30,"ConnorsRsi":90.08320804315271555459447027,"Ema200":16662.896480623112355668923585,"NetProfit":493.1727499999688,"OrderStrategy":"ConnorsRsiAndEma200","RevicedStopLoss":{},"PullDownTime":"2021-05-04T10:30:00"}
2021-05-04 15:00:04.2264|INFO|ExAlgo.Core.Cache.QuoteRepositoryManager|Current Data loaded at  5/4/2021 3:00:04 PM
2021-05-04 15:15:04.2312|INFO|ExAlgo.Core.Cache.QuoteRepositoryManager|Current Data loaded at  5/4/2021 3:15:04 PM
2021-05-04 15:30:00.0882|INFO|ExAlgo.Core.Order.OrderProcessor|[{"BrokerageAndTxn":250.0,"Instrument":"DIVI'S LABORATORIES","BuyPrice":4037.05,"Target":4043.105575,"StopLoss":3996.6795,"OrderTime":"2021-05-04T12:34:06.127841+05:30","SellTime":"2021-05-04T12:42:43.935602+05:30","Result":"Profit","GrossProfit":744.8357249999535,"InstrumentToken":2800641,"OrderType":"Long","Qty":123,"ConnorsRsi":9.48845795185995908408670963,"Ema200":3946.3987528356770440257496706,"NetProfit":494.8357249999535,"OrderStrategy":"ConnorsRsiAndEma200","RevicedStopLoss":{},"PullDownTime":"2021-05-04T12:30:00"},{"BrokerageAndTxn":250.0,"Instrument":"DR. REDDY'S LABORATORIES","BuyPrice":5144.7,"Target":5152.41705,"StopLoss":5093.253,"OrderTime":"2021-05-04T11:00:01.937089+05:30","SellTime":"2021-05-04T12:45:36.753699+05:30","Result":"Loss","GrossProfit":-4990.358999999997,"InstrumentToken":225537,"OrderType":"Long","Qty":97,"ConnorsRsi":9.72447479357031183252804597,"Ema200":5102.6802675030129173930083905,"NetProfit":-5240.358999999997,"OrderStrategy":"ConnorsRsiAndEma200","RevicedStopLoss":{},"PullDownTime":"2021-05-04T11:00:00"},{"BrokerageAndTxn":250.0,"Instrument":"LARSEN & TOUBRO.","BuyPrice":1342.0,"Target":1339.987,"StopLoss":1355.42,"OrderTime":"2021-05-04T11:35:04.358087+05:30","SellTime":"2021-05-04T12:55:44.471652+05:30","Result":"Profit","GrossProfit":748.835999999952,"InstrumentToken":2939649,"OrderType":"Short","Qty":372,"ConnorsRsi":90.92872537718134691536925996,"Ema200":1352.7826662611942908462076382,"NetProfit":498.83599999995204,"OrderStrategy":"ConnorsRsiAndEma200","RevicedStopLoss":{},"PullDownTime":"2021-05-04T11:30:00"},{"BrokerageAndTxn":250.0,"Instrument":"UPL","BuyPrice":627.1,"Target":628.04065,"StopLoss":620.8290000000001,"OrderTime":"2021-05-04T12:31:19.337223+05:30","SellTime":"2021-05-04T13:01:34.866574+05:30","Result":"Loss","GrossProfit":-4997.986999999965,"InstrumentToken":2889473,"OrderType":"Long","Qty":797,"ConnorsRsi":9.446309645521147224689990497,"Ema200":611.60796404171154190782201356,"NetProfit":-5247.986999999965,"OrderStrategy":"ConnorsRsiAndEma200","RevicedStopLoss":{},"PullDownTime":"2021-05-04T12:30:00"},{"BrokerageAndTxn":250.0,"Instrument":"TATA STEEL","BuyPrice":1064.25,"Target":1065.846375,"StopLoss":1053.6075,"OrderTime":"2021-05-04T13:01:34.873178+05:30","SellTime":"2021-05-04T13:02:15.704003+05:30","Result":"Profit","GrossProfit":748.6998750000494,"InstrumentToken":895745,"OrderType":"Long","Qty":469,"ConnorsRsi":9.84635477092825644586204418,"Ema200":999.2095550386319706528491913,"NetProfit":498.69987500004936,"OrderStrategy":"ConnorsRsiAndEma200","RevicedStopLoss":{},"PullDownTime":"2021-05-04T13:00:00"},{"BrokerageAndTxn":250.0,"Instrument":"BHARTI AIRTEL","BuyPrice":552.7,"Target":553.5290500000001,"StopLoss":547.173,"OrderTime":"2021-05-04T13:02:33.744409+05:30","SellTime":"2021-05-04T13:02:49.905901+05:30","Result":"Profit","GrossProfit":749.4612000000197,"InstrumentToken":2714625,"OrderType":"Long","Qty":904,"ConnorsRsi":9.770002701139724539216476593,"Ema200":541.59968980291167755459801062,"NetProfit":499.46120000001974,"OrderStrategy":"ConnorsRsiAndEma200","RevicedStopLoss":{},"PullDownTime":"2021-05-04T13:00:00"},{"BrokerageAndTxn":250.0,"Instrument":"UPL","BuyPrice":621.0,"Target":621.9315,"StopLoss":614.79,"OrderTime":"2021-05-04T13:01:36.123558+05:30","SellTime":"2021-05-04T13:04:49.289178+05:30","Result":"Profit","GrossProfit":749.8575000000419,"InstrumentToken":2889473,"OrderType":"Long","Qty":805,"ConnorsRsi":4.8026860854822223018971907467,"Ema200":611.83313738914537231211887335,"NetProfit":499.8575000000419,"OrderStrategy":"ConnorsRsiAndEma200","RevicedStopLoss":{},"PullDownTime":"2021-05-04T13:00:00"},{"BrokerageAndTxn":250.0,"Instrument":"STATE BANK OF INDIA","BuyPrice":359.1,"Target":359.63865000000004,"StopLoss":355.509,"OrderTime":"2021-05-04T13:04:55.302092+05:30","SellTime":"2021-05-04T13:05:45.138101+05:30","Result":"Profit","GrossProfit":749.8008000000264,"InstrumentToken":779521,"OrderType":"Long","Qty":1392,"ConnorsRsi":9.73378027147497981275426097,"Ema200":351.72948258371546388248187817,"NetProfit":499.80080000002636,"OrderStrategy":"ConnorsRsiAndEma200","RevicedStopLoss":{},"PullDownTime":"2021-05-04T13:00:00"},{"BrokerageAndTxn":250.0,"Instrument":"AXIS BANK","BuyPrice":710.85,"Target":711.916275,"StopLoss":703.7415,"OrderTime":"2021-05-04T13:05:03.195589+05:30","SellTime":"2021-05-04T13:06:41.525971+05:30","Result":"Profit","GrossProfit":749.5913250000449,"InstrumentToken":1510401,"OrderType":"Long","Qty":703,"ConnorsRsi":9.948519503448128280465871673,"Ema200":698.99023891876310589012096319,"NetProfit":499.5913250000449,"OrderStrategy":"ConnorsRsiAndEma200","RevicedStopLoss":{},"PullDownTime":"2021-05-04T13:00:00"},{"BrokerageAndTxn":250.0,"Instrument":"COAL INDIA","BuyPrice":133.25,"Target":133.449875,"StopLoss":131.9175,"OrderTime":"2021-05-04T13:02:04.962783+05:30","SellTime":"2021-05-04T13:08:40.901022+05:30","Result":"Profit","GrossProfit":749.9309999999823,"InstrumentToken":5215745,"OrderType":"Long","Qty":3752,"ConnorsRsi":9.897245941216333566157806177,"Ema200":130.16623478376157165139917701,"NetProfit":499.9309999999823,"OrderStrategy":"ConnorsRsiAndEma200","RevicedStopLoss":{},"PullDownTime":"2021-05-04T13:00:00"},{"BrokerageAndTxn":250.0,"Instrument":"INDIAN OIL CORP","BuyPrice":91.8,"Target":91.93769999999999,"StopLoss":90.88199999999999,"OrderTime":"2021-05-04T13:03:09.698447+05:30","SellTime":"2021-05-04T13:08:43.359106+05:30","Result":"Profit","GrossProfit":749.9141999999993,"InstrumentToken":415745,"OrderType":"Long","Qty":5446,"ConnorsRsi":9.007195570280430636362971873,"Ema200":90.27024692024827472362748549,"NetProfit":499.91419999999925,"OrderStrategy":"ConnorsRsiAndEma200","RevicedStopLoss":{},"PullDownTime":"2021-05-04T13:00:00"},{"BrokerageAndTxn":250.0,"Instrument":"STATE BANK OF INDIA","BuyPrice":357.1,"Target":357.63565,"StopLoss":353.529,"OrderTime":"2021-05-04T13:15:00.127548+05:30","SellTime":"2021-05-04T13:16:45.752429+05:30","Result":"Profit","GrossProfit":749.9099999999162,"InstrumentToken":779521,"OrderType":"Long","Qty":1400,"ConnorsRsi":6.82817509536610290964453574,"Ema200":351.72948258371546388248187817,"NetProfit":499.9099999999162,"OrderStrategy":"ConnorsRsiAndEma200","RevicedStopLoss":{},"PullDownTime":"2021-05-04T13:15:00"},{"BrokerageAndTxn":250.0,"Instrument":"AXIS BANK","BuyPrice":708.2,"Target":709.2623000000001,"StopLoss":701.118,"OrderTime":"2021-05-04T13:15:00.088462+05:30","SellTime":"2021-05-04T13:16:47.515128+05:30","Result":"Profit","GrossProfit":749.9838000000454,"InstrumentToken":1510401,"OrderType":"Long","Qty":706,"ConnorsRsi":8.249228923175243026949635897,"Ema200":698.99023891876310589012096319,"NetProfit":499.98380000004545,"OrderStrategy":"ConnorsRsiAndEma200","RevicedStopLoss":{},"PullDownTime":"2021-05-04T13:15:00"},{"BrokerageAndTxn":250.0,"Instrument":"UPL","BuyPrice":617.0,"Target":617.9255,"StopLoss":610.83,"OrderTime":"2021-05-04T13:15:00.149008+05:30","SellTime":"2021-05-04T13:16:50.533704+05:30","Result":"Profit","GrossProfit":749.6550000000279,"InstrumentToken":2889473,"OrderType":"Long","Qty":810,"ConnorsRsi":1.19333542887272981216919342,"Ema200":611.83313738914537231211887335,"NetProfit":499.65500000002794,"OrderStrategy":"ConnorsRsiAndEma200","RevicedStopLoss":{},"PullDownTime":"2021-05-04T13:15:00"},{"BrokerageAndTxn":250.0,"Instrument":"BHARTI AIRTEL","BuyPrice":550.6,"Target":551.4259000000001,"StopLoss":545.094,"OrderTime":"2021-05-04T13:15:00.152013+05:30","SellTime":"2021-05-04T13:17:25.913885+05:30","Result":"Profit","GrossProfit":749.9172000000253,"InstrumentToken":2714625,"OrderType":"Long","Qty":908,"ConnorsRsi":6.7574514914141894412810085167,"Ema200":541.59968980291167755459801062,"NetProfit":499.91720000002533,"OrderStrategy":"ConnorsRsiAndEma200","RevicedStopLoss":{},"PullDownTime":"2021-05-04T13:15:00"},{"BrokerageAndTxn":250.0,"Instrument":"COAL INDIA","BuyPrice":133.0,"Target":133.1995,"StopLoss":131.67,"OrderTime":"2021-05-04T13:15:00.141383+05:30","SellTime":"2021-05-04T13:17:46.299438+05:30","Result":"Profit","GrossProfit":749.9205000000075,"InstrumentToken":5215745,"OrderType":"Long","Qty":3759,"ConnorsRsi":6.5792194713555480735965380167,"Ema200":130.16623478376157165139917701,"NetProfit":499.92050000000745,"OrderStrategy":"ConnorsRsiAndEma200","RevicedStopLoss":{},"PullDownTime":"2021-05-04T13:15:00"},{"BrokerageAndTxn":250.0,"Instrument":"INDUSIND BANK","BuyPrice":915.0,"Target":916.3725,"StopLoss":905.85,"OrderTime":"2021-05-04T13:19:06.769605+05:30","SellTime":"2021-05-04T13:19:25.906369+05:30","Result":"Profit","GrossProfit":749.3849999999511,"InstrumentToken":1346049,"OrderType":"Long","Qty":546,"ConnorsRsi":9.999190158430091964942837713,"Ema200":907.1071110989430803988468142,"NetProfit":499.3849999999511,"OrderStrategy":"ConnorsRsiAndEma200","RevicedStopLoss":{},"PullDownTime":"2021-05-04T13:15:00"},{"BrokerageAndTxn":250.0,"Instrument":"TATA STEEL","BuyPrice":1063.15,"Target":1064.744725,"StopLoss":1052.5185000000001,"OrderTime":"2021-05-04T13:15:00.750029+05:30","SellTime":"2021-05-04T13:28:36.7876+05:30","Result":"Profit","GrossProfit":749.5207499999669,"InstrumentToken":895745,"OrderType":"Long","Qty":470,"ConnorsRsi":8.597355609100163086360528153,"Ema200":999.2095550386319706528491913,"NetProfit":499.52074999996694,"OrderStrategy":"ConnorsRsiAndEma200","RevicedStopLoss":{},"PullDownTime":"2021-05-04T13:15:00"},{"BrokerageAndTxn":250.0,"Instrument":"INDIAN OIL CORP","BuyPrice":91.6,"Target":91.7374,"StopLoss":90.684,"OrderTime":"2021-05-04T13:15:00.094582+05:30","SellTime":"2021-05-04T13:30:01.370153+05:30","Result":"Profit","GrossProfit":749.929199999955,"InstrumentToken":415745,"OrderType":"Long","Qty":5458,"ConnorsRsi":6.82951938312389890411361339,"Ema200":90.27024692024827472362748549,"NetProfit":499.929199999955,"OrderStrategy":"ConnorsRsiAndEma200","RevicedStopLoss":{},"PullDownTime":"2021-05-04T13:15:00"},{"BrokerageAndTxn":250.0,"Instrument":"INDUSIND BANK","BuyPrice":915.0,"Target":916.3725,"StopLoss":905.85,"OrderTime":"2021-05-04T13:30:13.520847+05:30","SellTime":"2021-05-04T13:32:54.137837+05:30","Result":"Profit","GrossProfit":749.3849999999511,"InstrumentToken":1346049,"OrderType":"Long","Qty":546,"ConnorsRsi":9.999190158430091964942837713,"Ema200":907.1071110989430803988468142,"NetProfit":499.3849999999511,"OrderStrategy":"ConnorsRsiAndEma200","RevicedStopLoss":{},"PullDownTime":"2021-05-04T13:30:00"},{"BrokerageAndTxn":250.0,"Instrument":"DIVI'S LABORATORIES","BuyPrice":4036.0,"Target":4042.054,"StopLoss":3995.64,"OrderTime":"2021-05-04T12:45:00.835562+05:30","SellTime":"2021-05-04T14:07:17.564675+05:30","Result":"Loss","GrossProfit":-4964.280000000028,"InstrumentToken":2800641,"OrderType":"Long","Qty":123,"ConnorsRsi":9.040558708087460344711379293,"Ema200":3946.3987528356770440257496706,"NetProfit":-5214.280000000028,"OrderStrategy":"ConnorsRsiAndEma200","RevicedStopLoss":{},"PullDownTime":"2021-05-04T12:45:00"},{"BrokerageAndTxn":250.0,"Instrument":"TATA CONSULTANCY SERV LT","BuyPrice":3068.0,"Target":3063.398,"StopLoss":3098.68,"OrderTime":"2021-05-04T12:20:51.165785+05:30","SellTime":"2021-05-04T14:10:37.293165+05:30","Result":"Profit","GrossProfit":745.5239999999758,"InstrumentToken":2953217,"OrderType":"Short","Qty":162,"ConnorsRsi":91.25578651022952293552084911,"Ema200":3104.4289396825588110232383794,"NetProfit":495.5239999999758,"OrderStrategy":"ConnorsRsiAndEma200","RevicedStopLoss":{},"PullDownTime":"2021-05-04T12:15:00"},{"BrokerageAndTxn":250.0,"Instrument":"NESTLE INDIA","BuyPrice":16514.95,"Target":16490.177575,"StopLoss":16680.0995,"OrderTime":"2021-05-04T10:41:54.087842+05:30","SellTime":"2021-05-04T14:59:45.667732+05:30","Result":"Profit","GrossProfit":743.1727499999688,"InstrumentToken":4598529,"OrderType":"Short","Qty":30,"ConnorsRsi":90.08320804315271555459447027,"Ema200":16662.896480623112355668923585,"NetProfit":493.1727499999688,"OrderStrategy":"ConnorsRsiAndEma200","RevicedStopLoss":{},"PullDownTime":"2021-05-04T10:30:00"}]
2021-05-04 15:30:04.2367|INFO|ExAlgo.Core.Cache.QuoteRepositoryManager|Current Data loaded at  5/4/2021 3:30:04 PM
2021-05-04 15:45:04.2469|INFO|ExAlgo.Core.Cache.QuoteRepositoryManager|Current Data loaded at  5/4/2021 3:45:04 PM
2021-05-04 16:00:04.2609|INFO|ExAlgo.Core.Cache.QuoteRepositoryManager|Current Data loaded at  5/4/2021 4:00:04 PM
2021-05-04 16:15:04.3112|INFO|ExAlgo.Core.Cache.QuoteRepositoryManager|Current Data loaded at  5/4/2021 4:15:04 PM
2021-05-04 16:30:04.2929|INFO|ExAlgo.Core.Cache.QuoteRepositoryManager|Current Data loaded at  5/4/2021 4:30:04 PM
2021-05-04 16:45:04.3005|INFO|ExAlgo.Core.Cache.QuoteRepositoryManager|Current Data loaded at  5/4/2021 4:45:04 PM
2021-05-04 17:00:04.3097|INFO|ExAlgo.Core.Cache.QuoteRepositoryManager|Current Data loaded at  5/4/2021 5:00:04 PM
2021-05-04 17:15:04.3166|INFO|ExAlgo.Core.Cache.QuoteRepositoryManager|Current Data loaded at  5/4/2021 5:15:04 PM
2021-05-04 17:30:04.3269|INFO|ExAlgo.Core.Cache.QuoteRepositoryManager|Current Data loaded at  5/4/2021 5:30:04 PM
