2021-05-25 08:54:37.5931|INFO|Topshelf.HostFactory|Configuration Result:
[Success] Name EzAlgoTrading.Standard
[Success] DisplayName EzAlgoTrading.Standard 1.0.0.0
[Success] Description Datafactory to process rail reference data
[Success] ServiceName EzAlgoTrading.Standard
2021-05-25 08:54:37.6188|INFO|Topshelf.HostConfigurators.HostConfiguratorImpl|Topshelf v4.3.0.0, .NET Core 3.1.13 (3.1.13)
2021-05-25 08:54:37.8697|ERROR|Topshelf.Runtime.Windows.WindowsHostEnvironment|Unable to get parent process (ignored)
2021-05-25 08:54:37.8708|DEBUG|Topshelf.Builders.RunBuilder|Running as a console application, creating the console host.
2021-05-25 08:54:37.9031|DEBUG|Topshelf.Hosts.ConsoleRunHost|Starting up as a console application
2021-05-25 08:54:37.9783|INFO|ExAlgo.Core.Cache.QuoteRepositoryManager|Historical Data loaded at  5/25/2021 8:54:37 AM
2021-05-25 08:54:38.8650|INFO|ExAlgo.Core.Cache.QuoteRepositoryManager|ADANIPORTS Pivot Details , PivoPoint: 764.91666666666666666666666667,previousPivotPoint: 770.30,IsUptrendPivot : False,  Resistance1: 781.3333333333333333333333333, Support1: 749.9833333333333333333333333,  Points Change :4.4602196624698633806589874100
2021-05-25 08:54:39.3291|INFO|ExAlgo.Core.Cache.QuoteRepositoryManager|ASIANPAINT Pivot Details , PivoPoint: 2826,previousPivotPoint: 2826.65,IsUptrendPivot : False,  Resistance1: 2843, Support1: 2803,  Points Change :1.4528879709422405811551883800
2021-05-25 08:54:39.8009|INFO|ExAlgo.Core.Cache.QuoteRepositoryManager|AXISBANK Pivot Details , PivoPoint: 737.66666666666666666666666667,previousPivotPoint: 724.28333333333333333333333333,IsUptrendPivot : True,  Resistance1: 748.3833333333333333333333333, Support1: 727.9333333333333333333333333,  Points Change :2.8551771585827313381492948100
2021-05-25 08:54:40.2500|INFO|ExAlgo.Core.Cache.QuoteRepositoryManager|BAJAJ-AUTO Pivot Details , PivoPoint: 4149.2666666666666666666666667,previousPivotPoint: 4104.0333333333333333333333333,IsUptrendPivot : True,  Resistance1: 4190.283333333333333333333333, Support1: 4113.683333333333333333333333,  Points Change :1.8856210741588352729220431400
2021-05-25 08:54:40.6909|INFO|ExAlgo.Core.Cache.QuoteRepositoryManager|BAJAJFINSV Pivot Details , PivoPoint: 11203.416666666666666666666667,previousPivotPoint: 11291.083333333333333333333333,IsUptrendPivot : False,  Resistance1: 11311.583333333333333333333334, Support1: 11041.833333333333333333333334,  Points Change :2.4335286164939161784587652100
2021-05-25 08:54:41.1261|INFO|ExAlgo.Core.Cache.QuoteRepositoryManager|BAJFINANCE Pivot Details , PivoPoint: 5623.6666666666666666666666667,previousPivotPoint: 5639.2166666666666666666666667,IsUptrendPivot : False,  Resistance1: 5657.333333333333333333333333, Support1: 5559.333333333333333333333333,  Points Change :1.7531305903398926654740608200
2021-05-25 08:54:41.5555|INFO|ExAlgo.Core.Cache.QuoteRepositoryManager|BHARTIARTL Pivot Details , PivoPoint: 528.63333333333333333333333333,previousPivotPoint: 528.81666666666666666666666667,IsUptrendPivot : False,  Resistance1: 531.2666666666666666666666667, Support1: 524.2666666666666666666666667,  Points Change :1.3307984790874524714828897300
2021-05-25 08:54:41.9909|INFO|ExAlgo.Core.Cache.QuoteRepositoryManager|BPCL Pivot Details , PivoPoint: 469.66666666666666666666666667,previousPivotPoint: 462.78333333333333333333333333,IsUptrendPivot : True,  Resistance1: 478.6833333333333333333333333, Support1: 464.7833333333333333333333333,  Points Change :3.0286582718193660442900564500
2021-05-25 08:54:42.4222|INFO|ExAlgo.Core.Cache.QuoteRepositoryManager|BRITANNIA Pivot Details , PivoPoint: 3405.3166666666666666666666667,previousPivotPoint: 3436.8833333333333333333333333,IsUptrendPivot : False,  Resistance1: 3438.6833333333333333333333334, Support1: 3351.6333333333333333333333334,  Points Change :2.5983271044669870083644776700
2021-05-25 08:54:42.8614|INFO|ExAlgo.Core.Cache.QuoteRepositoryManager|CIPLA Pivot Details , PivoPoint: 935.0,previousPivotPoint: 927.7666666666666666666666667,IsUptrendPivot : True,  Resistance1: 943.5, Support1: 924.5,  Points Change :2.0892943907574367003185229200
2021-05-25 08:54:43.2933|INFO|ExAlgo.Core.Cache.QuoteRepositoryManager|COALINDIA Pivot Details , PivoPoint: 148.06666666666666666666666667,previousPivotPoint: 147.81666666666666666666666667,IsUptrendPivot : True,  Resistance1: 150.43333333333333333333333334, Support1: 146.58333333333333333333333334,  Points Change :2.8149673875729488499828355600
2021-05-25 08:54:43.7224|INFO|ExAlgo.Core.Cache.QuoteRepositoryManager|DIVISLAB Pivot Details , PivoPoint: 4111.9833333333333333333333333,previousPivotPoint: 4077.2666666666666666666666667,IsUptrendPivot : True,  Resistance1: 4148.916666666666666666666667, Support1: 4059.066666666666666666666667,  Points Change :2.275099144228762262575662700
2021-05-25 08:54:44.1504|INFO|ExAlgo.Core.Cache.QuoteRepositoryManager|DRREDDY Pivot Details , PivoPoint: 5262.0166666666666666666666667,previousPivotPoint: 5229.5166666666666666666666667,IsUptrendPivot : True,  Resistance1: 5297.183333333333333333333333, Support1: 5240.833333333333333333333333,  Points Change :1.3832819943750358734957047500
2021-05-25 08:54:44.5972|INFO|ExAlgo.Core.Cache.QuoteRepositoryManager|EICHERMOT Pivot Details , PivoPoint: 2554.9833333333333333333333333,previousPivotPoint: 2532.8333333333333333333333333,IsUptrendPivot : True,  Resistance1: 2583.3666666666666666666666666, Support1: 2530.9666666666666666666666666,  Points Change :2.0739333491648856170347502600
2021-05-25 08:54:45.0398|INFO|ExAlgo.Core.Cache.QuoteRepositoryManager|GAIL Pivot Details , PivoPoint: 150.10,previousPivotPoint: 147.21666666666666666666666667,IsUptrendPivot : True,  Resistance1: 154.30, Support1: 147.65,  Points Change :4.5921864290610006854009595600
2021-05-25 08:54:45.4622|INFO|ExAlgo.Core.Cache.QuoteRepositoryManager|GRASIM Pivot Details , PivoPoint: 1366.8666666666666666666666667,previousPivotPoint: 1374.00,IsUptrendPivot : False,  Resistance1: 1383.1333333333333333333333334, Support1: 1358.7333333333333333333333334,  Points Change :1.9102621057307863171923589500
2021-05-25 08:54:45.8916|INFO|ExAlgo.Core.Cache.QuoteRepositoryManager|HCLTECH Pivot Details , PivoPoint: 933.2333333333333333333333333,previousPivotPoint: 929.8333333333333333333333333,IsUptrendPivot : True,  Resistance1: 938.7666666666666666666666666, Support1: 927.4666666666666666666666666,  Points Change :1.2180661851891775358413280200
2021-05-25 08:54:46.3199|INFO|ExAlgo.Core.Cache.QuoteRepositoryManager|HDFC Pivot Details , PivoPoint: 2535.1333333333333333333333333,previousPivotPoint: 2502.05,IsUptrendPivot : True,  Resistance1: 2555.2666666666666666666666666, Support1: 2511.5666666666666666666666666,  Points Change :1.7415506958250497017892644100
2021-05-25 08:54:46.7615|INFO|ExAlgo.Core.Cache.QuoteRepositoryManager|HDFCBANK Pivot Details , PivoPoint: 1508.5,previousPivotPoint: 1482.0333333333333333333333333,IsUptrendPivot : True,  Resistance1: 1517.9, Support1: 1496.6,  Points Change :1.4647981314647981314647981300
2021-05-25 08:54:47.1920|INFO|ExAlgo.Core.Cache.QuoteRepositoryManager|HDFCLIFE Pivot Details , PivoPoint: 670.30,previousPivotPoint: 670.95,IsUptrendPivot : False,  Resistance1: 673.25, Support1: 667.30,  Points Change :0.8915861242226717614445193700
2021-05-25 08:54:47.6310|INFO|ExAlgo.Core.Cache.QuoteRepositoryManager|HEROMOTOCO Pivot Details , PivoPoint: 2920.5833333333333333333333333,previousPivotPoint: 2871.6666666666666666666666667,IsUptrendPivot : True,  Resistance1: 2949.1166666666666666666666666, Support1: 2878.9666666666666666666666666,  Points Change :2.4792531120331950207468879700
2021-05-25 08:54:48.0741|INFO|ExAlgo.Core.Cache.QuoteRepositoryManager|HINDALCO Pivot Details , PivoPoint: 387.63333333333333333333333333,previousPivotPoint: 388.1,IsUptrendPivot : False,  Resistance1: 395.46666666666666666666666666, Support1: 381.86666666666666666666666666,  Points Change :3.7554354987481881670839372800
2021-05-25 08:54:48.5101|INFO|ExAlgo.Core.Cache.QuoteRepositoryManager|HINDUNILVR Pivot Details , PivoPoint: 2341.7166666666666666666666667,previousPivotPoint: 2356.05,IsUptrendPivot : False,  Resistance1: 2355.7333333333333333333333334, Support1: 2323.4833333333333333333333334,  Points Change :1.4923126545532738415224169400
2021-05-25 08:54:48.9432|INFO|ExAlgo.Core.Cache.QuoteRepositoryManager|ICICIBANK Pivot Details , PivoPoint: 645.46666666666666666666666667,previousPivotPoint: 636.35,IsUptrendPivot : True,  Resistance1: 652.9333333333333333333333333, Support1: 637.5333333333333333333333333,  Points Change :2.421630094043887147335423200
2021-05-25 08:54:49.3753|INFO|ExAlgo.Core.Cache.QuoteRepositoryManager|INDUSINDBK Pivot Details , PivoPoint: 1007.3166666666666666666666667,previousPivotPoint: 1005.65,IsUptrendPivot : True,  Resistance1: 1017.2333333333333333333333334, Support1: 992.0833333333333333333333334,  Points Change :2.5776039315982147334637179700
2021-05-25 08:54:49.8252|INFO|ExAlgo.Core.Cache.QuoteRepositoryManager|INFY Pivot Details , PivoPoint: 1352.3166666666666666666666667,previousPivotPoint: 1353.3666666666666666666666667,IsUptrendPivot : False,  Resistance1: 1359.5333333333333333333333334, Support1: 1342.1333333333333333333333334,  Points Change :1.3307560776150472083859936100
2021-05-25 08:54:50.2676|INFO|ExAlgo.Core.Cache.QuoteRepositoryManager|IOC Pivot Details , PivoPoint: 108.1,previousPivotPoint: 104.98333333333333333333333333,IsUptrendPivot : True,  Resistance1: 111.2, Support1: 106.3,  Points Change :4.6666666666666666666666666700
2021-05-25 08:54:50.7066|INFO|ExAlgo.Core.Cache.QuoteRepositoryManager|ITC Pivot Details , PivoPoint: 210.41666666666666666666666667,previousPivotPoint: 208.76666666666666666666666667,IsUptrendPivot : True,  Resistance1: 213.03333333333333333333333334, Support1: 208.78333333333333333333333334,  Points Change :2.0697954271961492178098676300
2021-05-25 08:54:51.1333|INFO|ExAlgo.Core.Cache.QuoteRepositoryManager|JSWSTEEL Pivot Details , PivoPoint: 683.93333333333333333333333333,previousPivotPoint: 699.33333333333333333333333333,IsUptrendPivot : False,  Resistance1: 695.5666666666666666666666667, Support1: 670.8666666666666666666666667,  Points Change :3.7356749516297068016073820500
2021-05-25 08:54:51.5715|INFO|ExAlgo.Core.Cache.QuoteRepositoryManager|KOTAKBANK Pivot Details , PivoPoint: 1756.7,previousPivotPoint: 1746.1,IsUptrendPivot : True,  Resistance1: 1771.4, Support1: 1734.5,  Points Change :2.1182548794489092996555683100
2021-05-25 08:54:52.0159|INFO|ExAlgo.Core.Cache.QuoteRepositoryManager|LT Pivot Details , PivoPoint: 1437,previousPivotPoint: 1416.9666666666666666666666667,IsUptrendPivot : True,  Resistance1: 1464, Support1: 1416,  Points Change :3.4042553191489361702127659600
2021-05-25 08:54:52.9105|INFO|ExAlgo.Core.Cache.QuoteRepositoryManager|M&M Pivot Details , PivoPoint: 814.2833333333333333333333333,previousPivotPoint: 813.2833333333333333333333333,IsUptrendPivot : True,  Resistance1: 821.4166666666666666666666666, Support1: 804.5666666666666666666666666,  Points Change :2.1065675340768277571251548900
2021-05-25 08:54:53.3459|INFO|ExAlgo.Core.Cache.QuoteRepositoryManager|MARUTI Pivot Details , PivoPoint: 6882,previousPivotPoint: 6796.35,IsUptrendPivot : True,  Resistance1: 6962, Support1: 6799,  Points Change :2.3963540135254336959717730100
2021-05-25 08:54:53.7851|INFO|ExAlgo.Core.Cache.QuoteRepositoryManager|NESTLEIND Pivot Details , PivoPoint: 17436.266666666666666666666667,previousPivotPoint: 17425.083333333333333333333333,IsUptrendPivot : True,  Resistance1: 17571.783333333333333333333334, Support1: 17284.483333333333333333333334,  Points Change :1.6606216493504616851870583600
2021-05-25 08:54:54.2351|INFO|ExAlgo.Core.Cache.QuoteRepositoryManager|NTPC Pivot Details , PivoPoint: 112.88333333333333333333333333,previousPivotPoint: 112.46666666666666666666666667,IsUptrendPivot : True,  Resistance1: 113.66666666666666666666666666, Support1: 111.86666666666666666666666666,  Points Change :1.6956715751896474788041053100
2021-05-25 08:54:54.6683|INFO|ExAlgo.Core.Cache.QuoteRepositoryManager|ONGC Pivot Details , PivoPoint: 112.60,previousPivotPoint: 112.58333333333333333333333333,IsUptrendPivot : True,  Resistance1: 114.35, Support1: 111.25,  Points Change :2.7965719440685611186287776300
2021-05-25 08:54:55.1024|INFO|ExAlgo.Core.Cache.QuoteRepositoryManager|POWERGRID Pivot Details , PivoPoint: 231.31666666666666666666666667,previousPivotPoint: 227.73333333333333333333333333,IsUptrendPivot : True,  Resistance1: 234.08333333333333333333333334, Support1: 228.23333333333333333333333334,  Points Change :2.6269702276707530647985989500
2021-05-25 08:54:55.5341|INFO|ExAlgo.Core.Cache.QuoteRepositoryManager|RELIANCE Pivot Details , PivoPoint: 1992.1333333333333333333333333,previousPivotPoint: 1998.4,IsUptrendPivot : False,  Resistance1: 2002.2666666666666666666666666, Support1: 1974.7666666666666666666666666,  Points Change :1.4026236125126135216952573200
2021-05-25 08:54:55.9712|INFO|ExAlgo.Core.Cache.QuoteRepositoryManager|SBILIFE Pivot Details , PivoPoint: 964.8666666666666666666666667,previousPivotPoint: 969.7333333333333333333333333,IsUptrendPivot : False,  Resistance1: 969.0333333333333333333333334, Support1: 957.7833333333333333333333334,  Points Change :1.1762868890855150158746681900
2021-05-25 08:54:56.3984|INFO|ExAlgo.Core.Cache.QuoteRepositoryManager|SBIN Pivot Details , PivoPoint: 411.73333333333333333333333333,previousPivotPoint: 395.40,IsUptrendPivot : True,  Resistance1: 418.0666666666666666666666667, Support1: 404.4666666666666666666666667,  Points Change :3.429558351838144584258573900
2021-05-25 08:54:56.8377|INFO|ExAlgo.Core.Cache.QuoteRepositoryManager|SHREECEM Pivot Details , PivoPoint: 27097.333333333333333333333333,previousPivotPoint: 27710,IsUptrendPivot : False,  Resistance1: 27443.666666666666666666666666, Support1: 26583.666666666666666666666666,  Points Change :3.2148330903517625509326754100
2021-05-25 08:54:57.4945|INFO|ExAlgo.Core.Cache.QuoteRepositoryManager|SUNPHARMA Pivot Details , PivoPoint: 693.38333333333333333333333333,previousPivotPoint: 690.88333333333333333333333333,IsUptrendPivot : True,  Resistance1: 697.1666666666666666666666667, Support1: 688.3666666666666666666666667,  Points Change :1.2761020881670533642691415300
2021-05-25 08:54:57.9486|INFO|ExAlgo.Core.Cache.QuoteRepositoryManager|TATAMOTORS Pivot Details , PivoPoint: 312.56666666666666666666666667,previousPivotPoint: 312.53333333333333333333333333,IsUptrendPivot : True,  Resistance1: 314.93333333333333333333333334, Support1: 309.38333333333333333333333334,  Points Change :1.8052869116698903932946486100
2021-05-25 08:54:58.3736|INFO|ExAlgo.Core.Cache.QuoteRepositoryManager|TATASTEEL Pivot Details , PivoPoint: 1093.7833333333333333333333333,previousPivotPoint: 1113.95,IsUptrendPivot : False,  Resistance1: 1105.4166666666666666666666666, Support1: 1079.3666666666666666666666666,  Points Change :2.4812863875797061269753257600
2021-05-25 08:54:59.4488|INFO|ExAlgo.Core.Cache.QuoteRepositoryManager|TCS Pivot Details , PivoPoint: 3087.4833333333333333333333333,previousPivotPoint: 3074.4333333333333333333333333,IsUptrendPivot : True,  Resistance1: 3099.9166666666666666666666666, Support1: 3069.9666666666666666666666666,  Points Change :1.0742187500
2021-05-25 08:54:59.9010|INFO|ExAlgo.Core.Cache.QuoteRepositoryManager|TECHM Pivot Details , PivoPoint: 984.2333333333333333333333333,previousPivotPoint: 979.6333333333333333333333333,IsUptrendPivot : True,  Resistance1: 993.0666666666666666666666666, Support1: 974.4666666666666666666666666,  Points Change :1.9382627422828427853553481700
2021-05-25 08:55:00.6975|INFO|ExAlgo.Core.Cache.QuoteRepositoryManager|TITAN Pivot Details , PivoPoint: 1520.8166666666666666666666667,previousPivotPoint: 1541.55,IsUptrendPivot : False,  Resistance1: 1536.1833333333333333333333334, Support1: 1507.5833333333333333333333334,  Points Change :1.9628682453751370022252482600
2021-05-25 08:55:01.1477|INFO|ExAlgo.Core.Cache.QuoteRepositoryManager|ULTRACEMCO Pivot Details , PivoPoint: 6586.9833333333333333333333333,previousPivotPoint: 6635.3333333333333333333333333,IsUptrendPivot : False,  Resistance1: 6633.916666666666666666666667, Support1: 6504.066666666666666666666667,  Points Change :2.023684834213805704849351300
2021-05-25 08:55:01.5660|INFO|ExAlgo.Core.Cache.QuoteRepositoryManager|UPL Pivot Details , PivoPoint: 786.16666666666666666666666667,previousPivotPoint: 776.01666666666666666666666667,IsUptrendPivot : True,  Resistance1: 798.5833333333333333333333333, Support1: 778.4333333333333333333333333,  Points Change :2.6172935246219464908879410600
2021-05-25 08:55:01.9927|INFO|ExAlgo.Core.Cache.QuoteRepositoryManager|WIPRO Pivot Details , PivoPoint: 514.45,previousPivotPoint: 512.43333333333333333333333333,IsUptrendPivot : True,  Resistance1: 519.05, Support1: 510.40,  Points Change :1.7364858236044344157755322300
2021-05-25 08:55:03.9915|INFO|Topshelf.Hosts.ConsoleRunHost|The EzAlgoTrading.Standard service is now running, press Control+C to exit.
istoricalData scheduled at ..9:13
2021-05-25 08:55:03.9915|INFO|ExAlgo.Core.HostService|LoadCurrentData scheduled at ..9:30
2021-05-25 08:55:03.9915|INFO|ExAlgo.Core.HostService|RegisterAndProcessTicks scheduled at ..9:15
2021-05-25 08:55:03.9915|INFO|ExAlgo.Core.HostService|WriteConfirmation scheduled at ..15:30
2021-05-25 08:57:33.3366|INFO|Topshelf.HostFactory|Configuration Result:
[Success] Name EzAlgoTrading.Standard
[Success] DisplayName EzAlgoTrading.Standard 1.0.0.0
[Success] Description Datafactory to process rail reference data
[Success] ServiceName EzAlgoTrading.Standard
2021-05-25 08:57:33.3625|INFO|Topshelf.HostConfigurators.HostConfiguratorImpl|Topshelf v4.3.0.0, .NET Core 3.1.13 (3.1.13)
2021-05-25 08:57:33.4725|ERROR|Topshelf.Runtime.Windows.WindowsHostEnvironment|Unable to get parent process (ignored)
2021-05-25 08:57:33.4735|DEBUG|Topshelf.Builders.RunBuilder|Running as a console application, creating the console host.
2021-05-25 08:57:33.4817|DEBUG|Topshelf.Hosts.ConsoleRunHost|Starting up as a console application
2021-05-25 08:57:33.5132|INFO|Topshelf.Hosts.ConsoleRunHost|The EzAlgoTrading.Standard service is now running, press Control+C to exit.
2021-05-25 08:57:33.5132|INFO|ExAlgo.Core.HostService|Scheduler registered..
2021-05-25 08:57:33.5132|INFO|ExAlgo.Core.HostService|LoadHistoricalData scheduled at ..9:13
2021-05-25 08:57:33.5132|INFO|ExAlgo.Core.HostService|LoadCurrentData scheduled at ..9:30
2021-05-25 08:57:33.5132|INFO|ExAlgo.Core.HostService|RegisterAndProcessTicks scheduled at ..9:15
2021-05-25 08:57:33.5132|INFO|ExAlgo.Core.HostService|WriteConfirmation scheduled at ..15:30
2021-05-25 09:05:00.0270|INFO|ExAlgo.Core.Cache.QuoteRepositoryManager|Historical Data loaded at  5/25/2021 9:05:00 AM
2021-05-25 09:05:00.9271|INFO|ExAlgo.Core.Cache.QuoteRepositoryManager|ADANIPORTS Pivot Details , PivoPoint: 764.91666666666666666666666667,previousPivotPoint: 770.30,IsUptrendPivot : False,  Resistance1: 781.3333333333333333333333333, Support1: 749.9833333333333333333333333,  Points Change :4.4602196624698633806589874100
2021-05-25 09:05:01.4059|INFO|ExAlgo.Core.Cache.QuoteRepositoryManager|ASIANPAINT Pivot Details , PivoPoint: 2826,previousPivotPoint: 2826.65,IsUptrendPivot : False,  Resistance1: 2843, Support1: 2803,  Points Change :1.4528879709422405811551883800
2021-05-25 09:05:01.8798|INFO|ExAlgo.Core.Cache.QuoteRepositoryManager|AXISBANK Pivot Details , PivoPoint: 737.66666666666666666666666667,previousPivotPoint: 724.28333333333333333333333333,IsUptrendPivot : True,  Resistance1: 748.3833333333333333333333333, Support1: 727.9333333333333333333333333,  Points Change :2.8551771585827313381492948100
2021-05-25 09:05:02.3624|INFO|ExAlgo.Core.Cache.QuoteRepositoryManager|BAJAJ-AUTO Pivot Details , PivoPoint: 4149.2666666666666666666666667,previousPivotPoint: 4104.0333333333333333333333333,IsUptrendPivot : True,  Resistance1: 4190.283333333333333333333333, Support1: 4113.683333333333333333333333,  Points Change :1.8856210741588352729220431400
2021-05-25 09:05:02.8115|INFO|ExAlgo.Core.Cache.QuoteRepositoryManager|BAJAJFINSV Pivot Details , PivoPoint: 11203.416666666666666666666667,previousPivotPoint: 11291.083333333333333333333333,IsUptrendPivot : False,  Resistance1: 11311.583333333333333333333334, Support1: 11041.833333333333333333333334,  Points Change :2.4335286164939161784587652100
2021-05-25 09:05:03.2778|INFO|ExAlgo.Core.Cache.QuoteRepositoryManager|BAJFINANCE Pivot Details , PivoPoint: 5623.6666666666666666666666667,previousPivotPoint: 5639.2166666666666666666666667,IsUptrendPivot : False,  Resistance1: 5657.333333333333333333333333, Support1: 5559.333333333333333333333333,  Points Change :1.7531305903398926654740608200
2021-05-25 09:05:03.7273|INFO|ExAlgo.Core.Cache.QuoteRepositoryManager|BHARTIARTL Pivot Details , PivoPoint: 528.63333333333333333333333333,previousPivotPoint: 528.81666666666666666666666667,IsUptrendPivot : False,  Resistance1: 531.2666666666666666666666667, Support1: 524.2666666666666666666666667,  Points Change :1.3307984790874524714828897300
2021-05-25 09:05:04.1843|INFO|ExAlgo.Core.Cache.QuoteRepositoryManager|BPCL Pivot Details , PivoPoint: 469.66666666666666666666666667,previousPivotPoint: 462.78333333333333333333333333,IsUptrendPivot : True,  Resistance1: 478.6833333333333333333333333, Support1: 464.7833333333333333333333333,  Points Change :3.0286582718193660442900564500
2021-05-25 09:05:04.6251|INFO|ExAlgo.Core.Cache.QuoteRepositoryManager|BRITANNIA Pivot Details , PivoPoint: 3405.3166666666666666666666667,previousPivotPoint: 3436.8833333333333333333333333,IsUptrendPivot : False,  Resistance1: 3438.6833333333333333333333334, Support1: 3351.6333333333333333333333334,  Points Change :2.5983271044669870083644776700
2021-05-25 09:05:05.0804|INFO|ExAlgo.Core.Cache.QuoteRepositoryManager|CIPLA Pivot Details , PivoPoint: 935.0,previousPivotPoint: 927.7666666666666666666666667,IsUptrendPivot : True,  Resistance1: 943.5, Support1: 924.5,  Points Change :2.0892943907574367003185229200
2021-05-25 09:05:05.5383|INFO|ExAlgo.Core.Cache.QuoteRepositoryManager|COALINDIA Pivot Details , PivoPoint: 148.06666666666666666666666667,previousPivotPoint: 147.81666666666666666666666667,IsUptrendPivot : True,  Resistance1: 150.43333333333333333333333334, Support1: 146.58333333333333333333333334,  Points Change :2.8149673875729488499828355600
2021-05-25 09:05:05.9886|INFO|ExAlgo.Core.Cache.QuoteRepositoryManager|DIVISLAB Pivot Details , PivoPoint: 4111.9833333333333333333333333,previousPivotPoint: 4077.2666666666666666666666667,IsUptrendPivot : True,  Resistance1: 4148.916666666666666666666667, Support1: 4059.066666666666666666666667,  Points Change :2.275099144228762262575662700
2021-05-25 09:05:06.4304|INFO|ExAlgo.Core.Cache.QuoteRepositoryManager|DRREDDY Pivot Details , PivoPoint: 5262.0166666666666666666666667,previousPivotPoint: 5229.5166666666666666666666667,IsUptrendPivot : True,  Resistance1: 5297.183333333333333333333333, Support1: 5240.833333333333333333333333,  Points Change :1.3832819943750358734957047500
2021-05-25 09:05:06.8780|INFO|ExAlgo.Core.Cache.QuoteRepositoryManager|EICHERMOT Pivot Details , PivoPoint: 2554.9833333333333333333333333,previousPivotPoint: 2532.8333333333333333333333333,IsUptrendPivot : True,  Resistance1: 2583.3666666666666666666666666, Support1: 2530.9666666666666666666666666,  Points Change :2.0739333491648856170347502600
2021-05-25 09:05:07.3242|INFO|ExAlgo.Core.Cache.QuoteRepositoryManager|GAIL Pivot Details , PivoPoint: 150.10,previousPivotPoint: 147.21666666666666666666666667,IsUptrendPivot : True,  Resistance1: 154.30, Support1: 147.65,  Points Change :4.5921864290610006854009595600
2021-05-25 09:05:07.7854|INFO|ExAlgo.Core.Cache.QuoteRepositoryManager|GRASIM Pivot Details , PivoPoint: 1366.8666666666666666666666667,previousPivotPoint: 1374.00,IsUptrendPivot : False,  Resistance1: 1383.1333333333333333333333334, Support1: 1358.7333333333333333333333334,  Points Change :1.9102621057307863171923589500
2021-05-25 09:05:08.2484|INFO|ExAlgo.Core.Cache.QuoteRepositoryManager|HCLTECH Pivot Details , PivoPoint: 933.2333333333333333333333333,previousPivotPoint: 929.8333333333333333333333333,IsUptrendPivot : True,  Resistance1: 938.7666666666666666666666666, Support1: 927.4666666666666666666666666,  Points Change :1.2180661851891775358413280200
2021-05-25 09:05:09.0564|INFO|ExAlgo.Core.Cache.QuoteRepositoryManager|HDFC Pivot Details , PivoPoint: 2535.1333333333333333333333333,previousPivotPoint: 2502.05,IsUptrendPivot : True,  Resistance1: 2555.2666666666666666666666666, Support1: 2511.5666666666666666666666666,  Points Change :1.7415506958250497017892644100
2021-05-25 09:05:09.5046|INFO|ExAlgo.Core.Cache.QuoteRepositoryManager|HDFCBANK Pivot Details , PivoPoint: 1508.5,previousPivotPoint: 1482.0333333333333333333333333,IsUptrendPivot : True,  Resistance1: 1517.9, Support1: 1496.6,  Points Change :1.4647981314647981314647981300
2021-05-25 09:05:09.9534|INFO|ExAlgo.Core.Cache.QuoteRepositoryManager|HDFCLIFE Pivot Details , PivoPoint: 670.30,previousPivotPoint: 670.95,IsUptrendPivot : False,  Resistance1: 673.25, Support1: 667.30,  Points Change :0.8915861242226717614445193700
2021-05-25 09:05:10.4061|INFO|ExAlgo.Core.Cache.QuoteRepositoryManager|HEROMOTOCO Pivot Details , PivoPoint: 2920.5833333333333333333333333,previousPivotPoint: 2871.6666666666666666666666667,IsUptrendPivot : True,  Resistance1: 2949.1166666666666666666666666, Support1: 2878.9666666666666666666666666,  Points Change :2.4792531120331950207468879700
2021-05-25 09:05:10.8558|INFO|ExAlgo.Core.Cache.QuoteRepositoryManager|HINDALCO Pivot Details , PivoPoint: 387.63333333333333333333333333,previousPivotPoint: 388.1,IsUptrendPivot : False,  Resistance1: 395.46666666666666666666666666, Support1: 381.86666666666666666666666666,  Points Change :3.7554354987481881670839372800
2021-05-25 09:05:11.3288|INFO|ExAlgo.Core.Cache.QuoteRepositoryManager|HINDUNILVR Pivot Details , PivoPoint: 2341.7166666666666666666666667,previousPivotPoint: 2356.05,IsUptrendPivot : False,  Resistance1: 2355.7333333333333333333333334, Support1: 2323.4833333333333333333333334,  Points Change :1.4923126545532738415224169400
2021-05-25 09:05:11.7737|INFO|ExAlgo.Core.Cache.QuoteRepositoryManager|ICICIBANK Pivot Details , PivoPoint: 645.46666666666666666666666667,previousPivotPoint: 636.35,IsUptrendPivot : True,  Resistance1: 652.9333333333333333333333333, Support1: 637.5333333333333333333333333,  Points Change :2.421630094043887147335423200
2021-05-25 09:05:12.2247|INFO|ExAlgo.Core.Cache.QuoteRepositoryManager|INDUSINDBK Pivot Details , PivoPoint: 1007.3166666666666666666666667,previousPivotPoint: 1005.65,IsUptrendPivot : True,  Resistance1: 1017.2333333333333333333333334, Support1: 992.0833333333333333333333334,  Points Change :2.5776039315982147334637179700
2021-05-25 09:05:12.6821|INFO|ExAlgo.Core.Cache.QuoteRepositoryManager|INFY Pivot Details , PivoPoint: 1352.3166666666666666666666667,previousPivotPoint: 1353.3666666666666666666666667,IsUptrendPivot : False,  Resistance1: 1359.5333333333333333333333334, Support1: 1342.1333333333333333333333334,  Points Change :1.3307560776150472083859936100
2021-05-25 09:05:13.1263|INFO|ExAlgo.Core.Cache.QuoteRepositoryManager|IOC Pivot Details , PivoPoint: 108.1,previousPivotPoint: 104.98333333333333333333333333,IsUptrendPivot : True,  Resistance1: 111.2, Support1: 106.3,  Points Change :4.6666666666666666666666666700
2021-05-25 09:05:13.5813|INFO|ExAlgo.Core.Cache.QuoteRepositoryManager|ITC Pivot Details , PivoPoint: 210.41666666666666666666666667,previousPivotPoint: 208.76666666666666666666666667,IsUptrendPivot : True,  Resistance1: 213.03333333333333333333333334, Support1: 208.78333333333333333333333334,  Points Change :2.0697954271961492178098676300
2021-05-25 09:05:14.0272|INFO|ExAlgo.Core.Cache.QuoteRepositoryManager|JSWSTEEL Pivot Details , PivoPoint: 683.93333333333333333333333333,previousPivotPoint: 699.33333333333333333333333333,IsUptrendPivot : False,  Resistance1: 695.5666666666666666666666667, Support1: 670.8666666666666666666666667,  Points Change :3.7356749516297068016073820500
2021-05-25 09:05:14.4870|INFO|ExAlgo.Core.Cache.QuoteRepositoryManager|KOTAKBANK Pivot Details , PivoPoint: 1756.7,previousPivotPoint: 1746.1,IsUptrendPivot : True,  Resistance1: 1771.4, Support1: 1734.5,  Points Change :2.1182548794489092996555683100
2021-05-25 09:05:14.9274|INFO|ExAlgo.Core.Cache.QuoteRepositoryManager|LT Pivot Details , PivoPoint: 1437,previousPivotPoint: 1416.9666666666666666666666667,IsUptrendPivot : True,  Resistance1: 1464, Support1: 1416,  Points Change :3.4042553191489361702127659600
2021-05-25 09:05:16.7122|INFO|ExAlgo.Core.Cache.QuoteRepositoryManager|M&M Pivot Details , PivoPoint: 814.2833333333333333333333333,previousPivotPoint: 813.2833333333333333333333333,IsUptrendPivot : True,  Resistance1: 821.4166666666666666666666666, Support1: 804.5666666666666666666666666,  Points Change :2.1065675340768277571251548900
2021-05-25 09:05:17.2430|INFO|ExAlgo.Core.Cache.QuoteRepositoryManager|MARUTI Pivot Details , PivoPoint: 6882,previousPivotPoint: 6796.35,IsUptrendPivot : True,  Resistance1: 6962, Support1: 6799,  Points Change :2.3963540135254336959717730100
2021-05-25 09:05:17.6842|INFO|ExAlgo.Core.Cache.QuoteRepositoryManager|NESTLEIND Pivot Details , PivoPoint: 17436.266666666666666666666667,previousPivotPoint: 17425.083333333333333333333333,IsUptrendPivot : True,  Resistance1: 17571.783333333333333333333334, Support1: 17284.483333333333333333333334,  Points Change :1.6606216493504616851870583600
2021-05-25 09:05:18.1330|INFO|ExAlgo.Core.Cache.QuoteRepositoryManager|NTPC Pivot Details , PivoPoint: 112.88333333333333333333333333,previousPivotPoint: 112.46666666666666666666666667,IsUptrendPivot : True,  Resistance1: 113.66666666666666666666666666, Support1: 111.86666666666666666666666666,  Points Change :1.6956715751896474788041053100
2021-05-25 09:05:18.5760|INFO|ExAlgo.Core.Cache.QuoteRepositoryManager|ONGC Pivot Details , PivoPoint: 112.60,previousPivotPoint: 112.58333333333333333333333333,IsUptrendPivot : True,  Resistance1: 114.35, Support1: 111.25,  Points Change :2.7965719440685611186287776300
2021-05-25 09:05:19.0236|INFO|ExAlgo.Core.Cache.QuoteRepositoryManager|POWERGRID Pivot Details , PivoPoint: 231.31666666666666666666666667,previousPivotPoint: 227.73333333333333333333333333,IsUptrendPivot : True,  Resistance1: 234.08333333333333333333333334, Support1: 228.23333333333333333333333334,  Points Change :2.6269702276707530647985989500
2021-05-25 09:05:19.4815|INFO|ExAlgo.Core.Cache.QuoteRepositoryManager|RELIANCE Pivot Details , PivoPoint: 1992.1333333333333333333333333,previousPivotPoint: 1998.4,IsUptrendPivot : False,  Resistance1: 2002.2666666666666666666666666, Support1: 1974.7666666666666666666666666,  Points Change :1.4026236125126135216952573200
2021-05-25 09:05:19.9396|INFO|ExAlgo.Core.Cache.QuoteRepositoryManager|SBILIFE Pivot Details , PivoPoint: 964.8666666666666666666666667,previousPivotPoint: 969.7333333333333333333333333,IsUptrendPivot : False,  Resistance1: 969.0333333333333333333333334, Support1: 957.7833333333333333333333334,  Points Change :1.1762868890855150158746681900
2021-05-25 09:05:20.4079|INFO|ExAlgo.Core.Cache.QuoteRepositoryManager|SBIN Pivot Details , PivoPoint: 411.73333333333333333333333333,previousPivotPoint: 395.40,IsUptrendPivot : True,  Resistance1: 418.0666666666666666666666667, Support1: 404.4666666666666666666666667,  Points Change :3.429558351838144584258573900
2021-05-25 09:05:20.8567|INFO|ExAlgo.Core.Cache.QuoteRepositoryManager|SHREECEM Pivot Details , PivoPoint: 27097.333333333333333333333333,previousPivotPoint: 27710,IsUptrendPivot : False,  Resistance1: 27443.666666666666666666666666, Support1: 26583.666666666666666666666666,  Points Change :3.2148330903517625509326754100
2021-05-25 09:05:21.3091|INFO|ExAlgo.Core.Cache.QuoteRepositoryManager|SUNPHARMA Pivot Details , PivoPoint: 693.38333333333333333333333333,previousPivotPoint: 690.88333333333333333333333333,IsUptrendPivot : True,  Resistance1: 697.1666666666666666666666667, Support1: 688.3666666666666666666666667,  Points Change :1.2761020881670533642691415300
2021-05-25 09:05:21.7486|INFO|ExAlgo.Core.Cache.QuoteRepositoryManager|TATAMOTORS Pivot Details , PivoPoint: 312.56666666666666666666666667,previousPivotPoint: 312.53333333333333333333333333,IsUptrendPivot : True,  Resistance1: 314.93333333333333333333333334, Support1: 309.38333333333333333333333334,  Points Change :1.8052869116698903932946486100
2021-05-25 09:05:22.2068|INFO|ExAlgo.Core.Cache.QuoteRepositoryManager|TATASTEEL Pivot Details , PivoPoint: 1093.7833333333333333333333333,previousPivotPoint: 1113.95,IsUptrendPivot : False,  Resistance1: 1105.4166666666666666666666666, Support1: 1079.3666666666666666666666666,  Points Change :2.4812863875797061269753257600
2021-05-25 09:05:22.6642|INFO|ExAlgo.Core.Cache.QuoteRepositoryManager|TCS Pivot Details , PivoPoint: 3087.4833333333333333333333333,previousPivotPoint: 3074.4333333333333333333333333,IsUptrendPivot : True,  Resistance1: 3099.9166666666666666666666666, Support1: 3069.9666666666666666666666666,  Points Change :1.0742187500
2021-05-25 09:05:23.1118|INFO|ExAlgo.Core.Cache.QuoteRepositoryManager|TECHM Pivot Details , PivoPoint: 984.2333333333333333333333333,previousPivotPoint: 979.6333333333333333333333333,IsUptrendPivot : True,  Resistance1: 993.0666666666666666666666666, Support1: 974.4666666666666666666666666,  Points Change :1.9382627422828427853553481700
2021-05-25 09:05:23.5740|INFO|ExAlgo.Core.Cache.QuoteRepositoryManager|TITAN Pivot Details , PivoPoint: 1520.8166666666666666666666667,previousPivotPoint: 1541.55,IsUptrendPivot : False,  Resistance1: 1536.1833333333333333333333334, Support1: 1507.5833333333333333333333334,  Points Change :1.9628682453751370022252482600
2021-05-25 09:05:24.0191|INFO|ExAlgo.Core.Cache.QuoteRepositoryManager|ULTRACEMCO Pivot Details , PivoPoint: 6586.9833333333333333333333333,previousPivotPoint: 6635.3333333333333333333333333,IsUptrendPivot : False,  Resistance1: 6633.916666666666666666666667, Support1: 6504.066666666666666666666667,  Points Change :2.023684834213805704849351300
2021-05-25 09:05:24.4647|INFO|ExAlgo.Core.Cache.QuoteRepositoryManager|UPL Pivot Details , PivoPoint: 786.16666666666666666666666667,previousPivotPoint: 776.01666666666666666666666667,IsUptrendPivot : True,  Resistance1: 798.5833333333333333333333333, Support1: 778.4333333333333333333333333,  Points Change :2.6172935246219464908879410600
2021-05-25 09:05:24.9091|INFO|ExAlgo.Core.Cache.QuoteRepositoryManager|WIPRO Pivot Details , PivoPoint: 514.45,previousPivotPoint: 512.43333333333333333333333333,IsUptrendPivot : True,  Resistance1: 519.05, Support1: 510.40,  Points Change :1.7364858236044344157755322300
2021-05-25 09:15:00.8308|INFO|ExAlgo.Core.Order.OrderProcessor|Recieved order for {"BrokerageAndTxn":250.0,"Instrument":"TECHM","BuyPrice":990.8,"Target":992.8000000000001,"StopLoss":982.85,"OrderTime":"2021-05-25T09:15:00.689529+05:30","SellTime":"0001-01-01T00:00:00","ExchangeTime":"2021-05-25T09:15:00.685261+05:30","Result":"NA","GrossProfit":0.0,"InstrumentToken":3465729,"OrderType":"Long","Qty":504,"ConnorsRsi":0.0,"Ema200":0.0,"NetProfit":-250.0,"OrderStrategy":"ITIndexGap","RevicedStopLoss":{},"PullDownTime":"2021-05-25T09:15:00","OrderId":null,"TrailingORderId":null,"ZerodaTradeOrderType":1,"OrderVariety":0}
2021-05-25 09:15:00.8308|INFO|ExAlgo.Core.Order.OrderProcessor|Recieved order for {"BrokerageAndTxn":250.0,"Instrument":"CIPLA","BuyPrice":937.05,"Target":938.9000000000001,"StopLoss":929.5500000000001,"OrderTime":"2021-05-25T09:15:00.831222+05:30","SellTime":"0001-01-01T00:00:00","ExchangeTime":"2021-05-25T09:15:00.831208+05:30","Result":"NA","GrossProfit":0.0,"InstrumentToken":177665,"OrderType":"Long","Qty":533,"ConnorsRsi":0.0,"Ema200":0.0,"NetProfit":-250.0,"OrderStrategy":"IPharmaIndexGap","RevicedStopLoss":{},"PullDownTime":"2021-05-25T09:15:00","OrderId":null,"TrailingORderId":null,"ZerodaTradeOrderType":1,"OrderVariety":0}
2021-05-25 09:15:01.3049|INFO|ExAlgo.Core.Order.OrderProcessor|Order executed for CIPLA - {"BrokerageAndTxn":250.0,"Instrument":"CIPLA","BuyPrice":937.05,"Target":938.9000000000001,"StopLoss":929.5500000000001,"OrderTime":"2021-05-25T09:15:00.831222+05:30","SellTime":"2021-05-25T09:15:01.304377+05:30","ExchangeTime":"2021-05-25T09:15:00.831208+05:30","Result":"Profit","GrossProfit":986.0500000001048,"InstrumentToken":177665,"OrderType":"Long","Qty":533,"ConnorsRsi":0.0,"Ema200":0.0,"NetProfit":736.0500000001048,"OrderStrategy":"IPharmaIndexGap","RevicedStopLoss":{},"PullDownTime":"2021-05-25T09:15:00","OrderId":null,"TrailingORderId":null,"ZerodaTradeOrderType":1,"OrderVariety":0}
2021-05-25 09:15:01.8996|INFO|ExAlgo.Core.Order.OrderProcessor|Recieved order for {"BrokerageAndTxn":250.0,"Instrument":"COALINDIA","BuyPrice":149.8,"Target":150.1,"StopLoss":148.6,"OrderTime":"2021-05-25T09:15:01.898565+05:30","SellTime":"0001-01-01T00:00:00","ExchangeTime":"2021-05-25T09:15:01.898545+05:30","Result":"NA","GrossProfit":0.0,"InstrumentToken":5215745,"OrderType":"Long","Qty":3337,"ConnorsRsi":0.0,"Ema200":0.0,"NetProfit":-250.0,"OrderStrategy":"IMetalIndexGap","RevicedStopLoss":{},"PullDownTime":"2021-05-25T09:15:00","OrderId":null,"TrailingORderId":null,"ZerodaTradeOrderType":1,"OrderVariety":0}
2021-05-25 09:15:11.5128|INFO|ExAlgo.Core.Order.OrderProcessor|Order executed for TECHM - {"BrokerageAndTxn":250.0,"Instrument":"TECHM","BuyPrice":990.8,"Target":992.8000000000001,"StopLoss":982.85,"OrderTime":"2021-05-25T09:15:00.689529+05:30","SellTime":"2021-05-25T09:15:11.511928+05:30","ExchangeTime":"2021-05-25T09:15:00.685261+05:30","Result":"Profit","GrossProfit":1008.0000000000582,"InstrumentToken":3465729,"OrderType":"Long","Qty":504,"ConnorsRsi":0.0,"Ema200":0.0,"NetProfit":758.0000000000582,"OrderStrategy":"ITIndexGap","RevicedStopLoss":{},"PullDownTime":"2021-05-25T09:15:00","OrderId":null,"TrailingORderId":null,"ZerodaTradeOrderType":1,"OrderVariety":0}
2021-05-25 09:16:39.6677|INFO|ExAlgo.Core.Order.OrderProcessor|Order executed for COALINDIA - {"BrokerageAndTxn":250.0,"Instrument":"COALINDIA","BuyPrice":149.8,"Target":150.1,"StopLoss":148.6,"OrderTime":"2021-05-25T09:15:01.898565+05:30","SellTime":"2021-05-25T09:16:39.66692+05:30","ExchangeTime":"2021-05-25T09:15:01.898545+05:30","Result":"Loss","GrossProfit":-4004.4000000000815,"InstrumentToken":5215745,"OrderType":"Long","Qty":3337,"ConnorsRsi":0.0,"Ema200":0.0,"NetProfit":-4254.4000000000815,"OrderStrategy":"IMetalIndexGap","RevicedStopLoss":{},"PullDownTime":"2021-05-25T09:15:00","OrderId":null,"TrailingORderId":null,"ZerodaTradeOrderType":1,"OrderVariety":0}
2021-05-25 09:30:03.0145|INFO|ExAlgo.Core.Cache.QuoteRepositoryManager|Current Data Load started  at  5/25/2021 9:30:03 AM
2021-05-25 09:30:03.2965|INFO|ExAlgo.Core.Cache.QuoteRepositoryManager|Current Data Load Closed  at  5/25/2021 9:30:03 AM
2021-05-25 09:33:36.1033|INFO|ExAlgo.Core.Order.OrderProcessor|Recieved order for {"BrokerageAndTxn":250.0,"Instrument":"JSWSTEEL","BuyPrice":696.9,"Target":695.85,"StopLoss":703.85,"OrderTime":"2021-05-25T09:33:36.102011+05:30","SellTime":"0001-01-01T00:00:00","ExchangeTime":"2021-05-25T09:33:36.098225+05:30","Result":"NA","GrossProfit":0.0,"InstrumentToken":3001089,"OrderType":"Short","Qty":717,"ConnorsRsi":90.33094425506783727835006865,"Ema200":703.93782900435136291362316557,"NetProfit":-250.0,"OrderStrategy":"ConnorsRsiAndEma200","RevicedStopLoss":{},"PullDownTime":"2021-05-25T09:30:00","OrderId":null,"TrailingORderId":null,"ZerodaTradeOrderType":2,"OrderVariety":0}
2021-05-25 09:38:18.0980|INFO|ExAlgo.Core.Order.OrderProcessor|Order executed for JSWSTEEL - {"BrokerageAndTxn":250.0,"Instrument":"JSWSTEEL","BuyPrice":696.9,"Target":695.85,"StopLoss":703.85,"OrderTime":"2021-05-25T09:33:36.102011+05:30","SellTime":"2021-05-25T09:38:18.09764+05:30","ExchangeTime":"2021-05-25T09:33:36.098225+05:30","Result":"Loss","GrossProfit":-4983.150000000023,"InstrumentToken":3001089,"OrderType":"Short","Qty":717,"ConnorsRsi":90.33094425506783727835006865,"Ema200":703.93782900435136291362316557,"NetProfit":-5233.150000000023,"OrderStrategy":"ConnorsRsiAndEma200","RevicedStopLoss":{},"PullDownTime":"2021-05-25T09:30:00","OrderId":null,"TrailingORderId":null,"ZerodaTradeOrderType":2,"OrderVariety":0}
2021-05-25 09:42:12.0706|INFO|ExAlgo.Core.Order.OrderProcessor|Recieved order for {"BrokerageAndTxn":250.0,"Instrument":"HDFCBANK","BuyPrice":1489.85,"Target":1492.1000000000001,"StopLoss":1474.95,"OrderTime":"2021-05-25T09:42:12.070425+05:30","SellTime":"0001-01-01T00:00:00","ExchangeTime":"2021-05-25T09:42:12.06831+05:30","Result":"NA","GrossProfit":0.0,"InstrumentToken":341249,"OrderType":"Long","Qty":335,"ConnorsRsi":9.81631032492312713545456743,"Ema200":1459.3474269740153701287147019,"NetProfit":-250.0,"OrderStrategy":"ConnorsRsiAndEma200","RevicedStopLoss":{},"PullDownTime":"2021-05-25T09:30:00","OrderId":null,"TrailingORderId":null,"ZerodaTradeOrderType":2,"OrderVariety":0}
2021-05-25 09:43:03.1458|INFO|ExAlgo.Core.Order.OrderProcessor|Order executed for HDFCBANK - {"BrokerageAndTxn":250.0,"Instrument":"HDFCBANK","BuyPrice":1489.85,"Target":1492.1000000000001,"StopLoss":1474.95,"OrderTime":"2021-05-25T09:42:12.070425+05:30","SellTime":"2021-05-25T09:43:03.145509+05:30","ExchangeTime":"2021-05-25T09:42:12.06831+05:30","Result":"Profit","GrossProfit":753.7500000001164,"InstrumentToken":341249,"OrderType":"Long","Qty":335,"ConnorsRsi":9.81631032492312713545456743,"Ema200":1459.3474269740153701287147019,"NetProfit":503.7500000001164,"OrderStrategy":"ConnorsRsiAndEma200","RevicedStopLoss":{},"PullDownTime":"2021-05-25T09:30:00","OrderId":null,"TrailingORderId":null,"ZerodaTradeOrderType":2,"OrderVariety":0}
2021-05-25 09:45:03.0119|INFO|ExAlgo.Core.Cache.QuoteRepositoryManager|Current Data Load started  at  5/25/2021 9:45:03 AM
2021-05-25 09:45:03.1102|INFO|ExAlgo.Core.Cache.QuoteRepositoryManager|Current Data Load Closed  at  5/25/2021 9:45:03 AM
2021-05-25 09:58:06.7643|INFO|ExAlgo.Core.Order.OrderProcessor|Recieved order for {"BrokerageAndTxn":250.0,"Instrument":"HDFCBANK","BuyPrice":1488.1,"Target":1490.3500000000001,"StopLoss":1473.2,"OrderTime":"2021-05-25T09:58:06.762233+05:30","SellTime":"0001-01-01T00:00:00","ExchangeTime":"2021-05-25T09:58:06.759129+05:30","Result":"NA","GrossProfit":0.0,"InstrumentToken":341249,"OrderType":"Long","Qty":335,"ConnorsRsi":9.841616709422455541876020077,"Ema200":1459.6689587060710406156226415,"NetProfit":-250.0,"OrderStrategy":"ConnorsRsiAndEma200","RevicedStopLoss":{},"PullDownTime":"2021-05-25T09:45:00","OrderId":null,"TrailingORderId":null,"ZerodaTradeOrderType":2,"OrderVariety":0}
2021-05-25 09:59:18.1216|INFO|ExAlgo.Core.Order.OrderProcessor|Order executed for HDFCBANK - {"BrokerageAndTxn":250.0,"Instrument":"HDFCBANK","BuyPrice":1488.1,"Target":1490.3500000000001,"StopLoss":1473.2,"OrderTime":"2021-05-25T09:58:06.762233+05:30","SellTime":"2021-05-25T09:59:18.120409+05:30","ExchangeTime":"2021-05-25T09:58:06.759129+05:30","Result":"Profit","GrossProfit":753.7500000001164,"InstrumentToken":341249,"OrderType":"Long","Qty":335,"ConnorsRsi":9.841616709422455541876020077,"Ema200":1459.6689587060710406156226415,"NetProfit":503.7500000001164,"OrderStrategy":"ConnorsRsiAndEma200","RevicedStopLoss":{},"PullDownTime":"2021-05-25T09:45:00","OrderId":null,"TrailingORderId":null,"ZerodaTradeOrderType":2,"OrderVariety":0}
2021-05-25 10:00:00.1522|INFO|ExAlgo.Core.Order.OrderProcessor|Recieved order for {"BrokerageAndTxn":250.0,"Instrument":"TCS","BuyPrice":3108.9,"Target":3115.1000000000004,"StopLoss":3077.8,"OrderTime":"2021-05-25T10:00:00.150628+05:30","SellTime":"0001-01-01T00:00:00","ExchangeTime":"2021-05-25T10:00:00.148673+05:30","Result":"NA","GrossProfit":0.0,"InstrumentToken":2953217,"OrderType":"Long","Qty":160,"ConnorsRsi":0.0,"Ema200":0.0,"NetProfit":-250.0,"OrderStrategy":"BullishAndBearisEngulfing","RevicedStopLoss":{},"PullDownTime":"2021-05-25T10:00:00","OrderId":null,"TrailingORderId":null,"ZerodaTradeOrderType":2,"OrderVariety":0}
2021-05-25 10:00:00.8044|INFO|ExAlgo.Core.Order.OrderProcessor|Recieved order for {"BrokerageAndTxn":250.0,"Instrument":"GRASIM","BuyPrice":1363.55,"Target":1360.8000000000002,"StopLoss":1377.2,"OrderTime":"2021-05-25T10:00:00.804349+05:30","SellTime":"0001-01-01T00:00:00","ExchangeTime":"2021-05-25T10:00:00.802451+05:30","Result":"NA","GrossProfit":0.0,"InstrumentToken":315393,"OrderType":"Short","Qty":366,"ConnorsRsi":0.0,"Ema200":0.0,"NetProfit":-250.0,"OrderStrategy":"BullishAndBearisEngulfing","RevicedStopLoss":{},"PullDownTime":"2021-05-25T10:00:00","OrderId":null,"TrailingORderId":null,"ZerodaTradeOrderType":2,"OrderVariety":0}
2021-05-25 10:00:09.1683|INFO|ExAlgo.Core.Cache.QuoteRepositoryManager|Current Data Load started  at  5/25/2021 10:00:09 AM
2021-05-25 10:00:09.2768|INFO|ExAlgo.Core.Cache.QuoteRepositoryManager|Current Data Load Closed  at  5/25/2021 10:00:09 AM
2021-05-25 10:08:06.7215|INFO|ExAlgo.Core.Order.OrderProcessor|Order executed for GRASIM - {"BrokerageAndTxn":250.0,"Instrument":"GRASIM","BuyPrice":1363.55,"Target":1360.8000000000002,"StopLoss":1377.2,"OrderTime":"2021-05-25T10:00:00.804349+05:30","SellTime":"2021-05-25T10:08:06.717395+05:30","ExchangeTime":"2021-05-25T10:00:00.802451+05:30","Result":"Profit","GrossProfit":1006.4999999999418,"InstrumentToken":315393,"OrderType":"Short","Qty":366,"ConnorsRsi":0.0,"Ema200":0.0,"NetProfit":756.4999999999418,"OrderStrategy":"BullishAndBearisEngulfing","RevicedStopLoss":{},"PullDownTime":"2021-05-25T10:00:00","OrderId":null,"TrailingORderId":null,"ZerodaTradeOrderType":2,"OrderVariety":0}
2021-05-25 10:15:00.0955|INFO|ExAlgo.Core.Order.OrderProcessor|Recieved order for {"BrokerageAndTxn":250.0,"Instrument":"ONGC","BuyPrice":115.55,"Target":115.80000000000001,"StopLoss":114.4,"OrderTime":"2021-05-25T10:15:00.095375+05:30","SellTime":"0001-01-01T00:00:00","ExchangeTime":"2021-05-25T10:15:00.093318+05:30","Result":"NA","GrossProfit":0.0,"InstrumentToken":633601,"OrderType":"Long","Qty":4327,"ConnorsRsi":0.0,"Ema200":0.0,"NetProfit":-250.0,"OrderStrategy":"BullishAndBearisEngulfing","RevicedStopLoss":{},"PullDownTime":"2021-05-25T10:15:00","OrderId":null,"TrailingORderId":null,"ZerodaTradeOrderType":2,"OrderVariety":0}
2021-05-25 10:15:03.0395|INFO|ExAlgo.Core.Cache.QuoteRepositoryManager|Current Data Load started  at  5/25/2021 10:15:03 AM
2021-05-25 10:15:03.1224|INFO|ExAlgo.Core.Cache.QuoteRepositoryManager|Current Data Load Closed  at  5/25/2021 10:15:03 AM
2021-05-25 10:17:39.1364|INFO|ExAlgo.Core.Order.OrderProcessor|Order executed for ONGC - {"BrokerageAndTxn":250.0,"Instrument":"ONGC","BuyPrice":115.55,"Target":115.80000000000001,"StopLoss":114.4,"OrderTime":"2021-05-25T10:15:00.095375+05:30","SellTime":"2021-05-25T10:17:39.13627+05:30","ExchangeTime":"2021-05-25T10:15:00.093318+05:30","Result":"Profit","GrossProfit":1081.7500000000582,"InstrumentToken":633601,"OrderType":"Long","Qty":4327,"ConnorsRsi":0.0,"Ema200":0.0,"NetProfit":831.7500000000582,"OrderStrategy":"BullishAndBearisEngulfing","RevicedStopLoss":{},"PullDownTime":"2021-05-25T10:15:00","OrderId":null,"TrailingORderId":null,"ZerodaTradeOrderType":2,"OrderVariety":0}
2021-05-25 10:18:46.8904|INFO|ExAlgo.Core.Order.OrderProcessor|Recieved order for {"BrokerageAndTxn":250.0,"Instrument":"HDFCBANK","BuyPrice":1485.55,"Target":1487.8000000000002,"StopLoss":1470.7,"OrderTime":"2021-05-25T10:18:46.888591+05:30","SellTime":"0001-01-01T00:00:00","ExchangeTime":"2021-05-25T10:18:46.886161+05:30","Result":"NA","GrossProfit":0.0,"InstrumentToken":341249,"OrderType":"Long","Qty":336,"ConnorsRsi":9.552454814267320399169530197,"Ema200":1460.2491465003712522137303497,"NetProfit":-250.0,"OrderStrategy":"ConnorsRsiAndEma200","RevicedStopLoss":{},"PullDownTime":"2021-05-25T10:15:00","OrderId":null,"TrailingORderId":null,"ZerodaTradeOrderType":2,"OrderVariety":0}
2021-05-25 10:21:16.9748|INFO|ExAlgo.Core.Order.OrderProcessor|Recieved order for {"BrokerageAndTxn":250.0,"Instrument":"INDUSINDBK","BuyPrice":998.25,"Target":999.75,"StopLoss":988.25,"OrderTime":"2021-05-25T10:21:16.974633+05:30","SellTime":"0001-01-01T00:00:00","ExchangeTime":"2021-05-25T10:21:16.972424+05:30","Result":"NA","GrossProfit":0.0,"InstrumentToken":1346049,"OrderType":"Long","Qty":500,"ConnorsRsi":9.878640154329601586084036717,"Ema200":974.6818693670732457451261952,"NetProfit":-250.0,"OrderStrategy":"ConnorsRsiAndEma200","RevicedStopLoss":{},"PullDownTime":"2021-05-25T10:15:00","OrderId":null,"TrailingORderId":null,"ZerodaTradeOrderType":2,"OrderVariety":0}
2021-05-25 10:22:44.5781|INFO|ExAlgo.Core.Order.OrderProcessor|Recieved order for {"BrokerageAndTxn":250.0,"Instrument":"AXISBANK","BuyPrice":734.45,"Target":735.5500000000001,"StopLoss":727.1,"OrderTime":"2021-05-25T10:22:44.578057+05:30","SellTime":"0001-01-01T00:00:00","ExchangeTime":"2021-05-25T10:22:44.576454+05:30","Result":"NA","GrossProfit":0.0,"InstrumentToken":1510401,"OrderType":"Long","Qty":680,"ConnorsRsi":9.982655135424698069452757613,"Ema200":717.87078831611018239429414387,"NetProfit":-250.0,"OrderStrategy":"ConnorsRsiAndEma200","RevicedStopLoss":{},"PullDownTime":"2021-05-25T10:15:00","OrderId":null,"TrailingORderId":null,"ZerodaTradeOrderType":2,"OrderVariety":0}
2021-05-25 10:24:55.3144|INFO|ExAlgo.Core.Order.OrderProcessor|Order executed for TCS - {"BrokerageAndTxn":250.0,"Instrument":"TCS","BuyPrice":3108.9,"Target":3115.1000000000004,"StopLoss":3077.8,"OrderTime":"2021-05-25T10:00:00.150628+05:30","SellTime":"2021-05-25T10:24:55.313921+05:30","ExchangeTime":"2021-05-25T10:00:00.148673+05:30","Result":"Profit","GrossProfit":992.0000000000582,"InstrumentToken":2953217,"OrderType":"Long","Qty":160,"ConnorsRsi":0.0,"Ema200":0.0,"NetProfit":742.0000000000582,"OrderStrategy":"BullishAndBearisEngulfing","RevicedStopLoss":{},"PullDownTime":"2021-05-25T10:00:00","OrderId":null,"TrailingORderId":null,"ZerodaTradeOrderType":2,"OrderVariety":0}
2021-05-25 10:25:14.5438|INFO|ExAlgo.Core.Order.OrderProcessor|Order executed for INDUSINDBK - {"BrokerageAndTxn":250.0,"Instrument":"INDUSINDBK","BuyPrice":998.25,"Target":999.75,"StopLoss":988.25,"OrderTime":"2021-05-25T10:21:16.974633+05:30","SellTime":"2021-05-25T10:25:14.543807+05:30","ExchangeTime":"2021-05-25T10:21:16.972424+05:30","Result":"Profit","GrossProfit":750.0,"InstrumentToken":1346049,"OrderType":"Long","Qty":500,"ConnorsRsi":9.878640154329601586084036717,"Ema200":974.6818693670732457451261952,"NetProfit":500.0,"OrderStrategy":"ConnorsRsiAndEma200","RevicedStopLoss":{},"PullDownTime":"2021-05-25T10:15:00","OrderId":null,"TrailingORderId":null,"ZerodaTradeOrderType":2,"OrderVariety":0}
2021-05-25 10:29:54.1207|INFO|ExAlgo.Core.Order.OrderProcessor|Order executed for HDFCBANK - {"BrokerageAndTxn":250.0,"Instrument":"HDFCBANK","BuyPrice":1485.55,"Target":1487.8000000000002,"StopLoss":1470.7,"OrderTime":"2021-05-25T10:18:46.888591+05:30","SellTime":"2021-05-25T10:29:54.12061+05:30","ExchangeTime":"2021-05-25T10:18:46.886161+05:30","Result":"Profit","GrossProfit":756.0000000000582,"InstrumentToken":341249,"OrderType":"Long","Qty":336,"ConnorsRsi":9.552454814267320399169530197,"Ema200":1460.2491465003712522137303497,"NetProfit":506.0000000000582,"OrderStrategy":"ConnorsRsiAndEma200","RevicedStopLoss":{},"PullDownTime":"2021-05-25T10:15:00","OrderId":null,"TrailingORderId":null,"ZerodaTradeOrderType":2,"OrderVariety":0}
2021-05-25 10:30:06.7434|INFO|ExAlgo.Core.Cache.QuoteRepositoryManager|Current Data Load started  at  5/25/2021 10:30:06 AM
2021-05-25 10:30:06.8515|INFO|ExAlgo.Core.Cache.QuoteRepositoryManager|Current Data Load Closed  at  5/25/2021 10:30:06 AM
2021-05-25 10:30:09.7159|INFO|ExAlgo.Core.Order.OrderProcessor|Order executed for AXISBANK - {"BrokerageAndTxn":250.0,"Instrument":"AXISBANK","BuyPrice":734.45,"Target":735.5500000000001,"StopLoss":727.1,"OrderTime":"2021-05-25T10:22:44.578057+05:30","SellTime":"2021-05-25T10:30:09.715903+05:30","ExchangeTime":"2021-05-25T10:22:44.576454+05:30","Result":"Profit","GrossProfit":748.0,"InstrumentToken":1510401,"OrderType":"Long","Qty":680,"ConnorsRsi":9.982655135424698069452757613,"Ema200":717.87078831611018239429414387,"NetProfit":498.0,"OrderStrategy":"ConnorsRsiAndEma200","RevicedStopLoss":{},"PullDownTime":"2021-05-25T10:15:00","OrderId":null,"TrailingORderId":null,"ZerodaTradeOrderType":2,"OrderVariety":0}
2021-05-25 10:45:03.0602|INFO|ExAlgo.Core.Cache.QuoteRepositoryManager|Current Data Load started  at  5/25/2021 10:45:03 AM
2021-05-25 10:45:03.1460|INFO|ExAlgo.Core.Cache.QuoteRepositoryManager|Current Data Load Closed  at  5/25/2021 10:45:03 AM
2021-05-25 11:00:05.5969|INFO|ExAlgo.Core.Cache.QuoteRepositoryManager|Current Data Load started  at  5/25/2021 11:00:05 AM
2021-05-25 11:00:05.7039|INFO|ExAlgo.Core.Cache.QuoteRepositoryManager|Current Data Load Closed  at  5/25/2021 11:00:05 AM
2021-05-25 11:15:03.0783|INFO|ExAlgo.Core.Cache.QuoteRepositoryManager|Current Data Load started  at  5/25/2021 11:15:03 AM
2021-05-25 11:15:03.3095|INFO|ExAlgo.Core.Cache.QuoteRepositoryManager|Current Data Load Closed  at  5/25/2021 11:15:03 AM
2021-05-25 11:30:22.5530|INFO|ExAlgo.Core.Cache.QuoteRepositoryManager|Current Data Load started  at  5/25/2021 11:30:22 AM
2021-05-25 11:30:22.6762|INFO|ExAlgo.Core.Cache.QuoteRepositoryManager|Current Data Load Closed  at  5/25/2021 11:30:22 AM
2021-05-25 11:45:03.1028|INFO|ExAlgo.Core.Cache.QuoteRepositoryManager|Current Data Load started  at  5/25/2021 11:45:03 AM
2021-05-25 11:45:03.3015|INFO|ExAlgo.Core.Cache.QuoteRepositoryManager|Current Data Load Closed  at  5/25/2021 11:45:03 AM
2021-05-25 12:00:26.1354|INFO|ExAlgo.Core.Cache.QuoteRepositoryManager|Current Data Load started  at  5/25/2021 12:00:26 PM
2021-05-25 12:00:26.2478|INFO|ExAlgo.Core.Cache.QuoteRepositoryManager|Current Data Load Closed  at  5/25/2021 12:00:26 PM
2021-05-25 12:15:03.1806|INFO|ExAlgo.Core.Cache.QuoteRepositoryManager|Current Data Load started  at  5/25/2021 12:15:03 PM
2021-05-25 12:15:03.2642|INFO|ExAlgo.Core.Cache.QuoteRepositoryManager|Current Data Load Closed  at  5/25/2021 12:15:03 PM
