2021-05-07 08:58:41.4889|INFO|Topshelf.HostFactory|Configuration Result:
[Success] Name EzAlgoTrading.Standard
[Success] DisplayName EzAlgoTrading.Standard 1.0.0.0
[Success] Description Datafactory to process rail reference data
[Success] ServiceName EzAlgoTrading.Standard
2021-05-07 08:58:41.5250|INFO|Topshelf.HostConfigurators.HostConfiguratorImpl|Topshelf v4.3.0.0, .NET Core 3.1.13 (3.1.13)
2021-05-07 08:58:41.7960|ERROR|Topshelf.Runtime.Windows.WindowsHostEnvironment|Unable to get parent process (ignored)
2021-05-07 08:58:41.7970|DEBUG|Topshelf.Builders.RunBuilder|Running as a console application, creating the console host.
2021-05-07 08:58:41.8279|DEBUG|Topshelf.Hosts.ConsoleRunHost|Starting up as a console application
2021-05-07 08:58:41.8993|INFO|ExAlgo.Core.Cache.QuoteRepositoryManager|Historical Data loaded at  5/7/2021 8:58:41 AM
2021-05-07 08:58:42.8237|INFO|ExAlgo.Core.Cache.QuoteRepositoryManager|ADANI PORT & SEZ Pivot Details , PivoPoint: 743.23333333333333333333333333,previousPivotPoint: 749.38333333333333333333333333,IsUptrendPivot : False,  Resistance1: 750.8666666666666666666666667, Support1: 732.7666666666666666666666667,  Points Change :2.4605764002175095160413268100
2021-05-07 08:58:43.1057|INFO|ExAlgo.Core.Cache.QuoteRepositoryManager|ASIAN PAINTS Pivot Details , PivoPoint: 2554.4166666666666666666666667,previousPivotPoint: 2577.1166666666666666666666667,IsUptrendPivot : False,  Resistance1: 2580.8333333333333333333333334, Support1: 2527.0833333333333333333333334,  Points Change :2.1301424050632911392405063300
2021-05-07 08:58:43.3646|INFO|ExAlgo.Core.Cache.QuoteRepositoryManager|AXIS BANK Pivot Details , PivoPoint: 716.45,previousPivotPoint: 712.56666666666666666666666667,IsUptrendPivot : True,  Resistance1: 722.50, Support1: 710.30,  Points Change :1.7740232312565997888067581800
2021-05-07 08:58:43.6196|INFO|ExAlgo.Core.Cache.QuoteRepositoryManager|BAJAJ AUTO Pivot Details , PivoPoint: 3922.3333333333333333333333333,previousPivotPoint: 3828.5666666666666666666666667,IsUptrendPivot : True,  Resistance1: 3992.6666666666666666666666666, Support1: 3874.6666666666666666666666666,  Points Change :3.0633437175493250259605399800
2021-05-07 08:58:43.8881|INFO|ExAlgo.Core.Cache.QuoteRepositoryManager|BAJAJ FINSERV. Pivot Details , PivoPoint: 11058.033333333333333333333333,previousPivotPoint: 11065.066666666666666666666667,IsUptrendPivot : False,  Resistance1: 11126.066666666666666666666666, Support1: 10921.966666666666666666666666,  Points Change :1.8571428571428571428571428600
2021-05-07 08:58:44.2066|INFO|ExAlgo.Core.Cache.QuoteRepositoryManager|BAJAJ FINANCE Pivot Details , PivoPoint: 5541.45,previousPivotPoint: 5557.75,IsUptrendPivot : False,  Resistance1: 5609.55, Support1: 5463.00,  Points Change :2.6775192523774288141631724600
2021-05-07 08:58:44.4726|INFO|ExAlgo.Core.Cache.QuoteRepositoryManager|BHARTI AIRTEL Pivot Details , PivoPoint: 558.43333333333333333333333333,previousPivotPoint: 559.63333333333333333333333333,IsUptrendPivot : False,  Resistance1: 564.2666666666666666666666667, Support1: 552.4666666666666666666666667,  Points Change :2.135360115816141874773796600
2021-05-07 08:58:44.7549|INFO|ExAlgo.Core.Cache.QuoteRepositoryManager|BHARAT PETROLEUM CORP  LT Pivot Details , PivoPoint: 431.15,previousPivotPoint: 425.76666666666666666666666667,IsUptrendPivot : True,  Resistance1: 438.15, Support1: 427.30,  Points Change :2.5580572910526936225391960400
2021-05-07 08:58:45.0051|INFO|ExAlgo.Core.Cache.QuoteRepositoryManager|BRITANNIA INDUSTRIES Pivot Details , PivoPoint: 3461.0666666666666666666666667,previousPivotPoint: 3447.8,IsUptrendPivot : True,  Resistance1: 3482.4333333333333333333333334, Support1: 3430.6333333333333333333333334,  Points Change :1.5059452859260982062389161800
2021-05-07 08:58:45.4823|INFO|ExAlgo.Core.Cache.QuoteRepositoryManager|CIPLA Pivot Details , PivoPoint: 894.3833333333333333333333333,previousPivotPoint: 886.8,IsUptrendPivot : True,  Resistance1: 907.7666666666666666666666666, Support1: 872.1166666666666666666666666,  Points Change :4.0640254285389942104665682800
2021-05-07 08:58:45.7403|INFO|ExAlgo.Core.Cache.QuoteRepositoryManager|COAL INDIA Pivot Details , PivoPoint: 134.50,previousPivotPoint: 133.5,IsUptrendPivot : True,  Resistance1: 135.25, Support1: 133.60,  Points Change :1.2710280373831775700934579400
2021-05-07 08:58:45.9882|INFO|ExAlgo.Core.Cache.QuoteRepositoryManager|DIVI'S LABORATORIES Pivot Details , PivoPoint: 4052.2333333333333333333333333,previousPivotPoint: 4026.5666666666666666666666667,IsUptrendPivot : True,  Resistance1: 4086.466666666666666666666667, Support1: 4020.066666666666666666666667,  Points Change :1.652563464410154305624688900
2021-05-07 08:58:46.2451|INFO|ExAlgo.Core.Cache.QuoteRepositoryManager|DR. REDDY'S LABORATORIES Pivot Details , PivoPoint: 5186.25,previousPivotPoint: 5147.0,IsUptrendPivot : True,  Resistance1: 5242.50, Support1: 5120.75,  Points Change :2.3781676413255360623781676400
2021-05-07 08:58:46.4994|INFO|ExAlgo.Core.Cache.QuoteRepositoryManager|EICHER MOTORS Pivot Details , PivoPoint: 2419.85,previousPivotPoint: 2372.9666666666666666666666667,IsUptrendPivot : True,  Resistance1: 2462.70, Support1: 2392.15,  Points Change :2.9848548590660496424063946200
2021-05-07 08:58:46.7559|INFO|ExAlgo.Core.Cache.QuoteRepositoryManager|GAIL (INDIA) Pivot Details , PivoPoint: 149.56666666666666666666666667,previousPivotPoint: 145.9,IsUptrendPivot : True,  Resistance1: 153.53333333333333333333333334, Support1: 147.33333333333333333333333334,  Points Change :4.2925824175824175824175824200
2021-05-07 08:58:46.9992|INFO|ExAlgo.Core.Cache.QuoteRepositoryManager|GRASIM INDUSTRIES Pivot Details , PivoPoint: 1438.95,previousPivotPoint: 1426.3166666666666666666666667,IsUptrendPivot : True,  Resistance1: 1458.95, Support1: 1427.90,  Points Change :2.2494887525562372188139059300
2021-05-07 08:58:47.2680|INFO|ExAlgo.Core.Cache.QuoteRepositoryManager|HCL TECHNOLOGIES Pivot Details , PivoPoint: 913.7166666666666666666666667,previousPivotPoint: 907.2666666666666666666666667,IsUptrendPivot : True,  Resistance1: 926.1833333333333333333333334, Support1: 903.5333333333333333333333334,  Points Change :2.5131761442441054091539528400
2021-05-07 08:58:47.5283|INFO|ExAlgo.Core.Cache.QuoteRepositoryManager|HDFC Pivot Details , PivoPoint: 2415,previousPivotPoint: 2380.6333333333333333333333333,IsUptrendPivot : True,  Resistance1: 2448, Support1: 2395,  Points Change :2.2250209907640638119227539900
2021-05-07 08:58:47.8118|INFO|ExAlgo.Core.Cache.QuoteRepositoryManager|HDFC BANK Pivot Details , PivoPoint: 1403.0833333333333333333333333,previousPivotPoint: 1399.0833333333333333333333333,IsUptrendPivot : True,  Resistance1: 1411.0666666666666666666666666, Support1: 1395.4166666666666666666666666,  Points Change :1.1326164874551971326164874600
2021-05-07 08:58:48.0970|INFO|ExAlgo.Core.Cache.QuoteRepositoryManager|HDFC LIFE INS CO Pivot Details , PivoPoint: 673.55,previousPivotPoint: 672.25,IsUptrendPivot : True,  Resistance1: 678.10, Support1: 667.20,  Points Change :1.6292974588938714499252615800
2021-05-07 08:58:48.3651|INFO|ExAlgo.Core.Cache.QuoteRepositoryManager|HERO MOTOCORP Pivot Details , PivoPoint: 2881.4333333333333333333333333,previousPivotPoint: 2788,IsUptrendPivot : True,  Resistance1: 2958.6666666666666666666666666, Support1: 2840.9666666666666666666666666,  Points Change :4.2770729618328783255714362200
2021-05-07 08:58:48.6282|INFO|ExAlgo.Core.Cache.QuoteRepositoryManager|HINDALCO  INDUSTRIES  Pivot Details , PivoPoint: 381.63333333333333333333333333,previousPivotPoint: 368.76666666666666666666666667,IsUptrendPivot : True,  Resistance1: 394.86666666666666666666666666, Support1: 374.71666666666666666666666666,  Points Change :5.6552474170744970092441544300
2021-05-07 08:58:48.9193|INFO|ExAlgo.Core.Cache.QuoteRepositoryManager|HINDUSTAN UNILEVER. Pivot Details , PivoPoint: 2395.80,previousPivotPoint: 2397.8666666666666666666666667,IsUptrendPivot : False,  Resistance1: 2414.45, Support1: 2375.05,  Points Change :1.6617235649229086472728802500
2021-05-07 08:58:49.1779|INFO|ExAlgo.Core.Cache.QuoteRepositoryManager|ICICI BANK. Pivot Details , PivoPoint: 606.55,previousPivotPoint: 597.90,IsUptrendPivot : True,  Resistance1: 613.75, Support1: 602.75,  Points Change :1.9357530246141009595327492700
2021-05-07 08:58:49.4693|INFO|ExAlgo.Core.Cache.QuoteRepositoryManager|INDUSIND BANK Pivot Details , PivoPoint: 928.0166666666666666666666667,previousPivotPoint: 925.75,IsUptrendPivot : True,  Resistance1: 935.9833333333333333333333334, Support1: 917.8833333333333333333333334,  Points Change :2.0271739130434782608695652200
2021-05-07 08:58:49.7469|INFO|ExAlgo.Core.Cache.QuoteRepositoryManager|INFOSYS Pivot Details , PivoPoint: 1353.7166666666666666666666667,previousPivotPoint: 1338.1666666666666666666666667,IsUptrendPivot : True,  Resistance1: 1370.0333333333333333333333334, Support1: 1342.7833333333333333333333334,  Points Change :2.0412741139524450426200089700
2021-05-07 08:58:49.9949|INFO|ExAlgo.Core.Cache.QuoteRepositoryManager|INDIAN OIL CORP Pivot Details , PivoPoint: 92.63333333333333333333333333,previousPivotPoint: 92.53333333333333333333333333,IsUptrendPivot : True,  Resistance1: 93.26666666666666666666666666, Support1: 92.11666666666666666666666666,  Points Change :1.2500
2021-05-07 08:58:50.2508|INFO|ExAlgo.Core.Cache.QuoteRepositoryManager|ITC Pivot Details , PivoPoint: 203.76666666666666666666666667,previousPivotPoint: 201.16666666666666666666666667,IsUptrendPivot : True,  Resistance1: 205.23333333333333333333333334, Support1: 201.58333333333333333333333334,  Points Change :1.9049975259772389905987135100
2021-05-07 08:58:50.4987|INFO|ExAlgo.Core.Cache.QuoteRepositoryManager|JSW STEEL Pivot Details , PivoPoint: 730.36666666666666666666666667,previousPivotPoint: 721.53333333333333333333333333,IsUptrendPivot : True,  Resistance1: 742.6833333333333333333333333, Support1: 718.7333333333333333333333333,  Points Change :3.342618384401114206128133700
2021-05-07 08:58:50.7498|INFO|ExAlgo.Core.Cache.QuoteRepositoryManager|KOTAK MAHINDRA BANK Pivot Details , PivoPoint: 1783.1333333333333333333333333,previousPivotPoint: 1758.2333333333333333333333333,IsUptrendPivot : True,  Resistance1: 1802.8666666666666666666666666, Support1: 1773.2666666666666666666666666,  Points Change :1.7298094373865698729582577100
2021-05-07 08:58:51.0015|INFO|ExAlgo.Core.Cache.QuoteRepositoryManager|LARSEN & TOUBRO. Pivot Details , PivoPoint: 1343.7666666666666666666666667,previousPivotPoint: 1335.8666666666666666666666667,IsUptrendPivot : True,  Resistance1: 1351.7333333333333333333333334, Support1: 1331.0333333333333333333333334,  Points Change :1.5571776155717761557177615600
2021-05-07 08:58:51.2527|INFO|ExAlgo.Core.Cache.QuoteRepositoryManager|MAHINDRA & MAHINDRA Pivot Details , PivoPoint: 751.85,previousPivotPoint: 744.85,IsUptrendPivot : True,  Resistance1: 757.55, Support1: 744.30,  Points Change :1.7891844803323728472827179500
2021-05-07 08:58:51.5090|INFO|ExAlgo.Core.Cache.QuoteRepositoryManager|MARUTI SUZUKI INDIA. Pivot Details , PivoPoint: 6647.1166666666666666666666667,previousPivotPoint: 6557.3333333333333333333333333,IsUptrendPivot : True,  Resistance1: 6718.433333333333333333333333, Support1: 6585.683333333333333333333333,  Points Change :2.0271606064753562358380096400
2021-05-07 08:58:51.7646|INFO|ExAlgo.Core.Cache.QuoteRepositoryManager|NESTLE INDIA Pivot Details , PivoPoint: 16683.95,previousPivotPoint: 16541.016666666666666666666667,IsUptrendPivot : True,  Resistance1: 16842.85, Support1: 16598.10,  Points Change :1.4810847773531698845086701700
2021-05-07 08:58:52.0231|INFO|ExAlgo.Core.Cache.QuoteRepositoryManager|NTPC Pivot Details , PivoPoint: 103.56666666666666666666666667,previousPivotPoint: 104.08333333333333333333333333,IsUptrendPivot : False,  Resistance1: 104.48333333333333333333333334, Support1: 102.18333333333333333333333334,  Points Change :2.3867510959571358986848514400
2021-05-07 08:58:52.2782|INFO|ExAlgo.Core.Cache.QuoteRepositoryManager|OIL AND NATURAL GAS CORP. Pivot Details , PivoPoint: 110.86666666666666666666666667,previousPivotPoint: 111.93333333333333333333333333,IsUptrendPivot : False,  Resistance1: 112.23333333333333333333333334, Support1: 108.88333333333333333333333334,  Points Change :3.1064412973960712654179990900
2021-05-07 08:58:52.5445|INFO|ExAlgo.Core.Cache.QuoteRepositoryManager|POWER GRID CORP.. Pivot Details , PivoPoint: 216.33333333333333333333333333,previousPivotPoint: 218.55,IsUptrendPivot : False,  Resistance1: 219.06666666666666666666666666, Support1: 213.26666666666666666666666666,  Points Change :2.7153558052434456928838951300
2021-05-07 08:58:52.8083|INFO|ExAlgo.Core.Cache.QuoteRepositoryManager|RELIANCE INDUSTRIES Pivot Details , PivoPoint: 1924.3166666666666666666666667,previousPivotPoint: 1922.5833333333333333333333333,IsUptrendPivot : True,  Resistance1: 1941.8833333333333333333333334, Support1: 1914.4333333333333333333333334,  Points Change :1.4895625721179062204972201800
2021-05-07 08:58:53.0517|INFO|ExAlgo.Core.Cache.QuoteRepositoryManager|SBI LIFE INSURANCE CO Pivot Details , PivoPoint: 970.50,previousPivotPoint: 984.9166666666666666666666667,IsUptrendPivot : False,  Resistance1: 979.80, Support1: 957.85,  Points Change :2.3148148148148148148148148100
2021-05-07 08:58:53.2872|INFO|ExAlgo.Core.Cache.QuoteRepositoryManager|STATE BANK OF INDIA Pivot Details , PivoPoint: 355.25,previousPivotPoint: 353.96666666666666666666666667,IsUptrendPivot : True,  Resistance1: 359.95, Support1: 351.15,  Points Change :2.5103408928826130366566823600
2021-05-07 08:58:53.5492|INFO|ExAlgo.Core.Cache.QuoteRepositoryManager|SHREE CEMENT Pivot Details , PivoPoint: 27733.866666666666666666666667,previousPivotPoint: 27879.083333333333333333333333,IsUptrendPivot : False,  Resistance1: 27967.733333333333333333333334, Support1: 27537.733333333333333333333334,  Points Change :1.6227272727272727272727272700
2021-05-07 08:58:53.7864|INFO|ExAlgo.Core.Cache.QuoteRepositoryManager|SUN PHARMACEUTICAL IND L Pivot Details , PivoPoint: 682.58333333333333333333333333,previousPivotPoint: 671.06666666666666666666666667,IsUptrendPivot : True,  Resistance1: 691.8166666666666666666666667, Support1: 668.4666666666666666666666667,  Points Change :3.4677359471300215341204425600
2021-05-07 08:58:54.0272|INFO|ExAlgo.Core.Cache.QuoteRepositoryManager|TATA MOTORS Pivot Details , PivoPoint: 297.85,previousPivotPoint: 291.63333333333333333333333333,IsUptrendPivot : True,  Resistance1: 305.20, Support1: 293.70,  Points Change :4.0303134688253530830175680300
2021-05-07 08:58:54.2767|INFO|ExAlgo.Core.Cache.QuoteRepositoryManager|TATA STEEL Pivot Details , PivoPoint: 1092.0,previousPivotPoint: 1068.6666666666666666666666667,IsUptrendPivot : True,  Resistance1: 1139.2, Support1: 1055.3,  Points Change :8.297362110311750599520383690
2021-05-07 08:58:54.5305|INFO|ExAlgo.Core.Cache.QuoteRepositoryManager|TATA CONSULTANCY SERV LT Pivot Details , PivoPoint: 3107.9166666666666666666666667,previousPivotPoint: 3082.8333333333333333333333333,IsUptrendPivot : True,  Resistance1: 3141.7833333333333333333333334, Support1: 3082.0333333333333333333333334,  Points Change :1.9518542615484710474951203600
2021-05-07 08:58:54.7971|INFO|ExAlgo.Core.Cache.QuoteRepositoryManager|TECH MAHINDRA Pivot Details , PivoPoint: 972.6166666666666666666666667,previousPivotPoint: 961.6666666666666666666666667,IsUptrendPivot : True,  Resistance1: 987.3833333333333333333333334, Support1: 960.5333333333333333333333334,  Points Change :2.8031528945033147152476901400
2021-05-07 08:58:55.0621|INFO|ExAlgo.Core.Cache.QuoteRepositoryManager|TITAN COMPANY Pivot Details , PivoPoint: 1440.15,previousPivotPoint: 1421.70,IsUptrendPivot : True,  Resistance1: 1449.30, Support1: 1431.85,  Points Change :1.2194269741439552760307477300
2021-05-07 08:58:55.3156|INFO|ExAlgo.Core.Cache.QuoteRepositoryManager|ULTRATECH CEMENT Pivot Details , PivoPoint: 6383.6666666666666666666666667,previousPivotPoint: 6358.1333333333333333333333333,IsUptrendPivot : True,  Resistance1: 6453.333333333333333333333333, Support1: 6337.533333333333333333333333,  Points Change :1.8356034209692746278112131800
2021-05-07 08:58:55.5886|INFO|ExAlgo.Core.Cache.QuoteRepositoryManager|UPL Pivot Details , PivoPoint: 633.15,previousPivotPoint: 633.6,IsUptrendPivot : False,  Resistance1: 639.35, Support1: 625.30,  Points Change :2.2899545200670230591239128700
2021-05-07 08:58:55.8707|INFO|ExAlgo.Core.Cache.QuoteRepositoryManager|WIPRO Pivot Details , PivoPoint: 504.81666666666666666666666667,previousPivotPoint: 490.48333333333333333333333333,IsUptrendPivot : True,  Resistance1: 522.0333333333333333333333333, Support1: 494.8333333333333333333333333,  Points Change :5.6541816316059517701385325800
2021-05-07 08:58:55.8760|INFO|Topshelf.Hosts.ConsoleRunHost|The EzAlgoTrading.Standard service is now running, press Control+C to exit.
istoricalData scheduled at ..9:13
2021-05-07 08:58:55.8760|INFO|ExAlgo.Core.HostService|LoadCurrentData scheduled at ..9:30
2021-05-07 08:58:55.8760|INFO|ExAlgo.Core.HostService|RegisterAndProcessTicks scheduled at ..9:15
2021-05-07 08:58:55.8760|INFO|ExAlgo.Core.HostService|WriteConfirmation scheduled at ..15:30
2021-05-07 09:10:07.8807|INFO|Topshelf.HostFactory|Configuration Result:
[Success] Name EzAlgoTrading.Standard
[Success] DisplayName EzAlgoTrading.Standard 1.0.0.0
[Success] Description Datafactory to process rail reference data
[Success] ServiceName EzAlgoTrading.Standard
2021-05-07 09:10:07.9053|INFO|Topshelf.HostConfigurators.HostConfiguratorImpl|Topshelf v4.3.0.0, .NET Core 3.1.13 (3.1.13)
2021-05-07 09:10:08.0322|ERROR|Topshelf.Runtime.Windows.WindowsHostEnvironment|Unable to get parent process (ignored)
2021-05-07 09:10:08.0331|DEBUG|Topshelf.Builders.RunBuilder|Running as a console application, creating the console host.
2021-05-07 09:10:08.0654|DEBUG|Topshelf.Hosts.ConsoleRunHost|Starting up as a console application
2021-05-07 09:10:08.1021|INFO|Topshelf.Hosts.ConsoleRunHost|The EzAlgoTrading.Standard service is now running, press Control+C to exit.
2021-05-07 09:10:08.1021|INFO|ExAlgo.Core.HostService|Scheduler registered..
2021-05-07 09:10:08.1021|INFO|ExAlgo.Core.HostService|LoadHistoricalData scheduled at ..9:13
2021-05-07 09:10:08.1021|INFO|ExAlgo.Core.HostService|LoadCurrentData scheduled at ..9:30
2021-05-07 09:10:08.1021|INFO|ExAlgo.Core.HostService|RegisterAndProcessTicks scheduled at ..9:15
2021-05-07 09:10:08.1021|INFO|ExAlgo.Core.HostService|WriteConfirmation scheduled at ..15:30
2021-05-07 09:11:00.0283|INFO|ExAlgo.Core.Cache.QuoteRepositoryManager|Historical Data loaded at  5/7/2021 9:11:00 AM
2021-05-07 09:11:01.3398|INFO|ExAlgo.Core.Cache.QuoteRepositoryManager|ADANI PORT & SEZ Pivot Details , PivoPoint: 743.23333333333333333333333333,previousPivotPoint: 749.38333333333333333333333333,IsUptrendPivot : False,  Resistance1: 750.8666666666666666666666667, Support1: 732.7666666666666666666666667,  Points Change :2.4605764002175095160413268100
2021-05-07 09:11:02.1738|INFO|ExAlgo.Core.Cache.QuoteRepositoryManager|ASIAN PAINTS Pivot Details , PivoPoint: 2554.4166666666666666666666667,previousPivotPoint: 2577.1166666666666666666666667,IsUptrendPivot : False,  Resistance1: 2580.8333333333333333333333334, Support1: 2527.0833333333333333333333334,  Points Change :2.1301424050632911392405063300
2021-05-07 09:11:02.4677|INFO|ExAlgo.Core.Cache.QuoteRepositoryManager|AXIS BANK Pivot Details , PivoPoint: 716.45,previousPivotPoint: 712.56666666666666666666666667,IsUptrendPivot : True,  Resistance1: 722.50, Support1: 710.30,  Points Change :1.7740232312565997888067581800
2021-05-07 09:11:02.7604|INFO|ExAlgo.Core.Cache.QuoteRepositoryManager|BAJAJ AUTO Pivot Details , PivoPoint: 3922.3333333333333333333333333,previousPivotPoint: 3828.5666666666666666666666667,IsUptrendPivot : True,  Resistance1: 3992.6666666666666666666666666, Support1: 3874.6666666666666666666666666,  Points Change :3.0633437175493250259605399800
2021-05-07 09:11:03.0402|INFO|ExAlgo.Core.Cache.QuoteRepositoryManager|BAJAJ FINSERV. Pivot Details , PivoPoint: 11058.033333333333333333333333,previousPivotPoint: 11065.066666666666666666666667,IsUptrendPivot : False,  Resistance1: 11126.066666666666666666666666, Support1: 10921.966666666666666666666666,  Points Change :1.8571428571428571428571428600
2021-05-07 09:11:03.2945|INFO|ExAlgo.Core.Cache.QuoteRepositoryManager|BAJAJ FINANCE Pivot Details , PivoPoint: 5541.45,previousPivotPoint: 5557.75,IsUptrendPivot : False,  Resistance1: 5609.55, Support1: 5463.00,  Points Change :2.6775192523774288141631724600
2021-05-07 09:11:03.5610|INFO|ExAlgo.Core.Cache.QuoteRepositoryManager|BHARTI AIRTEL Pivot Details , PivoPoint: 558.43333333333333333333333333,previousPivotPoint: 559.63333333333333333333333333,IsUptrendPivot : False,  Resistance1: 564.2666666666666666666666667, Support1: 552.4666666666666666666666667,  Points Change :2.135360115816141874773796600
2021-05-07 09:11:03.8467|INFO|ExAlgo.Core.Cache.QuoteRepositoryManager|BHARAT PETROLEUM CORP  LT Pivot Details , PivoPoint: 431.15,previousPivotPoint: 425.76666666666666666666666667,IsUptrendPivot : True,  Resistance1: 438.15, Support1: 427.30,  Points Change :2.5580572910526936225391960400
2021-05-07 09:11:04.1301|INFO|ExAlgo.Core.Cache.QuoteRepositoryManager|BRITANNIA INDUSTRIES Pivot Details , PivoPoint: 3461.0666666666666666666666667,previousPivotPoint: 3447.8,IsUptrendPivot : True,  Resistance1: 3482.4333333333333333333333334, Support1: 3430.6333333333333333333333334,  Points Change :1.5059452859260982062389161800
2021-05-07 09:11:04.4092|INFO|ExAlgo.Core.Cache.QuoteRepositoryManager|CIPLA Pivot Details , PivoPoint: 894.3833333333333333333333333,previousPivotPoint: 886.8,IsUptrendPivot : True,  Resistance1: 907.7666666666666666666666666, Support1: 872.1166666666666666666666666,  Points Change :4.0640254285389942104665682800
2021-05-07 09:11:04.6729|INFO|ExAlgo.Core.Cache.QuoteRepositoryManager|COAL INDIA Pivot Details , PivoPoint: 134.50,previousPivotPoint: 133.5,IsUptrendPivot : True,  Resistance1: 135.25, Support1: 133.60,  Points Change :1.2710280373831775700934579400
2021-05-07 09:11:04.9679|INFO|ExAlgo.Core.Cache.QuoteRepositoryManager|DIVI'S LABORATORIES Pivot Details , PivoPoint: 4052.2333333333333333333333333,previousPivotPoint: 4026.5666666666666666666666667,IsUptrendPivot : True,  Resistance1: 4086.466666666666666666666667, Support1: 4020.066666666666666666666667,  Points Change :1.652563464410154305624688900
2021-05-07 09:11:05.2459|INFO|ExAlgo.Core.Cache.QuoteRepositoryManager|DR. REDDY'S LABORATORIES Pivot Details , PivoPoint: 5186.25,previousPivotPoint: 5147.0,IsUptrendPivot : True,  Resistance1: 5242.50, Support1: 5120.75,  Points Change :2.3781676413255360623781676400
2021-05-07 09:11:05.5350|INFO|ExAlgo.Core.Cache.QuoteRepositoryManager|EICHER MOTORS Pivot Details , PivoPoint: 2419.85,previousPivotPoint: 2372.9666666666666666666666667,IsUptrendPivot : True,  Resistance1: 2462.70, Support1: 2392.15,  Points Change :2.9848548590660496424063946200
2021-05-07 09:11:05.8061|INFO|ExAlgo.Core.Cache.QuoteRepositoryManager|GAIL (INDIA) Pivot Details , PivoPoint: 149.56666666666666666666666667,previousPivotPoint: 145.9,IsUptrendPivot : True,  Resistance1: 153.53333333333333333333333334, Support1: 147.33333333333333333333333334,  Points Change :4.2925824175824175824175824200
2021-05-07 09:11:06.1033|INFO|ExAlgo.Core.Cache.QuoteRepositoryManager|GRASIM INDUSTRIES Pivot Details , PivoPoint: 1438.95,previousPivotPoint: 1426.3166666666666666666666667,IsUptrendPivot : True,  Resistance1: 1458.95, Support1: 1427.90,  Points Change :2.2494887525562372188139059300
2021-05-07 09:11:06.3757|INFO|ExAlgo.Core.Cache.QuoteRepositoryManager|HCL TECHNOLOGIES Pivot Details , PivoPoint: 913.7166666666666666666666667,previousPivotPoint: 907.2666666666666666666666667,IsUptrendPivot : True,  Resistance1: 926.1833333333333333333333334, Support1: 903.5333333333333333333333334,  Points Change :2.5131761442441054091539528400
2021-05-07 09:11:06.6396|INFO|ExAlgo.Core.Cache.QuoteRepositoryManager|HDFC Pivot Details , PivoPoint: 2415,previousPivotPoint: 2380.6333333333333333333333333,IsUptrendPivot : True,  Resistance1: 2448, Support1: 2395,  Points Change :2.2250209907640638119227539900
2021-05-07 09:11:06.8928|INFO|ExAlgo.Core.Cache.QuoteRepositoryManager|HDFC BANK Pivot Details , PivoPoint: 1403.0833333333333333333333333,previousPivotPoint: 1399.0833333333333333333333333,IsUptrendPivot : True,  Resistance1: 1411.0666666666666666666666666, Support1: 1395.4166666666666666666666666,  Points Change :1.1326164874551971326164874600
2021-05-07 09:11:07.1648|INFO|ExAlgo.Core.Cache.QuoteRepositoryManager|HDFC LIFE INS CO Pivot Details , PivoPoint: 673.55,previousPivotPoint: 672.25,IsUptrendPivot : True,  Resistance1: 678.10, Support1: 667.20,  Points Change :1.6292974588938714499252615800
2021-05-07 09:11:07.4228|INFO|ExAlgo.Core.Cache.QuoteRepositoryManager|HERO MOTOCORP Pivot Details , PivoPoint: 2881.4333333333333333333333333,previousPivotPoint: 2788,IsUptrendPivot : True,  Resistance1: 2958.6666666666666666666666666, Support1: 2840.9666666666666666666666666,  Points Change :4.2770729618328783255714362200
2021-05-07 09:11:07.6804|INFO|ExAlgo.Core.Cache.QuoteRepositoryManager|HINDALCO  INDUSTRIES  Pivot Details , PivoPoint: 381.63333333333333333333333333,previousPivotPoint: 368.76666666666666666666666667,IsUptrendPivot : True,  Resistance1: 394.86666666666666666666666666, Support1: 374.71666666666666666666666666,  Points Change :5.6552474170744970092441544300
2021-05-07 09:11:07.9446|INFO|ExAlgo.Core.Cache.QuoteRepositoryManager|HINDUSTAN UNILEVER. Pivot Details , PivoPoint: 2395.80,previousPivotPoint: 2397.8666666666666666666666667,IsUptrendPivot : False,  Resistance1: 2414.45, Support1: 2375.05,  Points Change :1.6617235649229086472728802500
2021-05-07 09:11:08.2165|INFO|ExAlgo.Core.Cache.QuoteRepositoryManager|ICICI BANK. Pivot Details , PivoPoint: 606.55,previousPivotPoint: 597.90,IsUptrendPivot : True,  Resistance1: 613.75, Support1: 602.75,  Points Change :1.9357530246141009595327492700
2021-05-07 09:11:08.4889|INFO|ExAlgo.Core.Cache.QuoteRepositoryManager|INDUSIND BANK Pivot Details , PivoPoint: 928.0166666666666666666666667,previousPivotPoint: 925.75,IsUptrendPivot : True,  Resistance1: 935.9833333333333333333333334, Support1: 917.8833333333333333333333334,  Points Change :2.0271739130434782608695652200
2021-05-07 09:11:08.7606|INFO|ExAlgo.Core.Cache.QuoteRepositoryManager|INFOSYS Pivot Details , PivoPoint: 1353.7166666666666666666666667,previousPivotPoint: 1338.1666666666666666666666667,IsUptrendPivot : True,  Resistance1: 1370.0333333333333333333333334, Support1: 1342.7833333333333333333333334,  Points Change :2.0412741139524450426200089700
2021-05-07 09:11:09.0272|INFO|ExAlgo.Core.Cache.QuoteRepositoryManager|INDIAN OIL CORP Pivot Details , PivoPoint: 92.63333333333333333333333333,previousPivotPoint: 92.53333333333333333333333333,IsUptrendPivot : True,  Resistance1: 93.26666666666666666666666666, Support1: 92.11666666666666666666666666,  Points Change :1.2500
2021-05-07 09:11:09.3001|INFO|ExAlgo.Core.Cache.QuoteRepositoryManager|ITC Pivot Details , PivoPoint: 203.76666666666666666666666667,previousPivotPoint: 201.16666666666666666666666667,IsUptrendPivot : True,  Resistance1: 205.23333333333333333333333334, Support1: 201.58333333333333333333333334,  Points Change :1.9049975259772389905987135100
2021-05-07 09:11:09.5420|INFO|ExAlgo.Core.Cache.QuoteRepositoryManager|JSW STEEL Pivot Details , PivoPoint: 730.36666666666666666666666667,previousPivotPoint: 721.53333333333333333333333333,IsUptrendPivot : True,  Resistance1: 742.6833333333333333333333333, Support1: 718.7333333333333333333333333,  Points Change :3.342618384401114206128133700
2021-05-07 09:11:09.7971|INFO|ExAlgo.Core.Cache.QuoteRepositoryManager|KOTAK MAHINDRA BANK Pivot Details , PivoPoint: 1783.1333333333333333333333333,previousPivotPoint: 1758.2333333333333333333333333,IsUptrendPivot : True,  Resistance1: 1802.8666666666666666666666666, Support1: 1773.2666666666666666666666666,  Points Change :1.7298094373865698729582577100
2021-05-07 09:11:10.0744|INFO|ExAlgo.Core.Cache.QuoteRepositoryManager|LARSEN & TOUBRO. Pivot Details , PivoPoint: 1343.7666666666666666666666667,previousPivotPoint: 1335.8666666666666666666666667,IsUptrendPivot : True,  Resistance1: 1351.7333333333333333333333334, Support1: 1331.0333333333333333333333334,  Points Change :1.5571776155717761557177615600
2021-05-07 09:11:10.3627|INFO|ExAlgo.Core.Cache.QuoteRepositoryManager|MAHINDRA & MAHINDRA Pivot Details , PivoPoint: 751.85,previousPivotPoint: 744.85,IsUptrendPivot : True,  Resistance1: 757.55, Support1: 744.30,  Points Change :1.7891844803323728472827179500
2021-05-07 09:11:10.6524|INFO|ExAlgo.Core.Cache.QuoteRepositoryManager|MARUTI SUZUKI INDIA. Pivot Details , PivoPoint: 6647.1166666666666666666666667,previousPivotPoint: 6557.3333333333333333333333333,IsUptrendPivot : True,  Resistance1: 6718.433333333333333333333333, Support1: 6585.683333333333333333333333,  Points Change :2.0271606064753562358380096400
2021-05-07 09:11:10.9175|INFO|ExAlgo.Core.Cache.QuoteRepositoryManager|NESTLE INDIA Pivot Details , PivoPoint: 16683.95,previousPivotPoint: 16541.016666666666666666666667,IsUptrendPivot : True,  Resistance1: 16842.85, Support1: 16598.10,  Points Change :1.4810847773531698845086701700
2021-05-07 09:11:11.1935|INFO|ExAlgo.Core.Cache.QuoteRepositoryManager|NTPC Pivot Details , PivoPoint: 103.56666666666666666666666667,previousPivotPoint: 104.08333333333333333333333333,IsUptrendPivot : False,  Resistance1: 104.48333333333333333333333334, Support1: 102.18333333333333333333333334,  Points Change :2.3867510959571358986848514400
2021-05-07 09:11:11.4562|INFO|ExAlgo.Core.Cache.QuoteRepositoryManager|OIL AND NATURAL GAS CORP. Pivot Details , PivoPoint: 110.86666666666666666666666667,previousPivotPoint: 111.93333333333333333333333333,IsUptrendPivot : False,  Resistance1: 112.23333333333333333333333334, Support1: 108.88333333333333333333333334,  Points Change :3.1064412973960712654179990900
2021-05-07 09:11:11.7154|INFO|ExAlgo.Core.Cache.QuoteRepositoryManager|POWER GRID CORP.. Pivot Details , PivoPoint: 216.33333333333333333333333333,previousPivotPoint: 218.55,IsUptrendPivot : False,  Resistance1: 219.06666666666666666666666666, Support1: 213.26666666666666666666666666,  Points Change :2.7153558052434456928838951300
2021-05-07 09:11:11.9990|INFO|ExAlgo.Core.Cache.QuoteRepositoryManager|RELIANCE INDUSTRIES Pivot Details , PivoPoint: 1924.3166666666666666666666667,previousPivotPoint: 1922.5833333333333333333333333,IsUptrendPivot : True,  Resistance1: 1941.8833333333333333333333334, Support1: 1914.4333333333333333333333334,  Points Change :1.4895625721179062204972201800
2021-05-07 09:11:12.2969|INFO|ExAlgo.Core.Cache.QuoteRepositoryManager|SBI LIFE INSURANCE CO Pivot Details , PivoPoint: 970.50,previousPivotPoint: 984.9166666666666666666666667,IsUptrendPivot : False,  Resistance1: 979.80, Support1: 957.85,  Points Change :2.3148148148148148148148148100
2021-05-07 09:11:12.5598|INFO|ExAlgo.Core.Cache.QuoteRepositoryManager|STATE BANK OF INDIA Pivot Details , PivoPoint: 355.25,previousPivotPoint: 353.96666666666666666666666667,IsUptrendPivot : True,  Resistance1: 359.95, Support1: 351.15,  Points Change :2.5103408928826130366566823600
2021-05-07 09:11:12.8458|INFO|ExAlgo.Core.Cache.QuoteRepositoryManager|SHREE CEMENT Pivot Details , PivoPoint: 27733.866666666666666666666667,previousPivotPoint: 27879.083333333333333333333333,IsUptrendPivot : False,  Resistance1: 27967.733333333333333333333334, Support1: 27537.733333333333333333333334,  Points Change :1.6227272727272727272727272700
2021-05-07 09:11:13.1166|INFO|ExAlgo.Core.Cache.QuoteRepositoryManager|SUN PHARMACEUTICAL IND L Pivot Details , PivoPoint: 682.58333333333333333333333333,previousPivotPoint: 671.06666666666666666666666667,IsUptrendPivot : True,  Resistance1: 691.8166666666666666666666667, Support1: 668.4666666666666666666666667,  Points Change :3.4677359471300215341204425600
2021-05-07 09:11:13.4087|INFO|ExAlgo.Core.Cache.QuoteRepositoryManager|TATA MOTORS Pivot Details , PivoPoint: 297.85,previousPivotPoint: 291.63333333333333333333333333,IsUptrendPivot : True,  Resistance1: 305.20, Support1: 293.70,  Points Change :4.0303134688253530830175680300
2021-05-07 09:11:13.7352|INFO|ExAlgo.Core.Cache.QuoteRepositoryManager|TATA STEEL Pivot Details , PivoPoint: 1092.0,previousPivotPoint: 1068.6666666666666666666666667,IsUptrendPivot : True,  Resistance1: 1139.2, Support1: 1055.3,  Points Change :8.297362110311750599520383690
2021-05-07 09:11:14.0573|INFO|ExAlgo.Core.Cache.QuoteRepositoryManager|TATA CONSULTANCY SERV LT Pivot Details , PivoPoint: 3107.9166666666666666666666667,previousPivotPoint: 3082.8333333333333333333333333,IsUptrendPivot : True,  Resistance1: 3141.7833333333333333333333334, Support1: 3082.0333333333333333333333334,  Points Change :1.9518542615484710474951203600
2021-05-07 09:11:14.3344|INFO|ExAlgo.Core.Cache.QuoteRepositoryManager|TECH MAHINDRA Pivot Details , PivoPoint: 972.6166666666666666666666667,previousPivotPoint: 961.6666666666666666666666667,IsUptrendPivot : True,  Resistance1: 987.3833333333333333333333334, Support1: 960.5333333333333333333333334,  Points Change :2.8031528945033147152476901400
2021-05-07 09:11:14.6026|INFO|ExAlgo.Core.Cache.QuoteRepositoryManager|TITAN COMPANY Pivot Details , PivoPoint: 1440.15,previousPivotPoint: 1421.70,IsUptrendPivot : True,  Resistance1: 1449.30, Support1: 1431.85,  Points Change :1.2194269741439552760307477300
2021-05-07 09:11:14.8837|INFO|ExAlgo.Core.Cache.QuoteRepositoryManager|ULTRATECH CEMENT Pivot Details , PivoPoint: 6383.6666666666666666666666667,previousPivotPoint: 6358.1333333333333333333333333,IsUptrendPivot : True,  Resistance1: 6453.333333333333333333333333, Support1: 6337.533333333333333333333333,  Points Change :1.8356034209692746278112131800
2021-05-07 09:11:15.1465|INFO|ExAlgo.Core.Cache.QuoteRepositoryManager|UPL Pivot Details , PivoPoint: 633.15,previousPivotPoint: 633.6,IsUptrendPivot : False,  Resistance1: 639.35, Support1: 625.30,  Points Change :2.2899545200670230591239128700
2021-05-07 09:11:15.4538|INFO|ExAlgo.Core.Cache.QuoteRepositoryManager|WIPRO Pivot Details , PivoPoint: 504.81666666666666666666666667,previousPivotPoint: 490.48333333333333333333333333,IsUptrendPivot : True,  Resistance1: 522.0333333333333333333333333, Support1: 494.8333333333333333333333333,  Points Change :5.6541816316059517701385325800
2021-05-07 09:15:00.8302|INFO|ExAlgo.Core.Order.OrderProcessor|Recieved order for {"BrokerageAndTxn":250.0,"Instrument":"KOTAK MAHINDRA BANK","BuyPrice":1798.0,"Target":1801.596,"StopLoss":1783.616,"OrderTime":"2021-05-07T09:15:00.694812+05:30","SellTime":"0001-01-01T00:00:00","Result":"NA","GrossProfit":0.0,"InstrumentToken":492033,"OrderType":"Long","Qty":278,"ConnorsRsi":0.0,"Ema200":0.0,"NetProfit":-250.0,"OrderStrategy":"BankIndexGap","RevicedStopLoss":{},"PullDownTime":"2021-05-07T09:15:00"}
2021-05-07 09:15:00.8311|INFO|ExAlgo.Core.Order.OrderProcessor|Recieved order for {"BrokerageAndTxn":250.0,"Instrument":"AXIS BANK","BuyPrice":720.8,"Target":722.2416,"StopLoss":715.0336,"OrderTime":"2021-05-07T09:15:00.83067+05:30","SellTime":"0001-01-01T00:00:00","Result":"NA","GrossProfit":0.0,"InstrumentToken":1510401,"OrderType":"Long","Qty":693,"ConnorsRsi":0.0,"Ema200":0.0,"NetProfit":-250.0,"OrderStrategy":"BankIndexGap","RevicedStopLoss":{},"PullDownTime":"2021-05-07T09:15:00"}
2021-05-07 09:15:00.8311|INFO|ExAlgo.Core.Order.OrderProcessor|Recieved order for {"BrokerageAndTxn":250.0,"Instrument":"INDUSIND BANK","BuyPrice":932.55,"Target":934.4150999999999,"StopLoss":925.0895999999999,"OrderTime":"2021-05-07T09:15:00.831198+05:30","SellTime":"0001-01-01T00:00:00","Result":"NA","GrossProfit":0.0,"InstrumentToken":1346049,"OrderType":"Long","Qty":536,"ConnorsRsi":0.0,"Ema200":0.0,"NetProfit":-250.0,"OrderStrategy":"BankIndexGap","RevicedStopLoss":{},"PullDownTime":"2021-05-07T09:15:00"}
2021-05-07 09:15:00.8311|INFO|ExAlgo.Core.Order.OrderProcessor|Recieved order for {"BrokerageAndTxn":250.0,"Instrument":"ICICI BANK.","BuyPrice":611.85,"Target":613.0737,"StopLoss":606.9552,"OrderTime":"2021-05-07T09:15:00.831243+05:30","SellTime":"0001-01-01T00:00:00","Result":"NA","GrossProfit":0.0,"InstrumentToken":1270529,"OrderType":"Long","Qty":817,"ConnorsRsi":0.0,"Ema200":0.0,"NetProfit":-250.0,"OrderStrategy":"BankIndexGap","RevicedStopLoss":{},"PullDownTime":"2021-05-07T09:15:00"}
2021-05-07 09:15:00.8311|INFO|ExAlgo.Core.Order.OrderProcessor|Recieved order for {"BrokerageAndTxn":250.0,"Instrument":"STATE BANK OF INDIA","BuyPrice":357.4,"Target":358.1148,"StopLoss":354.5408,"OrderTime":"2021-05-07T09:15:00.831276+05:30","SellTime":"0001-01-01T00:00:00","Result":"NA","GrossProfit":0.0,"InstrumentToken":779521,"OrderType":"Long","Qty":1398,"ConnorsRsi":0.0,"Ema200":0.0,"NetProfit":-250.0,"OrderStrategy":"BankIndexGap","RevicedStopLoss":{},"PullDownTime":"2021-05-07T09:15:00"}
2021-05-07 09:15:01.2598|INFO|ExAlgo.Core.Order.OrderProcessor|Order executed for STATE BANK OF INDIA - {"BrokerageAndTxn":250.0,"Instrument":"STATE BANK OF INDIA","BuyPrice":357.4,"Target":358.1148,"StopLoss":354.5408,"OrderTime":"2021-05-07T09:15:00.831276+05:30","SellTime":"2021-05-07T09:15:01.258862+05:30","Result":"Profit","GrossProfit":999.2904000000563,"InstrumentToken":779521,"OrderType":"Long","Qty":1398,"ConnorsRsi":0.0,"Ema200":0.0,"NetProfit":749.2904000000563,"OrderStrategy":"BankIndexGap","RevicedStopLoss":{},"PullDownTime":"2021-05-07T09:15:00"}
2021-05-07 09:15:03.6476|INFO|ExAlgo.Core.Order.OrderProcessor|Order executed for KOTAK MAHINDRA BANK - {"BrokerageAndTxn":250.0,"Instrument":"KOTAK MAHINDRA BANK","BuyPrice":1798.0,"Target":1801.596,"StopLoss":1783.616,"OrderTime":"2021-05-07T09:15:00.694812+05:30","SellTime":"2021-05-07T09:15:03.647096+05:30","Result":"Profit","GrossProfit":999.6880000000237,"InstrumentToken":492033,"OrderType":"Long","Qty":278,"ConnorsRsi":0.0,"Ema200":0.0,"NetProfit":749.6880000000237,"OrderStrategy":"BankIndexGap","RevicedStopLoss":{},"PullDownTime":"2021-05-07T09:15:00"}
2021-05-07 09:15:04.8936|INFO|ExAlgo.Core.Order.OrderProcessor|Order executed for ICICI BANK. - {"BrokerageAndTxn":250.0,"Instrument":"ICICI BANK.","BuyPrice":611.85,"Target":613.0737,"StopLoss":606.9552,"OrderTime":"2021-05-07T09:15:00.831243+05:30","SellTime":"2021-05-07T09:15:04.893209+05:30","Result":"Profit","GrossProfit":999.7629000000306,"InstrumentToken":1270529,"OrderType":"Long","Qty":817,"ConnorsRsi":0.0,"Ema200":0.0,"NetProfit":749.7629000000306,"OrderStrategy":"BankIndexGap","RevicedStopLoss":{},"PullDownTime":"2021-05-07T09:15:00"}
2021-05-07 09:15:05.4773|INFO|ExAlgo.Core.Order.OrderProcessor|Order executed for INDUSIND BANK - {"BrokerageAndTxn":250.0,"Instrument":"INDUSIND BANK","BuyPrice":932.55,"Target":934.4150999999999,"StopLoss":925.0895999999999,"OrderTime":"2021-05-07T09:15:00.831198+05:30","SellTime":"2021-05-07T09:15:05.476777+05:30","Result":"Profit","GrossProfit":999.6935999999987,"InstrumentToken":1346049,"OrderType":"Long","Qty":536,"ConnorsRsi":0.0,"Ema200":0.0,"NetProfit":749.6935999999987,"OrderStrategy":"BankIndexGap","RevicedStopLoss":{},"PullDownTime":"2021-05-07T09:15:00"}
2021-05-07 09:15:23.4689|INFO|ExAlgo.Core.Order.OrderProcessor|Order executed for AXIS BANK - {"BrokerageAndTxn":250.0,"Instrument":"AXIS BANK","BuyPrice":720.8,"Target":722.2416,"StopLoss":715.0336,"OrderTime":"2021-05-07T09:15:00.83067+05:30","SellTime":"2021-05-07T09:15:23.468541+05:30","Result":"Profit","GrossProfit":999.0287999999709,"InstrumentToken":1510401,"OrderType":"Long","Qty":693,"ConnorsRsi":0.0,"Ema200":0.0,"NetProfit":749.0287999999709,"OrderStrategy":"BankIndexGap","RevicedStopLoss":{},"PullDownTime":"2021-05-07T09:15:00"}
