2021-04-23 08:27:07.3562|INFO|Topshelf.HostFactory|Configuration Result:
[Success] Name EzAlgoTrading.Standard
[Success] DisplayName EzAlgoTrading.Standard 1.0.0.0
[Success] Description Datafactory to process rail reference data
[Success] ServiceName EzAlgoTrading.Standard
2021-04-23 08:27:07.3905|INFO|Topshelf.HostConfigurators.HostConfiguratorImpl|Topshelf v4.3.0.0, .NET Core 3.1.13 (3.1.13)
2021-04-23 08:27:07.6376|ERROR|Topshelf.Runtime.Windows.WindowsHostEnvironment|Unable to get parent process (ignored)
2021-04-23 08:27:07.6387|DEBUG|Topshelf.Builders.RunBuilder|Running as a console application, creating the console host.
2021-04-23 08:27:07.6721|DEBUG|Topshelf.Hosts.ConsoleRunHost|Starting up as a console application
2021-04-23 08:27:07.7388|INFO|ExAlgo.Core.Cache.QuoteRepositoryManager|Historical Data loaded at  4/23/2021 8:27:07 AM
2021-04-23 08:27:08.3296|INFO|ExAlgo.Core.Cache.QuoteRepositoryManager|ADANI PORT & SEZ Pivot Details , PivoPoint: 723.66666666666666666666666667,previousPivotPoint: 725.36666666666666666666666667,IsUptrendPivot : False,  Resistance1: 757.8333333333333333333333333, Resistance2 : 778.96666666666666666666666667, Support1: 702.5333333333333333333333333, Support2: 668.36666666666666666666666667
2021-04-23 08:27:08.5680|INFO|ExAlgo.Core.Cache.QuoteRepositoryManager|ASIAN PAINTS Pivot Details , PivoPoint: 2518.3333333333333333333333333,previousPivotPoint: 2559.95,IsUptrendPivot : False,  Resistance1: 2548.6666666666666666666666666, Resistance2 : 2587.3333333333333333333333333, Support1: 2479.6666666666666666666666666, Support2: 2449.3333333333333333333333333
2021-04-23 08:27:08.7608|INFO|ExAlgo.Core.Cache.QuoteRepositoryManager|AXIS BANK Pivot Details , PivoPoint: 650.78333333333333333333333333,previousPivotPoint: 652.23333333333333333333333333,IsUptrendPivot : False,  Resistance1: 667.0666666666666666666666667, Resistance2 : 677.23333333333333333333333333, Support1: 640.6166666666666666666666667, Support2: 624.33333333333333333333333333
2021-04-23 08:27:08.9364|INFO|ExAlgo.Core.Cache.QuoteRepositoryManager|BAJAJ AUTO Pivot Details , PivoPoint: 3649.1,previousPivotPoint: 3587.85,IsUptrendPivot : True,  Resistance1: 3725.2, Resistance2 : 3768.0, Support1: 3606.3, Support2: 3530.2
2021-04-23 08:27:09.1227|INFO|ExAlgo.Core.Cache.QuoteRepositoryManager|BAJAJ FINSERV. Pivot Details , PivoPoint: 9787.3,previousPivotPoint: 9781.8,IsUptrendPivot : True,  Resistance1: 9964.6, Resistance2 : 10089.2, Support1: 9662.7, Support2: 9485.4
2021-04-23 08:27:09.3185|INFO|ExAlgo.Core.Cache.QuoteRepositoryManager|BAJAJ FINANCE Pivot Details , PivoPoint: 4634.1333333333333333333333333,previousPivotPoint: 4616.4833333333333333333333333,IsUptrendPivot : True,  Resistance1: 4762.466666666666666666666667, Resistance2 : 4841.4333333333333333333333333, Support1: 4555.166666666666666666666667, Support2: 4426.8333333333333333333333333
2021-04-23 08:27:09.4928|INFO|ExAlgo.Core.Cache.QuoteRepositoryManager|BHARTI AIRTEL Pivot Details , PivoPoint: 529.78333333333333333333333333,previousPivotPoint: 530.73333333333333333333333333,IsUptrendPivot : False,  Resistance1: 533.5166666666666666666666667, Resistance2 : 536.93333333333333333333333333, Support1: 526.3666666666666666666666667, Support2: 522.63333333333333333333333333
2021-04-23 08:27:09.6566|INFO|ExAlgo.Core.Cache.QuoteRepositoryManager|BHARAT PETROLEUM CORP  LT Pivot Details , PivoPoint: 414.08333333333333333333333333,previousPivotPoint: 409.35,IsUptrendPivot : True,  Resistance1: 424.5666666666666666666666667, Resistance2 : 431.68333333333333333333333333, Support1: 406.9666666666666666666666667, Support2: 396.48333333333333333333333333
2021-04-23 08:27:09.8285|INFO|ExAlgo.Core.Cache.QuoteRepositoryManager|BRITANNIA INDUSTRIES Pivot Details , PivoPoint: 3733.7833333333333333333333333,previousPivotPoint: 3721.9833333333333333333333333,IsUptrendPivot : True,  Resistance1: 3775.4166666666666666666666666, Resistance2 : 3807.6333333333333333333333333, Support1: 3701.5666666666666666666666666, Support2: 3659.9333333333333333333333333
2021-04-23 08:27:09.9848|INFO|ExAlgo.Core.Cache.QuoteRepositoryManager|CIPLA Pivot Details , PivoPoint: 949.2,previousPivotPoint: 952.7833333333333333333333333,IsUptrendPivot : False,  Resistance1: 959.3, Resistance2 : 973.1, Support1: 935.4, Support2: 925.3
2021-04-23 08:27:10.1797|INFO|ExAlgo.Core.Cache.QuoteRepositoryManager|COAL INDIA Pivot Details , PivoPoint: 124.83333333333333333333333333,previousPivotPoint: 124.93333333333333333333333333,IsUptrendPivot : False,  Resistance1: 125.66666666666666666666666666, Resistance2 : 126.33333333333333333333333333, Support1: 124.16666666666666666666666666, Support2: 123.33333333333333333333333333
2021-04-23 08:27:10.3553|INFO|ExAlgo.Core.Cache.QuoteRepositoryManager|DIVI'S LABORATORIES Pivot Details , PivoPoint: 3768.1166666666666666666666667,previousPivotPoint: 3790.6333333333333333333333333,IsUptrendPivot : False,  Resistance1: 3794.0333333333333333333333334, Resistance2 : 3837.9666666666666666666666667, Support1: 3724.1833333333333333333333334, Support2: 3698.2666666666666666666666667
2021-04-23 08:27:10.5332|INFO|ExAlgo.Core.Cache.QuoteRepositoryManager|DR. REDDY'S LABORATORIES Pivot Details , PivoPoint: 5216.5666666666666666666666667,previousPivotPoint: 5151.85,IsUptrendPivot : True,  Resistance1: 5272.383333333333333333333333, Resistance2 : 5344.8166666666666666666666667, Support1: 5144.133333333333333333333333, Support2: 5088.3166666666666666666666667
2021-04-23 08:27:10.6953|INFO|ExAlgo.Core.Cache.QuoteRepositoryManager|EICHER MOTORS Pivot Details , PivoPoint: 2330.0333333333333333333333333,previousPivotPoint: 2353.7833333333333333333333333,IsUptrendPivot : False,  Resistance1: 2355.0666666666666666666666666, Resistance2 : 2373.1333333333333333333333333, Support1: 2311.9666666666666666666666666, Support2: 2286.9333333333333333333333333
2021-04-23 08:27:10.8681|INFO|ExAlgo.Core.Cache.QuoteRepositoryManager|GAIL (INDIA) Pivot Details , PivoPoint: 132.56666666666666666666666667,previousPivotPoint: 135.96666666666666666666666667,IsUptrendPivot : False,  Resistance1: 134.63333333333333333333333334, Resistance2 : 136.26666666666666666666666667, Support1: 130.93333333333333333333333334, Support2: 128.86666666666666666666666667
2021-04-23 08:27:11.0584|INFO|ExAlgo.Core.Cache.QuoteRepositoryManager|GRASIM INDUSTRIES Pivot Details , PivoPoint: 1296.4333333333333333333333333,previousPivotPoint: 1312.85,IsUptrendPivot : False,  Resistance1: 1322.0166666666666666666666666, Resistance2 : 1338.9833333333333333333333333, Support1: 1279.4666666666666666666666666, Support2: 1253.8833333333333333333333333
2021-04-23 08:27:11.2560|INFO|ExAlgo.Core.Cache.QuoteRepositoryManager|HCL TECHNOLOGIES Pivot Details , PivoPoint: 962.6333333333333333333333333,previousPivotPoint: 974.6333333333333333333333333,IsUptrendPivot : False,  Resistance1: 969.9666666666666666666666666, Resistance2 : 979.2333333333333333333333333, Support1: 953.3666666666666666666666666, Support2: 946.0333333333333333333333333
2021-04-23 08:27:11.4298|INFO|ExAlgo.Core.Cache.QuoteRepositoryManager|HDFC Pivot Details , PivoPoint: 2445.40,previousPivotPoint: 2452.8666666666666666666666667,IsUptrendPivot : False,  Resistance1: 2517.65, Resistance2 : 2557.25, Support1: 2405.80, Support2: 2333.55
2021-04-23 08:27:11.5946|INFO|ExAlgo.Core.Cache.QuoteRepositoryManager|HDFC BANK Pivot Details , PivoPoint: 1406.5833333333333333333333333,previousPivotPoint: 1400.0333333333333333333333333,IsUptrendPivot : True,  Resistance1: 1441.1166666666666666666666666, Resistance2 : 1461.2333333333333333333333333, Support1: 1386.4666666666666666666666666, Support2: 1351.9333333333333333333333333
2021-04-23 08:27:11.7519|INFO|ExAlgo.Core.Cache.QuoteRepositoryManager|HDFC LIFE INS CO Pivot Details , PivoPoint: 678.28333333333333333333333333,previousPivotPoint: 681.7,IsUptrendPivot : False,  Resistance1: 684.5666666666666666666666667, Resistance2 : 689.08333333333333333333333333, Support1: 673.7666666666666666666666667, Support2: 667.48333333333333333333333333
2021-04-23 08:27:11.9254|INFO|ExAlgo.Core.Cache.QuoteRepositoryManager|HERO MOTOCORP Pivot Details , PivoPoint: 2827.4666666666666666666666667,previousPivotPoint: 2822.2666666666666666666666667,IsUptrendPivot : True,  Resistance1: 2904.7333333333333333333333334, Resistance2 : 2959.4666666666666666666666667, Support1: 2772.7333333333333333333333334, Support2: 2695.4666666666666666666666667
2021-04-23 08:27:12.0933|INFO|ExAlgo.Core.Cache.QuoteRepositoryManager|HINDALCO  INDUSTRIES  Pivot Details , PivoPoint: 358.78333333333333333333333333,previousPivotPoint: 361.43333333333333333333333333,IsUptrendPivot : False,  Resistance1: 362.81666666666666666666666666, Resistance2 : 369.63333333333333333333333333, Support1: 351.96666666666666666666666666, Support2: 347.93333333333333333333333333
2021-04-23 08:27:12.2848|INFO|ExAlgo.Core.Cache.QuoteRepositoryManager|HINDUSTAN UNILEVER. Pivot Details , PivoPoint: 2358.1,previousPivotPoint: 2412.2666666666666666666666667,IsUptrendPivot : False,  Resistance1: 2384.2, Resistance2 : 2416.1, Support1: 2326.2, Support2: 2300.1
2021-04-23 08:27:12.4443|INFO|ExAlgo.Core.Cache.QuoteRepositoryManager|ICICI BANK. Pivot Details , PivoPoint: 568.35,previousPivotPoint: 561.16666666666666666666666667,IsUptrendPivot : True,  Resistance1: 589.80, Resistance2 : 602.05, Support1: 556.10, Support2: 534.65
2021-04-23 08:27:12.6056|INFO|ExAlgo.Core.Cache.QuoteRepositoryManager|INDUSIND BANK Pivot Details , PivoPoint: 829.9833333333333333333333333,previousPivotPoint: 849.0166666666666666666666667,IsUptrendPivot : False,  Resistance1: 844.9666666666666666666666666, Resistance2 : 854.9333333333333333333333333, Support1: 820.0166666666666666666666666, Support2: 805.0333333333333333333333333
2021-04-23 08:27:12.7957|INFO|ExAlgo.Core.Cache.QuoteRepositoryManager|INFOSYS Pivot Details , PivoPoint: 1353.9833333333333333333333333,previousPivotPoint: 1356.9666666666666666666666667,IsUptrendPivot : False,  Resistance1: 1362.7166666666666666666666666, Resistance2 : 1373.4833333333333333333333333, Support1: 1343.2166666666666666666666666, Support2: 1334.4833333333333333333333333
2021-04-23 08:27:12.9588|INFO|ExAlgo.Core.Cache.QuoteRepositoryManager|INDIAN OIL CORP Pivot Details , PivoPoint: 87.83333333333333333333333333,previousPivotPoint: 88.15,IsUptrendPivot : False,  Resistance1: 88.26666666666666666666666666, Resistance2 : 88.73333333333333333333333333, Support1: 87.36666666666666666666666666, Support2: 86.93333333333333333333333333
2021-04-23 08:27:13.1422|INFO|ExAlgo.Core.Cache.QuoteRepositoryManager|ITC Pivot Details , PivoPoint: 204.31666666666666666666666667,previousPivotPoint: 204.23333333333333333333333333,IsUptrendPivot : True,  Resistance1: 207.83333333333333333333333334, Resistance2 : 209.81666666666666666666666667, Support1: 202.33333333333333333333333334, Support2: 198.81666666666666666666666667
2021-04-23 08:27:13.3047|INFO|ExAlgo.Core.Cache.QuoteRepositoryManager|JSW STEEL Pivot Details , PivoPoint: 633.65,previousPivotPoint: 620.98333333333333333333333333,IsUptrendPivot : True,  Resistance1: 655.50, Resistance2 : 671.95, Support1: 617.20, Support2: 595.35
2021-04-23 08:27:13.4667|INFO|ExAlgo.Core.Cache.QuoteRepositoryManager|KOTAK MAHINDRA BANK Pivot Details , PivoPoint: 1713.8333333333333333333333333,previousPivotPoint: 1705.4166666666666666666666667,IsUptrendPivot : True,  Resistance1: 1758.4166666666666666666666666, Resistance2 : 1784.0833333333333333333333333, Support1: 1688.1666666666666666666666666, Support2: 1643.5833333333333333333333333
2021-04-23 08:27:13.6331|INFO|ExAlgo.Core.Cache.QuoteRepositoryManager|LARSEN & TOUBRO. Pivot Details , PivoPoint: 1328.8333333333333333333333333,previousPivotPoint: 1329.15,IsUptrendPivot : False,  Resistance1: 1350.0666666666666666666666666, Resistance2 : 1360.7333333333333333333333333, Support1: 1318.1666666666666666666666666, Support2: 1296.9333333333333333333333333
2021-04-23 08:27:13.8039|INFO|ExAlgo.Core.Cache.QuoteRepositoryManager|MAHINDRA & MAHINDRA Pivot Details , PivoPoint: 796.1333333333333333333333333,previousPivotPoint: 810.9166666666666666666666667,IsUptrendPivot : False,  Resistance1: 806.7166666666666666666666666, Resistance2 : 815.4333333333333333333333333, Support1: 787.4166666666666666666666666, Support2: 776.8333333333333333333333333
2021-04-23 08:27:13.9861|INFO|ExAlgo.Core.Cache.QuoteRepositoryManager|MARUTI SUZUKI INDIA. Pivot Details , PivoPoint: 6622.6333333333333333333333333,previousPivotPoint: 6626.9,IsUptrendPivot : False,  Resistance1: 6700.266666666666666666666667, Resistance2 : 6752.5333333333333333333333333, Support1: 6570.366666666666666666666667, Support2: 6492.7333333333333333333333333
2021-04-23 08:27:14.1550|INFO|ExAlgo.Core.Cache.QuoteRepositoryManager|NESTLE INDIA Pivot Details , PivoPoint: 16843.516666666666666666666667,previousPivotPoint: 17141.683333333333333333333333,IsUptrendPivot : False,  Resistance1: 17131.483333333333333333333334, Resistance2 : 17477.966666666666666666666667, Support1: 16497.033333333333333333333334, Support2: 16209.066666666666666666666667
2021-04-23 08:27:14.3251|INFO|ExAlgo.Core.Cache.QuoteRepositoryManager|NTPC Pivot Details , PivoPoint: 98.55,previousPivotPoint: 99.21666666666666666666666667,IsUptrendPivot : False,  Resistance1: 100.05, Resistance2 : 101.25, Support1: 97.35, Support2: 95.85
2021-04-23 08:27:14.4891|INFO|ExAlgo.Core.Cache.QuoteRepositoryManager|OIL AND NATURAL GAS CORP. Pivot Details , PivoPoint: 103.08333333333333333333333333,previousPivotPoint: 103.6,IsUptrendPivot : False,  Resistance1: 104.46666666666666666666666666, Resistance2 : 105.83333333333333333333333333, Support1: 101.71666666666666666666666666, Support2: 100.33333333333333333333333333
2021-04-23 08:27:14.6769|INFO|ExAlgo.Core.Cache.QuoteRepositoryManager|POWER GRID CORP.. Pivot Details , PivoPoint: 203.1,previousPivotPoint: 203.38333333333333333333333333,IsUptrendPivot : False,  Resistance1: 205.0, Resistance2 : 206.8, Support1: 201.3, Support2: 199.4
2021-04-23 08:27:14.8650|INFO|ExAlgo.Core.Cache.QuoteRepositoryManager|RELIANCE INDUSTRIES Pivot Details , PivoPoint: 1899.25,previousPivotPoint: 1904.8333333333333333333333333,IsUptrendPivot : False,  Resistance1: 1920.25, Resistance2 : 1935.40, Support1: 1884.10, Support2: 1863.10
2021-04-23 08:27:15.0252|INFO|ExAlgo.Core.Cache.QuoteRepositoryManager|SBI LIFE INSURANCE CO Pivot Details , PivoPoint: 910.20,previousPivotPoint: 909.1166666666666666666666667,IsUptrendPivot : True,  Resistance1: 924.45, Resistance2 : 934.90, Support1: 899.75, Support2: 885.50
2021-04-23 08:27:15.1891|INFO|ExAlgo.Core.Cache.QuoteRepositoryManager|STATE BANK OF INDIA Pivot Details , PivoPoint: 332.56666666666666666666666667,previousPivotPoint: 331.93333333333333333333333333,IsUptrendPivot : True,  Resistance1: 341.28333333333333333333333334, Resistance2 : 346.31666666666666666666666667, Support1: 327.53333333333333333333333334, Support2: 318.81666666666666666666666667
2021-04-23 08:27:15.3706|INFO|ExAlgo.Core.Cache.QuoteRepositoryManager|SHREE CEMENT Pivot Details , PivoPoint: 28598.416666666666666666666667,previousPivotPoint: 29637.3,IsUptrendPivot : False,  Resistance1: 29110.733333333333333333333334, Resistance2 : 29712.316666666666666666666667, Support1: 27996.833333333333333333333334, Support2: 27484.516666666666666666666667
2021-04-23 08:27:15.5899|INFO|ExAlgo.Core.Cache.QuoteRepositoryManager|SUN PHARMACEUTICAL IND L Pivot Details , PivoPoint: 644.66666666666666666666666667,previousPivotPoint: 647.51666666666666666666666667,IsUptrendPivot : False,  Resistance1: 651.2333333333333333333333333, Resistance2 : 664.36666666666666666666666667, Support1: 631.5333333333333333333333333, Support2: 624.96666666666666666666666667
2021-04-23 08:27:15.7608|INFO|ExAlgo.Core.Cache.QuoteRepositoryManager|TATA MOTORS Pivot Details , PivoPoint: 296.48333333333333333333333333,previousPivotPoint: 299.90,IsUptrendPivot : False,  Resistance1: 300.51666666666666666666666666, Resistance2 : 306.53333333333333333333333333, Support1: 290.46666666666666666666666666, Support2: 286.43333333333333333333333333
2021-04-23 08:27:15.9231|INFO|ExAlgo.Core.Cache.QuoteRepositoryManager|TATA STEEL Pivot Details , PivoPoint: 919.55,previousPivotPoint: 893.3333333333333333333333333,IsUptrendPivot : True,  Resistance1: 941.45, Resistance2 : 960.40, Support1: 900.60, Support2: 878.70
2021-04-23 08:27:16.0941|INFO|ExAlgo.Core.Cache.QuoteRepositoryManager|TATA CONSULTANCY SERV LT Pivot Details , PivoPoint: 3125.10,previousPivotPoint: 3163.8333333333333333333333333,IsUptrendPivot : False,  Resistance1: 3144.45, Resistance2 : 3167.35, Support1: 3102.20, Support2: 3082.85
2021-04-23 08:27:16.2769|INFO|ExAlgo.Core.Cache.QuoteRepositoryManager|TECH MAHINDRA Pivot Details , PivoPoint: 970.75,previousPivotPoint: 987.25,IsUptrendPivot : False,  Resistance1: 980.75, Resistance2 : 995.50, Support1: 956.00, Support2: 946.00
2021-04-23 08:27:16.4406|INFO|ExAlgo.Core.Cache.QuoteRepositoryManager|TITAN COMPANY Pivot Details , PivoPoint: 1495.0333333333333333333333333,previousPivotPoint: 1530.8166666666666666666666667,IsUptrendPivot : False,  Resistance1: 1516.8166666666666666666666666, Resistance2 : 1551.7833333333333333333333333, Support1: 1460.0666666666666666666666666, Support2: 1438.2833333333333333333333333
2021-04-23 08:27:16.6015|INFO|ExAlgo.Core.Cache.QuoteRepositoryManager|ULTRATECH CEMENT Pivot Details , PivoPoint: 6096.65,previousPivotPoint: 6351.3333333333333333333333333,IsUptrendPivot : False,  Resistance1: 6222.30, Resistance2 : 6349.60, Support1: 5969.35, Support2: 5843.70
2021-04-23 08:27:16.7606|INFO|ExAlgo.Core.Cache.QuoteRepositoryManager|UPL Pivot Details , PivoPoint: 590.76666666666666666666666667,previousPivotPoint: 596.2,IsUptrendPivot : False,  Resistance1: 599.5333333333333333333333333, Resistance2 : 607.66666666666666666666666667, Support1: 582.6333333333333333333333333, Support2: 573.86666666666666666666666667
2021-04-23 08:27:16.9195|INFO|ExAlgo.Core.Cache.QuoteRepositoryManager|WIPRO Pivot Details , PivoPoint: 484.03333333333333333333333333,previousPivotPoint: 471.48333333333333333333333333,IsUptrendPivot : True,  Resistance1: 496.4666666666666666666666667, Resistance2 : 506.93333333333333333333333333, Support1: 473.5666666666666666666666667, Support2: 461.13333333333333333333333333
2021-04-23 08:27:27.1602|INFO|Topshelf.Hosts.ConsoleRunHost|The EzAlgoTrading.Standard service is now running, press Control+C to exit.
istoricalData scheduled at ..9:13
2021-04-23 08:27:27.1602|INFO|ExAlgo.Core.HostService|LoadCurrentData scheduled at ..9:30
2021-04-23 08:27:27.1602|INFO|ExAlgo.Core.HostService|RegisterAndProcessTicks scheduled at ..9:15
2021-04-23 08:27:27.1602|INFO|ExAlgo.Core.HostService|WriteConfirmation scheduled at ..15:30
2021-04-23 08:28:46.0540|INFO|Topshelf.HostFactory|Configuration Result:
[Success] Name EzAlgoTrading.Standard
[Success] DisplayName EzAlgoTrading.Standard 1.0.0.0
[Success] Description Datafactory to process rail reference data
[Success] ServiceName EzAlgoTrading.Standard
2021-04-23 08:28:46.0839|INFO|Topshelf.HostConfigurators.HostConfiguratorImpl|Topshelf v4.3.0.0, .NET Core 3.1.13 (3.1.13)
2021-04-23 08:28:46.2059|ERROR|Topshelf.Runtime.Windows.WindowsHostEnvironment|Unable to get parent process (ignored)
2021-04-23 08:28:46.2070|DEBUG|Topshelf.Builders.RunBuilder|Running as a console application, creating the console host.
2021-04-23 08:28:46.2171|DEBUG|Topshelf.Hosts.ConsoleRunHost|Starting up as a console application
2021-04-23 08:28:46.2556|INFO|Topshelf.Hosts.ConsoleRunHost|The EzAlgoTrading.Standard service is now running, press Control+C to exit.
2021-04-23 08:28:46.2556|INFO|ExAlgo.Core.HostService|Scheduler registered..
2021-04-23 08:28:46.2556|INFO|ExAlgo.Core.HostService|LoadHistoricalData scheduled at ..9:13
2021-04-23 08:28:46.2556|INFO|ExAlgo.Core.HostService|LoadCurrentData scheduled at ..9:30
2021-04-23 08:28:46.2556|INFO|ExAlgo.Core.HostService|RegisterAndProcessTicks scheduled at ..9:15
2021-04-23 08:28:46.2556|INFO|ExAlgo.Core.HostService|WriteConfirmation scheduled at ..15:30
2021-04-23 09:10:00.1274|INFO|ExAlgo.Core.Cache.QuoteRepositoryManager|Historical Data loaded at  4/23/2021 9:10:00 AM
2021-04-23 09:10:00.9771|INFO|ExAlgo.Core.Cache.QuoteRepositoryManager|ADANI PORT & SEZ Pivot Details , PivoPoint: 723.66666666666666666666666667,previousPivotPoint: 725.36666666666666666666666667,IsUptrendPivot : False,  Resistance1: 757.8333333333333333333333333, Resistance2 : 778.96666666666666666666666667, Support1: 702.5333333333333333333333333, Support2: 668.36666666666666666666666667
2021-04-23 09:10:01.2233|INFO|ExAlgo.Core.Cache.QuoteRepositoryManager|ASIAN PAINTS Pivot Details , PivoPoint: 2518.3333333333333333333333333,previousPivotPoint: 2559.95,IsUptrendPivot : False,  Resistance1: 2548.6666666666666666666666666, Resistance2 : 2587.3333333333333333333333333, Support1: 2479.6666666666666666666666666, Support2: 2449.3333333333333333333333333
2021-04-23 09:10:01.5208|INFO|ExAlgo.Core.Cache.QuoteRepositoryManager|AXIS BANK Pivot Details , PivoPoint: 650.78333333333333333333333333,previousPivotPoint: 652.23333333333333333333333333,IsUptrendPivot : False,  Resistance1: 667.0666666666666666666666667, Resistance2 : 677.23333333333333333333333333, Support1: 640.6166666666666666666666667, Support2: 624.33333333333333333333333333
2021-04-23 09:10:01.7323|INFO|ExAlgo.Core.Cache.QuoteRepositoryManager|BAJAJ AUTO Pivot Details , PivoPoint: 3649.1,previousPivotPoint: 3587.85,IsUptrendPivot : True,  Resistance1: 3725.2, Resistance2 : 3768.0, Support1: 3606.3, Support2: 3530.2
2021-04-23 09:10:01.9283|INFO|ExAlgo.Core.Cache.QuoteRepositoryManager|BAJAJ FINSERV. Pivot Details , PivoPoint: 9787.3,previousPivotPoint: 9781.8,IsUptrendPivot : True,  Resistance1: 9964.6, Resistance2 : 10089.2, Support1: 9662.7, Support2: 9485.4
2021-04-23 09:10:02.1302|INFO|ExAlgo.Core.Cache.QuoteRepositoryManager|BAJAJ FINANCE Pivot Details , PivoPoint: 4634.1333333333333333333333333,previousPivotPoint: 4616.4833333333333333333333333,IsUptrendPivot : True,  Resistance1: 4762.466666666666666666666667, Resistance2 : 4841.4333333333333333333333333, Support1: 4555.166666666666666666666667, Support2: 4426.8333333333333333333333333
2021-04-23 09:10:02.3424|INFO|ExAlgo.Core.Cache.QuoteRepositoryManager|BHARTI AIRTEL Pivot Details , PivoPoint: 529.78333333333333333333333333,previousPivotPoint: 530.73333333333333333333333333,IsUptrendPivot : False,  Resistance1: 533.5166666666666666666666667, Resistance2 : 536.93333333333333333333333333, Support1: 526.3666666666666666666666667, Support2: 522.63333333333333333333333333
2021-04-23 09:10:02.5212|INFO|ExAlgo.Core.Cache.QuoteRepositoryManager|BHARAT PETROLEUM CORP  LT Pivot Details , PivoPoint: 414.08333333333333333333333333,previousPivotPoint: 409.35,IsUptrendPivot : True,  Resistance1: 424.5666666666666666666666667, Resistance2 : 431.68333333333333333333333333, Support1: 406.9666666666666666666666667, Support2: 396.48333333333333333333333333
2021-04-23 09:10:02.6918|INFO|ExAlgo.Core.Cache.QuoteRepositoryManager|BRITANNIA INDUSTRIES Pivot Details , PivoPoint: 3733.7833333333333333333333333,previousPivotPoint: 3721.9833333333333333333333333,IsUptrendPivot : True,  Resistance1: 3775.4166666666666666666666666, Resistance2 : 3807.6333333333333333333333333, Support1: 3701.5666666666666666666666666, Support2: 3659.9333333333333333333333333
2021-04-23 09:10:02.8802|INFO|ExAlgo.Core.Cache.QuoteRepositoryManager|CIPLA Pivot Details , PivoPoint: 949.2,previousPivotPoint: 952.7833333333333333333333333,IsUptrendPivot : False,  Resistance1: 959.3, Resistance2 : 973.1, Support1: 935.4, Support2: 925.3
2021-04-23 09:10:03.0758|INFO|ExAlgo.Core.Cache.QuoteRepositoryManager|COAL INDIA Pivot Details , PivoPoint: 124.83333333333333333333333333,previousPivotPoint: 124.93333333333333333333333333,IsUptrendPivot : False,  Resistance1: 125.66666666666666666666666666, Resistance2 : 126.33333333333333333333333333, Support1: 124.16666666666666666666666666, Support2: 123.33333333333333333333333333
2021-04-23 09:10:03.2484|INFO|ExAlgo.Core.Cache.QuoteRepositoryManager|DIVI'S LABORATORIES Pivot Details , PivoPoint: 3768.1166666666666666666666667,previousPivotPoint: 3790.6333333333333333333333333,IsUptrendPivot : False,  Resistance1: 3794.0333333333333333333333334, Resistance2 : 3837.9666666666666666666666667, Support1: 3724.1833333333333333333333334, Support2: 3698.2666666666666666666666667
2021-04-23 09:10:03.4453|INFO|ExAlgo.Core.Cache.QuoteRepositoryManager|DR. REDDY'S LABORATORIES Pivot Details , PivoPoint: 5216.5666666666666666666666667,previousPivotPoint: 5151.85,IsUptrendPivot : True,  Resistance1: 5272.383333333333333333333333, Resistance2 : 5344.8166666666666666666666667, Support1: 5144.133333333333333333333333, Support2: 5088.3166666666666666666666667
2021-04-23 09:10:03.6323|INFO|ExAlgo.Core.Cache.QuoteRepositoryManager|EICHER MOTORS Pivot Details , PivoPoint: 2330.0333333333333333333333333,previousPivotPoint: 2353.7833333333333333333333333,IsUptrendPivot : False,  Resistance1: 2355.0666666666666666666666666, Resistance2 : 2373.1333333333333333333333333, Support1: 2311.9666666666666666666666666, Support2: 2286.9333333333333333333333333
2021-04-23 09:10:03.8175|INFO|ExAlgo.Core.Cache.QuoteRepositoryManager|GAIL (INDIA) Pivot Details , PivoPoint: 132.56666666666666666666666667,previousPivotPoint: 135.96666666666666666666666667,IsUptrendPivot : False,  Resistance1: 134.63333333333333333333333334, Resistance2 : 136.26666666666666666666666667, Support1: 130.93333333333333333333333334, Support2: 128.86666666666666666666666667
2021-04-23 09:10:04.0161|INFO|ExAlgo.Core.Cache.QuoteRepositoryManager|GRASIM INDUSTRIES Pivot Details , PivoPoint: 1296.4333333333333333333333333,previousPivotPoint: 1312.85,IsUptrendPivot : False,  Resistance1: 1322.0166666666666666666666666, Resistance2 : 1338.9833333333333333333333333, Support1: 1279.4666666666666666666666666, Support2: 1253.8833333333333333333333333
2021-04-23 09:10:04.2091|INFO|ExAlgo.Core.Cache.QuoteRepositoryManager|HCL TECHNOLOGIES Pivot Details , PivoPoint: 962.6333333333333333333333333,previousPivotPoint: 974.6333333333333333333333333,IsUptrendPivot : False,  Resistance1: 969.9666666666666666666666666, Resistance2 : 979.2333333333333333333333333, Support1: 953.3666666666666666666666666, Support2: 946.0333333333333333333333333
2021-04-23 09:10:04.3924|INFO|ExAlgo.Core.Cache.QuoteRepositoryManager|HDFC Pivot Details , PivoPoint: 2445.40,previousPivotPoint: 2452.8666666666666666666666667,IsUptrendPivot : False,  Resistance1: 2517.65, Resistance2 : 2557.25, Support1: 2405.80, Support2: 2333.55
2021-04-23 09:10:04.5749|INFO|ExAlgo.Core.Cache.QuoteRepositoryManager|HDFC BANK Pivot Details , PivoPoint: 1406.5833333333333333333333333,previousPivotPoint: 1400.0333333333333333333333333,IsUptrendPivot : True,  Resistance1: 1441.1166666666666666666666666, Resistance2 : 1461.2333333333333333333333333, Support1: 1386.4666666666666666666666666, Support2: 1351.9333333333333333333333333
2021-04-23 09:10:04.7746|INFO|ExAlgo.Core.Cache.QuoteRepositoryManager|HDFC LIFE INS CO Pivot Details , PivoPoint: 678.28333333333333333333333333,previousPivotPoint: 681.7,IsUptrendPivot : False,  Resistance1: 684.5666666666666666666666667, Resistance2 : 689.08333333333333333333333333, Support1: 673.7666666666666666666666667, Support2: 667.48333333333333333333333333
2021-04-23 09:10:04.9972|INFO|ExAlgo.Core.Cache.QuoteRepositoryManager|HERO MOTOCORP Pivot Details , PivoPoint: 2827.4666666666666666666666667,previousPivotPoint: 2822.2666666666666666666666667,IsUptrendPivot : True,  Resistance1: 2904.7333333333333333333333334, Resistance2 : 2959.4666666666666666666666667, Support1: 2772.7333333333333333333333334, Support2: 2695.4666666666666666666666667
2021-04-23 09:10:05.1890|INFO|ExAlgo.Core.Cache.QuoteRepositoryManager|HINDALCO  INDUSTRIES  Pivot Details , PivoPoint: 358.78333333333333333333333333,previousPivotPoint: 361.43333333333333333333333333,IsUptrendPivot : False,  Resistance1: 362.81666666666666666666666666, Resistance2 : 369.63333333333333333333333333, Support1: 351.96666666666666666666666666, Support2: 347.93333333333333333333333333
2021-04-23 09:10:05.3962|INFO|ExAlgo.Core.Cache.QuoteRepositoryManager|HINDUSTAN UNILEVER. Pivot Details , PivoPoint: 2358.1,previousPivotPoint: 2412.2666666666666666666666667,IsUptrendPivot : False,  Resistance1: 2384.2, Resistance2 : 2416.1, Support1: 2326.2, Support2: 2300.1
2021-04-23 09:10:05.5928|INFO|ExAlgo.Core.Cache.QuoteRepositoryManager|ICICI BANK. Pivot Details , PivoPoint: 568.35,previousPivotPoint: 561.16666666666666666666666667,IsUptrendPivot : True,  Resistance1: 589.80, Resistance2 : 602.05, Support1: 556.10, Support2: 534.65
2021-04-23 09:10:05.7805|INFO|ExAlgo.Core.Cache.QuoteRepositoryManager|INDUSIND BANK Pivot Details , PivoPoint: 829.9833333333333333333333333,previousPivotPoint: 849.0166666666666666666666667,IsUptrendPivot : False,  Resistance1: 844.9666666666666666666666666, Resistance2 : 854.9333333333333333333333333, Support1: 820.0166666666666666666666666, Support2: 805.0333333333333333333333333
2021-04-23 09:10:05.9868|INFO|ExAlgo.Core.Cache.QuoteRepositoryManager|INFOSYS Pivot Details , PivoPoint: 1353.9833333333333333333333333,previousPivotPoint: 1356.9666666666666666666666667,IsUptrendPivot : False,  Resistance1: 1362.7166666666666666666666666, Resistance2 : 1373.4833333333333333333333333, Support1: 1343.2166666666666666666666666, Support2: 1334.4833333333333333333333333
2021-04-23 09:10:06.1861|INFO|ExAlgo.Core.Cache.QuoteRepositoryManager|INDIAN OIL CORP Pivot Details , PivoPoint: 87.83333333333333333333333333,previousPivotPoint: 88.15,IsUptrendPivot : False,  Resistance1: 88.26666666666666666666666666, Resistance2 : 88.73333333333333333333333333, Support1: 87.36666666666666666666666666, Support2: 86.93333333333333333333333333
2021-04-23 09:10:06.3748|INFO|ExAlgo.Core.Cache.QuoteRepositoryManager|ITC Pivot Details , PivoPoint: 204.31666666666666666666666667,previousPivotPoint: 204.23333333333333333333333333,IsUptrendPivot : True,  Resistance1: 207.83333333333333333333333334, Resistance2 : 209.81666666666666666666666667, Support1: 202.33333333333333333333333334, Support2: 198.81666666666666666666666667
2021-04-23 09:10:06.5531|INFO|ExAlgo.Core.Cache.QuoteRepositoryManager|JSW STEEL Pivot Details , PivoPoint: 633.65,previousPivotPoint: 620.98333333333333333333333333,IsUptrendPivot : True,  Resistance1: 655.50, Resistance2 : 671.95, Support1: 617.20, Support2: 595.35
2021-04-23 09:10:06.7494|INFO|ExAlgo.Core.Cache.QuoteRepositoryManager|KOTAK MAHINDRA BANK Pivot Details , PivoPoint: 1713.8333333333333333333333333,previousPivotPoint: 1705.4166666666666666666666667,IsUptrendPivot : True,  Resistance1: 1758.4166666666666666666666666, Resistance2 : 1784.0833333333333333333333333, Support1: 1688.1666666666666666666666666, Support2: 1643.5833333333333333333333333
2021-04-23 09:10:06.9361|INFO|ExAlgo.Core.Cache.QuoteRepositoryManager|LARSEN & TOUBRO. Pivot Details , PivoPoint: 1328.8333333333333333333333333,previousPivotPoint: 1329.15,IsUptrendPivot : False,  Resistance1: 1350.0666666666666666666666666, Resistance2 : 1360.7333333333333333333333333, Support1: 1318.1666666666666666666666666, Support2: 1296.9333333333333333333333333
2021-04-23 09:10:07.1427|INFO|ExAlgo.Core.Cache.QuoteRepositoryManager|MAHINDRA & MAHINDRA Pivot Details , PivoPoint: 796.1333333333333333333333333,previousPivotPoint: 810.9166666666666666666666667,IsUptrendPivot : False,  Resistance1: 806.7166666666666666666666666, Resistance2 : 815.4333333333333333333333333, Support1: 787.4166666666666666666666666, Support2: 776.8333333333333333333333333
2021-04-23 09:10:07.3169|INFO|ExAlgo.Core.Cache.QuoteRepositoryManager|MARUTI SUZUKI INDIA. Pivot Details , PivoPoint: 6622.6333333333333333333333333,previousPivotPoint: 6626.9,IsUptrendPivot : False,  Resistance1: 6700.266666666666666666666667, Resistance2 : 6752.5333333333333333333333333, Support1: 6570.366666666666666666666667, Support2: 6492.7333333333333333333333333
2021-04-23 09:10:07.4873|INFO|ExAlgo.Core.Cache.QuoteRepositoryManager|NESTLE INDIA Pivot Details , PivoPoint: 16843.516666666666666666666667,previousPivotPoint: 17141.683333333333333333333333,IsUptrendPivot : False,  Resistance1: 17131.483333333333333333333334, Resistance2 : 17477.966666666666666666666667, Support1: 16497.033333333333333333333334, Support2: 16209.066666666666666666666667
2021-04-23 09:10:07.6658|INFO|ExAlgo.Core.Cache.QuoteRepositoryManager|NTPC Pivot Details , PivoPoint: 98.55,previousPivotPoint: 99.21666666666666666666666667,IsUptrendPivot : False,  Resistance1: 100.05, Resistance2 : 101.25, Support1: 97.35, Support2: 95.85
2021-04-23 09:10:07.8627|INFO|ExAlgo.Core.Cache.QuoteRepositoryManager|OIL AND NATURAL GAS CORP. Pivot Details , PivoPoint: 103.08333333333333333333333333,previousPivotPoint: 103.6,IsUptrendPivot : False,  Resistance1: 104.46666666666666666666666666, Resistance2 : 105.83333333333333333333333333, Support1: 101.71666666666666666666666666, Support2: 100.33333333333333333333333333
2021-04-23 09:10:08.0484|INFO|ExAlgo.Core.Cache.QuoteRepositoryManager|POWER GRID CORP.. Pivot Details , PivoPoint: 203.1,previousPivotPoint: 203.38333333333333333333333333,IsUptrendPivot : False,  Resistance1: 205.0, Resistance2 : 206.8, Support1: 201.3, Support2: 199.4
2021-04-23 09:10:08.2164|INFO|ExAlgo.Core.Cache.QuoteRepositoryManager|RELIANCE INDUSTRIES Pivot Details , PivoPoint: 1899.25,previousPivotPoint: 1904.8333333333333333333333333,IsUptrendPivot : False,  Resistance1: 1920.25, Resistance2 : 1935.40, Support1: 1884.10, Support2: 1863.10
2021-04-23 09:10:08.4013|INFO|ExAlgo.Core.Cache.QuoteRepositoryManager|SBI LIFE INSURANCE CO Pivot Details , PivoPoint: 910.20,previousPivotPoint: 909.1166666666666666666666667,IsUptrendPivot : True,  Resistance1: 924.45, Resistance2 : 934.90, Support1: 899.75, Support2: 885.50
2021-04-23 09:10:08.5828|INFO|ExAlgo.Core.Cache.QuoteRepositoryManager|STATE BANK OF INDIA Pivot Details , PivoPoint: 332.56666666666666666666666667,previousPivotPoint: 331.93333333333333333333333333,IsUptrendPivot : True,  Resistance1: 341.28333333333333333333333334, Resistance2 : 346.31666666666666666666666667, Support1: 327.53333333333333333333333334, Support2: 318.81666666666666666666666667
2021-04-23 09:10:08.7592|INFO|ExAlgo.Core.Cache.QuoteRepositoryManager|SHREE CEMENT Pivot Details , PivoPoint: 28598.416666666666666666666667,previousPivotPoint: 29637.3,IsUptrendPivot : False,  Resistance1: 29110.733333333333333333333334, Resistance2 : 29712.316666666666666666666667, Support1: 27996.833333333333333333333334, Support2: 27484.516666666666666666666667
2021-04-23 09:10:08.9476|INFO|ExAlgo.Core.Cache.QuoteRepositoryManager|SUN PHARMACEUTICAL IND L Pivot Details , PivoPoint: 644.66666666666666666666666667,previousPivotPoint: 647.51666666666666666666666667,IsUptrendPivot : False,  Resistance1: 651.2333333333333333333333333, Resistance2 : 664.36666666666666666666666667, Support1: 631.5333333333333333333333333, Support2: 624.96666666666666666666666667
2021-04-23 09:10:09.1376|INFO|ExAlgo.Core.Cache.QuoteRepositoryManager|TATA MOTORS Pivot Details , PivoPoint: 296.48333333333333333333333333,previousPivotPoint: 299.90,IsUptrendPivot : False,  Resistance1: 300.51666666666666666666666666, Resistance2 : 306.53333333333333333333333333, Support1: 290.46666666666666666666666666, Support2: 286.43333333333333333333333333
2021-04-23 09:10:09.2987|INFO|ExAlgo.Core.Cache.QuoteRepositoryManager|TATA STEEL Pivot Details , PivoPoint: 919.55,previousPivotPoint: 893.3333333333333333333333333,IsUptrendPivot : True,  Resistance1: 941.45, Resistance2 : 960.40, Support1: 900.60, Support2: 878.70
2021-04-23 09:10:09.4759|INFO|ExAlgo.Core.Cache.QuoteRepositoryManager|TATA CONSULTANCY SERV LT Pivot Details , PivoPoint: 3125.10,previousPivotPoint: 3163.8333333333333333333333333,IsUptrendPivot : False,  Resistance1: 3144.45, Resistance2 : 3167.35, Support1: 3102.20, Support2: 3082.85
2021-04-23 09:10:09.6537|INFO|ExAlgo.Core.Cache.QuoteRepositoryManager|TECH MAHINDRA Pivot Details , PivoPoint: 970.75,previousPivotPoint: 987.25,IsUptrendPivot : False,  Resistance1: 980.75, Resistance2 : 995.50, Support1: 956.00, Support2: 946.00
2021-04-23 09:10:09.8444|INFO|ExAlgo.Core.Cache.QuoteRepositoryManager|TITAN COMPANY Pivot Details , PivoPoint: 1495.0333333333333333333333333,previousPivotPoint: 1530.8166666666666666666666667,IsUptrendPivot : False,  Resistance1: 1516.8166666666666666666666666, Resistance2 : 1551.7833333333333333333333333, Support1: 1460.0666666666666666666666666, Support2: 1438.2833333333333333333333333
2021-04-23 09:10:10.0237|INFO|ExAlgo.Core.Cache.QuoteRepositoryManager|ULTRATECH CEMENT Pivot Details , PivoPoint: 6096.65,previousPivotPoint: 6351.3333333333333333333333333,IsUptrendPivot : False,  Resistance1: 6222.30, Resistance2 : 6349.60, Support1: 5969.35, Support2: 5843.70
2021-04-23 09:10:10.2208|INFO|ExAlgo.Core.Cache.QuoteRepositoryManager|UPL Pivot Details , PivoPoint: 590.76666666666666666666666667,previousPivotPoint: 596.2,IsUptrendPivot : False,  Resistance1: 599.5333333333333333333333333, Resistance2 : 607.66666666666666666666666667, Support1: 582.6333333333333333333333333, Support2: 573.86666666666666666666666667
2021-04-23 09:10:10.3967|INFO|ExAlgo.Core.Cache.QuoteRepositoryManager|WIPRO Pivot Details , PivoPoint: 484.03333333333333333333333333,previousPivotPoint: 471.48333333333333333333333333,IsUptrendPivot : True,  Resistance1: 496.4666666666666666666666667, Resistance2 : 506.93333333333333333333333333, Support1: 473.5666666666666666666666667, Support2: 461.13333333333333333333333333
2021-04-23 09:15:00.8413|INFO|ExAlgo.Core.Order.OrderProcessor|Recieved order for {"BrokerageAndTxn":250.0,"Instrument":"INFOSYS","BuyPrice":1343.0,"Target":1337.628,"StopLoss":1363.145,"OrderTime":"2021-04-23T09:15:00.700467+05:30","SellTime":"0001-01-01T00:00:00","Result":"NA","GrossProfit":0.0,"InstrumentToken":408065,"OrderType":"Short","Qty":372,"ConnorsRsi":0.0,"Ema200":0.0,"NetProfit":-250.0,"OrderStrategy":"MovingAverage6And200","RevicedStopLoss":{},"PullDownTime":"2021-04-23T09:15:00"}
2021-04-23 09:15:07.8535|INFO|ExAlgo.Core.Order.OrderProcessor|Recieved order for {"BrokerageAndTxn":250.0,"Instrument":"EICHER MOTORS","BuyPrice":2311.35,"Target":2302.1046,"StopLoss":2346.02025,"OrderTime":"2021-04-23T09:15:07.852015+05:30","SellTime":"0001-01-01T00:00:00","Result":"NA","GrossProfit":0.0,"InstrumentToken":232961,"OrderType":"Short","Qty":216,"ConnorsRsi":0.0,"Ema200":0.0,"NetProfit":-250.0,"OrderStrategy":"MovingAverage6And200","RevicedStopLoss":{},"PullDownTime":"2021-04-23T09:15:00"}
2021-04-23 09:15:52.2729|INFO|ExAlgo.Core.Order.OrderProcessor|Order executed for INFOSYS - {"BrokerageAndTxn":250.0,"Instrument":"INFOSYS","BuyPrice":1343.0,"Target":1337.628,"StopLoss":1363.145,"OrderTime":"2021-04-23T09:15:00.700467+05:30","SellTime":"2021-04-23T09:15:52.271917+05:30","Result":"Profit","GrossProfit":1998.38400000002,"InstrumentToken":408065,"OrderType":"Short","Qty":372,"ConnorsRsi":0.0,"Ema200":0.0,"NetProfit":1748.38400000002,"OrderStrategy":"MovingAverage6And200","RevicedStopLoss":{},"PullDownTime":"2021-04-23T09:15:00"}
2021-04-23 09:15:54.1013|INFO|ExAlgo.Core.Order.OrderProcessor|Recieved order for {"BrokerageAndTxn":250.0,"Instrument":"TATA CONSULTANCY SERV LT","BuyPrice":3101.05,"Target":3088.6458000000002,"StopLoss":3147.56575,"OrderTime":"2021-04-23T09:15:54.100806+05:30","SellTime":"0001-01-01T00:00:00","Result":"NA","GrossProfit":0.0,"InstrumentToken":2953217,"OrderType":"Short","Qty":161,"ConnorsRsi":0.0,"Ema200":0.0,"NetProfit":-250.0,"OrderStrategy":"MovingAverage6And200","RevicedStopLoss":{},"PullDownTime":"2021-04-23T09:15:00"}
2021-04-23 09:17:06.0955|INFO|ExAlgo.Core.Order.OrderProcessor|Recieved order for {"BrokerageAndTxn":250.0,"Instrument":"TECH MAHINDRA","BuyPrice":955.65,"Target":951.8274,"StopLoss":969.98475,"OrderTime":"2021-04-23T09:17:06.095081+05:30","SellTime":"0001-01-01T00:00:00","Result":"NA","GrossProfit":0.0,"InstrumentToken":3465729,"OrderType":"Short","Qty":523,"ConnorsRsi":0.0,"Ema200":0.0,"NetProfit":-250.0,"OrderStrategy":"MovingAverage6And200","RevicedStopLoss":{},"PullDownTime":"2021-04-23T09:15:00"}
2021-04-23 09:18:02.4597|INFO|ExAlgo.Core.Order.OrderProcessor|Recieved order for {"BrokerageAndTxn":250.0,"Instrument":"TATA STEEL","BuyPrice":941.65,"Target":945.4166,"StopLoss":927.52525,"OrderTime":"2021-04-23T09:18:02.459371+05:30","SellTime":"0001-01-01T00:00:00","Result":"NA","GrossProfit":0.0,"InstrumentToken":895745,"OrderType":"Long","Qty":530,"ConnorsRsi":0.0,"Ema200":0.0,"NetProfit":-250.0,"OrderStrategy":"MovingAverage6And200","RevicedStopLoss":{},"PullDownTime":"2021-04-23T09:15:00"}
2021-04-23 09:26:27.0811|INFO|ExAlgo.Core.Order.OrderProcessor|Order executed for TECH MAHINDRA - {"BrokerageAndTxn":250.0,"Instrument":"TECH MAHINDRA","BuyPrice":955.65,"Target":951.8274,"StopLoss":969.98475,"OrderTime":"2021-04-23T09:17:06.095081+05:30","SellTime":"2021-04-23T09:26:27.080736+05:30","Result":"Loss","GrossProfit":-7497.074249999947,"InstrumentToken":3465729,"OrderType":"Short","Qty":523,"ConnorsRsi":0.0,"Ema200":0.0,"NetProfit":-7747.074249999947,"OrderStrategy":"MovingAverage6And200","RevicedStopLoss":{},"PullDownTime":"2021-04-23T09:15:00"}
2021-04-23 09:27:06.7474|INFO|ExAlgo.Core.Order.OrderProcessor|Recieved order for {"BrokerageAndTxn":250.0,"Instrument":"HINDUSTAN UNILEVER.","BuyPrice":2325.85,"Target":2316.5466,"StopLoss":2360.73775,"OrderTime":"2021-04-23T09:27:06.747115+05:30","SellTime":"0001-01-01T00:00:00","Result":"NA","GrossProfit":0.0,"InstrumentToken":356865,"OrderType":"Short","Qty":214,"ConnorsRsi":0.0,"Ema200":0.0,"NetProfit":-250.0,"OrderStrategy":"MovingAverage6And200","RevicedStopLoss":{},"PullDownTime":"2021-04-23T09:15:00"}
2021-04-23 09:30:04.0023|INFO|ExAlgo.Core.Cache.QuoteRepositoryManager|Current Data loaded at  4/23/2021 9:30:04 AM
2021-04-23 09:33:23.0593|INFO|ExAlgo.Core.Order.OrderProcessor|Recieved order for {"BrokerageAndTxn":250.0,"Instrument":"TITAN COMPANY","BuyPrice":1492.8,"Target":1490.5608,"StopLoss":1515.192,"OrderTime":"2021-04-23T09:33:23.05912+05:30","SellTime":"0001-01-01T00:00:00","Result":"NA","GrossProfit":0.0,"InstrumentToken":897537,"OrderType":"Short","Qty":334,"ConnorsRsi":91.52607266838180238803344648,"Ema200":1524.1016374483705147827516750,"NetProfit":-250.0,"OrderStrategy":"ConnorsRsiAndEma200","RevicedStopLoss":{},"PullDownTime":"2021-04-23T09:30:00"}
2021-04-23 09:39:33.7472|INFO|ExAlgo.Core.Order.OrderProcessor|Order executed for HINDUSTAN UNILEVER. - {"BrokerageAndTxn":250.0,"Instrument":"HINDUSTAN UNILEVER.","BuyPrice":2325.85,"Target":2316.5466,"StopLoss":2360.73775,"OrderTime":"2021-04-23T09:27:06.747115+05:30","SellTime":"2021-04-23T09:39:33.746821+05:30","Result":"Profit","GrossProfit":1990.9275999999372,"InstrumentToken":356865,"OrderType":"Short","Qty":214,"ConnorsRsi":0.0,"Ema200":0.0,"NetProfit":1740.9275999999372,"OrderStrategy":"MovingAverage6And200","RevicedStopLoss":{},"PullDownTime":"2021-04-23T09:15:00"}
2021-04-23 09:45:04.0197|INFO|ExAlgo.Core.Cache.QuoteRepositoryManager|Current Data loaded at  4/23/2021 9:45:04 AM
2021-04-23 09:50:19.8839|INFO|ExAlgo.Core.Order.OrderProcessor|Order executed for TITAN COMPANY - {"BrokerageAndTxn":250.0,"Instrument":"TITAN COMPANY","BuyPrice":1492.8,"Target":1490.5608,"StopLoss":1515.192,"OrderTime":"2021-04-23T09:33:23.05912+05:30","SellTime":"2021-04-23T09:50:19.883635+05:30","Result":"Profit","GrossProfit":747.8928000000305,"InstrumentToken":897537,"OrderType":"Short","Qty":334,"ConnorsRsi":91.52607266838180238803344648,"Ema200":1524.1016374483705147827516750,"NetProfit":497.89280000003055,"OrderStrategy":"ConnorsRsiAndEma200","RevicedStopLoss":{},"PullDownTime":"2021-04-23T09:30:00"}
2021-04-23 09:55:00.1279|INFO|ExAlgo.Core.Order.OrderProcessor|Recieved order for {"BrokerageAndTxn":250.0,"Instrument":"BAJAJ AUTO","BuyPrice":3648.05,"Target":3653.5220750000003,"StopLoss":3593.3292500000002,"OrderTime":"2021-04-23T09:55:00.127794+05:30","SellTime":"0001-01-01T00:00:00","Result":"NA","GrossProfit":0.0,"InstrumentToken":4267265,"OrderType":"Long","Qty":137,"ConnorsRsi":9.646848161723625767252347787,"Ema200":3603.2770051541478164390912844,"NetProfit":-250.0,"OrderStrategy":"ConnorsRsiAndEma200","RevicedStopLoss":{},"PullDownTime":"2021-04-23T09:45:00"}
2021-04-23 09:55:25.3293|INFO|ExAlgo.Core.Order.OrderProcessor|Recieved order for {"BrokerageAndTxn":250.0,"Instrument":"NTPC","BuyPrice":100.0,"Target":99.85,"StopLoss":101.5,"OrderTime":"2021-04-23T09:55:25.329194+05:30","SellTime":"0001-01-01T00:00:00","Result":"NA","GrossProfit":0.0,"InstrumentToken":2977281,"OrderType":"Short","Qty":5000,"ConnorsRsi":90.17675512544200370914126594,"Ema200":100.80948263445464187240585623,"NetProfit":-250.0,"OrderStrategy":"ConnorsRsiAndEma200","RevicedStopLoss":{},"PullDownTime":"2021-04-23T09:45:00"}
2021-04-23 09:56:31.3272|INFO|ExAlgo.Core.Order.OrderProcessor|Order executed for BAJAJ AUTO - {"BrokerageAndTxn":250.0,"Instrument":"BAJAJ AUTO","BuyPrice":3648.05,"Target":3653.5220750000003,"StopLoss":3593.3292500000002,"OrderTime":"2021-04-23T09:55:00.127794+05:30","SellTime":"2021-04-23T09:56:31.327036+05:30","Result":"Profit","GrossProfit":749.6742749999976,"InstrumentToken":4267265,"OrderType":"Long","Qty":137,"ConnorsRsi":9.646848161723625767252347787,"Ema200":3603.2770051541478164390912844,"NetProfit":499.6742749999976,"OrderStrategy":"ConnorsRsiAndEma200","RevicedStopLoss":{},"PullDownTime":"2021-04-23T09:45:00"}
2021-04-23 10:00:04.0374|INFO|ExAlgo.Core.Cache.QuoteRepositoryManager|Current Data loaded at  4/23/2021 10:00:04 AM
2021-04-23 10:06:31.3015|INFO|ExAlgo.Core.Order.OrderProcessor|Recieved order for {"BrokerageAndTxn":250.0,"Instrument":"INDIAN OIL CORP","BuyPrice":88.2,"Target":88.0677,"StopLoss":89.523,"OrderTime":"2021-04-23T10:06:31.301265+05:30","SellTime":"0001-01-01T00:00:00","Result":"NA","GrossProfit":0.0,"InstrumentToken":415745,"OrderType":"Short","Qty":5668,"ConnorsRsi":90.63047349405510453375996452,"Ema200":89.02892674079289421273849551,"NetProfit":-250.0,"OrderStrategy":"ConnorsRsiAndEma200","RevicedStopLoss":{},"PullDownTime":"2021-04-23T10:00:00"}
2021-04-23 10:08:53.4865|INFO|ExAlgo.Core.Order.OrderProcessor|Order executed for INDIAN OIL CORP - {"BrokerageAndTxn":250.0,"Instrument":"INDIAN OIL CORP","BuyPrice":88.2,"Target":88.0677,"StopLoss":89.523,"OrderTime":"2021-04-23T10:06:31.301265+05:30","SellTime":"2021-04-23T10:08:53.48628+05:30","Result":"Profit","GrossProfit":749.8764000000083,"InstrumentToken":415745,"OrderType":"Short","Qty":5668,"ConnorsRsi":90.63047349405510453375996452,"Ema200":89.02892674079289421273849551,"NetProfit":499.8764000000083,"OrderStrategy":"ConnorsRsiAndEma200","RevicedStopLoss":{},"PullDownTime":"2021-04-23T10:00:00"}
2021-04-23 10:10:32.4890|INFO|ExAlgo.Core.Order.OrderProcessor|Recieved order for {"BrokerageAndTxn":250.0,"Instrument":"HCL TECHNOLOGIES","BuyPrice":970.65,"Target":969.194025,"StopLoss":985.20975,"OrderTime":"2021-04-23T10:10:32.488974+05:30","SellTime":"0001-01-01T00:00:00","Result":"NA","GrossProfit":0.0,"InstrumentToken":1850625,"OrderType":"Short","Qty":515,"ConnorsRsi":90.13653367380323231635417021,"Ema200":990.0242085802061189249854977,"NetProfit":-250.0,"OrderStrategy":"ConnorsRsiAndEma200","RevicedStopLoss":{},"PullDownTime":"2021-04-23T10:00:00"}
2021-04-23 10:10:52.9322|INFO|ExAlgo.Core.Order.OrderProcessor|Recieved order for {"BrokerageAndTxn":250.0,"Instrument":"COAL INDIA","BuyPrice":125.6,"Target":125.41159999999999,"StopLoss":127.484,"OrderTime":"2021-04-23T10:10:52.932141+05:30","SellTime":"0001-01-01T00:00:00","Result":"NA","GrossProfit":0.0,"InstrumentToken":5215745,"OrderType":"Short","Qty":3980,"ConnorsRsi":90.12034940664724126269068371,"Ema200":126.58943871888223037304313954,"NetProfit":-250.0,"OrderStrategy":"ConnorsRsiAndEma200","RevicedStopLoss":{},"PullDownTime":"2021-04-23T10:00:00"}
2021-04-23 10:11:41.5282|INFO|ExAlgo.Core.Order.OrderProcessor|Order executed for HCL TECHNOLOGIES - {"BrokerageAndTxn":250.0,"Instrument":"HCL TECHNOLOGIES","BuyPrice":970.65,"Target":969.194025,"StopLoss":985.20975,"OrderTime":"2021-04-23T10:10:32.488974+05:30","SellTime":"2021-04-23T10:11:41.528138+05:30","Result":"Profit","GrossProfit":749.8271250000107,"InstrumentToken":1850625,"OrderType":"Short","Qty":515,"ConnorsRsi":90.13653367380323231635417021,"Ema200":990.0242085802061189249854977,"NetProfit":499.8271250000107,"OrderStrategy":"ConnorsRsiAndEma200","RevicedStopLoss":{},"PullDownTime":"2021-04-23T10:00:00"}
2021-04-23 10:11:52.9042|INFO|ExAlgo.Core.Order.OrderProcessor|Recieved order for {"BrokerageAndTxn":250.0,"Instrument":"INDUSIND BANK","BuyPrice":849.5,"Target":848.22575,"StopLoss":862.2425,"OrderTime":"2021-04-23T10:11:52.90408+05:30","SellTime":"0001-01-01T00:00:00","Result":"NA","GrossProfit":0.0,"InstrumentToken":1346049,"OrderType":"Short","Qty":588,"ConnorsRsi":90.27059021696775137358069482,"Ema200":861.6355076977878678861330634,"NetProfit":-250.0,"OrderStrategy":"ConnorsRsiAndEma200","RevicedStopLoss":{},"PullDownTime":"2021-04-23T10:00:00"}
2021-04-23 10:15:00.7931|INFO|ExAlgo.Core.Order.OrderProcessor|Recieved order for {"BrokerageAndTxn":250.0,"Instrument":"INDIAN OIL CORP","BuyPrice":88.25,"Target":88.117625,"StopLoss":89.57375,"OrderTime":"2021-04-23T10:15:00.793014+05:30","SellTime":"0001-01-01T00:00:00","Result":"NA","GrossProfit":0.0,"InstrumentToken":415745,"OrderType":"Short","Qty":5665,"ConnorsRsi":91.73462492544103749787390973,"Ema200":89.02892674079289421273849551,"NetProfit":-250.0,"OrderStrategy":"ConnorsRsiAndEma200","RevicedStopLoss":{},"PullDownTime":"2021-04-23T10:15:00"}
2021-04-23 10:15:04.0464|INFO|ExAlgo.Core.Cache.QuoteRepositoryManager|Current Data loaded at  4/23/2021 10:15:04 AM
2021-04-23 10:16:31.9076|INFO|ExAlgo.Core.Order.OrderProcessor|Order executed for NTPC - {"BrokerageAndTxn":250.0,"Instrument":"NTPC","BuyPrice":100.0,"Target":99.85,"StopLoss":101.5,"OrderTime":"2021-04-23T09:55:25.329194+05:30","SellTime":"2021-04-23T10:16:31.907458+05:30","Result":"Loss","GrossProfit":-7500.0,"InstrumentToken":2977281,"OrderType":"Short","Qty":5000,"ConnorsRsi":90.17675512544200370914126594,"Ema200":100.80948263445464187240585623,"NetProfit":-7750.0,"OrderStrategy":"ConnorsRsiAndEma200","RevicedStopLoss":{},"PullDownTime":"2021-04-23T09:45:00"}
2021-04-23 10:18:18.7291|INFO|ExAlgo.Core.Order.OrderProcessor|Recieved order for {"BrokerageAndTxn":250.0,"Instrument":"CIPLA","BuyPrice":942.3,"Target":943.71345,"StopLoss":928.1655,"OrderTime":"2021-04-23T10:18:18.729002+05:30","SellTime":"0001-01-01T00:00:00","Result":"NA","GrossProfit":0.0,"InstrumentToken":177665,"OrderType":"Long","Qty":530,"ConnorsRsi":9.875056792854010830712317317,"Ema200":920.3084569881902373024012015,"NetProfit":-250.0,"OrderStrategy":"ConnorsRsiAndEma200","RevicedStopLoss":{},"PullDownTime":"2021-04-23T10:15:00"}
2021-04-23 10:19:41.0046|INFO|ExAlgo.Core.Order.OrderProcessor|Order executed for INDUSIND BANK - {"BrokerageAndTxn":250.0,"Instrument":"INDUSIND BANK","BuyPrice":849.5,"Target":848.22575,"StopLoss":862.2425,"OrderTime":"2021-04-23T10:11:52.90408+05:30","SellTime":"2021-04-23T10:19:41.00454+05:30","Result":"Profit","GrossProfit":749.25900000002,"InstrumentToken":1346049,"OrderType":"Short","Qty":588,"ConnorsRsi":90.27059021696775137358069482,"Ema200":861.6355076977878678861330634,"NetProfit":499.25900000002,"OrderStrategy":"ConnorsRsiAndEma200","RevicedStopLoss":{},"PullDownTime":"2021-04-23T10:00:00"}
2021-04-23 10:21:10.3559|INFO|ExAlgo.Core.Order.OrderProcessor|Recieved order for {"BrokerageAndTxn":250.0,"Instrument":"GAIL (INDIA)","BuyPrice":133.5,"Target":133.29975,"StopLoss":135.5025,"OrderTime":"2021-04-23T10:21:10.355776+05:30","SellTime":"0001-01-01T00:00:00","Result":"NA","GrossProfit":0.0,"InstrumentToken":1207553,"OrderType":"Short","Qty":3745,"ConnorsRsi":90.97571027911150247670932359,"Ema200":136.22522091700356815265636637,"NetProfit":-250.0,"OrderStrategy":"ConnorsRsiAndEma200","RevicedStopLoss":{},"PullDownTime":"2021-04-23T10:15:00"}
2021-04-23 10:22:44.0011|INFO|ExAlgo.Core.Order.OrderProcessor|Order executed for GAIL (INDIA) - {"BrokerageAndTxn":250.0,"Instrument":"GAIL (INDIA)","BuyPrice":133.5,"Target":133.29975,"StopLoss":135.5025,"OrderTime":"2021-04-23T10:21:10.355776+05:30","SellTime":"2021-04-23T10:22:44.001025+05:30","Result":"Profit","GrossProfit":749.9362500000279,"InstrumentToken":1207553,"OrderType":"Short","Qty":3745,"ConnorsRsi":90.97571027911150247670932359,"Ema200":136.22522091700356815265636637,"NetProfit":499.93625000002794,"OrderStrategy":"ConnorsRsiAndEma200","RevicedStopLoss":{},"PullDownTime":"2021-04-23T10:15:00"}
2021-04-23 10:30:00.1569|INFO|ExAlgo.Core.Order.OrderProcessor|Recieved order for {"BrokerageAndTxn":250.0,"Instrument":"GAIL (INDIA)","BuyPrice":133.75,"Target":133.549375,"StopLoss":135.75625,"OrderTime":"2021-04-23T10:30:00.156831+05:30","SellTime":"0001-01-01T00:00:00","Result":"NA","GrossProfit":0.0,"InstrumentToken":1207553,"OrderType":"Short","Qty":3738,"ConnorsRsi":91.73647325569325583537364220,"Ema200":136.22522091700356815265636637,"NetProfit":-250.0,"OrderStrategy":"ConnorsRsiAndEma200","RevicedStopLoss":{},"PullDownTime":"2021-04-23T10:30:00"}
2021-04-23 10:30:04.0631|INFO|ExAlgo.Core.Cache.QuoteRepositoryManager|Current Data loaded at  4/23/2021 10:30:04 AM
2021-04-23 10:30:47.5401|INFO|ExAlgo.Core.Order.OrderProcessor|Order executed for EICHER MOTORS - {"BrokerageAndTxn":250.0,"Instrument":"EICHER MOTORS","BuyPrice":2311.35,"Target":2302.1046,"StopLoss":2346.02025,"OrderTime":"2021-04-23T09:15:07.852015+05:30","SellTime":"2021-04-23T10:30:47.540045+05:30","Result":"Loss","GrossProfit":-7488.774000000034,"InstrumentToken":232961,"OrderType":"Short","Qty":216,"ConnorsRsi":0.0,"Ema200":0.0,"NetProfit":-7738.774000000034,"OrderStrategy":"MovingAverage6And200","RevicedStopLoss":{},"PullDownTime":"2021-04-23T09:15:00"}
2021-04-23 10:35:10.8993|INFO|ExAlgo.Core.Order.OrderProcessor|Order executed for GAIL (INDIA) - {"BrokerageAndTxn":250.0,"Instrument":"GAIL (INDIA)","BuyPrice":133.75,"Target":133.549375,"StopLoss":135.75625,"OrderTime":"2021-04-23T10:30:00.156831+05:30","SellTime":"2021-04-23T10:35:10.899193+05:30","Result":"Profit","GrossProfit":749.9362500000279,"InstrumentToken":1207553,"OrderType":"Short","Qty":3738,"ConnorsRsi":91.73647325569325583537364220,"Ema200":136.22522091700356815265636637,"NetProfit":499.93625000002794,"OrderStrategy":"ConnorsRsiAndEma200","RevicedStopLoss":{},"PullDownTime":"2021-04-23T10:30:00"}
2021-04-23 10:41:44.0790|INFO|ExAlgo.Core.Order.OrderProcessor|Recieved order for {"BrokerageAndTxn":250.0,"Instrument":"JSW STEEL","BuyPrice":637.7,"Target":638.65655,"StopLoss":628.1345,"OrderTime":"2021-04-23T10:41:44.076986+05:30","SellTime":"0001-01-01T00:00:00","Result":"NA","GrossProfit":0.0,"InstrumentToken":3001089,"OrderType":"Long","Qty":784,"ConnorsRsi":9.990917208562140346684828613,"Ema200":610.27764293891168390343502718,"NetProfit":-250.0,"OrderStrategy":"ConnorsRsiAndEma200","RevicedStopLoss":{},"PullDownTime":"2021-04-23T10:30:00"}
2021-04-23 10:42:58.3082|INFO|ExAlgo.Core.Order.OrderProcessor|Recieved order for {"BrokerageAndTxn":250.0,"Instrument":"DR. REDDY'S LABORATORIES","BuyPrice":5161.0,"Target":5168.7415,"StopLoss":5083.585,"OrderTime":"2021-04-23T10:42:58.308216+05:30","SellTime":"0001-01-01T00:00:00","Result":"NA","GrossProfit":0.0,"InstrumentToken":225537,"OrderType":"Long","Qty":96,"ConnorsRsi":9.269560478572774201303315033,"Ema200":4978.4266756066574735662212119,"NetProfit":-250.0,"OrderStrategy":"ConnorsRsiAndEma200","RevicedStopLoss":{},"PullDownTime":"2021-04-23T10:30:00"}
2021-04-23 10:45:04.0890|INFO|ExAlgo.Core.Cache.QuoteRepositoryManager|Current Data loaded at  4/23/2021 10:45:04 AM
2021-04-23 10:46:52.9163|INFO|ExAlgo.Core.Order.OrderProcessor|Order executed for CIPLA - {"BrokerageAndTxn":250.0,"Instrument":"CIPLA","BuyPrice":942.3,"Target":943.71345,"StopLoss":928.1655,"OrderTime":"2021-04-23T10:18:18.729002+05:30","SellTime":"2021-04-23T10:46:52.916277+05:30","Result":"Loss","GrossProfit":-7491.285000000033,"InstrumentToken":177665,"OrderType":"Long","Qty":530,"ConnorsRsi":9.875056792854010830712317317,"Ema200":920.3084569881902373024012015,"NetProfit":-7741.285000000033,"OrderStrategy":"ConnorsRsiAndEma200","RevicedStopLoss":{},"PullDownTime":"2021-04-23T10:15:00"}
2021-04-23 10:46:53.5158|INFO|ExAlgo.Core.Order.OrderProcessor|Recieved order for {"BrokerageAndTxn":250.0,"Instrument":"CIPLA","BuyPrice":928.3,"Target":929.69245,"StopLoss":914.3755,"OrderTime":"2021-04-23T10:46:53.515839+05:30","SellTime":"0001-01-01T00:00:00","Result":"NA","GrossProfit":0.0,"InstrumentToken":177665,"OrderType":"Long","Qty":538,"ConnorsRsi":4.0888477483579966881888389733,"Ema200":920.6279492537873687604431146,"NetProfit":-250.0,"OrderStrategy":"ConnorsRsiAndEma200","RevicedStopLoss":{},"PullDownTime":"2021-04-23T10:45:00"}
2021-04-23 10:47:10.9202|INFO|ExAlgo.Core.Order.OrderProcessor|Order executed for CIPLA - {"BrokerageAndTxn":250.0,"Instrument":"CIPLA","BuyPrice":928.3,"Target":929.69245,"StopLoss":914.3755,"OrderTime":"2021-04-23T10:46:53.515839+05:30","SellTime":"2021-04-23T10:47:10.920222+05:30","Result":"Profit","GrossProfit":749.1381000000401,"InstrumentToken":177665,"OrderType":"Long","Qty":538,"ConnorsRsi":4.0888477483579966881888389733,"Ema200":920.6279492537873687604431146,"NetProfit":499.13810000004014,"OrderStrategy":"ConnorsRsiAndEma200","RevicedStopLoss":{},"PullDownTime":"2021-04-23T10:45:00"}
2021-04-23 10:48:14.5284|INFO|ExAlgo.Core.Order.OrderProcessor|Order executed for INDIAN OIL CORP - {"BrokerageAndTxn":250.0,"Instrument":"INDIAN OIL CORP","BuyPrice":88.25,"Target":88.117625,"StopLoss":89.57375,"OrderTime":"2021-04-23T10:15:00.793014+05:30","SellTime":"2021-04-23T10:48:14.528428+05:30","Result":"Profit","GrossProfit":749.9043749999837,"InstrumentToken":415745,"OrderType":"Short","Qty":5665,"ConnorsRsi":91.73462492544103749787390973,"Ema200":89.02892674079289421273849551,"NetProfit":499.9043749999837,"OrderStrategy":"ConnorsRsiAndEma200","RevicedStopLoss":{},"PullDownTime":"2021-04-23T10:15:00"}
2021-04-23 10:52:06.7398|INFO|ExAlgo.Core.Order.OrderProcessor|Order executed for JSW STEEL - {"BrokerageAndTxn":250.0,"Instrument":"JSW STEEL","BuyPrice":637.7,"Target":638.65655,"StopLoss":628.1345,"OrderTime":"2021-04-23T10:41:44.076986+05:30","SellTime":"2021-04-23T10:52:06.739805+05:30","Result":"Profit","GrossProfit":749.9352000000072,"InstrumentToken":3001089,"OrderType":"Long","Qty":784,"ConnorsRsi":9.990917208562140346684828613,"Ema200":610.27764293891168390343502718,"NetProfit":499.93520000000717,"OrderStrategy":"ConnorsRsiAndEma200","RevicedStopLoss":{},"PullDownTime":"2021-04-23T10:30:00"}
2021-04-23 11:00:04.0778|INFO|ExAlgo.Core.Cache.QuoteRepositoryManager|Current Data loaded at  4/23/2021 11:00:04 AM
2021-04-23 11:07:07.9058|INFO|ExAlgo.Core.Order.OrderProcessor|Order executed for DR. REDDY'S LABORATORIES - {"BrokerageAndTxn":250.0,"Instrument":"DR. REDDY'S LABORATORIES","BuyPrice":5161.0,"Target":5168.7415,"StopLoss":5083.585,"OrderTime":"2021-04-23T10:42:58.308216+05:30","SellTime":"2021-04-23T11:07:07.90539+05:30","Result":"Profit","GrossProfit":743.1840000000084,"InstrumentToken":225537,"OrderType":"Long","Qty":96,"ConnorsRsi":9.269560478572774201303315033,"Ema200":4978.4266756066574735662212119,"NetProfit":493.1840000000084,"OrderStrategy":"ConnorsRsiAndEma200","RevicedStopLoss":{},"PullDownTime":"2021-04-23T10:30:00"}
2021-04-23 11:15:04.0811|INFO|ExAlgo.Core.Cache.QuoteRepositoryManager|Current Data loaded at  4/23/2021 11:15:04 AM
2021-04-23 11:18:55.3378|INFO|ExAlgo.Core.Order.OrderProcessor|Recieved order for {"BrokerageAndTxn":250.0,"Instrument":"INFOSYS","BuyPrice":1347.9,"Target":1345.87815,"StopLoss":1368.1185,"OrderTime":"2021-04-23T11:18:55.337744+05:30","SellTime":"0001-01-01T00:00:00","Result":"NA","GrossProfit":0.0,"InstrumentToken":408065,"OrderType":"Short","Qty":370,"ConnorsRsi":90.52654561622346907913614067,"Ema200":1367.8114466098889269133057426,"NetProfit":-250.0,"OrderStrategy":"ConnorsRsiAndEma200","RevicedStopLoss":{},"PullDownTime":"2021-04-23T11:15:00"}
2021-04-23 11:30:04.1249|INFO|ExAlgo.Core.Cache.QuoteRepositoryManager|Current Data loaded at  4/23/2021 11:30:04 AM
2021-04-23 11:30:51.0764|INFO|ExAlgo.Core.Order.OrderProcessor|Order executed for INFOSYS - {"BrokerageAndTxn":250.0,"Instrument":"INFOSYS","BuyPrice":1347.9,"Target":1345.87815,"StopLoss":1368.1185,"OrderTime":"2021-04-23T11:18:55.337744+05:30","SellTime":"2021-04-23T11:30:51.076372+05:30","Result":"Profit","GrossProfit":748.0845000000554,"InstrumentToken":408065,"OrderType":"Short","Qty":370,"ConnorsRsi":90.52654561622346907913614067,"Ema200":1367.8114466098889269133057426,"NetProfit":498.0845000000554,"OrderStrategy":"ConnorsRsiAndEma200","RevicedStopLoss":{},"PullDownTime":"2021-04-23T11:15:00"}
2021-04-23 11:35:49.3413|INFO|ExAlgo.Core.Order.OrderProcessor|Order executed for TATA STEEL - {"BrokerageAndTxn":250.0,"Instrument":"TATA STEEL","BuyPrice":941.65,"Target":945.4166,"StopLoss":927.52525,"OrderTime":"2021-04-23T09:18:02.459371+05:30","SellTime":"2021-04-23T11:35:49.341282+05:30","Result":"Loss","GrossProfit":-7486.117499999993,"InstrumentToken":895745,"OrderType":"Long","Qty":530,"ConnorsRsi":0.0,"Ema200":0.0,"NetProfit":-7736.117499999993,"OrderStrategy":"MovingAverage6And200","RevicedStopLoss":{},"PullDownTime":"2021-04-23T09:15:00"}
2021-04-23 11:45:04.1153|INFO|ExAlgo.Core.Cache.QuoteRepositoryManager|Current Data loaded at  4/23/2021 11:45:04 AM
2021-04-23 11:56:22.2928|INFO|ExAlgo.Core.Order.OrderProcessor|Recieved order for {"BrokerageAndTxn":250.0,"Instrument":"CIPLA","BuyPrice":927.85,"Target":929.2417750000001,"StopLoss":913.9322500000001,"OrderTime":"2021-04-23T11:56:22.292772+05:30","SellTime":"0001-01-01T00:00:00","Result":"NA","GrossProfit":0.0,"InstrumentToken":177665,"OrderType":"Long","Qty":538,"ConnorsRsi":9.712354591505909462813372603,"Ema200":921.0721332881175998818336964,"NetProfit":-250.0,"OrderStrategy":"ConnorsRsiAndEma200","RevicedStopLoss":{},"PullDownTime":"2021-04-23T11:45:00"}
2021-04-23 11:59:04.9082|INFO|ExAlgo.Core.Order.OrderProcessor|Order executed for CIPLA - {"BrokerageAndTxn":250.0,"Instrument":"CIPLA","BuyPrice":927.85,"Target":929.2417750000001,"StopLoss":913.9322500000001,"OrderTime":"2021-04-23T11:56:22.292772+05:30","SellTime":"2021-04-23T11:59:04.908217+05:30","Result":"Profit","GrossProfit":748.77495000005,"InstrumentToken":177665,"OrderType":"Long","Qty":538,"ConnorsRsi":9.712354591505909462813372603,"Ema200":921.0721332881175998818336964,"NetProfit":498.77495000005,"OrderStrategy":"ConnorsRsiAndEma200","RevicedStopLoss":{},"PullDownTime":"2021-04-23T11:45:00"}
2021-04-23 12:00:00.2604|INFO|ExAlgo.Core.Order.OrderProcessor|Recieved order for {"BrokerageAndTxn":250.0,"Instrument":"CIPLA","BuyPrice":927.35,"Target":928.741025,"StopLoss":913.43975,"OrderTime":"2021-04-23T12:00:00.260381+05:30","SellTime":"0001-01-01T00:00:00","Result":"NA","GrossProfit":0.0,"InstrumentToken":177665,"OrderType":"Long","Qty":539,"ConnorsRsi":9.627384558480348249180243453,"Ema200":921.0721332881175998818336964,"NetProfit":-250.0,"OrderStrategy":"ConnorsRsiAndEma200","RevicedStopLoss":{},"PullDownTime":"2021-04-23T12:00:00"}
2021-04-23 12:00:04.1217|INFO|ExAlgo.Core.Cache.QuoteRepositoryManager|Current Data loaded at  4/23/2021 12:00:04 PM
2021-04-23 12:00:45.1159|INFO|ExAlgo.Core.Order.OrderProcessor|Order executed for CIPLA - {"BrokerageAndTxn":250.0,"Instrument":"CIPLA","BuyPrice":927.35,"Target":928.741025,"StopLoss":913.43975,"OrderTime":"2021-04-23T12:00:00.260381+05:30","SellTime":"2021-04-23T12:00:45.115886+05:30","Result":"Profit","GrossProfit":749.7624749999959,"InstrumentToken":177665,"OrderType":"Long","Qty":539,"ConnorsRsi":9.627384558480348249180243453,"Ema200":921.0721332881175998818336964,"NetProfit":499.7624749999959,"OrderStrategy":"ConnorsRsiAndEma200","RevicedStopLoss":{},"PullDownTime":"2021-04-23T12:00:00"}
2021-04-23 12:15:04.1604|INFO|ExAlgo.Core.Cache.QuoteRepositoryManager|Current Data loaded at  4/23/2021 12:15:04 PM
2021-04-23 12:19:01.3629|INFO|ExAlgo.Core.Order.OrderProcessor|Recieved order for {"BrokerageAndTxn":250.0,"Instrument":"DR. REDDY'S LABORATORIES","BuyPrice":5111.5,"Target":5119.16725,"StopLoss":5034.8275,"OrderTime":"2021-04-23T12:19:01.362675+05:30","SellTime":"0001-01-01T00:00:00","Result":"NA","GrossProfit":0.0,"InstrumentToken":225537,"OrderType":"Long","Qty":97,"ConnorsRsi":9.00042342713472719117994335,"Ema200":4990.2423540666620155546229215,"NetProfit":-250.0,"OrderStrategy":"ConnorsRsiAndEma200","RevicedStopLoss":{},"PullDownTime":"2021-04-23T12:15:00"}
2021-04-23 12:23:49.9253|INFO|ExAlgo.Core.Order.OrderProcessor|Recieved order for {"BrokerageAndTxn":250.0,"Instrument":"HDFC BANK","BuyPrice":1423.2,"Target":1425.3348,"StopLoss":1401.852,"OrderTime":"2021-04-23T12:23:49.92523+05:30","SellTime":"0001-01-01T00:00:00","Result":"NA","GrossProfit":0.0,"InstrumentToken":341249,"OrderType":"Long","Qty":351,"ConnorsRsi":9.83756231788389786652634769,"Ema200":1413.3221924356485791411651891,"NetProfit":-250.0,"OrderStrategy":"ConnorsRsiAndEma200","RevicedStopLoss":{},"PullDownTime":"2021-04-23T12:15:00"}
2021-04-23 12:28:45.7361|INFO|ExAlgo.Core.Order.OrderProcessor|Order executed for DR. REDDY'S LABORATORIES - {"BrokerageAndTxn":250.0,"Instrument":"DR. REDDY'S LABORATORIES","BuyPrice":5111.5,"Target":5119.16725,"StopLoss":5034.8275,"OrderTime":"2021-04-23T12:19:01.362675+05:30","SellTime":"2021-04-23T12:28:45.736072+05:30","Result":"Profit","GrossProfit":743.7232500000391,"InstrumentToken":225537,"OrderType":"Long","Qty":97,"ConnorsRsi":9.00042342713472719117994335,"Ema200":4990.2423540666620155546229215,"NetProfit":493.7232500000391,"OrderStrategy":"ConnorsRsiAndEma200","RevicedStopLoss":{},"PullDownTime":"2021-04-23T12:15:00"}
2021-04-23 12:30:04.1404|INFO|ExAlgo.Core.Cache.QuoteRepositoryManager|Current Data loaded at  4/23/2021 12:30:04 PM
2021-04-23 12:30:21.5659|INFO|ExAlgo.Core.Order.OrderProcessor|Order executed for HDFC BANK - {"BrokerageAndTxn":250.0,"Instrument":"HDFC BANK","BuyPrice":1423.2,"Target":1425.3348,"StopLoss":1401.852,"OrderTime":"2021-04-23T12:23:49.92523+05:30","SellTime":"2021-04-23T12:30:21.565863+05:30","Result":"Profit","GrossProfit":749.3147999999928,"InstrumentToken":341249,"OrderType":"Long","Qty":351,"ConnorsRsi":9.83756231788389786652634769,"Ema200":1413.3221924356485791411651891,"NetProfit":499.31479999999283,"OrderStrategy":"ConnorsRsiAndEma200","RevicedStopLoss":{},"PullDownTime":"2021-04-23T12:15:00"}
2021-04-23 12:34:18.6505|INFO|ExAlgo.Core.Order.OrderProcessor|Recieved order for {"BrokerageAndTxn":250.0,"Instrument":"DR. REDDY'S LABORATORIES","BuyPrice":5101.0,"Target":5108.6515,"StopLoss":5024.485,"OrderTime":"2021-04-23T12:34:18.650462+05:30","SellTime":"0001-01-01T00:00:00","Result":"NA","GrossProfit":0.0,"InstrumentToken":225537,"OrderType":"Long","Qty":98,"ConnorsRsi":9.81305051724355508906018874,"Ema200":4991.5005899697825659823137169,"NetProfit":-250.0,"OrderStrategy":"ConnorsRsiAndEma200","RevicedStopLoss":{},"PullDownTime":"2021-04-23T12:30:00"}
2021-04-23 12:45:04.1535|INFO|ExAlgo.Core.Cache.QuoteRepositoryManager|Current Data loaded at  4/23/2021 12:45:04 PM
2021-04-23 13:00:04.1643|INFO|ExAlgo.Core.Cache.QuoteRepositoryManager|Current Data loaded at  4/23/2021 1:00:04 PM
2021-04-23 13:15:04.1940|INFO|ExAlgo.Core.Cache.QuoteRepositoryManager|Current Data loaded at  4/23/2021 1:15:04 PM
2021-04-23 13:15:24.7184|INFO|ExAlgo.Core.Order.OrderProcessor|Order executed for DR. REDDY'S LABORATORIES - {"BrokerageAndTxn":250.0,"Instrument":"DR. REDDY'S LABORATORIES","BuyPrice":5101.0,"Target":5108.6515,"StopLoss":5024.485,"OrderTime":"2021-04-23T12:34:18.650462+05:30","SellTime":"2021-04-23T13:15:24.718413+05:30","Result":"Profit","GrossProfit":749.8470000000088,"InstrumentToken":225537,"OrderType":"Long","Qty":98,"ConnorsRsi":9.81305051724355508906018874,"Ema200":4991.5005899697825659823137169,"NetProfit":499.84700000000885,"OrderStrategy":"ConnorsRsiAndEma200","RevicedStopLoss":{},"PullDownTime":"2021-04-23T12:30:00"}
2021-04-23 13:24:07.9627|INFO|ExAlgo.Core.Order.OrderProcessor|Recieved order for {"BrokerageAndTxn":250.0,"Instrument":"TATA MOTORS","BuyPrice":298.75,"Target":298.301875,"StopLoss":303.23125,"OrderTime":"2021-04-23T13:24:07.962679+05:30","SellTime":"0001-01-01T00:00:00","Result":"NA","GrossProfit":0.0,"InstrumentToken":884737,"OrderType":"Short","Qty":1673,"ConnorsRsi":90.00691664757265769805059785,"Ema200":300.62520147026324535766921149,"NetProfit":-250.0,"OrderStrategy":"ConnorsRsiAndEma200","RevicedStopLoss":{},"PullDownTime":"2021-04-23T13:15:00"}
2021-04-23 13:27:32.5102|INFO|ExAlgo.Core.Order.OrderProcessor|Order executed for TATA MOTORS - {"BrokerageAndTxn":250.0,"Instrument":"TATA MOTORS","BuyPrice":298.75,"Target":298.301875,"StopLoss":303.23125,"OrderTime":"2021-04-23T13:24:07.962679+05:30","SellTime":"2021-04-23T13:27:32.510242+05:30","Result":"Profit","GrossProfit":749.7131250000093,"InstrumentToken":884737,"OrderType":"Short","Qty":1673,"ConnorsRsi":90.00691664757265769805059785,"Ema200":300.62520147026324535766921149,"NetProfit":499.7131250000093,"OrderStrategy":"ConnorsRsiAndEma200","RevicedStopLoss":{},"PullDownTime":"2021-04-23T13:15:00"}
2021-04-23 13:30:04.2427|INFO|ExAlgo.Core.Cache.QuoteRepositoryManager|Current Data loaded at  4/23/2021 1:30:04 PM
2021-04-23 13:45:04.2234|INFO|ExAlgo.Core.Cache.QuoteRepositoryManager|Current Data loaded at  4/23/2021 1:45:04 PM
2021-04-23 14:00:04.2394|INFO|ExAlgo.Core.Cache.QuoteRepositoryManager|Current Data loaded at  4/23/2021 2:00:04 PM
2021-04-23 14:11:19.9112|INFO|ExAlgo.Core.Order.OrderProcessor|Recieved order for {"BrokerageAndTxn":250.0,"Instrument":"BAJAJ FINSERV.","BuyPrice":9880.0,"Target":9894.82,"StopLoss":9731.8,"OrderTime":"2021-04-23T14:11:19.910903+05:30","SellTime":"0001-01-01T00:00:00","Result":"NA","GrossProfit":0.0,"InstrumentToken":4268801,"OrderType":"Long","Qty":50,"ConnorsRsi":8.59132102366569149055533886,"Ema200":9716.698515489279777643674525,"NetProfit":-250.0,"OrderStrategy":"ConnorsRsiAndEma200","RevicedStopLoss":{},"PullDownTime":"2021-04-23T14:00:00"}
2021-04-23 14:12:06.2304|INFO|ExAlgo.Core.Order.OrderProcessor|Order executed for BAJAJ FINSERV. - {"BrokerageAndTxn":250.0,"Instrument":"BAJAJ FINSERV.","BuyPrice":9880.0,"Target":9894.82,"StopLoss":9731.8,"OrderTime":"2021-04-23T14:11:19.910903+05:30","SellTime":"2021-04-23T14:12:06.230421+05:30","Result":"Profit","GrossProfit":741.0,"InstrumentToken":4268801,"OrderType":"Long","Qty":50,"ConnorsRsi":8.59132102366569149055533886,"Ema200":9716.698515489279777643674525,"NetProfit":491.0,"OrderStrategy":"ConnorsRsiAndEma200","RevicedStopLoss":{},"PullDownTime":"2021-04-23T14:00:00"}
2021-04-23 14:15:00.7106|INFO|ExAlgo.Core.Order.OrderProcessor|Recieved order for {"BrokerageAndTxn":250.0,"Instrument":"BAJAJ FINSERV.","BuyPrice":9886.35,"Target":9901.179525,"StopLoss":9738.054750000001,"OrderTime":"2021-04-23T14:15:00.710549+05:30","SellTime":"0001-01-01T00:00:00","Result":"NA","GrossProfit":0.0,"InstrumentToken":4268801,"OrderType":"Long","Qty":50,"ConnorsRsi":9.08700103921179332948968885,"Ema200":9716.698515489279777643674525,"NetProfit":-250.0,"OrderStrategy":"ConnorsRsiAndEma200","RevicedStopLoss":{},"PullDownTime":"2021-04-23T14:15:00"}
2021-04-23 14:15:04.2587|INFO|ExAlgo.Core.Cache.QuoteRepositoryManager|Current Data loaded at  4/23/2021 2:15:04 PM
2021-04-23 14:15:23.6867|INFO|ExAlgo.Core.Order.OrderProcessor|Order executed for BAJAJ FINSERV. - {"BrokerageAndTxn":250.0,"Instrument":"BAJAJ FINSERV.","BuyPrice":9886.35,"Target":9901.179525,"StopLoss":9738.054750000001,"OrderTime":"2021-04-23T14:15:00.710549+05:30","SellTime":"2021-04-23T14:15:23.686722+05:30","Result":"Profit","GrossProfit":741.4762499999488,"InstrumentToken":4268801,"OrderType":"Long","Qty":50,"ConnorsRsi":9.08700103921179332948968885,"Ema200":9716.698515489279777643674525,"NetProfit":491.4762499999488,"OrderStrategy":"ConnorsRsiAndEma200","RevicedStopLoss":{},"PullDownTime":"2021-04-23T14:15:00"}
2021-04-23 14:20:58.4037|INFO|ExAlgo.Core.Order.OrderProcessor|Recieved order for {"BrokerageAndTxn":250.0,"Instrument":"WIPRO","BuyPrice":479.0,"Target":479.7185,"StopLoss":471.815,"OrderTime":"2021-04-23T14:20:58.403735+05:30","SellTime":"0001-01-01T00:00:00","Result":"NA","GrossProfit":0.0,"InstrumentToken":969473,"OrderType":"Long","Qty":1043,"ConnorsRsi":9.52320271399795826316216410,"Ema200":462.68905065046385987810802853,"NetProfit":-250.0,"OrderStrategy":"ConnorsRsiAndEma200","RevicedStopLoss":{},"PullDownTime":"2021-04-23T14:15:00"}
2021-04-23 14:24:18.7646|INFO|ExAlgo.Core.Order.OrderProcessor|Recieved order for {"BrokerageAndTxn":250.0,"Instrument":"JSW STEEL","BuyPrice":633.8,"Target":634.7506999999999,"StopLoss":624.293,"OrderTime":"2021-04-23T14:24:18.764607+05:30","SellTime":"0001-01-01T00:00:00","Result":"NA","GrossProfit":0.0,"InstrumentToken":3001089,"OrderType":"Long","Qty":788,"ConnorsRsi":9.450142228462279003205264793,"Ema200":614.23902538861276778459199778,"NetProfit":-250.0,"OrderStrategy":"ConnorsRsiAndEma200","RevicedStopLoss":{},"PullDownTime":"2021-04-23T14:15:00"}
2021-04-23 14:24:22.4030|INFO|ExAlgo.Core.Order.OrderProcessor|Order executed for JSW STEEL - {"BrokerageAndTxn":250.0,"Instrument":"JSW STEEL","BuyPrice":633.8,"Target":634.7506999999999,"StopLoss":624.293,"OrderTime":"2021-04-23T14:24:18.764607+05:30","SellTime":"2021-04-23T14:24:22.402945+05:30","Result":"Profit","GrossProfit":749.1515999999829,"InstrumentToken":3001089,"OrderType":"Long","Qty":788,"ConnorsRsi":9.450142228462279003205264793,"Ema200":614.23902538861276778459199778,"NetProfit":499.15159999998286,"OrderStrategy":"ConnorsRsiAndEma200","RevicedStopLoss":{},"PullDownTime":"2021-04-23T14:15:00"}
2021-04-23 14:28:23.5087|INFO|ExAlgo.Core.Order.OrderProcessor|Recieved order for {"BrokerageAndTxn":250.0,"Instrument":"TATA STEEL","BuyPrice":921.3,"Target":922.6819499999999,"StopLoss":907.4805,"OrderTime":"2021-04-23T14:28:23.508681+05:30","SellTime":"0001-01-01T00:00:00","Result":"NA","GrossProfit":0.0,"InstrumentToken":895745,"OrderType":"Long","Qty":542,"ConnorsRsi":9.622952265681153383601508777,"Ema200":898.8961253708311855061823291,"NetProfit":-250.0,"OrderStrategy":"ConnorsRsiAndEma200","RevicedStopLoss":{},"PullDownTime":"2021-04-23T14:15:00"}
2021-04-23 14:30:04.2668|INFO|ExAlgo.Core.Cache.QuoteRepositoryManager|Current Data loaded at  4/23/2021 2:30:04 PM
2021-04-23 14:31:49.9114|INFO|ExAlgo.Core.Order.OrderProcessor|Order executed for TATA STEEL - {"BrokerageAndTxn":250.0,"Instrument":"TATA STEEL","BuyPrice":921.3,"Target":922.6819499999999,"StopLoss":907.4805,"OrderTime":"2021-04-23T14:28:23.508681+05:30","SellTime":"2021-04-23T14:31:49.911387+05:30","Result":"Profit","GrossProfit":749.0168999999878,"InstrumentToken":895745,"OrderType":"Long","Qty":542,"ConnorsRsi":9.622952265681153383601508777,"Ema200":898.8961253708311855061823291,"NetProfit":499.0168999999878,"OrderStrategy":"ConnorsRsiAndEma200","RevicedStopLoss":{},"PullDownTime":"2021-04-23T14:15:00"}
2021-04-23 14:45:04.2713|INFO|ExAlgo.Core.Cache.QuoteRepositoryManager|Current Data loaded at  4/23/2021 2:45:04 PM
2021-04-23 15:00:04.2808|INFO|ExAlgo.Core.Cache.QuoteRepositoryManager|Current Data loaded at  4/23/2021 3:00:04 PM
2021-04-23 15:15:04.2840|INFO|ExAlgo.Core.Cache.QuoteRepositoryManager|Current Data loaded at  4/23/2021 3:15:04 PM
2021-04-23 15:30:00.1837|INFO|ExAlgo.Core.Order.OrderProcessor|[{"BrokerageAndTxn":250.0,"Instrument":"INFOSYS","BuyPrice":1343.0,"Target":1337.628,"StopLoss":1363.145,"OrderTime":"2021-04-23T09:15:00.700467+05:30","SellTime":"2021-04-23T09:15:52.271917+05:30","Result":"Profit","GrossProfit":1998.38400000002,"InstrumentToken":408065,"OrderType":"Short","Qty":372,"ConnorsRsi":0.0,"Ema200":0.0,"NetProfit":1748.38400000002,"OrderStrategy":"MovingAverage6And200","RevicedStopLoss":{},"PullDownTime":"2021-04-23T09:15:00"},{"BrokerageAndTxn":250.0,"Instrument":"TECH MAHINDRA","BuyPrice":955.65,"Target":951.8274,"StopLoss":969.98475,"OrderTime":"2021-04-23T09:17:06.095081+05:30","SellTime":"2021-04-23T09:26:27.080736+05:30","Result":"Loss","GrossProfit":-7497.074249999947,"InstrumentToken":3465729,"OrderType":"Short","Qty":523,"ConnorsRsi":0.0,"Ema200":0.0,"NetProfit":-7747.074249999947,"OrderStrategy":"MovingAverage6And200","RevicedStopLoss":{},"PullDownTime":"2021-04-23T09:15:00"},{"BrokerageAndTxn":250.0,"Instrument":"HINDUSTAN UNILEVER.","BuyPrice":2325.85,"Target":2316.5466,"StopLoss":2360.73775,"OrderTime":"2021-04-23T09:27:06.747115+05:30","SellTime":"2021-04-23T09:39:33.746821+05:30","Result":"Profit","GrossProfit":1990.9275999999372,"InstrumentToken":356865,"OrderType":"Short","Qty":214,"ConnorsRsi":0.0,"Ema200":0.0,"NetProfit":1740.9275999999372,"OrderStrategy":"MovingAverage6And200","RevicedStopLoss":{},"PullDownTime":"2021-04-23T09:15:00"},{"BrokerageAndTxn":250.0,"Instrument":"TITAN COMPANY","BuyPrice":1492.8,"Target":1490.5608,"StopLoss":1515.192,"OrderTime":"2021-04-23T09:33:23.05912+05:30","SellTime":"2021-04-23T09:50:19.883635+05:30","Result":"Profit","GrossProfit":747.8928000000305,"InstrumentToken":897537,"OrderType":"Short","Qty":334,"ConnorsRsi":91.52607266838180238803344648,"Ema200":1524.1016374483705147827516750,"NetProfit":497.89280000003055,"OrderStrategy":"ConnorsRsiAndEma200","RevicedStopLoss":{},"PullDownTime":"2021-04-23T09:30:00"},{"BrokerageAndTxn":250.0,"Instrument":"BAJAJ AUTO","BuyPrice":3648.05,"Target":3653.5220750000003,"StopLoss":3593.3292500000002,"OrderTime":"2021-04-23T09:55:00.127794+05:30","SellTime":"2021-04-23T09:56:31.327036+05:30","Result":"Profit","GrossProfit":749.6742749999976,"InstrumentToken":4267265,"OrderType":"Long","Qty":137,"ConnorsRsi":9.646848161723625767252347787,"Ema200":3603.2770051541478164390912844,"NetProfit":499.6742749999976,"OrderStrategy":"ConnorsRsiAndEma200","RevicedStopLoss":{},"PullDownTime":"2021-04-23T09:45:00"},{"BrokerageAndTxn":250.0,"Instrument":"INDIAN OIL CORP","BuyPrice":88.2,"Target":88.0677,"StopLoss":89.523,"OrderTime":"2021-04-23T10:06:31.301265+05:30","SellTime":"2021-04-23T10:08:53.48628+05:30","Result":"Profit","GrossProfit":749.8764000000083,"InstrumentToken":415745,"OrderType":"Short","Qty":5668,"ConnorsRsi":90.63047349405510453375996452,"Ema200":89.02892674079289421273849551,"NetProfit":499.8764000000083,"OrderStrategy":"ConnorsRsiAndEma200","RevicedStopLoss":{},"PullDownTime":"2021-04-23T10:00:00"},{"BrokerageAndTxn":250.0,"Instrument":"HCL TECHNOLOGIES","BuyPrice":970.65,"Target":969.194025,"StopLoss":985.20975,"OrderTime":"2021-04-23T10:10:32.488974+05:30","SellTime":"2021-04-23T10:11:41.528138+05:30","Result":"Profit","GrossProfit":749.8271250000107,"InstrumentToken":1850625,"OrderType":"Short","Qty":515,"ConnorsRsi":90.13653367380323231635417021,"Ema200":990.0242085802061189249854977,"NetProfit":499.8271250000107,"OrderStrategy":"ConnorsRsiAndEma200","RevicedStopLoss":{},"PullDownTime":"2021-04-23T10:00:00"},{"BrokerageAndTxn":250.0,"Instrument":"NTPC","BuyPrice":100.0,"Target":99.85,"StopLoss":101.5,"OrderTime":"2021-04-23T09:55:25.329194+05:30","SellTime":"2021-04-23T10:16:31.907458+05:30","Result":"Loss","GrossProfit":-7500.0,"InstrumentToken":2977281,"OrderType":"Short","Qty":5000,"ConnorsRsi":90.17675512544200370914126594,"Ema200":100.80948263445464187240585623,"NetProfit":-7750.0,"OrderStrategy":"ConnorsRsiAndEma200","RevicedStopLoss":{},"PullDownTime":"2021-04-23T09:45:00"},{"BrokerageAndTxn":250.0,"Instrument":"INDUSIND BANK","BuyPrice":849.5,"Target":848.22575,"StopLoss":862.2425,"OrderTime":"2021-04-23T10:11:52.90408+05:30","SellTime":"2021-04-23T10:19:41.00454+05:30","Result":"Profit","GrossProfit":749.25900000002,"InstrumentToken":1346049,"OrderType":"Short","Qty":588,"ConnorsRsi":90.27059021696775137358069482,"Ema200":861.6355076977878678861330634,"NetProfit":499.25900000002,"OrderStrategy":"ConnorsRsiAndEma200","RevicedStopLoss":{},"PullDownTime":"2021-04-23T10:00:00"},{"BrokerageAndTxn":250.0,"Instrument":"GAIL (INDIA)","BuyPrice":133.5,"Target":133.29975,"StopLoss":135.5025,"OrderTime":"2021-04-23T10:21:10.355776+05:30","SellTime":"2021-04-23T10:22:44.001025+05:30","Result":"Profit","GrossProfit":749.9362500000279,"InstrumentToken":1207553,"OrderType":"Short","Qty":3745,"ConnorsRsi":90.97571027911150247670932359,"Ema200":136.22522091700356815265636637,"NetProfit":499.93625000002794,"OrderStrategy":"ConnorsRsiAndEma200","RevicedStopLoss":{},"PullDownTime":"2021-04-23T10:15:00"},{"BrokerageAndTxn":250.0,"Instrument":"EICHER MOTORS","BuyPrice":2311.35,"Target":2302.1046,"StopLoss":2346.02025,"OrderTime":"2021-04-23T09:15:07.852015+05:30","SellTime":"2021-04-23T10:30:47.540045+05:30","Result":"Loss","GrossProfit":-7488.774000000034,"InstrumentToken":232961,"OrderType":"Short","Qty":216,"ConnorsRsi":0.0,"Ema200":0.0,"NetProfit":-7738.774000000034,"OrderStrategy":"MovingAverage6And200","RevicedStopLoss":{},"PullDownTime":"2021-04-23T09:15:00"},{"BrokerageAndTxn":250.0,"Instrument":"GAIL (INDIA)","BuyPrice":133.75,"Target":133.549375,"StopLoss":135.75625,"OrderTime":"2021-04-23T10:30:00.156831+05:30","SellTime":"2021-04-23T10:35:10.899193+05:30","Result":"Profit","GrossProfit":749.9362500000279,"InstrumentToken":1207553,"OrderType":"Short","Qty":3738,"ConnorsRsi":91.73647325569325583537364220,"Ema200":136.22522091700356815265636637,"NetProfit":499.93625000002794,"OrderStrategy":"ConnorsRsiAndEma200","RevicedStopLoss":{},"PullDownTime":"2021-04-23T10:30:00"},{"BrokerageAndTxn":250.0,"Instrument":"CIPLA","BuyPrice":942.3,"Target":943.71345,"StopLoss":928.1655,"OrderTime":"2021-04-23T10:18:18.729002+05:30","SellTime":"2021-04-23T10:46:52.916277+05:30","Result":"Loss","GrossProfit":-7491.285000000033,"InstrumentToken":177665,"OrderType":"Long","Qty":530,"ConnorsRsi":9.875056792854010830712317317,"Ema200":920.3084569881902373024012015,"NetProfit":-7741.285000000033,"OrderStrategy":"ConnorsRsiAndEma200","RevicedStopLoss":{},"PullDownTime":"2021-04-23T10:15:00"},{"BrokerageAndTxn":250.0,"Instrument":"CIPLA","BuyPrice":928.3,"Target":929.69245,"StopLoss":914.3755,"OrderTime":"2021-04-23T10:46:53.515839+05:30","SellTime":"2021-04-23T10:47:10.920222+05:30","Result":"Profit","GrossProfit":749.1381000000401,"InstrumentToken":177665,"OrderType":"Long","Qty":538,"ConnorsRsi":4.0888477483579966881888389733,"Ema200":920.6279492537873687604431146,"NetProfit":499.13810000004014,"OrderStrategy":"ConnorsRsiAndEma200","RevicedStopLoss":{},"PullDownTime":"2021-04-23T10:45:00"},{"BrokerageAndTxn":250.0,"Instrument":"INDIAN OIL CORP","BuyPrice":88.25,"Target":88.117625,"StopLoss":89.57375,"OrderTime":"2021-04-23T10:15:00.793014+05:30","SellTime":"2021-04-23T10:48:14.528428+05:30","Result":"Profit","GrossProfit":749.9043749999837,"InstrumentToken":415745,"OrderType":"Short","Qty":5665,"ConnorsRsi":91.73462492544103749787390973,"Ema200":89.02892674079289421273849551,"NetProfit":499.9043749999837,"OrderStrategy":"ConnorsRsiAndEma200","RevicedStopLoss":{},"PullDownTime":"2021-04-23T10:15:00"},{"BrokerageAndTxn":250.0,"Instrument":"JSW STEEL","BuyPrice":637.7,"Target":638.65655,"StopLoss":628.1345,"OrderTime":"2021-04-23T10:41:44.076986+05:30","SellTime":"2021-04-23T10:52:06.739805+05:30","Result":"Profit","GrossProfit":749.9352000000072,"InstrumentToken":3001089,"OrderType":"Long","Qty":784,"ConnorsRsi":9.990917208562140346684828613,"Ema200":610.27764293891168390343502718,"NetProfit":499.93520000000717,"OrderStrategy":"ConnorsRsiAndEma200","RevicedStopLoss":{},"PullDownTime":"2021-04-23T10:30:00"},{"BrokerageAndTxn":250.0,"Instrument":"DR. REDDY'S LABORATORIES","BuyPrice":5161.0,"Target":5168.7415,"StopLoss":5083.585,"OrderTime":"2021-04-23T10:42:58.308216+05:30","SellTime":"2021-04-23T11:07:07.90539+05:30","Result":"Profit","GrossProfit":743.1840000000084,"InstrumentToken":225537,"OrderType":"Long","Qty":96,"ConnorsRsi":9.269560478572774201303315033,"Ema200":4978.4266756066574735662212119,"NetProfit":493.1840000000084,"OrderStrategy":"ConnorsRsiAndEma200","RevicedStopLoss":{},"PullDownTime":"2021-04-23T10:30:00"},{"BrokerageAndTxn":250.0,"Instrument":"INFOSYS","BuyPrice":1347.9,"Target":1345.87815,"StopLoss":1368.1185,"OrderTime":"2021-04-23T11:18:55.337744+05:30","SellTime":"2021-04-23T11:30:51.076372+05:30","Result":"Profit","GrossProfit":748.0845000000554,"InstrumentToken":408065,"OrderType":"Short","Qty":370,"ConnorsRsi":90.52654561622346907913614067,"Ema200":1367.8114466098889269133057426,"NetProfit":498.0845000000554,"OrderStrategy":"ConnorsRsiAndEma200","RevicedStopLoss":{},"PullDownTime":"2021-04-23T11:15:00"},{"BrokerageAndTxn":250.0,"Instrument":"TATA STEEL","BuyPrice":941.65,"Target":945.4166,"StopLoss":927.52525,"OrderTime":"2021-04-23T09:18:02.459371+05:30","SellTime":"2021-04-23T11:35:49.341282+05:30","Result":"Loss","GrossProfit":-7486.117499999993,"InstrumentToken":895745,"OrderType":"Long","Qty":530,"ConnorsRsi":0.0,"Ema200":0.0,"NetProfit":-7736.117499999993,"OrderStrategy":"MovingAverage6And200","RevicedStopLoss":{},"PullDownTime":"2021-04-23T09:15:00"},{"BrokerageAndTxn":250.0,"Instrument":"CIPLA","BuyPrice":927.85,"Target":929.2417750000001,"StopLoss":913.9322500000001,"OrderTime":"2021-04-23T11:56:22.292772+05:30","SellTime":"2021-04-23T11:59:04.908217+05:30","Result":"Profit","GrossProfit":748.77495000005,"InstrumentToken":177665,"OrderType":"Long","Qty":538,"ConnorsRsi":9.712354591505909462813372603,"Ema200":921.0721332881175998818336964,"NetProfit":498.77495000005,"OrderStrategy":"ConnorsRsiAndEma200","RevicedStopLoss":{},"PullDownTime":"2021-04-23T11:45:00"},{"BrokerageAndTxn":250.0,"Instrument":"CIPLA","BuyPrice":927.35,"Target":928.741025,"StopLoss":913.43975,"OrderTime":"2021-04-23T12:00:00.260381+05:30","SellTime":"2021-04-23T12:00:45.115886+05:30","Result":"Profit","GrossProfit":749.7624749999959,"InstrumentToken":177665,"OrderType":"Long","Qty":539,"ConnorsRsi":9.627384558480348249180243453,"Ema200":921.0721332881175998818336964,"NetProfit":499.7624749999959,"OrderStrategy":"ConnorsRsiAndEma200","RevicedStopLoss":{},"PullDownTime":"2021-04-23T12:00:00"},{"BrokerageAndTxn":250.0,"Instrument":"DR. REDDY'S LABORATORIES","BuyPrice":5111.5,"Target":5119.16725,"StopLoss":5034.8275,"OrderTime":"2021-04-23T12:19:01.362675+05:30","SellTime":"2021-04-23T12:28:45.736072+05:30","Result":"Profit","GrossProfit":743.7232500000391,"InstrumentToken":225537,"OrderType":"Long","Qty":97,"ConnorsRsi":9.00042342713472719117994335,"Ema200":4990.2423540666620155546229215,"NetProfit":493.7232500000391,"OrderStrategy":"ConnorsRsiAndEma200","RevicedStopLoss":{},"PullDownTime":"2021-04-23T12:15:00"},{"BrokerageAndTxn":250.0,"Instrument":"HDFC BANK","BuyPrice":1423.2,"Target":1425.3348,"StopLoss":1401.852,"OrderTime":"2021-04-23T12:23:49.92523+05:30","SellTime":"2021-04-23T12:30:21.565863+05:30","Result":"Profit","GrossProfit":749.3147999999928,"InstrumentToken":341249,"OrderType":"Long","Qty":351,"ConnorsRsi":9.83756231788389786652634769,"Ema200":1413.3221924356485791411651891,"NetProfit":499.31479999999283,"OrderStrategy":"ConnorsRsiAndEma200","RevicedStopLoss":{},"PullDownTime":"2021-04-23T12:15:00"},{"BrokerageAndTxn":250.0,"Instrument":"DR. REDDY'S LABORATORIES","BuyPrice":5101.0,"Target":5108.6515,"StopLoss":5024.485,"OrderTime":"2021-04-23T12:34:18.650462+05:30","SellTime":"2021-04-23T13:15:24.718413+05:30","Result":"Profit","GrossProfit":749.8470000000088,"InstrumentToken":225537,"OrderType":"Long","Qty":98,"ConnorsRsi":9.81305051724355508906018874,"Ema200":4991.5005899697825659823137169,"NetProfit":499.84700000000885,"OrderStrategy":"ConnorsRsiAndEma200","RevicedStopLoss":{},"PullDownTime":"2021-04-23T12:30:00"},{"BrokerageAndTxn":250.0,"Instrument":"TATA MOTORS","BuyPrice":298.75,"Target":298.301875,"StopLoss":303.23125,"OrderTime":"2021-04-23T13:24:07.962679+05:30","SellTime":"2021-04-23T13:27:32.510242+05:30","Result":"Profit","GrossProfit":749.7131250000093,"InstrumentToken":884737,"OrderType":"Short","Qty":1673,"ConnorsRsi":90.00691664757265769805059785,"Ema200":300.62520147026324535766921149,"NetProfit":499.7131250000093,"OrderStrategy":"ConnorsRsiAndEma200","RevicedStopLoss":{},"PullDownTime":"2021-04-23T13:15:00"},{"BrokerageAndTxn":250.0,"Instrument":"BAJAJ FINSERV.","BuyPrice":9880.0,"Target":9894.82,"StopLoss":9731.8,"OrderTime":"2021-04-23T14:11:19.910903+05:30","SellTime":"2021-04-23T14:12:06.230421+05:30","Result":"Profit","GrossProfit":741.0,"InstrumentToken":4268801,"OrderType":"Long","Qty":50,"ConnorsRsi":8.59132102366569149055533886,"Ema200":9716.698515489279777643674525,"NetProfit":491.0,"OrderStrategy":"ConnorsRsiAndEma200","RevicedStopLoss":{},"PullDownTime":"2021-04-23T14:00:00"},{"BrokerageAndTxn":250.0,"Instrument":"BAJAJ FINSERV.","BuyPrice":9886.35,"Target":9901.179525,"StopLoss":9738.054750000001,"OrderTime":"2021-04-23T14:15:00.710549+05:30","SellTime":"2021-04-23T14:15:23.686722+05:30","Result":"Profit","GrossProfit":741.4762499999488,"InstrumentToken":4268801,"OrderType":"Long","Qty":50,"ConnorsRsi":9.08700103921179332948968885,"Ema200":9716.698515489279777643674525,"NetProfit":491.4762499999488,"OrderStrategy":"ConnorsRsiAndEma200","RevicedStopLoss":{},"PullDownTime":"2021-04-23T14:15:00"},{"BrokerageAndTxn":250.0,"Instrument":"JSW STEEL","BuyPrice":633.8,"Target":634.7506999999999,"StopLoss":624.293,"OrderTime":"2021-04-23T14:24:18.764607+05:30","SellTime":"2021-04-23T14:24:22.402945+05:30","Result":"Profit","GrossProfit":749.1515999999829,"InstrumentToken":3001089,"OrderType":"Long","Qty":788,"ConnorsRsi":9.450142228462279003205264793,"Ema200":614.23902538861276778459199778,"NetProfit":499.15159999998286,"OrderStrategy":"ConnorsRsiAndEma200","RevicedStopLoss":{},"PullDownTime":"2021-04-23T14:15:00"},{"BrokerageAndTxn":250.0,"Instrument":"TATA STEEL","BuyPrice":921.3,"Target":922.6819499999999,"StopLoss":907.4805,"OrderTime":"2021-04-23T14:28:23.508681+05:30","SellTime":"2021-04-23T14:31:49.911387+05:30","Result":"Profit","GrossProfit":749.0168999999878,"InstrumentToken":895745,"OrderType":"Long","Qty":542,"ConnorsRsi":9.622952265681153383601508777,"Ema200":898.8961253708311855061823291,"NetProfit":499.0168999999878,"OrderStrategy":"ConnorsRsiAndEma200","RevicedStopLoss":{},"PullDownTime":"2021-04-23T14:15:00"}]
2021-04-23 15:30:04.2852|INFO|ExAlgo.Core.Cache.QuoteRepositoryManager|Current Data loaded at  4/23/2021 3:30:04 PM
