2021-05-12 08:59:21.4281|INFO|Topshelf.HostFactory|Configuration Result:
[Success] Name EzAlgoTrading.Standard
[Success] DisplayName EzAlgoTrading.Standard 1.0.0.0
[Success] Description Datafactory to process rail reference data
[Success] ServiceName EzAlgoTrading.Standard
2021-05-12 08:59:21.4725|INFO|Topshelf.HostConfigurators.HostConfiguratorImpl|Topshelf v4.3.0.0, .NET Core 3.1.13 (3.1.13)
2021-05-12 08:59:21.7206|ERROR|Topshelf.Runtime.Windows.WindowsHostEnvironment|Unable to get parent process (ignored)
2021-05-12 08:59:21.7218|DEBUG|Topshelf.Builders.RunBuilder|Running as a console application, creating the console host.
2021-05-12 08:59:21.7549|DEBUG|Topshelf.Hosts.ConsoleRunHost|Starting up as a console application
2021-05-12 08:59:21.8179|INFO|ExAlgo.Core.Cache.QuoteRepositoryManager|Historical Data loaded at  5/12/2021 8:59:21 AM
2021-05-12 08:59:22.8632|INFO|ExAlgo.Core.Cache.QuoteRepositoryManager|ADANIPORTS Pivot Details , PivoPoint: 767.20,previousPivotPoint: 768.7,IsUptrendPivot : False,  Resistance1: 783.45, Support1: 745.40,  Points Change :5.2442193642966615579396281700
2021-05-12 08:59:23.1700|INFO|ExAlgo.Core.Cache.QuoteRepositoryManager|ASIANPAINT Pivot Details , PivoPoint: 2548.4333333333333333333333333,previousPivotPoint: 2559.2333333333333333333333333,IsUptrendPivot : False,  Resistance1: 2575.2666666666666666666666666, Support1: 2534.8666666666666666666666666,  Points Change :1.6142466188077579026692579200
2021-05-12 08:59:23.4921|INFO|ExAlgo.Core.Cache.QuoteRepositoryManager|AXISBANK Pivot Details , PivoPoint: 707.88333333333333333333333333,previousPivotPoint: 718.5,IsUptrendPivot : False,  Resistance1: 712.7666666666666666666666667, Support1: 702.0666666666666666666666667,  Points Change :1.5220483641536273115220483600
2021-05-12 08:59:23.7916|INFO|ExAlgo.Core.Cache.QuoteRepositoryManager|BAJAJ-AUTO Pivot Details , PivoPoint: 3862.7,previousPivotPoint: 3871.25,IsUptrendPivot : False,  Resistance1: 3914.0, Support1: 3830.7,  Points Change :2.1895703509347326992456543100
2021-05-12 08:59:24.0608|INFO|ExAlgo.Core.Cache.QuoteRepositoryManager|BAJAJFINSV Pivot Details , PivoPoint: 11212.116666666666666666666667,previousPivotPoint: 11381.933333333333333333333333,IsUptrendPivot : False,  Resistance1: 11275.233333333333333333333334, Support1: 11114.183333333333333333333334,  Points Change :1.5396147820973772684630335300
2021-05-12 08:59:24.3144|INFO|ExAlgo.Core.Cache.QuoteRepositoryManager|BAJFINANCE Pivot Details , PivoPoint: 5423.65,previousPivotPoint: 5503.0833333333333333333333333,IsUptrendPivot : False,  Resistance1: 5456.80, Support1: 5389.85,  Points Change :1.2634508348794063079777365500
2021-05-12 08:59:24.7599|INFO|ExAlgo.Core.Cache.QuoteRepositoryManager|BHARTIARTL Pivot Details , PivoPoint: 568.51666666666666666666666667,previousPivotPoint: 572.56666666666666666666666667,IsUptrendPivot : False,  Resistance1: 572.9833333333333333333333333, Support1: 562.8333333333333333333333333,  Points Change :1.9147238719971633720414856800
2021-05-12 08:59:25.0393|INFO|ExAlgo.Core.Cache.QuoteRepositoryManager|BPCL Pivot Details , PivoPoint: 457.85,previousPivotPoint: 451.25,IsUptrendPivot : True,  Resistance1: 468.60, Support1: 451.70,  Points Change :3.8263593645110763034235846900
2021-05-12 08:59:25.2957|INFO|ExAlgo.Core.Cache.QuoteRepositoryManager|BRITANNIA Pivot Details , PivoPoint: 3417.05,previousPivotPoint: 3432.5333333333333333333333333,IsUptrendPivot : False,  Resistance1: 3435.95, Support1: 3402.10,  Points Change :1.1380868950692716538331296700
2021-05-12 08:59:25.6198|INFO|ExAlgo.Core.Cache.QuoteRepositoryManager|CIPLA Pivot Details , PivoPoint: 895.2833333333333333333333333,previousPivotPoint: 895.3833333333333333333333333,IsUptrendPivot : False,  Resistance1: 902.0666666666666666666666666, Support1: 884.6166666666666666666666666,  Points Change :1.9984237784282819184868272900
2021-05-12 08:59:25.9300|INFO|ExAlgo.Core.Cache.QuoteRepositoryManager|COALINDIA Pivot Details , PivoPoint: 152.56666666666666666666666667,previousPivotPoint: 144.63333333333333333333333333,IsUptrendPivot : True,  Resistance1: 159.83333333333333333333333334, Support1: 148.38333333333333333333333334,  Points Change :7.991732690320358250086117810
2021-05-12 08:59:26.2028|INFO|ExAlgo.Core.Cache.QuoteRepositoryManager|DIVISLAB Pivot Details , PivoPoint: 4099.3833333333333333333333333,previousPivotPoint: 4127.35,IsUptrendPivot : False,  Resistance1: 4143.666666666666666666666667, Support1: 4029.716666666666666666666667,  Points Change :2.8630613301768143818894725200
2021-05-12 08:59:26.6581|INFO|ExAlgo.Core.Cache.QuoteRepositoryManager|DRREDDY Pivot Details , PivoPoint: 5304.1833333333333333333333333,previousPivotPoint: 5328.70,IsUptrendPivot : False,  Resistance1: 5337.066666666666666666666667, Support1: 5258.416666666666666666666667,  Points Change :1.4920418113178912222791341800
2021-05-12 08:59:26.9646|INFO|ExAlgo.Core.Cache.QuoteRepositoryManager|EICHERMOT Pivot Details , PivoPoint: 2454.25,previousPivotPoint: 2437.85,IsUptrendPivot : True,  Resistance1: 2496.50, Support1: 2430.70,  Points Change :2.7961003941091059946069280200
2021-05-12 08:59:27.2374|INFO|ExAlgo.Core.Cache.QuoteRepositoryManager|GAIL Pivot Details , PivoPoint: 159.3,previousPivotPoint: 153.65,IsUptrendPivot : True,  Resistance1: 166.4, Support1: 155.1,  Points Change :7.4244415243101182654402102500
2021-05-12 08:59:27.5159|INFO|ExAlgo.Core.Cache.QuoteRepositoryManager|GRASIM Pivot Details , PivoPoint: 1448.0833333333333333333333333,previousPivotPoint: 1449.45,IsUptrendPivot : False,  Resistance1: 1470.3666666666666666666666666, Support1: 1427.2166666666666666666666666,  Points Change :3.0842105263157894736842105300
2021-05-12 08:59:27.7918|INFO|ExAlgo.Core.Cache.QuoteRepositoryManager|HCLTECH Pivot Details , PivoPoint: 908.3,previousPivotPoint: 915.2333333333333333333333333,IsUptrendPivot : False,  Resistance1: 911.5, Support1: 904.2,  Points Change :0.8120649651972157772621809700
2021-05-12 08:59:28.0772|INFO|ExAlgo.Core.Cache.QuoteRepositoryManager|HDFC Pivot Details , PivoPoint: 2469.7166666666666666666666667,previousPivotPoint: 2536.3333333333333333333333333,IsUptrendPivot : False,  Resistance1: 2491.6833333333333333333333334, Support1: 2438.0333333333333333333333334,  Points Change :2.2225853897695701912077136800
2021-05-12 08:59:28.3823|INFO|ExAlgo.Core.Cache.QuoteRepositoryManager|HDFCBANK Pivot Details , PivoPoint: 1407.7166666666666666666666667,previousPivotPoint: 1421.6166666666666666666666667,IsUptrendPivot : False,  Resistance1: 1419.0333333333333333333333334, Support1: 1391.2333333333333333333333334,  Points Change :2.0895308411884878678183577600
2021-05-12 08:59:28.6398|INFO|ExAlgo.Core.Cache.QuoteRepositoryManager|HDFCLIFE Pivot Details , PivoPoint: 674.1,previousPivotPoint: 679.88333333333333333333333333,IsUptrendPivot : False,  Resistance1: 678.3, Support1: 666.7,  Points Change :1.7316017316017316017316017300
2021-05-12 08:59:28.9312|INFO|ExAlgo.Core.Cache.QuoteRepositoryManager|HEROMOTOCO Pivot Details , PivoPoint: 2828.5166666666666666666666667,previousPivotPoint: 2849.75,IsUptrendPivot : False,  Resistance1: 2854.9333333333333333333333334, Support1: 2813.3833333333333333333333334,  Points Change :1.5190460890364499660847524200
2021-05-12 08:59:29.1905|INFO|ExAlgo.Core.Cache.QuoteRepositoryManager|HINDALCO Pivot Details , PivoPoint: 414.2,previousPivotPoint: 420.03333333333333333333333333,IsUptrendPivot : False,  Resistance1: 419.4, Support1: 407.8,  Points Change :2.8739146386205209734621499300
2021-05-12 08:59:29.4599|INFO|ExAlgo.Core.Cache.QuoteRepositoryManager|HINDUNILVR Pivot Details , PivoPoint: 2410.0333333333333333333333333,previousPivotPoint: 2431.40,IsUptrendPivot : False,  Resistance1: 2425.0666666666666666666666666, Support1: 2394.4666666666666666666666666,  Points Change :1.3260937663151299989558316800
2021-05-12 08:59:29.7345|INFO|ExAlgo.Core.Cache.QuoteRepositoryManager|ICICIBANK Pivot Details , PivoPoint: 608.08333333333333333333333333,previousPivotPoint: 614.08333333333333333333333333,IsUptrendPivot : False,  Resistance1: 612.7666666666666666666666667, Support1: 603.2666666666666666666666667,  Points Change :1.5996684624948197264815582300
2021-05-12 08:59:30.0000|INFO|ExAlgo.Core.Cache.QuoteRepositoryManager|INDUSINDBK Pivot Details , PivoPoint: 942.5166666666666666666666667,previousPivotPoint: 942.7666666666666666666666667,IsUptrendPivot : False,  Resistance1: 962.1333333333333333333333334, Support1: 928.0333333333333333333333334,  Points Change :3.6948748510131108462455303900
2021-05-12 08:59:30.2759|INFO|ExAlgo.Core.Cache.QuoteRepositoryManager|INFY Pivot Details , PivoPoint: 1332.7833333333333333333333333,previousPivotPoint: 1342.6166666666666666666666667,IsUptrendPivot : False,  Resistance1: 1340.4666666666666666666666666, Support1: 1324.5666666666666666666666666,  Points Change :1.1999094407969209870953135600
2021-05-12 08:59:30.5222|INFO|ExAlgo.Core.Cache.QuoteRepositoryManager|IOC Pivot Details , PivoPoint: 101.93333333333333333333333333,previousPivotPoint: 98.06666666666666666666666667,IsUptrendPivot : True,  Resistance1: 106.01666666666666666666666666, Support1: 99.46666666666666666666666666,  Points Change :6.7484662576687116564417177900
2021-05-12 08:59:30.7746|INFO|ExAlgo.Core.Cache.QuoteRepositoryManager|ITC Pivot Details , PivoPoint: 204.8,previousPivotPoint: 206.05,IsUptrendPivot : False,  Resistance1: 205.8, Support1: 203.1,  Points Change :1.3496932515337423312883435600
2021-05-12 08:59:31.0426|INFO|ExAlgo.Core.Cache.QuoteRepositoryManager|JSWSTEEL Pivot Details , PivoPoint: 739.75,previousPivotPoint: 762.88333333333333333333333333,IsUptrendPivot : False,  Resistance1: 748.40, Support1: 724.75,  Points Change :3.319416877694887413592498800
2021-05-12 08:59:31.3075|INFO|ExAlgo.Core.Cache.QuoteRepositoryManager|KOTAKBANK Pivot Details , PivoPoint: 1765.4833333333333333333333333,previousPivotPoint: 1805.50,IsUptrendPivot : False,  Resistance1: 1777.7166666666666666666666666, Support1: 1743.4166666666666666666666666,  Points Change :2.3470697276486525024953657500
2021-05-12 08:59:31.5656|INFO|ExAlgo.Core.Cache.QuoteRepositoryManager|LT Pivot Details , PivoPoint: 1386.5166666666666666666666667,previousPivotPoint: 1381.3333333333333333333333333,IsUptrendPivot : True,  Resistance1: 1396.3333333333333333333333334, Support1: 1373.1833333333333333333333334,  Points Change :1.7295254705326647772690938200
2021-05-12 08:59:31.8422|INFO|ExAlgo.Core.Cache.QuoteRepositoryManager|M&M Pivot Details , PivoPoint: 773.38333333333333333333333333,previousPivotPoint: 777.83333333333333333333333333,IsUptrendPivot : False,  Resistance1: 780.2166666666666666666666667, Support1: 767.1666666666666666666666667,  Points Change :1.761942051683633516053249800
2021-05-12 08:59:32.1097|INFO|ExAlgo.Core.Cache.QuoteRepositoryManager|MARUTI Pivot Details , PivoPoint: 6716.55,previousPivotPoint: 6734.10,IsUptrendPivot : False,  Resistance1: 6772.45, Support1: 6684.10,  Points Change :1.3325325625914943132765286600
2021-05-12 08:59:32.3965|INFO|ExAlgo.Core.Cache.QuoteRepositoryManager|NESTLEIND Pivot Details , PivoPoint: 16839.766666666666666666666667,previousPivotPoint: 16782.116666666666666666666667,IsUptrendPivot : True,  Resistance1: 16969.183333333333333333333334, Support1: 16731.533333333333333333333334,  Points Change :1.4281568010245147468485100600
2021-05-12 08:59:32.6743|INFO|ExAlgo.Core.Cache.QuoteRepositoryManager|NTPC Pivot Details , PivoPoint: 111.01666666666666666666666667,previousPivotPoint: 107.08333333333333333333333333,IsUptrendPivot : True,  Resistance1: 115.33333333333333333333333334, Support1: 108.63333333333333333333333334,  Points Change :6.2792877225866916588566073100
2021-05-12 08:59:32.9343|INFO|ExAlgo.Core.Cache.QuoteRepositoryManager|ONGC Pivot Details , PivoPoint: 115.78333333333333333333333333,previousPivotPoint: 113.81666666666666666666666667,IsUptrendPivot : True,  Resistance1: 120.81666666666666666666666666, Support1: 112.96666666666666666666666666,  Points Change :7.1783295711060948081264108400
2021-05-12 08:59:33.4727|INFO|ExAlgo.Core.Cache.QuoteRepositoryManager|POWERGRID Pivot Details , PivoPoint: 222.23333333333333333333333333,previousPivotPoint: 218.41666666666666666666666667,IsUptrendPivot : True,  Resistance1: 226.01666666666666666666666666, Support1: 219.46666666666666666666666666,  Points Change :3.1135531135531135531135531100
2021-05-12 08:59:33.7438|INFO|ExAlgo.Core.Cache.QuoteRepositoryManager|RELIANCE Pivot Details , PivoPoint: 1928.00,previousPivotPoint: 1931.5166666666666666666666667,IsUptrendPivot : False,  Resistance1: 1944.45, Support1: 1917.45,  Points Change :1.4947643979057591623036649200
2021-05-12 08:59:34.0434|INFO|ExAlgo.Core.Cache.QuoteRepositoryManager|SBILIFE Pivot Details , PivoPoint: 1002.5333333333333333333333333,previousPivotPoint: 1006.3166666666666666666666667,IsUptrendPivot : False,  Resistance1: 1013.4666666666666666666666666, Support1: 990.0666666666666666666666666,  Points Change :2.4734982332155477031802120100
2021-05-12 08:59:34.3225|INFO|ExAlgo.Core.Cache.QuoteRepositoryManager|SBIN Pivot Details , PivoPoint: 361.86666666666666666666666667,previousPivotPoint: 362.78333333333333333333333333,IsUptrendPivot : False,  Resistance1: 368.93333333333333333333333334, Support1: 357.33333333333333333333333334,  Points Change :3.2840028188865398167723749100
2021-05-12 08:59:34.5871|INFO|ExAlgo.Core.Cache.QuoteRepositoryManager|SHREECEM Pivot Details , PivoPoint: 27275.783333333333333333333333,previousPivotPoint: 27531.70,IsUptrendPivot : False,  Resistance1: 27801.566666666666666666666666, Support1: 26970.766666666666666666666666,  Points Change :3.1281548896583184391382056700
2021-05-12 08:59:34.8499|INFO|ExAlgo.Core.Cache.QuoteRepositoryManager|SUNPHARMA Pivot Details , PivoPoint: 708.86666666666666666666666667,previousPivotPoint: 695.03333333333333333333333333,IsUptrendPivot : True,  Resistance1: 720.9833333333333333333333333, Support1: 695.8833333333333333333333333,  Points Change :3.6842861246768170066072967500
2021-05-12 08:59:35.1141|INFO|ExAlgo.Core.Cache.QuoteRepositoryManager|TATAMOTORS Pivot Details , PivoPoint: 314.48333333333333333333333333,previousPivotPoint: 311.40,IsUptrendPivot : True,  Resistance1: 320.71666666666666666666666666, Support1: 308.21666666666666666666666666,  Points Change :4.1058098020123336579032781600
2021-05-12 08:59:35.4286|INFO|ExAlgo.Core.Cache.QuoteRepositoryManager|TATASTEEL Pivot Details , PivoPoint: 1217.85,previousPivotPoint: 1215.5666666666666666666666667,IsUptrendPivot : True,  Resistance1: 1258.10, Support1: 1189.70,  Points Change :5.8713569547115302914436230800
2021-05-12 08:59:35.7534|INFO|ExAlgo.Core.Cache.QuoteRepositoryManager|TCS Pivot Details , PivoPoint: 3113.6666666666666666666666667,previousPivotPoint: 3145.3666666666666666666666667,IsUptrendPivot : False,  Resistance1: 3135.3333333333333333333333334, Support1: 3099.3333333333333333333333334,  Points Change :1.1953480096404250845154715900
2021-05-12 08:59:36.0363|INFO|ExAlgo.Core.Cache.QuoteRepositoryManager|TECHM Pivot Details , PivoPoint: 979.0666666666666666666666667,previousPivotPoint: 985.6833333333333333333333333,IsUptrendPivot : False,  Resistance1: 987.5333333333333333333333334, Support1: 971.5333333333333333333333334,  Points Change :1.6950025759917568263781555900
2021-05-12 08:59:36.3023|INFO|ExAlgo.Core.Cache.QuoteRepositoryManager|TITAN Pivot Details , PivoPoint: 1441.9,previousPivotPoint: 1456.2833333333333333333333333,IsUptrendPivot : False,  Resistance1: 1451.8, Support1: 1426.5,  Points Change :1.812150837988826815642458100
2021-05-12 08:59:36.5868|INFO|ExAlgo.Core.Cache.QuoteRepositoryManager|ULTRACEMCO Pivot Details , PivoPoint: 6465.1666666666666666666666667,previousPivotPoint: 6443.8666666666666666666666667,IsUptrendPivot : True,  Resistance1: 6619.333333333333333333333333, Support1: 6311.333333333333333333333333,  Points Change :4.905394269776876267748478700
2021-05-12 08:59:36.8528|INFO|ExAlgo.Core.Cache.QuoteRepositoryManager|UPL Pivot Details , PivoPoint: 679.78333333333333333333333333,previousPivotPoint: 665.25,IsUptrendPivot : True,  Resistance1: 691.5666666666666666666666667, Support1: 671.4666666666666666666666667,  Points Change :3.0768079053750561461296601300
2021-05-12 08:59:37.1261|INFO|ExAlgo.Core.Cache.QuoteRepositoryManager|WIPRO Pivot Details , PivoPoint: 519.58333333333333333333333333,previousPivotPoint: 522.25,IsUptrendPivot : False,  Resistance1: 525.1166666666666666666666667, Support1: 515.9666666666666666666666667,  Points Change :1.7994358525435268942709853100
2021-05-12 08:59:37.1315|INFO|Topshelf.Hosts.ConsoleRunHost|The EzAlgoTrading.Standard service is now running, press Control+C to exit.
istoricalData scheduled at ..9:13
2021-05-12 08:59:37.1315|INFO|ExAlgo.Core.HostService|LoadCurrentData scheduled at ..9:30
2021-05-12 08:59:37.1315|INFO|ExAlgo.Core.HostService|RegisterAndProcessTicks scheduled at ..9:15
2021-05-12 08:59:37.1315|INFO|ExAlgo.Core.HostService|WriteConfirmation scheduled at ..15:30
2021-05-12 09:07:43.9139|INFO|Topshelf.HostFactory|Configuration Result:
[Success] Name EzAlgoTrading.Standard
[Success] DisplayName EzAlgoTrading.Standard 1.0.0.0
[Success] Description Datafactory to process rail reference data
[Success] ServiceName EzAlgoTrading.Standard
2021-05-12 09:07:43.9685|INFO|Topshelf.HostConfigurators.HostConfiguratorImpl|Topshelf v4.3.0.0, .NET Core 3.1.13 (3.1.13)
2021-05-12 09:07:44.1061|ERROR|Topshelf.Runtime.Windows.WindowsHostEnvironment|Unable to get parent process (ignored)
2021-05-12 09:07:44.1071|DEBUG|Topshelf.Builders.RunBuilder|Running as a console application, creating the console host.
2021-05-12 09:07:44.1160|DEBUG|Topshelf.Hosts.ConsoleRunHost|Starting up as a console application
2021-05-12 09:07:44.1560|INFO|ExAlgo.Core.Cache.QuoteRepositoryManager|Historical Data loaded at  5/12/2021 9:07:44 AM
2021-05-12 09:07:44.9061|INFO|ExAlgo.Core.Cache.QuoteRepositoryManager|ADANIPORTS Pivot Details , PivoPoint: 767.20,previousPivotPoint: 768.7,IsUptrendPivot : False,  Resistance1: 783.45, Support1: 745.40,  Points Change :5.2442193642966615579396281700
2021-05-12 09:07:45.1919|INFO|ExAlgo.Core.Cache.QuoteRepositoryManager|ASIANPAINT Pivot Details , PivoPoint: 2548.4333333333333333333333333,previousPivotPoint: 2559.2333333333333333333333333,IsUptrendPivot : False,  Resistance1: 2575.2666666666666666666666666, Support1: 2534.8666666666666666666666666,  Points Change :1.6142466188077579026692579200
2021-05-12 09:07:45.4659|INFO|ExAlgo.Core.Cache.QuoteRepositoryManager|AXISBANK Pivot Details , PivoPoint: 707.88333333333333333333333333,previousPivotPoint: 718.5,IsUptrendPivot : False,  Resistance1: 712.7666666666666666666666667, Support1: 702.0666666666666666666666667,  Points Change :1.5220483641536273115220483600
2021-05-12 09:07:45.7624|INFO|ExAlgo.Core.Cache.QuoteRepositoryManager|BAJAJ-AUTO Pivot Details , PivoPoint: 3862.7,previousPivotPoint: 3871.25,IsUptrendPivot : False,  Resistance1: 3914.0, Support1: 3830.7,  Points Change :2.1895703509347326992456543100
2021-05-12 09:07:46.0642|INFO|ExAlgo.Core.Cache.QuoteRepositoryManager|BAJAJFINSV Pivot Details , PivoPoint: 11212.116666666666666666666667,previousPivotPoint: 11381.933333333333333333333333,IsUptrendPivot : False,  Resistance1: 11275.233333333333333333333334, Support1: 11114.183333333333333333333334,  Points Change :1.5396147820973772684630335300
2021-05-12 09:07:46.3140|INFO|ExAlgo.Core.Cache.QuoteRepositoryManager|BAJFINANCE Pivot Details , PivoPoint: 5423.65,previousPivotPoint: 5503.0833333333333333333333333,IsUptrendPivot : False,  Resistance1: 5456.80, Support1: 5389.85,  Points Change :1.2634508348794063079777365500
2021-05-12 09:07:46.6315|INFO|ExAlgo.Core.Cache.QuoteRepositoryManager|BHARTIARTL Pivot Details , PivoPoint: 568.51666666666666666666666667,previousPivotPoint: 572.56666666666666666666666667,IsUptrendPivot : False,  Resistance1: 572.9833333333333333333333333, Support1: 562.8333333333333333333333333,  Points Change :1.9147238719971633720414856800
2021-05-12 09:07:47.1955|INFO|ExAlgo.Core.Cache.QuoteRepositoryManager|BPCL Pivot Details , PivoPoint: 457.85,previousPivotPoint: 451.25,IsUptrendPivot : True,  Resistance1: 468.60, Support1: 451.70,  Points Change :3.8263593645110763034235846900
2021-05-12 09:07:47.4906|INFO|ExAlgo.Core.Cache.QuoteRepositoryManager|BRITANNIA Pivot Details , PivoPoint: 3417.05,previousPivotPoint: 3432.5333333333333333333333333,IsUptrendPivot : False,  Resistance1: 3435.95, Support1: 3402.10,  Points Change :1.1380868950692716538331296700
2021-05-12 09:07:47.7757|INFO|ExAlgo.Core.Cache.QuoteRepositoryManager|CIPLA Pivot Details , PivoPoint: 895.2833333333333333333333333,previousPivotPoint: 895.3833333333333333333333333,IsUptrendPivot : False,  Resistance1: 902.0666666666666666666666666, Support1: 884.6166666666666666666666666,  Points Change :1.9984237784282819184868272900
2021-05-12 09:07:48.0276|INFO|ExAlgo.Core.Cache.QuoteRepositoryManager|COALINDIA Pivot Details , PivoPoint: 152.56666666666666666666666667,previousPivotPoint: 144.63333333333333333333333333,IsUptrendPivot : True,  Resistance1: 159.83333333333333333333333334, Support1: 148.38333333333333333333333334,  Points Change :7.991732690320358250086117810
2021-05-12 09:07:48.3064|INFO|ExAlgo.Core.Cache.QuoteRepositoryManager|DIVISLAB Pivot Details , PivoPoint: 4099.3833333333333333333333333,previousPivotPoint: 4127.35,IsUptrendPivot : False,  Resistance1: 4143.666666666666666666666667, Support1: 4029.716666666666666666666667,  Points Change :2.8630613301768143818894725200
2021-05-12 09:07:48.6074|INFO|ExAlgo.Core.Cache.QuoteRepositoryManager|DRREDDY Pivot Details , PivoPoint: 5304.1833333333333333333333333,previousPivotPoint: 5328.70,IsUptrendPivot : False,  Resistance1: 5337.066666666666666666666667, Support1: 5258.416666666666666666666667,  Points Change :1.4920418113178912222791341800
2021-05-12 09:07:48.8671|INFO|ExAlgo.Core.Cache.QuoteRepositoryManager|EICHERMOT Pivot Details , PivoPoint: 2454.25,previousPivotPoint: 2437.85,IsUptrendPivot : True,  Resistance1: 2496.50, Support1: 2430.70,  Points Change :2.7961003941091059946069280200
2021-05-12 09:07:49.1442|INFO|ExAlgo.Core.Cache.QuoteRepositoryManager|GAIL Pivot Details , PivoPoint: 159.3,previousPivotPoint: 153.65,IsUptrendPivot : True,  Resistance1: 166.4, Support1: 155.1,  Points Change :7.4244415243101182654402102500
2021-05-12 09:07:49.4341|INFO|ExAlgo.Core.Cache.QuoteRepositoryManager|GRASIM Pivot Details , PivoPoint: 1448.0833333333333333333333333,previousPivotPoint: 1449.45,IsUptrendPivot : False,  Resistance1: 1470.3666666666666666666666666, Support1: 1427.2166666666666666666666666,  Points Change :3.0842105263157894736842105300
2021-05-12 09:07:49.6992|INFO|ExAlgo.Core.Cache.QuoteRepositoryManager|HCLTECH Pivot Details , PivoPoint: 908.3,previousPivotPoint: 915.2333333333333333333333333,IsUptrendPivot : False,  Resistance1: 911.5, Support1: 904.2,  Points Change :0.8120649651972157772621809700
2021-05-12 09:07:49.9878|INFO|ExAlgo.Core.Cache.QuoteRepositoryManager|HDFC Pivot Details , PivoPoint: 2469.7166666666666666666666667,previousPivotPoint: 2536.3333333333333333333333333,IsUptrendPivot : False,  Resistance1: 2491.6833333333333333333333334, Support1: 2438.0333333333333333333333334,  Points Change :2.2225853897695701912077136800
2021-05-12 09:07:50.2521|INFO|ExAlgo.Core.Cache.QuoteRepositoryManager|HDFCBANK Pivot Details , PivoPoint: 1407.7166666666666666666666667,previousPivotPoint: 1421.6166666666666666666666667,IsUptrendPivot : False,  Resistance1: 1419.0333333333333333333333334, Support1: 1391.2333333333333333333333334,  Points Change :2.0895308411884878678183577600
2021-05-12 09:07:50.5411|INFO|ExAlgo.Core.Cache.QuoteRepositoryManager|HDFCLIFE Pivot Details , PivoPoint: 674.1,previousPivotPoint: 679.88333333333333333333333333,IsUptrendPivot : False,  Resistance1: 678.3, Support1: 666.7,  Points Change :1.7316017316017316017316017300
2021-05-12 09:07:50.8494|INFO|ExAlgo.Core.Cache.QuoteRepositoryManager|HEROMOTOCO Pivot Details , PivoPoint: 2828.5166666666666666666666667,previousPivotPoint: 2849.75,IsUptrendPivot : False,  Resistance1: 2854.9333333333333333333333334, Support1: 2813.3833333333333333333333334,  Points Change :1.5190460890364499660847524200
2021-05-12 09:07:51.1188|INFO|ExAlgo.Core.Cache.QuoteRepositoryManager|HINDALCO Pivot Details , PivoPoint: 414.2,previousPivotPoint: 420.03333333333333333333333333,IsUptrendPivot : False,  Resistance1: 419.4, Support1: 407.8,  Points Change :2.8739146386205209734621499300
2021-05-12 09:07:51.4676|INFO|ExAlgo.Core.Cache.QuoteRepositoryManager|HINDUNILVR Pivot Details , PivoPoint: 2410.0333333333333333333333333,previousPivotPoint: 2431.40,IsUptrendPivot : False,  Resistance1: 2425.0666666666666666666666666, Support1: 2394.4666666666666666666666666,  Points Change :1.3260937663151299989558316800
2021-05-12 09:07:51.7464|INFO|ExAlgo.Core.Cache.QuoteRepositoryManager|ICICIBANK Pivot Details , PivoPoint: 608.08333333333333333333333333,previousPivotPoint: 614.08333333333333333333333333,IsUptrendPivot : False,  Resistance1: 612.7666666666666666666666667, Support1: 603.2666666666666666666666667,  Points Change :1.5996684624948197264815582300
2021-05-12 09:07:51.9970|INFO|ExAlgo.Core.Cache.QuoteRepositoryManager|INDUSINDBK Pivot Details , PivoPoint: 942.5166666666666666666666667,previousPivotPoint: 942.7666666666666666666666667,IsUptrendPivot : False,  Resistance1: 962.1333333333333333333333334, Support1: 928.0333333333333333333333334,  Points Change :3.6948748510131108462455303900
2021-05-12 09:07:52.2774|INFO|ExAlgo.Core.Cache.QuoteRepositoryManager|INFY Pivot Details , PivoPoint: 1332.7833333333333333333333333,previousPivotPoint: 1342.6166666666666666666666667,IsUptrendPivot : False,  Resistance1: 1340.4666666666666666666666666, Support1: 1324.5666666666666666666666666,  Points Change :1.1999094407969209870953135600
2021-05-12 09:07:52.5461|INFO|ExAlgo.Core.Cache.QuoteRepositoryManager|IOC Pivot Details , PivoPoint: 101.93333333333333333333333333,previousPivotPoint: 98.06666666666666666666666667,IsUptrendPivot : True,  Resistance1: 106.01666666666666666666666666, Support1: 99.46666666666666666666666666,  Points Change :6.7484662576687116564417177900
2021-05-12 09:07:52.8658|INFO|ExAlgo.Core.Cache.QuoteRepositoryManager|ITC Pivot Details , PivoPoint: 204.8,previousPivotPoint: 206.05,IsUptrendPivot : False,  Resistance1: 205.8, Support1: 203.1,  Points Change :1.3496932515337423312883435600
