2021-05-10 08:32:14.9052|INFO|Topshelf.HostFactory|Configuration Result:
[Success] Name EzAlgoTrading.Standard
[Success] DisplayName EzAlgoTrading.Standard 1.0.0.0
[Success] Description Datafactory to process rail reference data
[Success] ServiceName EzAlgoTrading.Standard
2021-05-10 08:32:14.9354|INFO|Topshelf.HostConfigurators.HostConfiguratorImpl|Topshelf v4.3.0.0, .NET Core 3.1.13 (3.1.13)
2021-05-10 08:32:15.1798|ERROR|Topshelf.Runtime.Windows.WindowsHostEnvironment|Unable to get parent process (ignored)
2021-05-10 08:32:15.1808|DEBUG|Topshelf.Builders.RunBuilder|Running as a console application, creating the console host.
2021-05-10 08:32:15.2108|DEBUG|Topshelf.Hosts.ConsoleRunHost|Starting up as a console application
2021-05-10 08:32:15.2841|INFO|ExAlgo.Core.Cache.QuoteRepositoryManager|Historical Data loaded at  5/10/2021 8:32:15 AM
2021-05-10 08:32:15.9744|INFO|ExAlgo.Core.Cache.QuoteRepositoryManager|ADANIPORTS Pivot Details , PivoPoint: 762.8,previousPivotPoint: 743.23333333333333333333333333,IsUptrendPivot : True,  Resistance1: 780.2, Support1: 747.6,  Points Change :4.3944984904394498490439449800
2021-05-10 08:32:16.5421|INFO|ExAlgo.Core.Cache.QuoteRepositoryManager|ASIANPAINT Pivot Details , PivoPoint: 2562.1333333333333333333333333,previousPivotPoint: 2554.4166666666666666666666667,IsUptrendPivot : True,  Resistance1: 2582.7666666666666666666666666, Support1: 2534.2666666666666666666666666,  Points Change :1.9083218571709620302970686600
2021-05-10 08:32:16.8642|INFO|ExAlgo.Core.Cache.QuoteRepositoryManager|AXISBANK Pivot Details , PivoPoint: 718.73333333333333333333333333,previousPivotPoint: 716.45,IsUptrendPivot : True,  Resistance1: 723.4666666666666666666666667, Support1: 710.5666666666666666666666667,  Points Change :1.8067226890756302521008403400
2021-05-10 08:32:17.1409|INFO|ExAlgo.Core.Cache.QuoteRepositoryManager|BAJAJ-AUTO Pivot Details , PivoPoint: 3898.2166666666666666666666667,previousPivotPoint: 3922.3333333333333333333333333,IsUptrendPivot : False,  Resistance1: 3938.3833333333333333333333334, Support1: 3828.8333333333333333333333334,  Points Change :2.9541120149457050558517884200
2021-05-10 08:32:17.4160|INFO|ExAlgo.Core.Cache.QuoteRepositoryManager|BAJAJFINSV Pivot Details , PivoPoint: 11247.916666666666666666666667,previousPivotPoint: 11058.033333333333333333333333,IsUptrendPivot : True,  Resistance1: 11482.883333333333333333333334, Support1: 11105.033333333333333333333334,  Points Change :3.4786873631913096395062625500
2021-05-10 08:32:17.6520|INFO|ExAlgo.Core.Cache.QuoteRepositoryManager|BAJFINANCE Pivot Details , PivoPoint: 5517.7833333333333333333333333,previousPivotPoint: 5541.45,IsUptrendPivot : False,  Resistance1: 5577.366666666666666666666667, Support1: 5422.416666666666666666666667,  Points Change :2.8426163429827775742030047600
2021-05-10 08:32:17.8965|INFO|ExAlgo.Core.Cache.QuoteRepositoryManager|BHARTIARTL Pivot Details , PivoPoint: 565.96666666666666666666666667,previousPivotPoint: 558.43333333333333333333333333,IsUptrendPivot : True,  Resistance1: 574.9333333333333333333333333, Support1: 559.0333333333333333333333333,  Points Change :2.873047225713772670138265400
2021-05-10 08:32:18.1663|INFO|ExAlgo.Core.Cache.QuoteRepositoryManager|BPCL Pivot Details , PivoPoint: 438.31666666666666666666666667,previousPivotPoint: 431.15,IsUptrendPivot : True,  Resistance1: 448.6333333333333333333333333, Support1: 429.6833333333333333333333333,  Points Change :4.439252336448598130841121500
2021-05-10 08:32:18.4283|INFO|ExAlgo.Core.Cache.QuoteRepositoryManager|BRITANNIA Pivot Details , PivoPoint: 3465.4166666666666666666666667,previousPivotPoint: 3461.0666666666666666666666667,IsUptrendPivot : True,  Resistance1: 3478.5833333333333333333333334, Support1: 3449.7333333333333333333333334,  Points Change :0.9399666883916286479831993600
2021-05-10 08:32:18.7000|INFO|ExAlgo.Core.Cache.QuoteRepositoryManager|CIPLA Pivot Details , PivoPoint: 885.6,previousPivotPoint: 894.3833333333333333333333333,IsUptrendPivot : False,  Resistance1: 893.7, Support1: 875.9,  Points Change :2.1094640820980615735461801600
2021-05-10 08:32:18.9337|INFO|ExAlgo.Core.Cache.QuoteRepositoryManager|COALINDIA Pivot Details , PivoPoint: 136.56666666666666666666666667,previousPivotPoint: 134.50,IsUptrendPivot : True,  Resistance1: 138.13333333333333333333333334, Support1: 135.23333333333333333333333334,  Points Change :2.2222222222222222222222222200
2021-05-10 08:32:19.2037|INFO|ExAlgo.Core.Cache.QuoteRepositoryManager|DIVISLAB Pivot Details , PivoPoint: 4045.65,previousPivotPoint: 4052.2333333333333333333333333,IsUptrendPivot : False,  Resistance1: 4072.00, Support1: 4003.65,  Points Change :1.7005448709974373647152489200
2021-05-10 08:32:19.4394|INFO|ExAlgo.Core.Cache.QuoteRepositoryManager|DRREDDY Pivot Details , PivoPoint: 5198.65,previousPivotPoint: 5186.25,IsUptrendPivot : True,  Resistance1: 5231.10, Support1: 5150.25,  Points Change :1.6066589237320944638017808700
2021-05-10 08:32:19.6897|INFO|ExAlgo.Core.Cache.QuoteRepositoryManager|EICHERMOT Pivot Details , PivoPoint: 2424.8833333333333333333333333,previousPivotPoint: 2419.85,IsUptrendPivot : True,  Resistance1: 2446.6666666666666666666666666, Support1: 2392.7166666666666666666666666,  Points Change :2.2450168532312429778203154300
2021-05-10 08:32:19.9264|INFO|ExAlgo.Core.Cache.QuoteRepositoryManager|GAIL Pivot Details , PivoPoint: 150.41666666666666666666666667,previousPivotPoint: 149.56666666666666666666666667,IsUptrendPivot : True,  Resistance1: 152.13333333333333333333333334, Support1: 148.18333333333333333333333334,  Points Change :2.6563550773369199731002017500
2021-05-10 08:32:20.1836|INFO|ExAlgo.Core.Cache.QuoteRepositoryManager|GRASIM Pivot Details , PivoPoint: 1447.7333333333333333333333333,previousPivotPoint: 1438.95,IsUptrendPivot : True,  Resistance1: 1462.1666666666666666666666666, Support1: 1433.5666666666666666666666666,  Points Change :1.9953952417498081350729086700
2021-05-10 08:32:20.4629|INFO|ExAlgo.Core.Cache.QuoteRepositoryManager|HCLTECH Pivot Details , PivoPoint: 916.8833333333333333333333333,previousPivotPoint: 913.7166666666666666666666667,IsUptrendPivot : True,  Resistance1: 920.0666666666666666666666666, Support1: 912.3666666666666666666666666,  Points Change :0.842727372222830250629309400
2021-05-10 08:32:20.7120|INFO|ExAlgo.Core.Cache.QuoteRepositoryManager|HDFC Pivot Details , PivoPoint: 2478.9833333333333333333333333,previousPivotPoint: 2415,IsUptrendPivot : True,  Resistance1: 2518.9666666666666666666666666, Support1: 2451.3666666666666666666666666,  Points Change :2.8256233595800524934383202100
2021-05-10 08:32:20.9887|INFO|ExAlgo.Core.Cache.QuoteRepositoryManager|HDFCBANK Pivot Details , PivoPoint: 1416.40,previousPivotPoint: 1403.0833333333333333333333333,IsUptrendPivot : True,  Resistance1: 1421.95, Support1: 1407.90,  Points Change :1.0423683744017018259173905300
2021-05-10 08:32:21.2459|INFO|ExAlgo.Core.Cache.QuoteRepositoryManager|HDFCLIFE Pivot Details , PivoPoint: 674.75,previousPivotPoint: 673.55,IsUptrendPivot : True,  Resistance1: 678.45, Support1: 669.05,  Points Change :1.4082408166306534535429550700
2021-05-10 08:32:21.4954|INFO|ExAlgo.Core.Cache.QuoteRepositoryManager|HEROMOTOCO Pivot Details , PivoPoint: 2888.55,previousPivotPoint: 2881.4333333333333333333333333,IsUptrendPivot : True,  Resistance1: 2957.05, Support1: 2786.50,  Points Change :6.2056737588652482269503546100
2021-05-10 08:32:21.7403|INFO|ExAlgo.Core.Cache.QuoteRepositoryManager|HINDALCO Pivot Details , PivoPoint: 397.4,previousPivotPoint: 381.63333333333333333333333333,IsUptrendPivot : True,  Resistance1: 409.5, Support1: 389.9,  Points Change :5.1135626216742375081116158300
2021-05-10 08:32:22.0118|INFO|ExAlgo.Core.Cache.QuoteRepositoryManager|HINDUNILVR Pivot Details , PivoPoint: 2410.8166666666666666666666667,previousPivotPoint: 2395.80,IsUptrendPivot : True,  Resistance1: 2424.2833333333333333333333334, Support1: 2397.6333333333333333333333334,  Points Change :1.1200800951129466241161379100
2021-05-10 08:32:22.2495|INFO|ExAlgo.Core.Cache.QuoteRepositoryManager|ICICIBANK Pivot Details , PivoPoint: 608.75,previousPivotPoint: 606.55,IsUptrendPivot : True,  Resistance1: 613.65, Support1: 602.75,  Points Change :1.8386615868809011098227596500
2021-05-10 08:32:22.5231|INFO|ExAlgo.Core.Cache.QuoteRepositoryManager|INDUSINDBK Pivot Details , PivoPoint: 934.4,previousPivotPoint: 928.0166666666666666666666667,IsUptrendPivot : True,  Resistance1: 943.8, Support1: 917.1,  Points Change :2.897297297297297297297297300
2021-05-10 08:32:22.7755|INFO|ExAlgo.Core.Cache.QuoteRepositoryManager|INFY Pivot Details , PivoPoint: 1358.1166666666666666666666667,previousPivotPoint: 1353.7166666666666666666666667,IsUptrendPivot : True,  Resistance1: 1367.3333333333333333333333334, Support1: 1343.4833333333333333333333334,  Points Change :1.8205413422321097515758249900
2021-05-10 08:32:23.0250|INFO|ExAlgo.Core.Cache.QuoteRepositoryManager|IOC Pivot Details , PivoPoint: 94.10,previousPivotPoint: 92.63333333333333333333333333,IsUptrendPivot : True,  Resistance1: 95.95, Support1: 93.00,  Points Change :3.3080260303687635574837310200
2021-05-10 08:32:23.2777|INFO|ExAlgo.Core.Cache.QuoteRepositoryManager|ITC Pivot Details , PivoPoint: 205.11666666666666666666666667,previousPivotPoint: 203.76666666666666666666666667,IsUptrendPivot : True,  Resistance1: 206.88333333333333333333333334, Support1: 203.78333333333333333333333334,  Points Change :1.7245627001724562700172456300
2021-05-10 08:32:23.5190|INFO|ExAlgo.Core.Cache.QuoteRepositoryManager|JSWSTEEL Pivot Details , PivoPoint: 752.65,previousPivotPoint: 730.36666666666666666666666667,IsUptrendPivot : True,  Resistance1: 768.40, Support1: 738.65,  Points Change :4.0651510010179843909060061100
2021-05-10 08:32:23.7718|INFO|ExAlgo.Core.Cache.QuoteRepositoryManager|KOTAKBANK Pivot Details , PivoPoint: 1788.4333333333333333333333333,previousPivotPoint: 1783.1333333333333333333333333,IsUptrendPivot : True,  Resistance1: 1803.2666666666666666666666666, Support1: 1764.1666666666666666666666666,  Points Change :2.2272342824922469692698054700
2021-05-10 08:32:24.0378|INFO|ExAlgo.Core.Cache.QuoteRepositoryManager|LT Pivot Details , PivoPoint: 1346.4,previousPivotPoint: 1343.7666666666666666666666667,IsUptrendPivot : True,  Resistance1: 1353.8, Support1: 1333.6,  Points Change :1.5608663181478715459297983600
2021-05-10 08:32:24.2745|INFO|ExAlgo.Core.Cache.QuoteRepositoryManager|M&M Pivot Details , PivoPoint: 763.08333333333333333333333333,previousPivotPoint: 751.85,IsUptrendPivot : True,  Resistance1: 774.2166666666666666666666667, Support1: 754.1666666666666666666666667,  Points Change :2.7962716378162450066577896100
2021-05-10 08:32:24.5201|INFO|ExAlgo.Core.Cache.QuoteRepositoryManager|MARUTI Pivot Details , PivoPoint: 6696.2333333333333333333333333,previousPivotPoint: 6647.1166666666666666666666667,IsUptrendPivot : True,  Resistance1: 6752.316666666666666666666667, Support1: 6637.966666666666666666666667,  Points Change :1.7251506024096385542168674700
2021-05-10 08:32:24.7694|INFO|ExAlgo.Core.Cache.QuoteRepositoryManager|NESTLEIND Pivot Details , PivoPoint: 16738.433333333333333333333333,previousPivotPoint: 16683.95,IsUptrendPivot : True,  Resistance1: 16809.666666666666666666666666, Support1: 16678.766666666666666666666666,  Points Change :0.798679867986798679867986800
2021-05-10 08:32:25.0635|INFO|ExAlgo.Core.Cache.QuoteRepositoryManager|NTPC Pivot Details , PivoPoint: 104.65,previousPivotPoint: 103.56666666666666666666666667,IsUptrendPivot : True,  Resistance1: 105.95, Support1: 103.80,  Points Change :2.0803096274794388001935171700
2021-05-10 08:32:25.3271|INFO|ExAlgo.Core.Cache.QuoteRepositoryManager|ONGC Pivot Details , PivoPoint: 111.20,previousPivotPoint: 110.86666666666666666666666667,IsUptrendPivot : True,  Resistance1: 112.75, Support1: 110.05,  Points Change :2.4623803009575923392612859100
2021-05-10 08:32:25.6025|INFO|ExAlgo.Core.Cache.QuoteRepositoryManager|POWERGRID Pivot Details , PivoPoint: 214.80,previousPivotPoint: 216.33333333333333333333333333,IsUptrendPivot : False,  Resistance1: 216.10, Support1: 212.85,  Points Change :1.5456674473067915690866510500
2021-05-10 08:32:25.8460|INFO|ExAlgo.Core.Cache.QuoteRepositoryManager|RELIANCE Pivot Details , PivoPoint: 1936.1333333333333333333333333,previousPivotPoint: 1924.3166666666666666666666667,IsUptrendPivot : True,  Resistance1: 1946.2666666666666666666666666, Support1: 1916.6666666666666666666666666,  Points Change :1.5394600207684319833852544100
2021-05-10 08:32:26.1215|INFO|ExAlgo.Core.Cache.QuoteRepositoryManager|SBILIFE Pivot Details , PivoPoint: 1003.55,previousPivotPoint: 970.50,IsUptrendPivot : True,  Resistance1: 1032.45, Support1: 969.40,  Points Change :7.2146962233169129720853858800
2021-05-10 08:32:26.3626|INFO|ExAlgo.Core.Cache.QuoteRepositoryManager|SBIN Pivot Details , PivoPoint: 357.66666666666666666666666667,previousPivotPoint: 355.25,IsUptrendPivot : True,  Resistance1: 362.18333333333333333333333334, Support1: 353.33333333333333333333333334,  Points Change :2.5495750708215297450424929200
2021-05-10 08:32:26.6076|INFO|ExAlgo.Core.Cache.QuoteRepositoryManager|SHREECEM Pivot Details , PivoPoint: 27811.8,previousPivotPoint: 27733.866666666666666666666667,IsUptrendPivot : True,  Resistance1: 27923.6, Support1: 27678.2,  Points Change :0.896209386281588447653429600
2021-05-10 08:32:26.8801|INFO|ExAlgo.Core.Cache.QuoteRepositoryManager|SUNPHARMA Pivot Details , PivoPoint: 682.68333333333333333333333333,previousPivotPoint: 682.58333333333333333333333333,IsUptrendPivot : True,  Resistance1: 687.6166666666666666666666667, Support1: 674.3666666666666666666666667,  Points Change :1.9775678866587957497048406100
2021-05-10 08:32:27.1217|INFO|ExAlgo.Core.Cache.QuoteRepositoryManager|TATAMOTORS Pivot Details , PivoPoint: 302.60,previousPivotPoint: 297.85,IsUptrendPivot : True,  Resistance1: 304.70, Support1: 299.35,  Points Change :1.8136439267886855241264559100
2021-05-10 08:32:27.3755|INFO|ExAlgo.Core.Cache.QuoteRepositoryManager|TATASTEEL Pivot Details , PivoPoint: 1168.5666666666666666666666667,previousPivotPoint: 1092.0,IsUptrendPivot : True,  Resistance1: 1207.0333333333333333333333334, Support1: 1145.1833333333333333333333334,  Points Change :5.4773913812936908238209008100
2021-05-10 08:32:27.6248|INFO|ExAlgo.Core.Cache.QuoteRepositoryManager|TCS Pivot Details , PivoPoint: 3134.2166666666666666666666667,previousPivotPoint: 3107.9166666666666666666666667,IsUptrendPivot : True,  Resistance1: 3156.6333333333333333333333334, Support1: 3108.5833333333333333333333334,  Points Change :1.5441223729031428755061379300
2021-05-10 08:32:27.9208|INFO|ExAlgo.Core.Cache.QuoteRepositoryManager|TECHM Pivot Details , PivoPoint: 979.15,previousPivotPoint: 972.6166666666666666666666667,IsUptrendPivot : True,  Resistance1: 986.10, Support1: 974.05,  Points Change :1.2498714124061310564756712300
2021-05-10 08:32:28.1683|INFO|ExAlgo.Core.Cache.QuoteRepositoryManager|TITAN Pivot Details , PivoPoint: 1446.7333333333333333333333333,previousPivotPoint: 1440.15,IsUptrendPivot : True,  Resistance1: 1453.4666666666666666666666666, Support1: 1434.2166666666666666666666666,  Points Change :1.3438433224529481213973192600
2021-05-10 08:32:28.4155|INFO|ExAlgo.Core.Cache.QuoteRepositoryManager|ULTRACEMCO Pivot Details , PivoPoint: 6481.7166666666666666666666667,previousPivotPoint: 6383.6666666666666666666666667,IsUptrendPivot : True,  Resistance1: 6548.483333333333333333333333, Support1: 6439.433333333333333333333333,  Points Change :1.6999353073679451905314928400
2021-05-10 08:32:28.6736|INFO|ExAlgo.Core.Cache.QuoteRepositoryManager|UPL Pivot Details , PivoPoint: 631.46666666666666666666666667,previousPivotPoint: 633.15,IsUptrendPivot : False,  Resistance1: 637.6333333333333333333333333, Support1: 621.3333333333333333333333333,  Points Change :2.6549380247900839664134346300
2021-05-10 08:32:28.9202|INFO|ExAlgo.Core.Cache.QuoteRepositoryManager|WIPRO Pivot Details , PivoPoint: 513.01666666666666666666666667,previousPivotPoint: 504.81666666666666666666666667,IsUptrendPivot : True,  Resistance1: 518.5333333333333333333333333, Support1: 509.4833333333333333333333333,  Points Change :1.783251231527093596059113300
2021-05-10 08:32:28.9284|INFO|ExAlgo.Core.HostService|Scheduler registered..
2021-05-10 08:32:28.9284|INFO|ExAlgo.Core.HostService|LoadHistoricalData scheduled at ..9:13
2021-05-10 08:32:28.9284|INFO|ExAlgo.Core.HostService|LoadCurrentData scheduled at ..9:30
2021-05-10 08:32:28.9284|INFO|ExAlgo.Core.HostService|RegisterAndProcessTicks scheduled at ..9:15
2021-05-10 08:32:28.9284|INFO|ExAlgo.Core.HostService|WriteConfirmation scheduled at ..15:30
2021-05-10 08:32:28.9284|INFO|Topshelf.Hosts.ConsoleRunHost|The EzAlgoTrading.Standard service is now running, press Control+C to exit.
2021-05-10 09:08:39.6793|INFO|Topshelf.HostFactory|Configuration Result:
[Success] Name EzAlgoTrading.Standard
[Success] DisplayName EzAlgoTrading.Standard 1.0.0.0
[Success] Description Datafactory to process rail reference data
[Success] ServiceName EzAlgoTrading.Standard
2021-05-10 09:08:39.7105|INFO|Topshelf.HostConfigurators.HostConfiguratorImpl|Topshelf v4.3.0.0, .NET Core 3.1.13 (3.1.13)
2021-05-10 09:08:39.8621|ERROR|Topshelf.Runtime.Windows.WindowsHostEnvironment|Unable to get parent process (ignored)
2021-05-10 09:08:39.8631|DEBUG|Topshelf.Builders.RunBuilder|Running as a console application, creating the console host.
2021-05-10 09:08:39.8728|DEBUG|Topshelf.Hosts.ConsoleRunHost|Starting up as a console application
2021-05-10 09:08:39.9085|INFO|Topshelf.Hosts.ConsoleRunHost|The EzAlgoTrading.Standard service is now running, press Control+C to exit.
2021-05-10 09:08:39.9085|INFO|ExAlgo.Core.HostService|Scheduler registered..
2021-05-10 09:08:39.9085|INFO|ExAlgo.Core.HostService|LoadHistoricalData scheduled at ..9:13
2021-05-10 09:08:39.9085|INFO|ExAlgo.Core.HostService|LoadCurrentData scheduled at ..9:30
2021-05-10 09:08:39.9085|INFO|ExAlgo.Core.HostService|RegisterAndProcessTicks scheduled at ..9:15
2021-05-10 09:08:39.9085|INFO|ExAlgo.Core.HostService|WriteConfirmation scheduled at ..15:30
2021-05-10 09:11:00.0273|INFO|ExAlgo.Core.Cache.QuoteRepositoryManager|Historical Data loaded at  5/10/2021 9:11:00 AM
2021-05-10 09:11:00.7919|INFO|ExAlgo.Core.Cache.QuoteRepositoryManager|ADANIPORTS Pivot Details , PivoPoint: 762.8,previousPivotPoint: 743.23333333333333333333333333,IsUptrendPivot : True,  Resistance1: 780.2, Support1: 747.6,  Points Change :4.3944984904394498490439449800
2021-05-10 09:11:01.1630|INFO|ExAlgo.Core.Cache.QuoteRepositoryManager|ASIANPAINT Pivot Details , PivoPoint: 2562.1333333333333333333333333,previousPivotPoint: 2554.4166666666666666666666667,IsUptrendPivot : True,  Resistance1: 2582.7666666666666666666666666, Support1: 2534.2666666666666666666666666,  Points Change :1.9083218571709620302970686600
2021-05-10 09:11:01.4592|INFO|ExAlgo.Core.Cache.QuoteRepositoryManager|AXISBANK Pivot Details , PivoPoint: 718.73333333333333333333333333,previousPivotPoint: 716.45,IsUptrendPivot : True,  Resistance1: 723.4666666666666666666666667, Support1: 710.5666666666666666666666667,  Points Change :1.8067226890756302521008403400
2021-05-10 09:11:01.7291|INFO|ExAlgo.Core.Cache.QuoteRepositoryManager|BAJAJ-AUTO Pivot Details , PivoPoint: 3898.2166666666666666666666667,previousPivotPoint: 3922.3333333333333333333333333,IsUptrendPivot : False,  Resistance1: 3938.3833333333333333333333334, Support1: 3828.8333333333333333333333334,  Points Change :2.9541120149457050558517884200
2021-05-10 09:11:02.0195|INFO|ExAlgo.Core.Cache.QuoteRepositoryManager|BAJAJFINSV Pivot Details , PivoPoint: 11247.916666666666666666666667,previousPivotPoint: 11058.033333333333333333333333,IsUptrendPivot : True,  Resistance1: 11482.883333333333333333333334, Support1: 11105.033333333333333333333334,  Points Change :3.4786873631913096395062625500
2021-05-10 09:11:02.3132|INFO|ExAlgo.Core.Cache.QuoteRepositoryManager|BAJFINANCE Pivot Details , PivoPoint: 5517.7833333333333333333333333,previousPivotPoint: 5541.45,IsUptrendPivot : False,  Resistance1: 5577.366666666666666666666667, Support1: 5422.416666666666666666666667,  Points Change :2.8426163429827775742030047600
2021-05-10 09:11:02.5791|INFO|ExAlgo.Core.Cache.QuoteRepositoryManager|BHARTIARTL Pivot Details , PivoPoint: 565.96666666666666666666666667,previousPivotPoint: 558.43333333333333333333333333,IsUptrendPivot : True,  Resistance1: 574.9333333333333333333333333, Support1: 559.0333333333333333333333333,  Points Change :2.873047225713772670138265400
2021-05-10 09:11:02.8572|INFO|ExAlgo.Core.Cache.QuoteRepositoryManager|BPCL Pivot Details , PivoPoint: 438.31666666666666666666666667,previousPivotPoint: 431.15,IsUptrendPivot : True,  Resistance1: 448.6333333333333333333333333, Support1: 429.6833333333333333333333333,  Points Change :4.439252336448598130841121500
2021-05-10 09:11:03.1409|INFO|ExAlgo.Core.Cache.QuoteRepositoryManager|BRITANNIA Pivot Details , PivoPoint: 3465.4166666666666666666666667,previousPivotPoint: 3461.0666666666666666666666667,IsUptrendPivot : True,  Resistance1: 3478.5833333333333333333333334, Support1: 3449.7333333333333333333333334,  Points Change :0.9399666883916286479831993600
2021-05-10 09:11:03.4583|INFO|ExAlgo.Core.Cache.QuoteRepositoryManager|CIPLA Pivot Details , PivoPoint: 885.6,previousPivotPoint: 894.3833333333333333333333333,IsUptrendPivot : False,  Resistance1: 893.7, Support1: 875.9,  Points Change :2.1094640820980615735461801600
2021-05-10 09:11:03.7360|INFO|ExAlgo.Core.Cache.QuoteRepositoryManager|COALINDIA Pivot Details , PivoPoint: 136.56666666666666666666666667,previousPivotPoint: 134.50,IsUptrendPivot : True,  Resistance1: 138.13333333333333333333333334, Support1: 135.23333333333333333333333334,  Points Change :2.2222222222222222222222222200
2021-05-10 09:11:03.9964|INFO|ExAlgo.Core.Cache.QuoteRepositoryManager|DIVISLAB Pivot Details , PivoPoint: 4045.65,previousPivotPoint: 4052.2333333333333333333333333,IsUptrendPivot : False,  Resistance1: 4072.00, Support1: 4003.65,  Points Change :1.7005448709974373647152489200
2021-05-10 09:11:04.3605|INFO|ExAlgo.Core.Cache.QuoteRepositoryManager|DRREDDY Pivot Details , PivoPoint: 5198.65,previousPivotPoint: 5186.25,IsUptrendPivot : True,  Resistance1: 5231.10, Support1: 5150.25,  Points Change :1.6066589237320944638017808700
2021-05-10 09:11:04.6519|INFO|ExAlgo.Core.Cache.QuoteRepositoryManager|EICHERMOT Pivot Details , PivoPoint: 2424.8833333333333333333333333,previousPivotPoint: 2419.85,IsUptrendPivot : True,  Resistance1: 2446.6666666666666666666666666, Support1: 2392.7166666666666666666666666,  Points Change :2.2450168532312429778203154300
2021-05-10 09:11:04.9311|INFO|ExAlgo.Core.Cache.QuoteRepositoryManager|GAIL Pivot Details , PivoPoint: 150.41666666666666666666666667,previousPivotPoint: 149.56666666666666666666666667,IsUptrendPivot : True,  Resistance1: 152.13333333333333333333333334, Support1: 148.18333333333333333333333334,  Points Change :2.6563550773369199731002017500
2021-05-10 09:11:05.2148|INFO|ExAlgo.Core.Cache.QuoteRepositoryManager|GRASIM Pivot Details , PivoPoint: 1447.7333333333333333333333333,previousPivotPoint: 1438.95,IsUptrendPivot : True,  Resistance1: 1462.1666666666666666666666666, Support1: 1433.5666666666666666666666666,  Points Change :1.9953952417498081350729086700
2021-05-10 09:11:05.4805|INFO|ExAlgo.Core.Cache.QuoteRepositoryManager|HCLTECH Pivot Details , PivoPoint: 916.8833333333333333333333333,previousPivotPoint: 913.7166666666666666666666667,IsUptrendPivot : True,  Resistance1: 920.0666666666666666666666666, Support1: 912.3666666666666666666666666,  Points Change :0.842727372222830250629309400
2021-05-10 09:11:05.7352|INFO|ExAlgo.Core.Cache.QuoteRepositoryManager|HDFC Pivot Details , PivoPoint: 2478.9833333333333333333333333,previousPivotPoint: 2415,IsUptrendPivot : True,  Resistance1: 2518.9666666666666666666666666, Support1: 2451.3666666666666666666666666,  Points Change :2.8256233595800524934383202100
2021-05-10 09:11:06.0343|INFO|ExAlgo.Core.Cache.QuoteRepositoryManager|HDFCBANK Pivot Details , PivoPoint: 1416.40,previousPivotPoint: 1403.0833333333333333333333333,IsUptrendPivot : True,  Resistance1: 1421.95, Support1: 1407.90,  Points Change :1.0423683744017018259173905300
2021-05-10 09:11:06.3536|INFO|ExAlgo.Core.Cache.QuoteRepositoryManager|HDFCLIFE Pivot Details , PivoPoint: 674.75,previousPivotPoint: 673.55,IsUptrendPivot : True,  Resistance1: 678.45, Support1: 669.05,  Points Change :1.4082408166306534535429550700
2021-05-10 09:11:06.6779|INFO|ExAlgo.Core.Cache.QuoteRepositoryManager|HEROMOTOCO Pivot Details , PivoPoint: 2888.55,previousPivotPoint: 2881.4333333333333333333333333,IsUptrendPivot : True,  Resistance1: 2957.05, Support1: 2786.50,  Points Change :6.2056737588652482269503546100
2021-05-10 09:11:06.9275|INFO|ExAlgo.Core.Cache.QuoteRepositoryManager|HINDALCO Pivot Details , PivoPoint: 397.4,previousPivotPoint: 381.63333333333333333333333333,IsUptrendPivot : True,  Resistance1: 409.5, Support1: 389.9,  Points Change :5.1135626216742375081116158300
2021-05-10 09:11:07.1966|INFO|ExAlgo.Core.Cache.QuoteRepositoryManager|HINDUNILVR Pivot Details , PivoPoint: 2410.8166666666666666666666667,previousPivotPoint: 2395.80,IsUptrendPivot : True,  Resistance1: 2424.2833333333333333333333334, Support1: 2397.6333333333333333333333334,  Points Change :1.1200800951129466241161379100
2021-05-10 09:11:07.4617|INFO|ExAlgo.Core.Cache.QuoteRepositoryManager|ICICIBANK Pivot Details , PivoPoint: 608.75,previousPivotPoint: 606.55,IsUptrendPivot : True,  Resistance1: 613.65, Support1: 602.75,  Points Change :1.8386615868809011098227596500
2021-05-10 09:11:07.7308|INFO|ExAlgo.Core.Cache.QuoteRepositoryManager|INDUSINDBK Pivot Details , PivoPoint: 934.4,previousPivotPoint: 928.0166666666666666666666667,IsUptrendPivot : True,  Resistance1: 943.8, Support1: 917.1,  Points Change :2.897297297297297297297297300
2021-05-10 09:11:08.0244|INFO|ExAlgo.Core.Cache.QuoteRepositoryManager|INFY Pivot Details , PivoPoint: 1358.1166666666666666666666667,previousPivotPoint: 1353.7166666666666666666666667,IsUptrendPivot : True,  Resistance1: 1367.3333333333333333333333334, Support1: 1343.4833333333333333333333334,  Points Change :1.8205413422321097515758249900
2021-05-10 09:11:08.2754|INFO|ExAlgo.Core.Cache.QuoteRepositoryManager|IOC Pivot Details , PivoPoint: 94.10,previousPivotPoint: 92.63333333333333333333333333,IsUptrendPivot : True,  Resistance1: 95.95, Support1: 93.00,  Points Change :3.3080260303687635574837310200
2021-05-10 09:11:08.5534|INFO|ExAlgo.Core.Cache.QuoteRepositoryManager|ITC Pivot Details , PivoPoint: 205.11666666666666666666666667,previousPivotPoint: 203.76666666666666666666666667,IsUptrendPivot : True,  Resistance1: 206.88333333333333333333333334, Support1: 203.78333333333333333333333334,  Points Change :1.7245627001724562700172456300
2021-05-10 09:11:08.8784|INFO|ExAlgo.Core.Cache.QuoteRepositoryManager|JSWSTEEL Pivot Details , PivoPoint: 752.65,previousPivotPoint: 730.36666666666666666666666667,IsUptrendPivot : True,  Resistance1: 768.40, Support1: 738.65,  Points Change :4.0651510010179843909060061100
2021-05-10 09:11:09.1485|INFO|ExAlgo.Core.Cache.QuoteRepositoryManager|KOTAKBANK Pivot Details , PivoPoint: 1788.4333333333333333333333333,previousPivotPoint: 1783.1333333333333333333333333,IsUptrendPivot : True,  Resistance1: 1803.2666666666666666666666666, Support1: 1764.1666666666666666666666666,  Points Change :2.2272342824922469692698054700
2021-05-10 09:11:16.0370|INFO|ExAlgo.Core.Cache.QuoteRepositoryManager|LT Pivot Details , PivoPoint: 1346.4,previousPivotPoint: 1343.7666666666666666666666667,IsUptrendPivot : True,  Resistance1: 1353.8, Support1: 1333.6,  Points Change :1.5608663181478715459297983600
2021-05-10 09:11:16.3139|INFO|ExAlgo.Core.Cache.QuoteRepositoryManager|M&M Pivot Details , PivoPoint: 763.08333333333333333333333333,previousPivotPoint: 751.85,IsUptrendPivot : True,  Resistance1: 774.2166666666666666666666667, Support1: 754.1666666666666666666666667,  Points Change :2.7962716378162450066577896100
2021-05-10 09:11:16.5864|INFO|ExAlgo.Core.Cache.QuoteRepositoryManager|MARUTI Pivot Details , PivoPoint: 6696.2333333333333333333333333,previousPivotPoint: 6647.1166666666666666666666667,IsUptrendPivot : True,  Resistance1: 6752.316666666666666666666667, Support1: 6637.966666666666666666666667,  Points Change :1.7251506024096385542168674700
2021-05-10 09:11:16.8831|INFO|ExAlgo.Core.Cache.QuoteRepositoryManager|NESTLEIND Pivot Details , PivoPoint: 16738.433333333333333333333333,previousPivotPoint: 16683.95,IsUptrendPivot : True,  Resistance1: 16809.666666666666666666666666, Support1: 16678.766666666666666666666666,  Points Change :0.798679867986798679867986800
2021-05-10 09:11:17.1561|INFO|ExAlgo.Core.Cache.QuoteRepositoryManager|NTPC Pivot Details , PivoPoint: 104.65,previousPivotPoint: 103.56666666666666666666666667,IsUptrendPivot : True,  Resistance1: 105.95, Support1: 103.80,  Points Change :2.0803096274794388001935171700
2021-05-10 09:11:17.4228|INFO|ExAlgo.Core.Cache.QuoteRepositoryManager|ONGC Pivot Details , PivoPoint: 111.20,previousPivotPoint: 110.86666666666666666666666667,IsUptrendPivot : True,  Resistance1: 112.75, Support1: 110.05,  Points Change :2.4623803009575923392612859100
2021-05-10 09:11:17.7206|INFO|ExAlgo.Core.Cache.QuoteRepositoryManager|POWERGRID Pivot Details , PivoPoint: 214.80,previousPivotPoint: 216.33333333333333333333333333,IsUptrendPivot : False,  Resistance1: 216.10, Support1: 212.85,  Points Change :1.5456674473067915690866510500
2021-05-10 09:11:18.0105|INFO|ExAlgo.Core.Cache.QuoteRepositoryManager|RELIANCE Pivot Details , PivoPoint: 1936.1333333333333333333333333,previousPivotPoint: 1924.3166666666666666666666667,IsUptrendPivot : True,  Resistance1: 1946.2666666666666666666666666, Support1: 1916.6666666666666666666666666,  Points Change :1.5394600207684319833852544100
2021-05-10 09:11:18.2837|INFO|ExAlgo.Core.Cache.QuoteRepositoryManager|SBILIFE Pivot Details , PivoPoint: 1003.55,previousPivotPoint: 970.50,IsUptrendPivot : True,  Resistance1: 1032.45, Support1: 969.40,  Points Change :7.2146962233169129720853858800
2021-05-10 09:11:18.6038|INFO|ExAlgo.Core.Cache.QuoteRepositoryManager|SBIN Pivot Details , PivoPoint: 357.66666666666666666666666667,previousPivotPoint: 355.25,IsUptrendPivot : True,  Resistance1: 362.18333333333333333333333334, Support1: 353.33333333333333333333333334,  Points Change :2.5495750708215297450424929200
2021-05-10 09:11:18.8616|INFO|ExAlgo.Core.Cache.QuoteRepositoryManager|SHREECEM Pivot Details , PivoPoint: 27811.8,previousPivotPoint: 27733.866666666666666666666667,IsUptrendPivot : True,  Resistance1: 27923.6, Support1: 27678.2,  Points Change :0.896209386281588447653429600
2021-05-10 09:11:19.1627|INFO|ExAlgo.Core.Cache.QuoteRepositoryManager|SUNPHARMA Pivot Details , PivoPoint: 682.68333333333333333333333333,previousPivotPoint: 682.58333333333333333333333333,IsUptrendPivot : True,  Resistance1: 687.6166666666666666666666667, Support1: 674.3666666666666666666666667,  Points Change :1.9775678866587957497048406100
2021-05-10 09:11:19.5281|INFO|ExAlgo.Core.Cache.QuoteRepositoryManager|TATAMOTORS Pivot Details , PivoPoint: 302.60,previousPivotPoint: 297.85,IsUptrendPivot : True,  Resistance1: 304.70, Support1: 299.35,  Points Change :1.8136439267886855241264559100
2021-05-10 09:11:19.8153|INFO|ExAlgo.Core.Cache.QuoteRepositoryManager|TATASTEEL Pivot Details , PivoPoint: 1168.5666666666666666666666667,previousPivotPoint: 1092.0,IsUptrendPivot : True,  Resistance1: 1207.0333333333333333333333334, Support1: 1145.1833333333333333333333334,  Points Change :5.4773913812936908238209008100
2021-05-10 09:11:20.0846|INFO|ExAlgo.Core.Cache.QuoteRepositoryManager|TCS Pivot Details , PivoPoint: 3134.2166666666666666666666667,previousPivotPoint: 3107.9166666666666666666666667,IsUptrendPivot : True,  Resistance1: 3156.6333333333333333333333334, Support1: 3108.5833333333333333333333334,  Points Change :1.5441223729031428755061379300
2021-05-10 09:11:20.3877|INFO|ExAlgo.Core.Cache.QuoteRepositoryManager|TECHM Pivot Details , PivoPoint: 979.15,previousPivotPoint: 972.6166666666666666666666667,IsUptrendPivot : True,  Resistance1: 986.10, Support1: 974.05,  Points Change :1.2498714124061310564756712300
2021-05-10 09:11:20.6848|INFO|ExAlgo.Core.Cache.QuoteRepositoryManager|TITAN Pivot Details , PivoPoint: 1446.7333333333333333333333333,previousPivotPoint: 1440.15,IsUptrendPivot : True,  Resistance1: 1453.4666666666666666666666666, Support1: 1434.2166666666666666666666666,  Points Change :1.3438433224529481213973192600
2021-05-10 09:11:20.9527|INFO|ExAlgo.Core.Cache.QuoteRepositoryManager|ULTRACEMCO Pivot Details , PivoPoint: 6481.7166666666666666666666667,previousPivotPoint: 6383.6666666666666666666666667,IsUptrendPivot : True,  Resistance1: 6548.483333333333333333333333, Support1: 6439.433333333333333333333333,  Points Change :1.6999353073679451905314928400
2021-05-10 09:11:21.2183|INFO|ExAlgo.Core.Cache.QuoteRepositoryManager|UPL Pivot Details , PivoPoint: 631.46666666666666666666666667,previousPivotPoint: 633.15,IsUptrendPivot : False,  Resistance1: 637.6333333333333333333333333, Support1: 621.3333333333333333333333333,  Points Change :2.6549380247900839664134346300
2021-05-10 09:11:21.4954|INFO|ExAlgo.Core.Cache.QuoteRepositoryManager|WIPRO Pivot Details , PivoPoint: 513.01666666666666666666666667,previousPivotPoint: 504.81666666666666666666666667,IsUptrendPivot : True,  Resistance1: 518.5333333333333333333333333, Support1: 509.4833333333333333333333333,  Points Change :1.783251231527093596059113300
2021-05-10 09:15:00.8111|INFO|ExAlgo.Core.Order.OrderProcessor|Recieved order for {"BrokerageAndTxn":250.0,"Instrument":"INDUSINDBK","BuyPrice":937.35,"Target":939.2247,"StopLoss":929.8512000000001,"OrderTime":"2021-05-10T09:15:00.673453+05:30","SellTime":"0001-01-01T00:00:00","Result":"NA","GrossProfit":0.0,"InstrumentToken":1346049,"OrderType":"Long","Qty":533,"ConnorsRsi":0.0,"Ema200":0.0,"NetProfit":-250.0,"OrderStrategy":"BankIndexGap","RevicedStopLoss":{},"PullDownTime":"2021-05-10T09:15:00","PurchaseOrderId":null,"SaleOrderId":null}
