2021-05-05 09:07:00.0969|INFO|Topshelf.HostFactory|Configuration Result:
[Success] Name EzAlgoTrading.Standard
[Success] DisplayName EzAlgoTrading.Standard 1.0.0.0
[Success] Description Datafactory to process rail reference data
[Success] ServiceName EzAlgoTrading.Standard
2021-05-05 09:07:00.1568|INFO|Topshelf.HostConfigurators.HostConfiguratorImpl|Topshelf v4.3.0.0, .NET Core 3.1.13 (3.1.13)
2021-05-05 09:07:00.3853|ERROR|Topshelf.Runtime.Windows.WindowsHostEnvironment|Unable to get parent process (ignored)
2021-05-05 09:07:00.3862|DEBUG|Topshelf.Builders.RunBuilder|Running as a console application, creating the console host.
2021-05-05 09:07:00.4183|DEBUG|Topshelf.Hosts.ConsoleRunHost|Starting up as a console application
2021-05-05 09:07:00.4757|INFO|ExAlgo.Core.Cache.QuoteRepositoryManager|Historical Data loaded at  5/5/2021 9:07:00 AM
2021-05-05 09:07:01.1591|INFO|ExAlgo.Core.Cache.QuoteRepositoryManager|ADANI PORT & SEZ Pivot Details , PivoPoint: 770.00,previousPivotPoint: 747.18333333333333333333333333,IsUptrendPivot : True,  Resistance1: 779.95, Support1: 758.05,  Points Change :2.8879678968488915202947174500
2021-05-05 09:07:01.4721|INFO|ExAlgo.Core.Cache.QuoteRepositoryManager|ASIAN PAINTS Pivot Details , PivoPoint: 2593.1166666666666666666666667,previousPivotPoint: 2563.8166666666666666666666667,IsUptrendPivot : True,  Resistance1: 2614.5833333333333333333333334, Support1: 2568.3333333333333333333333334,  Points Change :1.8043592385915109564270576100
2021-05-05 09:07:01.7659|INFO|ExAlgo.Core.Cache.QuoteRepositoryManager|AXIS BANK Pivot Details , PivoPoint: 705.81666666666666666666666667,previousPivotPoint: 701.2,IsUptrendPivot : True,  Resistance1: 713.2833333333333333333333333, Support1: 693.0333333333333333333333333,  Points Change :2.9437043403523850451224752900
2021-05-05 09:07:02.0164|INFO|ExAlgo.Core.Cache.QuoteRepositoryManager|BAJAJ AUTO Pivot Details , PivoPoint: 3846.6833333333333333333333333,previousPivotPoint: 3851.35,IsUptrendPivot : False,  Resistance1: 3878.3166666666666666666666666, Support1: 3805.3666666666666666666666666,  Points Change :1.9121636675797171727762414600
2021-05-05 09:07:02.2731|INFO|ExAlgo.Core.Cache.QuoteRepositoryManager|BAJAJ FINSERV. Pivot Details , PivoPoint: 11027.75,previousPivotPoint: 10985.00,IsUptrendPivot : True,  Resistance1: 11183.50, Support1: 10837.25,  Points Change :3.1903053715967623252391464300
2021-05-05 09:07:02.5337|INFO|ExAlgo.Core.Cache.QuoteRepositoryManager|BAJAJ FINANCE Pivot Details , PivoPoint: 5634.8666666666666666666666667,previousPivotPoint: 5473,IsUptrendPivot : True,  Resistance1: 5709.733333333333333333333333, Support1: 5519.833333333333333333333333,  Points Change :3.4163669064748201438848920900
2021-05-05 09:07:02.7887|INFO|ExAlgo.Core.Cache.QuoteRepositoryManager|BHARTI AIRTEL Pivot Details , PivoPoint: 554.73333333333333333333333333,previousPivotPoint: 550.86666666666666666666666667,IsUptrendPivot : True,  Resistance1: 562.6666666666666666666666667, Support1: 543.5166666666666666666666667,  Points Change :3.5211267605633802816901408500
2021-05-05 09:07:03.0813|INFO|ExAlgo.Core.Cache.QuoteRepositoryManager|BHARAT PETROLEUM CORP  LT Pivot Details , PivoPoint: 423.48333333333333333333333333,previousPivotPoint: 420.13333333333333333333333333,IsUptrendPivot : True,  Resistance1: 428.4166666666666666666666667, Support1: 417.6166666666666666666666667,  Points Change :2.616487455197132616487455200
2021-05-05 09:07:03.3855|INFO|ExAlgo.Core.Cache.QuoteRepositoryManager|BRITANNIA INDUSTRIES Pivot Details , PivoPoint: 3439.8666666666666666666666667,previousPivotPoint: 3450.7333333333333333333333333,IsUptrendPivot : False,  Resistance1: 3459.7333333333333333333333334, Support1: 3417.8333333333333333333333334,  Points Change :1.2280701754385964912280701800
2021-05-05 09:07:03.6680|INFO|ExAlgo.Core.Cache.QuoteRepositoryManager|CIPLA Pivot Details , PivoPoint: 890.0166666666666666666666667,previousPivotPoint: 913.1666666666666666666666667,IsUptrendPivot : False,  Resistance1: 904.0333333333333333333333334, Support1: 867.1333333333333333333333334,  Points Change :4.2123287671232876712328767100
2021-05-05 09:07:03.9685|INFO|ExAlgo.Core.Cache.QuoteRepositoryManager|COAL INDIA Pivot Details , PivoPoint: 133.56666666666666666666666667,previousPivotPoint: 132.30,IsUptrendPivot : True,  Resistance1: 134.88333333333333333333333334, Support1: 131.38333333333333333333333334,  Points Change :2.6843100189035916824196597400
2021-05-05 09:07:04.2712|INFO|ExAlgo.Core.Cache.QuoteRepositoryManager|DIVI'S LABORATORIES Pivot Details , PivoPoint: 4018.5666666666666666666666667,previousPivotPoint: 4083.9833333333333333333333333,IsUptrendPivot : False,  Resistance1: 4075.083333333333333333333333, Support1: 3934.633333333333333333333333,  Points Change :3.5448820686260900291515755700
2021-05-05 09:07:04.5458|INFO|ExAlgo.Core.Cache.QuoteRepositoryManager|DR. REDDY'S LABORATORIES Pivot Details , PivoPoint: 5117.85,previousPivotPoint: 5176.9666666666666666666666667,IsUptrendPivot : False,  Resistance1: 5180.60, Support1: 5013.25,  Points Change :3.334751253870428442826476200
2021-05-05 09:07:04.7969|INFO|ExAlgo.Core.Cache.QuoteRepositoryManager|EICHER MOTORS Pivot Details , PivoPoint: 2381.6833333333333333333333333,previousPivotPoint: 2394.3166666666666666666666667,IsUptrendPivot : False,  Resistance1: 2407.2666666666666666666666666, Support1: 2346.5666666666666666666666666,  Points Change :2.578413479903229913840668900
2021-05-05 09:07:05.0503|INFO|ExAlgo.Core.Cache.QuoteRepositoryManager|GAIL (INDIA) Pivot Details , PivoPoint: 142.45,previousPivotPoint: 136.76666666666666666666666667,IsUptrendPivot : True,  Resistance1: 147.55, Support1: 139.30,  Points Change :6.0429559519475791772843101600
2021-05-05 09:07:05.3248|INFO|ExAlgo.Core.Cache.QuoteRepositoryManager|GRASIM INDUSTRIES Pivot Details , PivoPoint: 1423.55,previousPivotPoint: 1404.35,IsUptrendPivot : True,  Resistance1: 1443.10, Support1: 1398.45,  Points Change :3.198005698005698005698005700
2021-05-05 09:07:05.5835|INFO|ExAlgo.Core.Cache.QuoteRepositoryManager|HCL TECHNOLOGIES Pivot Details , PivoPoint: 905.8166666666666666666666667,previousPivotPoint: 903.85,IsUptrendPivot : True,  Resistance1: 912.1333333333333333333333334, Support1: 896.6333333333333333333333334,  Points Change :1.7514595496246872393661384500
2021-05-05 09:07:05.8418|INFO|ExAlgo.Core.Cache.QuoteRepositoryManager|HDFC Pivot Details , PivoPoint: 2395.0833333333333333333333333,previousPivotPoint: 2407.5,IsUptrendPivot : False,  Resistance1: 2416.1666666666666666666666666, Support1: 2356.6166666666666666666666666,  Points Change :2.5867880013481631277384563500
2021-05-05 09:07:06.0852|INFO|ExAlgo.Core.Cache.QuoteRepositoryManager|HDFC BANK Pivot Details , PivoPoint: 1398.9333333333333333333333333,previousPivotPoint: 1405.9166666666666666666666667,IsUptrendPivot : False,  Resistance1: 1414.4166666666666666666666666, Support1: 1375.1166666666666666666666666,  Points Change :2.8699486734620111327983806800
2021-05-05 09:07:06.3488|INFO|ExAlgo.Core.Cache.QuoteRepositoryManager|HDFC LIFE INS CO Pivot Details , PivoPoint: 671.76666666666666666666666667,previousPivotPoint: 668.45,IsUptrendPivot : True,  Resistance1: 678.0333333333333333333333333, Support1: 662.7333333333333333333333333,  Points Change :2.3065364387678437265214124700
2021-05-05 09:07:06.6155|INFO|ExAlgo.Core.Cache.QuoteRepositoryManager|HERO MOTOCORP Pivot Details , PivoPoint: 2790.0166666666666666666666667,previousPivotPoint: 2803.2666666666666666666666667,IsUptrendPivot : False,  Resistance1: 2813.2833333333333333333333334, Support1: 2760.2833333333333333333333334,  Points Change :1.9156049516580825878738592200
2021-05-05 09:07:06.8578|INFO|ExAlgo.Core.Cache.QuoteRepositoryManager|HINDALCO  INDUSTRIES  Pivot Details , PivoPoint: 369.33333333333333333333333333,previousPivotPoint: 366.93333333333333333333333333,IsUptrendPivot : True,  Resistance1: 378.86666666666666666666666666, Support1: 354.26666666666666666666666666,  Points Change :6.8807339449541284403669724800
2021-05-05 09:07:07.1450|INFO|ExAlgo.Core.Cache.QuoteRepositoryManager|HINDUSTAN UNILEVER. Pivot Details , PivoPoint: 2399.8666666666666666666666667,previousPivotPoint: 2386.4,IsUptrendPivot : True,  Resistance1: 2427.3333333333333333333333334, Support1: 2381.5333333333333333333333334,  Points Change :1.939128235393305792091729200
2021-05-05 09:07:07.4004|INFO|ExAlgo.Core.Cache.QuoteRepositoryManager|ICICI BANK. Pivot Details , PivoPoint: 596.33333333333333333333333333,previousPivotPoint: 594.8,IsUptrendPivot : True,  Resistance1: 603.6666666666666666666666667, Support1: 584.6666666666666666666666667,  Points Change :3.2258064516129032258064516100
2021-05-05 09:07:07.6744|INFO|ExAlgo.Core.Cache.QuoteRepositoryManager|INDUSIND BANK Pivot Details , PivoPoint: 917.5333333333333333333333333,previousPivotPoint: 927.0166666666666666666666667,IsUptrendPivot : False,  Resistance1: 929.0666666666666666666666666, Support1: 900.6166666666666666666666666,  Points Change :3.1456953642384105960264900700
2021-05-05 09:07:07.9355|INFO|ExAlgo.Core.Cache.QuoteRepositoryManager|INFOSYS Pivot Details , PivoPoint: 1337.0833333333333333333333333,previousPivotPoint: 1349.4833333333333333333333333,IsUptrendPivot : False,  Resistance1: 1348.8666666666666666666666666, Support1: 1319.2166666666666666666666666,  Points Change :2.3298844498149686579563477100
2021-05-05 09:07:08.1852|INFO|ExAlgo.Core.Cache.QuoteRepositoryManager|INDIAN OIL CORP Pivot Details , PivoPoint: 92.05,previousPivotPoint: 90.98333333333333333333333333,IsUptrendPivot : True,  Resistance1: 92.95, Support1: 90.60,  Points Change :2.634467618002195389681668500
2021-05-05 09:07:08.4246|INFO|ExAlgo.Core.Cache.QuoteRepositoryManager|ITC Pivot Details , PivoPoint: 200.40,previousPivotPoint: 200.98333333333333333333333333,IsUptrendPivot : False,  Resistance1: 201.70, Support1: 198.45,  Points Change :1.6323455549974886991461577100
2021-05-05 09:07:08.7264|INFO|ExAlgo.Core.Cache.QuoteRepositoryManager|JSW STEEL Pivot Details , PivoPoint: 721.56666666666666666666666667,previousPivotPoint: 721.2,IsUptrendPivot : True,  Resistance1: 731.8833333333333333333333333, Support1: 705.6833333333333333333333333,  Points Change :3.6906854130052724077328646700
2021-05-05 09:07:08.9738|INFO|ExAlgo.Core.Cache.QuoteRepositoryManager|KOTAK MAHINDRA BANK Pivot Details , PivoPoint: 1740.7833333333333333333333333,previousPivotPoint: 1724.8333333333333333333333333,IsUptrendPivot : True,  Resistance1: 1756.2166666666666666666666666, Support1: 1717.5666666666666666666666666,  Points Change :2.2430881585811163275952008300
2021-05-05 09:07:09.2188|INFO|ExAlgo.Core.Cache.QuoteRepositoryManager|LARSEN & TOUBRO. Pivot Details , PivoPoint: 1339.6666666666666666666666667,previousPivotPoint: 1337.5833333333333333333333333,IsUptrendPivot : True,  Resistance1: 1348.3333333333333333333333334, Support1: 1329.3333333333333333333333334,  Points Change :1.4951164537941397445529676900
2021-05-05 09:07:09.4675|INFO|ExAlgo.Core.Cache.QuoteRepositoryManager|MAHINDRA & MAHINDRA Pivot Details , PivoPoint: 745.1,previousPivotPoint: 753.53333333333333333333333333,IsUptrendPivot : False,  Resistance1: 759.1, Support1: 727.5,  Points Change :4.3222541376008753932430584100
2021-05-05 09:07:09.7279|INFO|ExAlgo.Core.Cache.QuoteRepositoryManager|MARUTI SUZUKI INDIA. Pivot Details , PivoPoint: 6544.5333333333333333333333333,previousPivotPoint: 6540.5333333333333333333333333,IsUptrendPivot : True,  Resistance1: 6607.066666666666666666666667, Support1: 6443.466666666666666666666667,  Points Change :2.5686516507250848503548287600
2021-05-05 09:07:10.0420|INFO|ExAlgo.Core.Cache.QuoteRepositoryManager|NESTLE INDIA Pivot Details , PivoPoint: 16520.35,previousPivotPoint: 16455.733333333333333333333333,IsUptrendPivot : True,  Resistance1: 16660.70, Support1: 16420.70,  Points Change :1.4652014652014652014652014700
2021-05-05 09:07:10.3301|INFO|ExAlgo.Core.Cache.QuoteRepositoryManager|NTPC Pivot Details , PivoPoint: 104.41666666666666666666666667,previousPivotPoint: 103.35,IsUptrendPivot : True,  Resistance1: 105.33333333333333333333333334, Support1: 102.93333333333333333333333334,  Points Change :2.4637681159420289855072463800
2021-05-05 09:07:10.5696|INFO|ExAlgo.Core.Cache.QuoteRepositoryManager|OIL AND NATURAL GAS CORP. Pivot Details , PivoPoint: 109.08333333333333333333333333,previousPivotPoint: 108.1,IsUptrendPivot : True,  Resistance1: 110.46666666666666666666666666, Support1: 107.86666666666666666666666666,  Points Change :2.4141132776230269266480965600
2021-05-05 09:07:10.8132|INFO|ExAlgo.Core.Cache.QuoteRepositoryManager|POWER GRID CORP.. Pivot Details , PivoPoint: 218.75,previousPivotPoint: 220.16666666666666666666666667,IsUptrendPivot : False,  Resistance1: 220.80, Support1: 215.95,  Points Change :2.307337332718043377941855100
2021-05-05 09:07:11.0869|INFO|ExAlgo.Core.Cache.QuoteRepositoryManager|RELIANCE INDUSTRIES Pivot Details , PivoPoint: 1932.1666666666666666666666667,previousPivotPoint: 1959.65,IsUptrendPivot : False,  Resistance1: 1953.3333333333333333333333334, Support1: 1896.8333333333333333333333334,  Points Change :2.972265829408686551543694400
2021-05-05 09:07:11.3419|INFO|ExAlgo.Core.Cache.QuoteRepositoryManager|SBI LIFE INSURANCE CO Pivot Details , PivoPoint: 977.6666666666666666666666667,previousPivotPoint: 958.3666666666666666666666667,IsUptrendPivot : True,  Resistance1: 1011.3333333333333333333333334, Support1: 950.3333333333333333333333334,  Points Change :6.6256432019521510795183279400
2021-05-05 09:07:11.5960|INFO|ExAlgo.Core.Cache.QuoteRepositoryManager|STATE BANK OF INDIA Pivot Details , PivoPoint: 354.71666666666666666666666667,previousPivotPoint: 348.48333333333333333333333333,IsUptrendPivot : True,  Resistance1: 359.23333333333333333333333334, Support1: 346.58333333333333333333333334,  Points Change :3.6264991433466590519703026800
2021-05-05 09:07:11.8502|INFO|ExAlgo.Core.Cache.QuoteRepositoryManager|SHREE CEMENT Pivot Details , PivoPoint: 27814.166666666666666666666667,previousPivotPoint: 27770.80,IsUptrendPivot : True,  Resistance1: 28097.333333333333333333333334, Support1: 27516.833333333333333333333334,  Points Change :2.1085322000653808434128800300
2021-05-05 09:07:12.1085|INFO|ExAlgo.Core.Cache.QuoteRepositoryManager|SUN PHARMACEUTICAL IND L Pivot Details , PivoPoint: 650.9,previousPivotPoint: 657.65,IsUptrendPivot : False,  Resistance1: 659.7, Support1: 637.2,  Points Change :3.5669781931464174454828660400
2021-05-05 09:07:12.3837|INFO|ExAlgo.Core.Cache.QuoteRepositoryManager|TATA MOTORS Pivot Details , PivoPoint: 292.58333333333333333333333333,previousPivotPoint: 291.05,IsUptrendPivot : True,  Resistance1: 297.06666666666666666666666666, Support1: 285.46666666666666666666666666,  Points Change :4.0617948272869293525429612900
2021-05-05 09:07:12.6510|INFO|ExAlgo.Core.Cache.QuoteRepositoryManager|TATA STEEL Pivot Details , PivoPoint: 1070.5333333333333333333333333,previousPivotPoint: 1051.5833333333333333333333333,IsUptrendPivot : True,  Resistance1: 1082.9666666666666666666666666, Support1: 1054.4166666666666666666666666,  Points Change :2.7516429483239563141222637200
2021-05-05 09:07:12.9312|INFO|ExAlgo.Core.Cache.QuoteRepositoryManager|TATA CONSULTANCY SERV LT Pivot Details , PivoPoint: 3059.2833333333333333333333333,previousPivotPoint: 3031.9166666666666666666666667,IsUptrendPivot : True,  Resistance1: 3083.5666666666666666666666666, Support1: 3028.5666666666666666666666666,  Points Change :1.8121911037891268533772652400
2021-05-05 09:07:13.2159|INFO|ExAlgo.Core.Cache.QuoteRepositoryManager|TECH MAHINDRA Pivot Details , PivoPoint: 961.4666666666666666666666667,previousPivotPoint: 958.9,IsUptrendPivot : True,  Resistance1: 967.2833333333333333333333334, Support1: 953.1333333333333333333333334,  Points Change :1.4964420259522812892423608200
2021-05-05 09:07:13.4983|INFO|ExAlgo.Core.Cache.QuoteRepositoryManager|TITAN COMPANY Pivot Details , PivoPoint: 1412.7666666666666666666666667,previousPivotPoint: 1440.7,IsUptrendPivot : False,  Resistance1: 1424.7333333333333333333333334, Support1: 1391.5333333333333333333333334,  Points Change :2.4249133959501446376915110200
2021-05-05 09:07:13.7834|INFO|ExAlgo.Core.Cache.QuoteRepositoryManager|ULTRATECH CEMENT Pivot Details , PivoPoint: 6336.6666666666666666666666667,previousPivotPoint: 6290.6166666666666666666666667,IsUptrendPivot : True,  Resistance1: 6388.333333333333333333333333, Support1: 6248.333333333333333333333333,  Points Change :2.2275258552108194112967382700
2021-05-05 09:07:14.0297|INFO|ExAlgo.Core.Cache.QuoteRepositoryManager|UPL Pivot Details , PivoPoint: 623.18333333333333333333333333,previousPivotPoint: 611.00,IsUptrendPivot : True,  Resistance1: 638.3166666666666666666666667, Support1: 600.7666666666666666666666667,  Points Change :6.1837019981909382452100978500
2021-05-05 09:07:14.2941|INFO|ExAlgo.Core.Cache.QuoteRepositoryManager|WIPRO Pivot Details , PivoPoint: 482.93333333333333333333333333,previousPivotPoint: 488.56666666666666666666666667,IsUptrendPivot : False,  Resistance1: 488.0666666666666666666666667, Support1: 477.5666666666666666666666667,  Points Change :2.1975722059439095856006697400
2021-05-05 09:07:14.2991|INFO|Topshelf.Hosts.ConsoleRunHost|The EzAlgoTrading.Standard service is now running, press Control+C to exit.
istoricalData scheduled at ..9:13
2021-05-05 09:07:14.2989|INFO|ExAlgo.Core.HostService|LoadCurrentData scheduled at ..9:30
2021-05-05 09:07:14.2989|INFO|ExAlgo.Core.HostService|RegisterAndProcessTicks scheduled at ..9:15
2021-05-05 09:07:14.2989|INFO|ExAlgo.Core.HostService|WriteConfirmation scheduled at ..15:30
2021-05-05 09:08:34.9090|INFO|Topshelf.HostFactory|Configuration Result:
[Success] Name EzAlgoTrading.Standard
[Success] DisplayName EzAlgoTrading.Standard 1.0.0.0
[Success] Description Datafactory to process rail reference data
[Success] ServiceName EzAlgoTrading.Standard
2021-05-05 09:08:34.9365|INFO|Topshelf.HostConfigurators.HostConfiguratorImpl|Topshelf v4.3.0.0, .NET Core 3.1.13 (3.1.13)
2021-05-05 09:08:35.0722|ERROR|Topshelf.Runtime.Windows.WindowsHostEnvironment|Unable to get parent process (ignored)
2021-05-05 09:08:35.0722|DEBUG|Topshelf.Builders.RunBuilder|Running as a console application, creating the console host.
2021-05-05 09:08:35.0826|DEBUG|Topshelf.Hosts.ConsoleRunHost|Starting up as a console application
2021-05-05 09:08:35.1180|INFO|Topshelf.Hosts.ConsoleRunHost|The EzAlgoTrading.Standard service is now running, press Control+C to exit.
2021-05-05 09:08:35.1180|INFO|ExAlgo.Core.HostService|Scheduler registered..
2021-05-05 09:08:35.1180|INFO|ExAlgo.Core.HostService|LoadHistoricalData scheduled at ..9:13
2021-05-05 09:08:35.1180|INFO|ExAlgo.Core.HostService|LoadCurrentData scheduled at ..9:30
2021-05-05 09:08:35.1180|INFO|ExAlgo.Core.HostService|RegisterAndProcessTicks scheduled at ..9:15
2021-05-05 09:08:35.1180|INFO|ExAlgo.Core.HostService|WriteConfirmation scheduled at ..15:30
2021-05-05 09:08:56.5095|INFO|Topshelf.HostFactory|Configuration Result:
[Success] Name EzAlgoTrading.Standard
[Success] DisplayName EzAlgoTrading.Standard 1.0.0.0
[Success] Description Datafactory to process rail reference data
[Success] ServiceName EzAlgoTrading.Standard
2021-05-05 09:08:56.5386|INFO|Topshelf.HostConfigurators.HostConfiguratorImpl|Topshelf v4.3.0.0, .NET Core 3.1.13 (3.1.13)
2021-05-05 09:08:56.6616|ERROR|Topshelf.Runtime.Windows.WindowsHostEnvironment|Unable to get parent process (ignored)
2021-05-05 09:08:56.6625|DEBUG|Topshelf.Builders.RunBuilder|Running as a console application, creating the console host.
2021-05-05 09:08:56.6719|DEBUG|Topshelf.Hosts.ConsoleRunHost|Starting up as a console application
2021-05-05 09:08:56.7062|INFO|Topshelf.Hosts.ConsoleRunHost|The EzAlgoTrading.Standard service is now running, press Control+C to exit.
2021-05-05 09:08:56.7062|INFO|ExAlgo.Core.HostService|Scheduler registered..
2021-05-05 09:08:56.7062|INFO|ExAlgo.Core.HostService|LoadHistoricalData scheduled at ..9:13
2021-05-05 09:08:56.7062|INFO|ExAlgo.Core.HostService|LoadCurrentData scheduled at ..9:30
2021-05-05 09:08:56.7062|INFO|ExAlgo.Core.HostService|RegisterAndProcessTicks scheduled at ..9:15
2021-05-05 09:08:56.7062|INFO|ExAlgo.Core.HostService|WriteConfirmation scheduled at ..15:30
2021-05-05 09:11:00.0324|INFO|ExAlgo.Core.Cache.QuoteRepositoryManager|Historical Data loaded at  5/5/2021 9:11:00 AM
2021-05-05 09:11:00.8027|INFO|ExAlgo.Core.Cache.QuoteRepositoryManager|ADANI PORT & SEZ Pivot Details , PivoPoint: 770.00,previousPivotPoint: 747.18333333333333333333333333,IsUptrendPivot : True,  Resistance1: 779.95, Support1: 758.05,  Points Change :2.8879678968488915202947174500
2021-05-05 09:11:01.1208|INFO|ExAlgo.Core.Cache.QuoteRepositoryManager|ASIAN PAINTS Pivot Details , PivoPoint: 2593.1166666666666666666666667,previousPivotPoint: 2563.8166666666666666666666667,IsUptrendPivot : True,  Resistance1: 2614.5833333333333333333333334, Support1: 2568.3333333333333333333333334,  Points Change :1.8043592385915109564270576100
2021-05-05 09:11:01.3875|INFO|ExAlgo.Core.Cache.QuoteRepositoryManager|AXIS BANK Pivot Details , PivoPoint: 705.81666666666666666666666667,previousPivotPoint: 701.2,IsUptrendPivot : True,  Resistance1: 713.2833333333333333333333333, Support1: 693.0333333333333333333333333,  Points Change :2.9437043403523850451224752900
2021-05-05 09:11:01.6957|INFO|ExAlgo.Core.Cache.QuoteRepositoryManager|BAJAJ AUTO Pivot Details , PivoPoint: 3846.6833333333333333333333333,previousPivotPoint: 3851.35,IsUptrendPivot : False,  Resistance1: 3878.3166666666666666666666666, Support1: 3805.3666666666666666666666666,  Points Change :1.9121636675797171727762414600
2021-05-05 09:11:01.9609|INFO|ExAlgo.Core.Cache.QuoteRepositoryManager|BAJAJ FINSERV. Pivot Details , PivoPoint: 11027.75,previousPivotPoint: 10985.00,IsUptrendPivot : True,  Resistance1: 11183.50, Support1: 10837.25,  Points Change :3.1903053715967623252391464300
2021-05-05 09:11:02.2517|INFO|ExAlgo.Core.Cache.QuoteRepositoryManager|BAJAJ FINANCE Pivot Details , PivoPoint: 5634.8666666666666666666666667,previousPivotPoint: 5473,IsUptrendPivot : True,  Resistance1: 5709.733333333333333333333333, Support1: 5519.833333333333333333333333,  Points Change :3.4163669064748201438848920900
2021-05-05 09:11:02.4994|INFO|ExAlgo.Core.Cache.QuoteRepositoryManager|BHARTI AIRTEL Pivot Details , PivoPoint: 554.73333333333333333333333333,previousPivotPoint: 550.86666666666666666666666667,IsUptrendPivot : True,  Resistance1: 562.6666666666666666666666667, Support1: 543.5166666666666666666666667,  Points Change :3.5211267605633802816901408500
2021-05-05 09:11:02.7887|INFO|ExAlgo.Core.Cache.QuoteRepositoryManager|BHARAT PETROLEUM CORP  LT Pivot Details , PivoPoint: 423.48333333333333333333333333,previousPivotPoint: 420.13333333333333333333333333,IsUptrendPivot : True,  Resistance1: 428.4166666666666666666666667, Support1: 417.6166666666666666666666667,  Points Change :2.616487455197132616487455200
2021-05-05 09:11:03.0545|INFO|ExAlgo.Core.Cache.QuoteRepositoryManager|BRITANNIA INDUSTRIES Pivot Details , PivoPoint: 3439.8666666666666666666666667,previousPivotPoint: 3450.7333333333333333333333333,IsUptrendPivot : False,  Resistance1: 3459.7333333333333333333333334, Support1: 3417.8333333333333333333333334,  Points Change :1.2280701754385964912280701800
2021-05-05 09:11:03.3384|INFO|ExAlgo.Core.Cache.QuoteRepositoryManager|CIPLA Pivot Details , PivoPoint: 890.0166666666666666666666667,previousPivotPoint: 913.1666666666666666666666667,IsUptrendPivot : False,  Resistance1: 904.0333333333333333333333334, Support1: 867.1333333333333333333333334,  Points Change :4.2123287671232876712328767100
2021-05-05 09:11:03.6383|INFO|ExAlgo.Core.Cache.QuoteRepositoryManager|COAL INDIA Pivot Details , PivoPoint: 133.56666666666666666666666667,previousPivotPoint: 132.30,IsUptrendPivot : True,  Resistance1: 134.88333333333333333333333334, Support1: 131.38333333333333333333333334,  Points Change :2.6843100189035916824196597400
2021-05-05 09:11:03.9410|INFO|ExAlgo.Core.Cache.QuoteRepositoryManager|DIVI'S LABORATORIES Pivot Details , PivoPoint: 4018.5666666666666666666666667,previousPivotPoint: 4083.9833333333333333333333333,IsUptrendPivot : False,  Resistance1: 4075.083333333333333333333333, Support1: 3934.633333333333333333333333,  Points Change :3.5448820686260900291515755700
2021-05-05 09:11:04.2014|INFO|ExAlgo.Core.Cache.QuoteRepositoryManager|DR. REDDY'S LABORATORIES Pivot Details , PivoPoint: 5117.85,previousPivotPoint: 5176.9666666666666666666666667,IsUptrendPivot : False,  Resistance1: 5180.60, Support1: 5013.25,  Points Change :3.334751253870428442826476200
2021-05-05 09:11:04.4978|INFO|ExAlgo.Core.Cache.QuoteRepositoryManager|EICHER MOTORS Pivot Details , PivoPoint: 2381.6833333333333333333333333,previousPivotPoint: 2394.3166666666666666666666667,IsUptrendPivot : False,  Resistance1: 2407.2666666666666666666666666, Support1: 2346.5666666666666666666666666,  Points Change :2.578413479903229913840668900
2021-05-05 09:11:04.7457|INFO|ExAlgo.Core.Cache.QuoteRepositoryManager|GAIL (INDIA) Pivot Details , PivoPoint: 142.45,previousPivotPoint: 136.76666666666666666666666667,IsUptrendPivot : True,  Resistance1: 147.55, Support1: 139.30,  Points Change :6.0429559519475791772843101600
2021-05-05 09:11:05.0512|INFO|ExAlgo.Core.Cache.QuoteRepositoryManager|GRASIM INDUSTRIES Pivot Details , PivoPoint: 1423.55,previousPivotPoint: 1404.35,IsUptrendPivot : True,  Resistance1: 1443.10, Support1: 1398.45,  Points Change :3.198005698005698005698005700
2021-05-05 09:11:05.2985|INFO|ExAlgo.Core.Cache.QuoteRepositoryManager|HCL TECHNOLOGIES Pivot Details , PivoPoint: 905.8166666666666666666666667,previousPivotPoint: 903.85,IsUptrendPivot : True,  Resistance1: 912.1333333333333333333333334, Support1: 896.6333333333333333333333334,  Points Change :1.7514595496246872393661384500
2021-05-05 09:11:05.5362|INFO|ExAlgo.Core.Cache.QuoteRepositoryManager|HDFC Pivot Details , PivoPoint: 2395.0833333333333333333333333,previousPivotPoint: 2407.5,IsUptrendPivot : False,  Resistance1: 2416.1666666666666666666666666, Support1: 2356.6166666666666666666666666,  Points Change :2.5867880013481631277384563500
2021-05-05 09:11:05.7721|INFO|ExAlgo.Core.Cache.QuoteRepositoryManager|HDFC BANK Pivot Details , PivoPoint: 1398.9333333333333333333333333,previousPivotPoint: 1405.9166666666666666666666667,IsUptrendPivot : False,  Resistance1: 1414.4166666666666666666666666, Support1: 1375.1166666666666666666666666,  Points Change :2.8699486734620111327983806800
2021-05-05 09:11:06.0034|INFO|ExAlgo.Core.Cache.QuoteRepositoryManager|HDFC LIFE INS CO Pivot Details , PivoPoint: 671.76666666666666666666666667,previousPivotPoint: 668.45,IsUptrendPivot : True,  Resistance1: 678.0333333333333333333333333, Support1: 662.7333333333333333333333333,  Points Change :2.3065364387678437265214124700
2021-05-05 09:11:06.2255|INFO|ExAlgo.Core.Cache.QuoteRepositoryManager|HERO MOTOCORP Pivot Details , PivoPoint: 2790.0166666666666666666666667,previousPivotPoint: 2803.2666666666666666666666667,IsUptrendPivot : False,  Resistance1: 2813.2833333333333333333333334, Support1: 2760.2833333333333333333333334,  Points Change :1.9156049516580825878738592200
2021-05-05 09:11:06.4884|INFO|ExAlgo.Core.Cache.QuoteRepositoryManager|HINDALCO  INDUSTRIES  Pivot Details , PivoPoint: 369.33333333333333333333333333,previousPivotPoint: 366.93333333333333333333333333,IsUptrendPivot : True,  Resistance1: 378.86666666666666666666666666, Support1: 354.26666666666666666666666666,  Points Change :6.8807339449541284403669724800
2021-05-05 09:11:06.7246|INFO|ExAlgo.Core.Cache.QuoteRepositoryManager|HINDUSTAN UNILEVER. Pivot Details , PivoPoint: 2399.8666666666666666666666667,previousPivotPoint: 2386.4,IsUptrendPivot : True,  Resistance1: 2427.3333333333333333333333334, Support1: 2381.5333333333333333333333334,  Points Change :1.939128235393305792091729200
2021-05-05 09:11:06.9791|INFO|ExAlgo.Core.Cache.QuoteRepositoryManager|ICICI BANK. Pivot Details , PivoPoint: 596.33333333333333333333333333,previousPivotPoint: 594.8,IsUptrendPivot : True,  Resistance1: 603.6666666666666666666666667, Support1: 584.6666666666666666666666667,  Points Change :3.2258064516129032258064516100
2021-05-05 09:11:07.2562|INFO|ExAlgo.Core.Cache.QuoteRepositoryManager|INDUSIND BANK Pivot Details , PivoPoint: 917.5333333333333333333333333,previousPivotPoint: 927.0166666666666666666666667,IsUptrendPivot : False,  Resistance1: 929.0666666666666666666666666, Support1: 900.6166666666666666666666666,  Points Change :3.1456953642384105960264900700
2021-05-05 09:11:07.5167|INFO|ExAlgo.Core.Cache.QuoteRepositoryManager|INFOSYS Pivot Details , PivoPoint: 1337.0833333333333333333333333,previousPivotPoint: 1349.4833333333333333333333333,IsUptrendPivot : False,  Resistance1: 1348.8666666666666666666666666, Support1: 1319.2166666666666666666666666,  Points Change :2.3298844498149686579563477100
2021-05-05 09:11:07.7432|INFO|ExAlgo.Core.Cache.QuoteRepositoryManager|INDIAN OIL CORP Pivot Details , PivoPoint: 92.05,previousPivotPoint: 90.98333333333333333333333333,IsUptrendPivot : True,  Resistance1: 92.95, Support1: 90.60,  Points Change :2.634467618002195389681668500
2021-05-05 09:11:08.0045|INFO|ExAlgo.Core.Cache.QuoteRepositoryManager|ITC Pivot Details , PivoPoint: 200.40,previousPivotPoint: 200.98333333333333333333333333,IsUptrendPivot : False,  Resistance1: 201.70, Support1: 198.45,  Points Change :1.6323455549974886991461577100
2021-05-05 09:11:08.3186|INFO|ExAlgo.Core.Cache.QuoteRepositoryManager|JSW STEEL Pivot Details , PivoPoint: 721.56666666666666666666666667,previousPivotPoint: 721.2,IsUptrendPivot : True,  Resistance1: 731.8833333333333333333333333, Support1: 705.6833333333333333333333333,  Points Change :3.6906854130052724077328646700
2021-05-05 09:11:08.6563|INFO|ExAlgo.Core.Cache.QuoteRepositoryManager|KOTAK MAHINDRA BANK Pivot Details , PivoPoint: 1740.7833333333333333333333333,previousPivotPoint: 1724.8333333333333333333333333,IsUptrendPivot : True,  Resistance1: 1756.2166666666666666666666666, Support1: 1717.5666666666666666666666666,  Points Change :2.2430881585811163275952008300
2021-05-05 09:11:08.9295|INFO|ExAlgo.Core.Cache.QuoteRepositoryManager|LARSEN & TOUBRO. Pivot Details , PivoPoint: 1339.6666666666666666666666667,previousPivotPoint: 1337.5833333333333333333333333,IsUptrendPivot : True,  Resistance1: 1348.3333333333333333333333334, Support1: 1329.3333333333333333333333334,  Points Change :1.4951164537941397445529676900
2021-05-05 09:11:09.1984|INFO|ExAlgo.Core.Cache.QuoteRepositoryManager|MAHINDRA & MAHINDRA Pivot Details , PivoPoint: 745.1,previousPivotPoint: 753.53333333333333333333333333,IsUptrendPivot : False,  Resistance1: 759.1, Support1: 727.5,  Points Change :4.3222541376008753932430584100
2021-05-05 09:11:09.4297|INFO|ExAlgo.Core.Cache.QuoteRepositoryManager|MARUTI SUZUKI INDIA. Pivot Details , PivoPoint: 6544.5333333333333333333333333,previousPivotPoint: 6540.5333333333333333333333333,IsUptrendPivot : True,  Resistance1: 6607.066666666666666666666667, Support1: 6443.466666666666666666666667,  Points Change :2.5686516507250848503548287600
2021-05-05 09:11:09.6709|INFO|ExAlgo.Core.Cache.QuoteRepositoryManager|NESTLE INDIA Pivot Details , PivoPoint: 16520.35,previousPivotPoint: 16455.733333333333333333333333,IsUptrendPivot : True,  Resistance1: 16660.70, Support1: 16420.70,  Points Change :1.4652014652014652014652014700
2021-05-05 09:11:09.9285|INFO|ExAlgo.Core.Cache.QuoteRepositoryManager|NTPC Pivot Details , PivoPoint: 104.41666666666666666666666667,previousPivotPoint: 103.35,IsUptrendPivot : True,  Resistance1: 105.33333333333333333333333334, Support1: 102.93333333333333333333333334,  Points Change :2.4637681159420289855072463800
2021-05-05 09:11:10.2108|INFO|ExAlgo.Core.Cache.QuoteRepositoryManager|OIL AND NATURAL GAS CORP. Pivot Details , PivoPoint: 109.08333333333333333333333333,previousPivotPoint: 108.1,IsUptrendPivot : True,  Resistance1: 110.46666666666666666666666666, Support1: 107.86666666666666666666666666,  Points Change :2.4141132776230269266480965600
2021-05-05 09:11:10.4925|INFO|ExAlgo.Core.Cache.QuoteRepositoryManager|POWER GRID CORP.. Pivot Details , PivoPoint: 218.75,previousPivotPoint: 220.16666666666666666666666667,IsUptrendPivot : False,  Resistance1: 220.80, Support1: 215.95,  Points Change :2.307337332718043377941855100
2021-05-05 09:11:10.7566|INFO|ExAlgo.Core.Cache.QuoteRepositoryManager|RELIANCE INDUSTRIES Pivot Details , PivoPoint: 1932.1666666666666666666666667,previousPivotPoint: 1959.65,IsUptrendPivot : False,  Resistance1: 1953.3333333333333333333333334, Support1: 1896.8333333333333333333333334,  Points Change :2.972265829408686551543694400
2021-05-05 09:11:11.0167|INFO|ExAlgo.Core.Cache.QuoteRepositoryManager|SBI LIFE INSURANCE CO Pivot Details , PivoPoint: 977.6666666666666666666666667,previousPivotPoint: 958.3666666666666666666666667,IsUptrendPivot : True,  Resistance1: 1011.3333333333333333333333334, Support1: 950.3333333333333333333333334,  Points Change :6.6256432019521510795183279400
2021-05-05 09:11:11.3594|INFO|ExAlgo.Core.Cache.QuoteRepositoryManager|STATE BANK OF INDIA Pivot Details , PivoPoint: 354.71666666666666666666666667,previousPivotPoint: 348.48333333333333333333333333,IsUptrendPivot : True,  Resistance1: 359.23333333333333333333333334, Support1: 346.58333333333333333333333334,  Points Change :3.6264991433466590519703026800
2021-05-05 09:11:11.6142|INFO|ExAlgo.Core.Cache.QuoteRepositoryManager|SHREE CEMENT Pivot Details , PivoPoint: 27814.166666666666666666666667,previousPivotPoint: 27770.80,IsUptrendPivot : True,  Resistance1: 28097.333333333333333333333334, Support1: 27516.833333333333333333333334,  Points Change :2.1085322000653808434128800300
2021-05-05 09:11:11.8767|INFO|ExAlgo.Core.Cache.QuoteRepositoryManager|SUN PHARMACEUTICAL IND L Pivot Details , PivoPoint: 650.9,previousPivotPoint: 657.65,IsUptrendPivot : False,  Resistance1: 659.7, Support1: 637.2,  Points Change :3.5669781931464174454828660400
2021-05-05 09:11:12.2138|INFO|ExAlgo.Core.Cache.QuoteRepositoryManager|TATA MOTORS Pivot Details , PivoPoint: 292.58333333333333333333333333,previousPivotPoint: 291.05,IsUptrendPivot : True,  Resistance1: 297.06666666666666666666666666, Support1: 285.46666666666666666666666666,  Points Change :4.0617948272869293525429612900
2021-05-05 09:11:12.4965|INFO|ExAlgo.Core.Cache.QuoteRepositoryManager|TATA STEEL Pivot Details , PivoPoint: 1070.5333333333333333333333333,previousPivotPoint: 1051.5833333333333333333333333,IsUptrendPivot : True,  Resistance1: 1082.9666666666666666666666666, Support1: 1054.4166666666666666666666666,  Points Change :2.7516429483239563141222637200
2021-05-05 09:11:12.7625|INFO|ExAlgo.Core.Cache.QuoteRepositoryManager|TATA CONSULTANCY SERV LT Pivot Details , PivoPoint: 3059.2833333333333333333333333,previousPivotPoint: 3031.9166666666666666666666667,IsUptrendPivot : True,  Resistance1: 3083.5666666666666666666666666, Support1: 3028.5666666666666666666666666,  Points Change :1.8121911037891268533772652400
2021-05-05 09:11:13.0678|INFO|ExAlgo.Core.Cache.QuoteRepositoryManager|TECH MAHINDRA Pivot Details , PivoPoint: 961.4666666666666666666666667,previousPivotPoint: 958.9,IsUptrendPivot : True,  Resistance1: 967.2833333333333333333333334, Support1: 953.1333333333333333333333334,  Points Change :1.4964420259522812892423608200
2021-05-05 09:11:13.3225|INFO|ExAlgo.Core.Cache.QuoteRepositoryManager|TITAN COMPANY Pivot Details , PivoPoint: 1412.7666666666666666666666667,previousPivotPoint: 1440.7,IsUptrendPivot : False,  Resistance1: 1424.7333333333333333333333334, Support1: 1391.5333333333333333333333334,  Points Change :2.4249133959501446376915110200
2021-05-05 09:11:13.5650|INFO|ExAlgo.Core.Cache.QuoteRepositoryManager|ULTRATECH CEMENT Pivot Details , PivoPoint: 6336.6666666666666666666666667,previousPivotPoint: 6290.6166666666666666666666667,IsUptrendPivot : True,  Resistance1: 6388.333333333333333333333333, Support1: 6248.333333333333333333333333,  Points Change :2.2275258552108194112967382700
2021-05-05 09:11:13.8513|INFO|ExAlgo.Core.Cache.QuoteRepositoryManager|UPL Pivot Details , PivoPoint: 623.18333333333333333333333333,previousPivotPoint: 611.00,IsUptrendPivot : True,  Resistance1: 638.3166666666666666666666667, Support1: 600.7666666666666666666666667,  Points Change :6.1837019981909382452100978500
2021-05-05 09:11:14.1549|INFO|ExAlgo.Core.Cache.QuoteRepositoryManager|WIPRO Pivot Details , PivoPoint: 482.93333333333333333333333333,previousPivotPoint: 488.56666666666666666666666667,IsUptrendPivot : False,  Resistance1: 488.0666666666666666666666667, Support1: 477.5666666666666666666666667,  Points Change :2.1975722059439095856006697400
2021-05-05 09:15:00.8201|INFO|ExAlgo.Core.Order.OrderProcessor|Recieved order for {"BrokerageAndTxn":250.0,"Instrument":"AXIS BANK","BuyPrice":706.35,"Target":708.46905,"StopLoss":700.6992,"OrderTime":"2021-05-05T09:15:00.686083+05:30","SellTime":"0001-01-01T00:00:00","Result":"NA","GrossProfit":0.0,"InstrumentToken":1510401,"OrderType":"Long","Qty":707,"ConnorsRsi":0.0,"Ema200":0.0,"NetProfit":-250.0,"OrderStrategy":"BankIndexGap","RevicedStopLoss":{},"PullDownTime":"2021-05-05T09:15:00"}
2021-05-05 09:15:00.8211|INFO|ExAlgo.Core.Order.OrderProcessor|Recieved order for {"BrokerageAndTxn":250.0,"Instrument":"STATE BANK OF INDIA","BuyPrice":356.3,"Target":357.3689,"StopLoss":353.44960000000003,"OrderTime":"2021-05-05T09:15:00.820628+05:30","SellTime":"0001-01-01T00:00:00","Result":"NA","GrossProfit":0.0,"InstrumentToken":779521,"OrderType":"Long","Qty":1403,"ConnorsRsi":0.0,"Ema200":0.0,"NetProfit":-250.0,"OrderStrategy":"BankIndexGap","RevicedStopLoss":{},"PullDownTime":"2021-05-05T09:15:00"}
2021-05-05 09:15:00.8211|INFO|ExAlgo.Core.Order.OrderProcessor|Recieved order for {"BrokerageAndTxn":250.0,"Instrument":"TATA CONSULTANCY SERV LT","BuyPrice":3064.2,"Target":3073.3925999999997,"StopLoss":3039.6863999999996,"OrderTime":"2021-05-05T09:15:00.821213+05:30","SellTime":"0001-01-01T00:00:00","Result":"NA","GrossProfit":0.0,"InstrumentToken":2953217,"OrderType":"Long","Qty":163,"ConnorsRsi":0.0,"Ema200":0.0,"NetProfit":-250.0,"OrderStrategy":"ITIndexGap","RevicedStopLoss":{},"PullDownTime":"2021-05-05T09:15:00"}
2021-05-05 09:15:00.8211|INFO|ExAlgo.Core.Order.OrderProcessor|Recieved order for {"BrokerageAndTxn":250.0,"Instrument":"KOTAK MAHINDRA BANK","BuyPrice":1741.2,"Target":1746.4236,"StopLoss":1727.2704,"OrderTime":"2021-05-05T09:15:00.82128+05:30","SellTime":"0001-01-01T00:00:00","Result":"NA","GrossProfit":0.0,"InstrumentToken":492033,"OrderType":"Long","Qty":287,"ConnorsRsi":0.0,"Ema200":0.0,"NetProfit":-250.0,"OrderStrategy":"BankIndexGap","RevicedStopLoss":{},"PullDownTime":"2021-05-05T09:15:00"}
2021-05-05 09:15:08.4770|INFO|ExAlgo.Core.Order.OrderProcessor|Order executed for AXIS BANK - {"BrokerageAndTxn":250.0,"Instrument":"AXIS BANK","BuyPrice":706.35,"Target":708.46905,"StopLoss":700.6992,"OrderTime":"2021-05-05T09:15:00.686083+05:30","SellTime":"2021-05-05T09:15:08.475805+05:30","Result":"Profit","GrossProfit":1498.1683499999926,"InstrumentToken":1510401,"OrderType":"Long","Qty":707,"ConnorsRsi":0.0,"Ema200":0.0,"NetProfit":1248.1683499999926,"OrderStrategy":"BankIndexGap","RevicedStopLoss":{},"PullDownTime":"2021-05-05T09:15:00"}
2021-05-05 09:15:45.0622|INFO|ExAlgo.Core.Order.OrderProcessor|Order executed for KOTAK MAHINDRA BANK - {"BrokerageAndTxn":250.0,"Instrument":"KOTAK MAHINDRA BANK","BuyPrice":1741.2,"Target":1746.4236,"StopLoss":1727.2704,"OrderTime":"2021-05-05T09:15:00.82128+05:30","SellTime":"2021-05-05T09:15:45.061608+05:30","Result":"Profit","GrossProfit":1499.1732000000193,"InstrumentToken":492033,"OrderType":"Long","Qty":287,"ConnorsRsi":0.0,"Ema200":0.0,"NetProfit":1249.1732000000193,"OrderStrategy":"BankIndexGap","RevicedStopLoss":{},"PullDownTime":"2021-05-05T09:15:00"}
2021-05-05 09:21:10.2559|INFO|ExAlgo.Core.Order.OrderProcessor|Order executed for STATE BANK OF INDIA - {"BrokerageAndTxn":250.0,"Instrument":"STATE BANK OF INDIA","BuyPrice":356.3,"Target":357.3689,"StopLoss":353.44960000000003,"OrderTime":"2021-05-05T09:15:00.820628+05:30","SellTime":"2021-05-05T09:21:10.255592+05:30","Result":"Loss","GrossProfit":-3999.111199999985,"InstrumentToken":779521,"OrderType":"Long","Qty":1403,"ConnorsRsi":0.0,"Ema200":0.0,"NetProfit":-4249.111199999985,"OrderStrategy":"BankIndexGap","RevicedStopLoss":{},"PullDownTime":"2021-05-05T09:15:00"}
2021-05-05 09:30:04.0119|INFO|ExAlgo.Core.Cache.QuoteRepositoryManager|Current Data loaded at  5/5/2021 9:30:04 AM
2021-05-05 09:31:06.1547|INFO|ExAlgo.Core.Order.OrderProcessor|Recieved order for {"BrokerageAndTxn":250.0,"Instrument":"BAJAJ FINANCE","BuyPrice":5576.6,"Target":5584.9649,"StopLoss":5520.834000000001,"OrderTime":"2021-05-05T09:31:06.154416+05:30","SellTime":"0001-01-01T00:00:00","Result":"NA","GrossProfit":0.0,"InstrumentToken":81153,"OrderType":"Long","Qty":89,"ConnorsRsi":9.189346367295030976072244473,"Ema200":5272.9471466928777120867546426,"NetProfit":-250.0,"OrderStrategy":"ConnorsRsiAndEma200","RevicedStopLoss":{},"PullDownTime":"2021-05-05T09:30:00"}
2021-05-05 09:31:09.7416|INFO|ExAlgo.Core.Order.OrderProcessor|Recieved order for {"BrokerageAndTxn":250.0,"Instrument":"EICHER MOTORS","BuyPrice":2387.1,"Target":2383.51935,"StopLoss":2410.971,"OrderTime":"2021-05-05T09:31:09.741274+05:30","SellTime":"0001-01-01T00:00:00","Result":"NA","GrossProfit":0.0,"InstrumentToken":232961,"OrderType":"Short","Qty":209,"ConnorsRsi":91.16988649607829129831676431,"Ema200":2415.7002434734485851912469574,"NetProfit":-250.0,"OrderStrategy":"ConnorsRsiAndEma200","RevicedStopLoss":{},"PullDownTime":"2021-05-05T09:30:00"}
2021-05-05 09:31:14.5075|INFO|ExAlgo.Core.Order.OrderProcessor|Order executed for EICHER MOTORS - {"BrokerageAndTxn":250.0,"Instrument":"EICHER MOTORS","BuyPrice":2387.1,"Target":2383.51935,"StopLoss":2410.971,"OrderTime":"2021-05-05T09:31:09.741274+05:30","SellTime":"2021-05-05T09:31:14.507184+05:30","Result":"Profit","GrossProfit":748.3558499999344,"InstrumentToken":232961,"OrderType":"Short","Qty":209,"ConnorsRsi":91.16988649607829129831676431,"Ema200":2415.7002434734485851912469574,"NetProfit":498.35584999993443,"OrderStrategy":"ConnorsRsiAndEma200","RevicedStopLoss":{},"PullDownTime":"2021-05-05T09:30:00"}
2021-05-05 09:31:47.6051|INFO|ExAlgo.Core.Order.OrderProcessor|Order executed for BAJAJ FINANCE - {"BrokerageAndTxn":250.0,"Instrument":"BAJAJ FINANCE","BuyPrice":5576.6,"Target":5584.9649,"StopLoss":5520.834000000001,"OrderTime":"2021-05-05T09:31:06.154416+05:30","SellTime":"2021-05-05T09:31:47.604977+05:30","Result":"Profit","GrossProfit":744.4760999999708,"InstrumentToken":81153,"OrderType":"Long","Qty":89,"ConnorsRsi":9.189346367295030976072244473,"Ema200":5272.9471466928777120867546426,"NetProfit":494.47609999997076,"OrderStrategy":"ConnorsRsiAndEma200","RevicedStopLoss":{},"PullDownTime":"2021-05-05T09:30:00"}
2021-05-05 09:32:40.9094|INFO|ExAlgo.Core.Order.OrderProcessor|Recieved order for {"BrokerageAndTxn":250.0,"Instrument":"INFOSYS","BuyPrice":1337.5,"Target":1335.49375,"StopLoss":1350.875,"OrderTime":"2021-05-05T09:32:40.909206+05:30","SellTime":"0001-01-01T00:00:00","Result":"NA","GrossProfit":0.0,"InstrumentToken":408065,"OrderType":"Short","Qty":373,"ConnorsRsi":90.08489117184640554978312314,"Ema200":1354.1101162664768997418516296,"NetProfit":-250.0,"OrderStrategy":"ConnorsRsiAndEma200","RevicedStopLoss":{},"PullDownTime":"2021-05-05T09:30:00"}
2021-05-05 09:32:49.3127|INFO|ExAlgo.Core.Order.OrderProcessor|Order executed for INFOSYS - {"BrokerageAndTxn":250.0,"Instrument":"INFOSYS","BuyPrice":1337.5,"Target":1335.49375,"StopLoss":1350.875,"OrderTime":"2021-05-05T09:32:40.909206+05:30","SellTime":"2021-05-05T09:32:49.312519+05:30","Result":"Profit","GrossProfit":748.3312499999884,"InstrumentToken":408065,"OrderType":"Short","Qty":373,"ConnorsRsi":90.08489117184640554978312314,"Ema200":1354.1101162664768997418516296,"NetProfit":498.33124999998836,"OrderStrategy":"ConnorsRsiAndEma200","RevicedStopLoss":{},"PullDownTime":"2021-05-05T09:30:00"}
2021-05-05 09:35:36.1675|INFO|ExAlgo.Core.Order.OrderProcessor|Recieved order for {"BrokerageAndTxn":250.0,"Instrument":"RELIANCE INDUSTRIES","BuyPrice":1929.0,"Target":1926.1065,"StopLoss":1948.29,"OrderTime":"2021-05-05T09:35:36.167232+05:30","SellTime":"0001-01-01T00:00:00","Result":"NA","GrossProfit":0.0,"InstrumentToken":738561,"OrderType":"Short","Qty":259,"ConnorsRsi":90.55634943413941661324544776,"Ema200":1964.5182110925076885225051498,"NetProfit":-250.0,"OrderStrategy":"ConnorsRsiAndEma200","RevicedStopLoss":{},"PullDownTime":"2021-05-05T09:30:00"}
2021-05-05 09:42:30.1814|INFO|ExAlgo.Core.Order.OrderProcessor|Recieved order for {"BrokerageAndTxn":250.0,"Instrument":"SHREE CEMENT","BuyPrice":28044.4,"Target":28002.333400000003,"StopLoss":28324.844,"OrderTime":"2021-05-05T09:42:30.181279+05:30","SellTime":"0001-01-01T00:00:00","Result":"NA","GrossProfit":0.0,"InstrumentToken":794369,"OrderType":"Short","Qty":17,"ConnorsRsi":93.20069370160593792216589461,"Ema200":28335.309665723557606140014989,"NetProfit":-250.0,"OrderStrategy":"ConnorsRsiAndEma200","RevicedStopLoss":{},"PullDownTime":"2021-05-05T09:30:00"}
2021-05-05 09:42:35.4748|INFO|ExAlgo.Core.Order.OrderProcessor|Order executed for SHREE CEMENT - {"BrokerageAndTxn":250.0,"Instrument":"SHREE CEMENT","BuyPrice":28044.4,"Target":28002.333400000003,"StopLoss":28324.844,"OrderTime":"2021-05-05T09:42:30.181279+05:30","SellTime":"2021-05-05T09:42:35.474663+05:30","Result":"Profit","GrossProfit":715.1321999999927,"InstrumentToken":794369,"OrderType":"Short","Qty":17,"ConnorsRsi":93.20069370160593792216589461,"Ema200":28335.309665723557606140014989,"NetProfit":465.13219999999274,"OrderStrategy":"ConnorsRsiAndEma200","RevicedStopLoss":{},"PullDownTime":"2021-05-05T09:30:00"}
2021-05-05 09:45:04.0218|INFO|ExAlgo.Core.Cache.QuoteRepositoryManager|Current Data loaded at  5/5/2021 9:45:04 AM
2021-05-05 09:51:17.5336|INFO|ExAlgo.Core.Order.OrderProcessor|Recieved order for {"BrokerageAndTxn":250.0,"Instrument":"BRITANNIA INDUSTRIES","BuyPrice":3457.8,"Target":3452.6133,"StopLoss":3492.378,"OrderTime":"2021-05-05T09:51:17.533433+05:30","SellTime":"0001-01-01T00:00:00","Result":"NA","GrossProfit":0.0,"InstrumentToken":140033,"OrderType":"Short","Qty":144,"ConnorsRsi":90.99616903122222287941317054,"Ema200":3514.6611699399088930634794841,"NetProfit":-250.0,"OrderStrategy":"ConnorsRsiAndEma200","RevicedStopLoss":{},"PullDownTime":"2021-05-05T09:45:00"}
2021-05-05 09:52:58.9209|INFO|ExAlgo.Core.Order.OrderProcessor|Order executed for RELIANCE INDUSTRIES - {"BrokerageAndTxn":250.0,"Instrument":"RELIANCE INDUSTRIES","BuyPrice":1929.0,"Target":1926.1065,"StopLoss":1948.29,"OrderTime":"2021-05-05T09:35:36.167232+05:30","SellTime":"2021-05-05T09:52:58.920785+05:30","Result":"Profit","GrossProfit":749.4164999999921,"InstrumentToken":738561,"OrderType":"Short","Qty":259,"ConnorsRsi":90.55634943413941661324544776,"Ema200":1964.5182110925076885225051498,"NetProfit":499.4164999999921,"OrderStrategy":"ConnorsRsiAndEma200","RevicedStopLoss":{},"PullDownTime":"2021-05-05T09:30:00"}
2021-05-05 09:55:04.9457|INFO|ExAlgo.Core.Order.OrderProcessor|Order executed for BRITANNIA INDUSTRIES - {"BrokerageAndTxn":250.0,"Instrument":"BRITANNIA INDUSTRIES","BuyPrice":3457.8,"Target":3452.6133,"StopLoss":3492.378,"OrderTime":"2021-05-05T09:51:17.533433+05:30","SellTime":"2021-05-05T09:55:04.945578+05:30","Result":"Profit","GrossProfit":746.8847999999998,"InstrumentToken":140033,"OrderType":"Short","Qty":144,"ConnorsRsi":90.99616903122222287941317054,"Ema200":3514.6611699399088930634794841,"NetProfit":496.8847999999998,"OrderStrategy":"ConnorsRsiAndEma200","RevicedStopLoss":{},"PullDownTime":"2021-05-05T09:45:00"}
2021-05-05 10:00:04.0208|INFO|ExAlgo.Core.Cache.QuoteRepositoryManager|Current Data loaded at  5/5/2021 10:00:04 AM
2021-05-05 10:01:10.9771|INFO|ExAlgo.Core.Order.OrderProcessor|Order executed for TATA CONSULTANCY SERV LT - {"BrokerageAndTxn":250.0,"Instrument":"TATA CONSULTANCY SERV LT","BuyPrice":3064.2,"Target":3073.3925999999997,"StopLoss":3039.6863999999996,"OrderTime":"2021-05-05T09:15:00.821213+05:30","SellTime":"2021-05-05T10:01:10.977094+05:30","Result":"Profit","GrossProfit":1498.3937999999616,"InstrumentToken":2953217,"OrderType":"Long","Qty":163,"ConnorsRsi":0.0,"Ema200":0.0,"NetProfit":1248.3937999999616,"OrderStrategy":"ITIndexGap","RevicedStopLoss":{},"PullDownTime":"2021-05-05T09:15:00"}
2021-05-05 10:01:46.2708|INFO|ExAlgo.Core.Order.OrderProcessor|Recieved order for {"BrokerageAndTxn":250.0,"Instrument":"EICHER MOTORS","BuyPrice":2386.55,"Target":2382.9701750000004,"StopLoss":2410.4155,"OrderTime":"2021-05-05T10:01:46.270752+05:30","SellTime":"0001-01-01T00:00:00","Result":"NA","GrossProfit":0.0,"InstrumentToken":232961,"OrderType":"Short","Qty":209,"ConnorsRsi":91.79271417794732675830153409,"Ema200":2414.9355252561924124256005170,"NetProfit":-250.0,"OrderStrategy":"ConnorsRsiAndEma200","RevicedStopLoss":{},"PullDownTime":"2021-05-05T10:00:00"}
2021-05-05 10:03:25.2805|INFO|ExAlgo.Core.Order.OrderProcessor|Order executed for EICHER MOTORS - {"BrokerageAndTxn":250.0,"Instrument":"EICHER MOTORS","BuyPrice":2386.55,"Target":2382.9701750000004,"StopLoss":2410.4155,"OrderTime":"2021-05-05T10:01:46.270752+05:30","SellTime":"2021-05-05T10:03:25.280443+05:30","Result":"Profit","GrossProfit":748.1834249999374,"InstrumentToken":232961,"OrderType":"Short","Qty":209,"ConnorsRsi":91.79271417794732675830153409,"Ema200":2414.9355252561924124256005170,"NetProfit":498.1834249999374,"OrderStrategy":"ConnorsRsiAndEma200","RevicedStopLoss":{},"PullDownTime":"2021-05-05T10:00:00"}
2021-05-05 10:15:04.0419|INFO|ExAlgo.Core.Cache.QuoteRepositoryManager|Current Data loaded at  5/5/2021 10:15:04 AM
2021-05-05 10:30:04.0411|INFO|ExAlgo.Core.Cache.QuoteRepositoryManager|Current Data loaded at  5/5/2021 10:30:04 AM
2021-05-05 10:33:58.3762|INFO|ExAlgo.Core.Order.OrderProcessor|Recieved order for {"BrokerageAndTxn":250.0,"Instrument":"SBI LIFE INSURANCE CO","BuyPrice":984.0,"Target":985.476,"StopLoss":974.16,"OrderTime":"2021-05-05T10:33:58.376106+05:30","SellTime":"0001-01-01T00:00:00","Result":"NA","GrossProfit":0.0,"InstrumentToken":5582849,"OrderType":"Long","Qty":508,"ConnorsRsi":9.55977637254302556264602530,"Ema200":943.6720562946670520832972402,"NetProfit":-250.0,"OrderStrategy":"ConnorsRsiAndEma200","RevicedStopLoss":{},"PullDownTime":"2021-05-05T10:30:00"}
2021-05-05 10:35:16.3049|INFO|ExAlgo.Core.Order.OrderProcessor|Order executed for SBI LIFE INSURANCE CO - {"BrokerageAndTxn":250.0,"Instrument":"SBI LIFE INSURANCE CO","BuyPrice":984.0,"Target":985.476,"StopLoss":974.16,"OrderTime":"2021-05-05T10:33:58.376106+05:30","SellTime":"2021-05-05T10:35:16.304883+05:30","Result":"Profit","GrossProfit":749.8080000000191,"InstrumentToken":5582849,"OrderType":"Long","Qty":508,"ConnorsRsi":9.55977637254302556264602530,"Ema200":943.6720562946670520832972402,"NetProfit":499.8080000000191,"OrderStrategy":"ConnorsRsiAndEma200","RevicedStopLoss":{},"PullDownTime":"2021-05-05T10:30:00"}
2021-05-05 10:45:04.0669|INFO|ExAlgo.Core.Cache.QuoteRepositoryManager|Current Data loaded at  5/5/2021 10:45:04 AM
2021-05-05 10:45:37.9946|INFO|ExAlgo.Core.Order.OrderProcessor|Recieved order for {"BrokerageAndTxn":250.0,"Instrument":"ITC","BuyPrice":200.85,"Target":200.548725,"StopLoss":202.8585,"OrderTime":"2021-05-05T10:45:37.994503+05:30","SellTime":"0001-01-01T00:00:00","Result":"NA","GrossProfit":0.0,"InstrumentToken":424961,"OrderType":"Short","Qty":2489,"ConnorsRsi":90.53368037825304678696420844,"Ema200":203.49744928064568829108211293,"NetProfit":-250.0,"OrderStrategy":"ConnorsRsiAndEma200","RevicedStopLoss":{},"PullDownTime":"2021-05-05T10:45:00"}
2021-05-05 10:47:57.1637|INFO|ExAlgo.Core.Order.OrderProcessor|Recieved order for {"BrokerageAndTxn":250.0,"Instrument":"SBI LIFE INSURANCE CO","BuyPrice":980.05,"Target":981.5200749999999,"StopLoss":970.2494999999999,"OrderTime":"2021-05-05T10:47:57.163627+05:30","SellTime":"0001-01-01T00:00:00","Result":"NA","GrossProfit":0.0,"InstrumentToken":5582849,"OrderType":"Long","Qty":510,"ConnorsRsi":9.75149436063960029949499784,"Ema200":944.0535337699374397558029884,"NetProfit":-250.0,"OrderStrategy":"ConnorsRsiAndEma200","RevicedStopLoss":{},"PullDownTime":"2021-05-05T10:45:00"}
2021-05-05 10:48:27.7337|INFO|ExAlgo.Core.Order.OrderProcessor|Order executed for SBI LIFE INSURANCE CO - {"BrokerageAndTxn":250.0,"Instrument":"SBI LIFE INSURANCE CO","BuyPrice":980.05,"Target":981.5200749999999,"StopLoss":970.2494999999999,"OrderTime":"2021-05-05T10:47:57.163627+05:30","SellTime":"2021-05-05T10:48:27.733659+05:30","Result":"Profit","GrossProfit":749.7382499999367,"InstrumentToken":5582849,"OrderType":"Long","Qty":510,"ConnorsRsi":9.75149436063960029949499784,"Ema200":944.0535337699374397558029884,"NetProfit":499.73824999993667,"OrderStrategy":"ConnorsRsiAndEma200","RevicedStopLoss":{},"PullDownTime":"2021-05-05T10:45:00"}
2021-05-05 10:50:31.9134|INFO|ExAlgo.Core.Order.OrderProcessor|Order executed for ITC - {"BrokerageAndTxn":250.0,"Instrument":"ITC","BuyPrice":200.85,"Target":200.548725,"StopLoss":202.8585,"OrderTime":"2021-05-05T10:45:37.994503+05:30","SellTime":"2021-05-05T10:50:31.913386+05:30","Result":"Profit","GrossProfit":749.8734749999712,"InstrumentToken":424961,"OrderType":"Short","Qty":2489,"ConnorsRsi":90.53368037825304678696420844,"Ema200":203.49744928064568829108211293,"NetProfit":499.8734749999712,"OrderStrategy":"ConnorsRsiAndEma200","RevicedStopLoss":{},"PullDownTime":"2021-05-05T10:45:00"}
2021-05-05 10:50:58.2771|INFO|ExAlgo.Core.Order.OrderProcessor|Recieved order for {"BrokerageAndTxn":250.0,"Instrument":"GRASIM INDUSTRIES","BuyPrice":1420.55,"Target":1422.680825,"StopLoss":1406.3445,"OrderTime":"2021-05-05T10:50:58.277028+05:30","SellTime":"0001-01-01T00:00:00","Result":"NA","GrossProfit":0.0,"InstrumentToken":315393,"OrderType":"Long","Qty":351,"ConnorsRsi":9.749427711251738639425679853,"Ema200":1376.6705743406253224996386461,"NetProfit":-250.0,"OrderStrategy":"ConnorsRsiAndEma200","RevicedStopLoss":{},"PullDownTime":"2021-05-05T10:45:00"}
2021-05-05 10:50:59.5587|INFO|ExAlgo.Core.Order.OrderProcessor|Order executed for GRASIM INDUSTRIES - {"BrokerageAndTxn":250.0,"Instrument":"GRASIM INDUSTRIES","BuyPrice":1420.55,"Target":1422.680825,"StopLoss":1406.3445,"OrderTime":"2021-05-05T10:50:58.277028+05:30","SellTime":"2021-05-05T10:50:59.558687+05:30","Result":"Profit","GrossProfit":747.9195750000072,"InstrumentToken":315393,"OrderType":"Long","Qty":351,"ConnorsRsi":9.749427711251738639425679853,"Ema200":1376.6705743406253224996386461,"NetProfit":497.91957500000717,"OrderStrategy":"ConnorsRsiAndEma200","RevicedStopLoss":{},"PullDownTime":"2021-05-05T10:45:00"}
2021-05-05 11:00:04.0675|INFO|ExAlgo.Core.Cache.QuoteRepositoryManager|Current Data loaded at  5/5/2021 11:00:04 AM
2021-05-05 11:15:04.1072|INFO|ExAlgo.Core.Cache.QuoteRepositoryManager|Current Data loaded at  5/5/2021 11:15:04 AM
2021-05-05 11:21:13.9300|INFO|ExAlgo.Core.Order.OrderProcessor|Recieved order for {"BrokerageAndTxn":250.0,"Instrument":"BAJAJ FINSERV.","BuyPrice":10925.0,"Target":10941.3875,"StopLoss":10815.75,"OrderTime":"2021-05-05T11:21:13.929943+05:30","SellTime":"0001-01-01T00:00:00","Result":"NA","GrossProfit":0.0,"InstrumentToken":4268801,"OrderType":"Long","Qty":45,"ConnorsRsi":6.8670469882305101157990893067,"Ema200":10655.701113384208512527258191,"NetProfit":-250.0,"OrderStrategy":"ConnorsRsiAndEma200","RevicedStopLoss":{},"PullDownTime":"2021-05-05T11:15:00"}
2021-05-05 11:21:49.3683|INFO|ExAlgo.Core.Order.OrderProcessor|Recieved order for {"BrokerageAndTxn":250.0,"Instrument":"BAJAJ FINANCE","BuyPrice":5484.4,"Target":5492.6266,"StopLoss":5429.556,"OrderTime":"2021-05-05T11:21:49.368218+05:30","SellTime":"0001-01-01T00:00:00","Result":"NA","GrossProfit":0.0,"InstrumentToken":81153,"OrderType":"Long","Qty":91,"ConnorsRsi":9.694960878695597143049638547,"Ema200":5290.9222705817992096387528200,"NetProfit":-250.0,"OrderStrategy":"ConnorsRsiAndEma200","RevicedStopLoss":{},"PullDownTime":"2021-05-05T11:15:00"}
2021-05-05 11:21:58.9126|INFO|ExAlgo.Core.Order.OrderProcessor|Order executed for BAJAJ FINSERV. - {"BrokerageAndTxn":250.0,"Instrument":"BAJAJ FINSERV.","BuyPrice":10925.0,"Target":10941.3875,"StopLoss":10815.75,"OrderTime":"2021-05-05T11:21:13.929943+05:30","SellTime":"2021-05-05T11:21:58.912439+05:30","Result":"Profit","GrossProfit":737.4375000000582,"InstrumentToken":4268801,"OrderType":"Long","Qty":45,"ConnorsRsi":6.8670469882305101157990893067,"Ema200":10655.701113384208512527258191,"NetProfit":487.4375000000582,"OrderStrategy":"ConnorsRsiAndEma200","RevicedStopLoss":{},"PullDownTime":"2021-05-05T11:15:00"}
2021-05-05 11:22:34.9267|INFO|ExAlgo.Core.Order.OrderProcessor|Order executed for BAJAJ FINANCE - {"BrokerageAndTxn":250.0,"Instrument":"BAJAJ FINANCE","BuyPrice":5484.4,"Target":5492.6266,"StopLoss":5429.556,"OrderTime":"2021-05-05T11:21:49.368218+05:30","SellTime":"2021-05-05T11:22:34.926715+05:30","Result":"Profit","GrossProfit":748.6206000000238,"InstrumentToken":81153,"OrderType":"Long","Qty":91,"ConnorsRsi":9.694960878695597143049638547,"Ema200":5290.9222705817992096387528200,"NetProfit":498.62060000002384,"OrderStrategy":"ConnorsRsiAndEma200","RevicedStopLoss":{},"PullDownTime":"2021-05-05T11:15:00"}
2021-05-05 11:24:51.7494|INFO|ExAlgo.Core.Order.OrderProcessor|Recieved order for {"BrokerageAndTxn":250.0,"Instrument":"GRASIM INDUSTRIES","BuyPrice":1416.0,"Target":1418.124,"StopLoss":1401.84,"OrderTime":"2021-05-05T11:24:51.749442+05:30","SellTime":"0001-01-01T00:00:00","Result":"NA","GrossProfit":0.0,"InstrumentToken":315393,"OrderType":"Long","Qty":353,"ConnorsRsi":9.758033348598218382965292707,"Ema200":1377.4971331504537653673646455,"NetProfit":-250.0,"OrderStrategy":"ConnorsRsiAndEma200","RevicedStopLoss":{},"PullDownTime":"2021-05-05T11:15:00"}
2021-05-05 11:26:25.9401|INFO|ExAlgo.Core.Order.OrderProcessor|Order executed for GRASIM INDUSTRIES - {"BrokerageAndTxn":250.0,"Instrument":"GRASIM INDUSTRIES","BuyPrice":1416.0,"Target":1418.124,"StopLoss":1401.84,"OrderTime":"2021-05-05T11:24:51.749442+05:30","SellTime":"2021-05-05T11:26:25.940089+05:30","Result":"Profit","GrossProfit":749.7719999999972,"InstrumentToken":315393,"OrderType":"Long","Qty":353,"ConnorsRsi":9.758033348598218382965292707,"Ema200":1377.4971331504537653673646455,"NetProfit":499.7719999999972,"OrderStrategy":"ConnorsRsiAndEma200","RevicedStopLoss":{},"PullDownTime":"2021-05-05T11:15:00"}
2021-05-05 11:30:04.0958|INFO|ExAlgo.Core.Cache.QuoteRepositoryManager|Current Data loaded at  5/5/2021 11:30:04 AM
2021-05-05 11:36:03.1425|INFO|ExAlgo.Core.Order.OrderProcessor|Recieved order for {"BrokerageAndTxn":250.0,"Instrument":"BAJAJ FINSERV.","BuyPrice":10935.4,"Target":10951.8031,"StopLoss":10826.046,"OrderTime":"2021-05-05T11:36:03.142514+05:30","SellTime":"0001-01-01T00:00:00","Result":"NA","GrossProfit":0.0,"InstrumentToken":4268801,"OrderType":"Long","Qty":45,"ConnorsRsi":8.851593346298447947155035267,"Ema200":10658.462941623578667554735489,"NetProfit":-250.0,"OrderStrategy":"ConnorsRsiAndEma200","RevicedStopLoss":{},"PullDownTime":"2021-05-05T11:30:00"}
2021-05-05 11:36:18.7566|INFO|ExAlgo.Core.Order.OrderProcessor|Order executed for BAJAJ FINSERV. - {"BrokerageAndTxn":250.0,"Instrument":"BAJAJ FINSERV.","BuyPrice":10935.4,"Target":10951.8031,"StopLoss":10826.046,"OrderTime":"2021-05-05T11:36:03.142514+05:30","SellTime":"2021-05-05T11:36:18.756608+05:30","Result":"Profit","GrossProfit":738.1394999999902,"InstrumentToken":4268801,"OrderType":"Long","Qty":45,"ConnorsRsi":8.851593346298447947155035267,"Ema200":10658.462941623578667554735489,"NetProfit":488.1394999999902,"OrderStrategy":"ConnorsRsiAndEma200","RevicedStopLoss":{},"PullDownTime":"2021-05-05T11:30:00"}
2021-05-05 11:38:36.1416|INFO|ExAlgo.Core.Order.OrderProcessor|Recieved order for {"BrokerageAndTxn":250.0,"Instrument":"BAJAJ FINANCE","BuyPrice":5465.0,"Target":5473.1975,"StopLoss":5410.35,"OrderTime":"2021-05-05T11:38:36.141611+05:30","SellTime":"0001-01-01T00:00:00","Result":"NA","GrossProfit":0.0,"InstrumentToken":81153,"OrderType":"Long","Qty":91,"ConnorsRsi":9.747585764608868072479072577,"Ema200":5292.5753529071504454339737738,"NetProfit":-250.0,"OrderStrategy":"ConnorsRsiAndEma200","RevicedStopLoss":{},"PullDownTime":"2021-05-05T11:30:00"}
2021-05-05 11:39:47.5351|INFO|ExAlgo.Core.Order.OrderProcessor|Recieved order for {"BrokerageAndTxn":250.0,"Instrument":"JSW STEEL","BuyPrice":717.0,"Target":718.0755,"StopLoss":709.83,"OrderTime":"2021-05-05T11:39:47.535122+05:30","SellTime":"0001-01-01T00:00:00","Result":"NA","GrossProfit":0.0,"InstrumentToken":3001089,"OrderType":"Long","Qty":697,"ConnorsRsi":9.645330990746900225395644523,"Ema200":693.18417152074414513951443267,"NetProfit":-250.0,"OrderStrategy":"ConnorsRsiAndEma200","RevicedStopLoss":{},"PullDownTime":"2021-05-05T11:30:00"}
2021-05-05 11:40:00.1056|INFO|ExAlgo.Core.Order.OrderProcessor|Recieved order for {"BrokerageAndTxn":250.0,"Instrument":"GRASIM INDUSTRIES","BuyPrice":1415.0,"Target":1417.1225,"StopLoss":1400.85,"OrderTime":"2021-05-05T11:40:00.105618+05:30","SellTime":"0001-01-01T00:00:00","Result":"NA","GrossProfit":0.0,"InstrumentToken":315393,"OrderType":"Long","Qty":353,"ConnorsRsi":8.97130567352159672793971299,"Ema200":1377.8718163766246912159289394,"NetProfit":-250.0,"OrderStrategy":"ConnorsRsiAndEma200","RevicedStopLoss":{},"PullDownTime":"2021-05-05T11:30:00"}
2021-05-05 11:41:14.0019|INFO|ExAlgo.Core.Order.OrderProcessor|Recieved order for {"BrokerageAndTxn":250.0,"Instrument":"TATA STEEL","BuyPrice":1058.2,"Target":1059.7873,"StopLoss":1047.618,"OrderTime":"2021-05-05T11:41:14.001951+05:30","SellTime":"0001-01-01T00:00:00","Result":"NA","GrossProfit":0.0,"InstrumentToken":895745,"OrderType":"Long","Qty":472,"ConnorsRsi":9.731272364049305320428163137,"Ema200":1010.6615516669577652945488932,"NetProfit":-250.0,"OrderStrategy":"ConnorsRsiAndEma200","RevicedStopLoss":{},"PullDownTime":"2021-05-05T11:30:00"}
2021-05-05 11:42:40.9191|INFO|ExAlgo.Core.Order.OrderProcessor|Order executed for GRASIM INDUSTRIES - {"BrokerageAndTxn":250.0,"Instrument":"GRASIM INDUSTRIES","BuyPrice":1415.0,"Target":1417.1225,"StopLoss":1400.85,"OrderTime":"2021-05-05T11:40:00.105618+05:30","SellTime":"2021-05-05T11:42:40.919085+05:30","Result":"Profit","GrossProfit":749.242499999993,"InstrumentToken":315393,"OrderType":"Long","Qty":353,"ConnorsRsi":8.97130567352159672793971299,"Ema200":1377.8718163766246912159289394,"NetProfit":499.242499999993,"OrderStrategy":"ConnorsRsiAndEma200","RevicedStopLoss":{},"PullDownTime":"2021-05-05T11:30:00"}
2021-05-05 11:42:48.2061|INFO|ExAlgo.Core.Order.OrderProcessor|Order executed for BAJAJ FINANCE - {"BrokerageAndTxn":250.0,"Instrument":"BAJAJ FINANCE","BuyPrice":5465.0,"Target":5473.1975,"StopLoss":5410.35,"OrderTime":"2021-05-05T11:38:36.141611+05:30","SellTime":"2021-05-05T11:42:48.206107+05:30","Result":"Profit","GrossProfit":745.9725000000326,"InstrumentToken":81153,"OrderType":"Long","Qty":91,"ConnorsRsi":9.747585764608868072479072577,"Ema200":5292.5753529071504454339737738,"NetProfit":495.9725000000326,"OrderStrategy":"ConnorsRsiAndEma200","RevicedStopLoss":{},"PullDownTime":"2021-05-05T11:30:00"}
2021-05-05 11:45:04.1063|INFO|ExAlgo.Core.Cache.QuoteRepositoryManager|Current Data loaded at  5/5/2021 11:45:04 AM
2021-05-05 11:51:30.1367|INFO|ExAlgo.Core.Order.OrderProcessor|Order executed for TATA STEEL - {"BrokerageAndTxn":250.0,"Instrument":"TATA STEEL","BuyPrice":1058.2,"Target":1059.7873,"StopLoss":1047.618,"OrderTime":"2021-05-05T11:41:14.001951+05:30","SellTime":"2021-05-05T11:51:30.136667+05:30","Result":"Loss","GrossProfit":-4994.704000000027,"InstrumentToken":895745,"OrderType":"Long","Qty":472,"ConnorsRsi":9.731272364049305320428163137,"Ema200":1010.6615516669577652945488932,"NetProfit":-5244.704000000027,"OrderStrategy":"ConnorsRsiAndEma200","RevicedStopLoss":{},"PullDownTime":"2021-05-05T11:30:00"}
2021-05-05 11:51:30.7623|INFO|ExAlgo.Core.Order.OrderProcessor|Recieved order for {"BrokerageAndTxn":250.0,"Instrument":"TATA STEEL","BuyPrice":1047.5,"Target":1049.07125,"StopLoss":1037.025,"OrderTime":"2021-05-05T11:51:30.762341+05:30","SellTime":"0001-01-01T00:00:00","Result":"NA","GrossProfit":0.0,"InstrumentToken":895745,"OrderType":"Long","Qty":477,"ConnorsRsi":5.7889979987599939954837504367,"Ema200":1011.0696697286415857218187662,"NetProfit":-250.0,"OrderStrategy":"ConnorsRsiAndEma200","RevicedStopLoss":{},"PullDownTime":"2021-05-05T11:45:00"}
2021-05-05 11:52:21.1465|INFO|ExAlgo.Core.Order.OrderProcessor|Order executed for TATA STEEL - {"BrokerageAndTxn":250.0,"Instrument":"TATA STEEL","BuyPrice":1047.5,"Target":1049.07125,"StopLoss":1037.025,"OrderTime":"2021-05-05T11:51:30.762341+05:30","SellTime":"2021-05-05T11:52:21.146468+05:30","Result":"Profit","GrossProfit":749.4862499999581,"InstrumentToken":895745,"OrderType":"Long","Qty":477,"ConnorsRsi":5.7889979987599939954837504367,"Ema200":1011.0696697286415857218187662,"NetProfit":499.4862499999581,"OrderStrategy":"ConnorsRsiAndEma200","RevicedStopLoss":{},"PullDownTime":"2021-05-05T11:45:00"}
2021-05-05 11:54:24.7290|INFO|ExAlgo.Core.Order.OrderProcessor|Order executed for JSW STEEL - {"BrokerageAndTxn":250.0,"Instrument":"JSW STEEL","BuyPrice":717.0,"Target":718.0755,"StopLoss":709.83,"OrderTime":"2021-05-05T11:39:47.535122+05:30","SellTime":"2021-05-05T11:54:24.728959+05:30","Result":"Profit","GrossProfit":749.6235000000452,"InstrumentToken":3001089,"OrderType":"Long","Qty":697,"ConnorsRsi":9.645330990746900225395644523,"Ema200":693.18417152074414513951443267,"NetProfit":499.62350000004517,"OrderStrategy":"ConnorsRsiAndEma200","RevicedStopLoss":{},"PullDownTime":"2021-05-05T11:30:00"}
2021-05-05 12:00:04.1429|INFO|ExAlgo.Core.Cache.QuoteRepositoryManager|Current Data loaded at  5/5/2021 12:00:04 PM
2021-05-05 12:02:28.9335|INFO|ExAlgo.Core.Order.OrderProcessor|Recieved order for {"BrokerageAndTxn":250.0,"Instrument":"DR. REDDY'S LABORATORIES","BuyPrice":5138.4,"Target":5146.107599999999,"StopLoss":5087.016,"OrderTime":"2021-05-05T12:02:28.933526+05:30","SellTime":"0001-01-01T00:00:00","Result":"NA","GrossProfit":0.0,"InstrumentToken":225537,"OrderType":"Long","Qty":97,"ConnorsRsi":9.913684570843012835845438479,"Ema200":5105.6793660467287302936558067,"NetProfit":-250.0,"OrderStrategy":"ConnorsRsiAndEma200","RevicedStopLoss":{},"PullDownTime":"2021-05-05T12:00:00"}
2021-05-05 12:03:16.8980|INFO|ExAlgo.Core.Order.OrderProcessor|Order executed for DR. REDDY'S LABORATORIES - {"BrokerageAndTxn":250.0,"Instrument":"DR. REDDY'S LABORATORIES","BuyPrice":5138.4,"Target":5146.107599999999,"StopLoss":5087.016,"OrderTime":"2021-05-05T12:02:28.933526+05:30","SellTime":"2021-05-05T12:03:16.897957+05:30","Result":"Profit","GrossProfit":747.6371999999392,"InstrumentToken":225537,"OrderType":"Long","Qty":97,"ConnorsRsi":9.913684570843012835845438479,"Ema200":5105.6793660467287302936558067,"NetProfit":497.6371999999392,"OrderStrategy":"ConnorsRsiAndEma200","RevicedStopLoss":{},"PullDownTime":"2021-05-05T12:00:00"}
2021-05-05 12:04:13.9340|INFO|ExAlgo.Core.Order.OrderProcessor|Recieved order for {"BrokerageAndTxn":250.0,"Instrument":"INFOSYS","BuyPrice":1337.3,"Target":1335.29405,"StopLoss":1350.673,"OrderTime":"2021-05-05T12:04:13.933948+05:30","SellTime":"0001-01-01T00:00:00","Result":"NA","GrossProfit":0.0,"InstrumentToken":408065,"OrderType":"Short","Qty":373,"ConnorsRsi":90.89573639785510893434167743,"Ema200":1351.9690158919473121013142278,"NetProfit":-250.0,"OrderStrategy":"ConnorsRsiAndEma200","RevicedStopLoss":{},"PullDownTime":"2021-05-05T12:00:00"}
2021-05-05 12:15:04.1517|INFO|ExAlgo.Core.Cache.QuoteRepositoryManager|Current Data loaded at  5/5/2021 12:15:04 PM
2021-05-05 12:30:04.1334|INFO|ExAlgo.Core.Cache.QuoteRepositoryManager|Current Data loaded at  5/5/2021 12:30:04 PM
2021-05-05 12:37:09.7069|INFO|ExAlgo.Core.Order.OrderProcessor|Recieved order for {"BrokerageAndTxn":250.0,"Instrument":"MAHINDRA & MAHINDRA","BuyPrice":747.95,"Target":746.828075,"StopLoss":755.4295000000001,"OrderTime":"2021-05-05T12:37:09.706417+05:30","SellTime":"0001-01-01T00:00:00","Result":"NA","GrossProfit":0.0,"InstrumentToken":519937,"OrderType":"Short","Qty":668,"ConnorsRsi":90.20977431052532020584073658,"Ema200":765.49759881497276743649090623,"NetProfit":-250.0,"OrderStrategy":"ConnorsRsiAndEma200","RevicedStopLoss":{},"PullDownTime":"2021-05-05T12:30:00"}
2021-05-05 12:44:49.9055|INFO|ExAlgo.Core.Order.OrderProcessor|Order executed for MAHINDRA & MAHINDRA - {"BrokerageAndTxn":250.0,"Instrument":"MAHINDRA & MAHINDRA","BuyPrice":747.95,"Target":746.828075,"StopLoss":755.4295000000001,"OrderTime":"2021-05-05T12:37:09.706417+05:30","SellTime":"2021-05-05T12:44:49.905457+05:30","Result":"Profit","GrossProfit":749.4459000000497,"InstrumentToken":519937,"OrderType":"Short","Qty":668,"ConnorsRsi":90.20977431052532020584073658,"Ema200":765.49759881497276743649090623,"NetProfit":499.44590000004973,"OrderStrategy":"ConnorsRsiAndEma200","RevicedStopLoss":{},"PullDownTime":"2021-05-05T12:30:00"}
2021-05-05 12:45:04.1441|INFO|ExAlgo.Core.Cache.QuoteRepositoryManager|Current Data loaded at  5/5/2021 12:45:04 PM
2021-05-05 12:51:40.9120|INFO|ExAlgo.Core.Order.OrderProcessor|Recieved order for {"BrokerageAndTxn":250.0,"Instrument":"CIPLA","BuyPrice":888.8,"Target":887.4667999999999,"StopLoss":897.688,"OrderTime":"2021-05-05T12:51:40.912+05:30","SellTime":"0001-01-01T00:00:00","Result":"NA","GrossProfit":0.0,"InstrumentToken":177665,"OrderType":"Short","Qty":562,"ConnorsRsi":90.01421653452310131506004056,"Ema200":905.2393627768712993987460699,"NetProfit":-250.0,"OrderStrategy":"ConnorsRsiAndEma200","RevicedStopLoss":{},"PullDownTime":"2021-05-05T12:45:00"}
2021-05-05 12:52:57.6731|INFO|ExAlgo.Core.Order.OrderProcessor|Order executed for CIPLA - {"BrokerageAndTxn":250.0,"Instrument":"CIPLA","BuyPrice":888.8,"Target":887.4667999999999,"StopLoss":897.688,"OrderTime":"2021-05-05T12:51:40.912+05:30","SellTime":"2021-05-05T12:52:57.673117+05:30","Result":"Profit","GrossProfit":749.2584000000497,"InstrumentToken":177665,"OrderType":"Short","Qty":562,"ConnorsRsi":90.01421653452310131506004056,"Ema200":905.2393627768712993987460699,"NetProfit":499.25840000004973,"OrderStrategy":"ConnorsRsiAndEma200","RevicedStopLoss":{},"PullDownTime":"2021-05-05T12:45:00"}
2021-05-05 12:55:33.7393|INFO|ExAlgo.Core.Order.OrderProcessor|Recieved order for {"BrokerageAndTxn":250.0,"Instrument":"HDFC BANK","BuyPrice":1407.45,"Target":1405.338825,"StopLoss":1421.5245,"OrderTime":"2021-05-05T12:55:33.739249+05:30","SellTime":"0001-01-01T00:00:00","Result":"NA","GrossProfit":0.0,"InstrumentToken":341249,"OrderType":"Short","Qty":355,"ConnorsRsi":90.33081926973821421856805774,"Ema200":1417.3512471435160208098181234,"NetProfit":-250.0,"OrderStrategy":"ConnorsRsiAndEma200","RevicedStopLoss":{},"PullDownTime":"2021-05-05T12:45:00"}
2021-05-05 12:56:07.3444|INFO|ExAlgo.Core.Order.OrderProcessor|Order executed for HDFC BANK - {"BrokerageAndTxn":250.0,"Instrument":"HDFC BANK","BuyPrice":1407.45,"Target":1405.338825,"StopLoss":1421.5245,"OrderTime":"2021-05-05T12:55:33.739249+05:30","SellTime":"2021-05-05T12:56:07.344379+05:30","Result":"Profit","GrossProfit":749.4671249999665,"InstrumentToken":341249,"OrderType":"Short","Qty":355,"ConnorsRsi":90.33081926973821421856805774,"Ema200":1417.3512471435160208098181234,"NetProfit":499.4671249999665,"OrderStrategy":"ConnorsRsiAndEma200","RevicedStopLoss":{},"PullDownTime":"2021-05-05T12:45:00"}
2021-05-05 13:00:04.1485|INFO|ExAlgo.Core.Cache.QuoteRepositoryManager|Current Data loaded at  5/5/2021 1:00:04 PM
2021-05-05 13:02:31.3713|INFO|ExAlgo.Core.Order.OrderProcessor|Recieved order for {"BrokerageAndTxn":250.0,"Instrument":"CIPLA","BuyPrice":887.8,"Target":886.4683,"StopLoss":896.678,"OrderTime":"2021-05-05T13:02:31.371275+05:30","SellTime":"0001-01-01T00:00:00","Result":"NA","GrossProfit":0.0,"InstrumentToken":177665,"OrderType":"Short","Qty":563,"ConnorsRsi":90.10847626901887905082955949,"Ema200":905.0735799959528106838937347,"NetProfit":-250.0,"OrderStrategy":"ConnorsRsiAndEma200","RevicedStopLoss":{},"PullDownTime":"2021-05-05T13:00:00"}
2021-05-05 13:07:42.1380|INFO|ExAlgo.Core.Order.OrderProcessor|Recieved order for {"BrokerageAndTxn":250.0,"Instrument":"HDFC","BuyPrice":2399.2,"Target":2395.6011999999996,"StopLoss":2423.192,"OrderTime":"2021-05-05T13:07:42.137981+05:30","SellTime":"0001-01-01T00:00:00","Result":"NA","GrossProfit":0.0,"InstrumentToken":340481,"OrderType":"Short","Qty":208,"ConnorsRsi":90.11541357693260664877699691,"Ema200":2453.4872854500861178829587747,"NetProfit":-250.0,"OrderStrategy":"ConnorsRsiAndEma200","RevicedStopLoss":{},"PullDownTime":"2021-05-05T13:00:00"}
2021-05-05 13:14:31.9366|INFO|ExAlgo.Core.Order.OrderProcessor|Order executed for HDFC - {"BrokerageAndTxn":250.0,"Instrument":"HDFC","BuyPrice":2399.2,"Target":2395.6011999999996,"StopLoss":2423.192,"OrderTime":"2021-05-05T13:07:42.137981+05:30","SellTime":"2021-05-05T13:14:31.936593+05:30","Result":"Profit","GrossProfit":748.5504000000656,"InstrumentToken":340481,"OrderType":"Short","Qty":208,"ConnorsRsi":90.11541357693260664877699691,"Ema200":2453.4872854500861178829587747,"NetProfit":498.55040000006557,"OrderStrategy":"ConnorsRsiAndEma200","RevicedStopLoss":{},"PullDownTime":"2021-05-05T13:00:00"}
2021-05-05 13:15:04.1549|INFO|ExAlgo.Core.Cache.QuoteRepositoryManager|Current Data loaded at  5/5/2021 1:15:04 PM
2021-05-05 13:27:49.9523|INFO|ExAlgo.Core.Order.OrderProcessor|Recieved order for {"BrokerageAndTxn":250.0,"Instrument":"LARSEN & TOUBRO.","BuyPrice":1336.65,"Target":1334.645025,"StopLoss":1350.0165000000002,"OrderTime":"2021-05-05T13:27:49.952298+05:30","SellTime":"0001-01-01T00:00:00","Result":"NA","GrossProfit":0.0,"InstrumentToken":2939649,"OrderType":"Short","Qty":374,"ConnorsRsi":90.70397864336999255791924415,"Ema200":1347.8042531360765031776805594,"NetProfit":-250.0,"OrderStrategy":"ConnorsRsiAndEma200","RevicedStopLoss":{},"PullDownTime":"2021-05-05T13:15:00"}
2021-05-05 13:28:30.1495|INFO|ExAlgo.Core.Order.OrderProcessor|Order executed for CIPLA - {"BrokerageAndTxn":250.0,"Instrument":"CIPLA","BuyPrice":887.8,"Target":886.4683,"StopLoss":896.678,"OrderTime":"2021-05-05T13:02:31.371275+05:30","SellTime":"2021-05-05T13:28:30.149494+05:30","Result":"Loss","GrossProfit":-4998.314000000013,"InstrumentToken":177665,"OrderType":"Short","Qty":563,"ConnorsRsi":90.10847626901887905082955949,"Ema200":905.0735799959528106838937347,"NetProfit":-5248.314000000013,"OrderStrategy":"ConnorsRsiAndEma200","RevicedStopLoss":{},"PullDownTime":"2021-05-05T13:00:00"}
2021-05-05 13:28:30.7040|INFO|ExAlgo.Core.Order.OrderProcessor|Recieved order for {"BrokerageAndTxn":250.0,"Instrument":"CIPLA","BuyPrice":896.7,"Target":895.35495,"StopLoss":905.667,"OrderTime":"2021-05-05T13:28:30.703957+05:30","SellTime":"0001-01-01T00:00:00","Result":"NA","GrossProfit":0.0,"InstrumentToken":177665,"OrderType":"Short","Qty":557,"ConnorsRsi":97.13552216973845419741175178,"Ema200":904.9554852672873835375018326,"NetProfit":-250.0,"OrderStrategy":"ConnorsRsiAndEma200","RevicedStopLoss":{},"PullDownTime":"2021-05-05T13:15:00"}
2021-05-05 13:30:04.1930|INFO|ExAlgo.Core.Cache.QuoteRepositoryManager|Current Data loaded at  5/5/2021 1:30:04 PM
2021-05-05 13:31:06.6900|INFO|ExAlgo.Core.Order.OrderProcessor|Order executed for CIPLA - {"BrokerageAndTxn":250.0,"Instrument":"CIPLA","BuyPrice":896.7,"Target":895.35495,"StopLoss":905.667,"OrderTime":"2021-05-05T13:28:30.703957+05:30","SellTime":"2021-05-05T13:31:06.690003+05:30","Result":"Profit","GrossProfit":749.1928499999922,"InstrumentToken":177665,"OrderType":"Short","Qty":557,"ConnorsRsi":97.13552216973845419741175178,"Ema200":904.9554852672873835375018326,"NetProfit":499.1928499999922,"OrderStrategy":"ConnorsRsiAndEma200","RevicedStopLoss":{},"PullDownTime":"2021-05-05T13:15:00"}
2021-05-05 13:34:15.7756|INFO|ExAlgo.Core.Order.OrderProcessor|Recieved order for {"BrokerageAndTxn":250.0,"Instrument":"GRASIM INDUSTRIES","BuyPrice":1405.8,"Target":1407.9087,"StopLoss":1391.742,"OrderTime":"2021-05-05T13:34:15.775561+05:30","SellTime":"0001-01-01T00:00:00","Result":"NA","GrossProfit":0.0,"InstrumentToken":315393,"OrderType":"Long","Qty":355,"ConnorsRsi":9.98500596161898008295090174,"Ema200":1380.5186657172360162185885049,"NetProfit":-250.0,"OrderStrategy":"ConnorsRsiAndEma200","RevicedStopLoss":{},"PullDownTime":"2021-05-05T13:30:00"}
2021-05-05 13:39:04.8804|INFO|ExAlgo.Core.Order.OrderProcessor|Order executed for GRASIM INDUSTRIES - {"BrokerageAndTxn":250.0,"Instrument":"GRASIM INDUSTRIES","BuyPrice":1405.8,"Target":1407.9087,"StopLoss":1391.742,"OrderTime":"2021-05-05T13:34:15.775561+05:30","SellTime":"2021-05-05T13:39:04.880386+05:30","Result":"Profit","GrossProfit":748.5884999999544,"InstrumentToken":315393,"OrderType":"Long","Qty":355,"ConnorsRsi":9.98500596161898008295090174,"Ema200":1380.5186657172360162185885049,"NetProfit":498.58849999995437,"OrderStrategy":"ConnorsRsiAndEma200","RevicedStopLoss":{},"PullDownTime":"2021-05-05T13:30:00"}
2021-05-05 13:45:04.2048|INFO|ExAlgo.Core.Cache.QuoteRepositoryManager|Current Data loaded at  5/5/2021 1:45:04 PM
2021-05-05 14:00:04.2034|INFO|ExAlgo.Core.Cache.QuoteRepositoryManager|Current Data loaded at  5/5/2021 2:00:04 PM
2021-05-05 14:12:55.2741|INFO|ExAlgo.Core.Order.OrderProcessor|Order executed for INFOSYS - {"BrokerageAndTxn":250.0,"Instrument":"INFOSYS","BuyPrice":1337.3,"Target":1335.29405,"StopLoss":1350.673,"OrderTime":"2021-05-05T12:04:13.933948+05:30","SellTime":"2021-05-05T14:12:55.274099+05:30","Result":"Profit","GrossProfit":748.2193499999703,"InstrumentToken":408065,"OrderType":"Short","Qty":373,"ConnorsRsi":90.89573639785510893434167743,"Ema200":1351.9690158919473121013142278,"NetProfit":498.2193499999703,"OrderStrategy":"ConnorsRsiAndEma200","RevicedStopLoss":{},"PullDownTime":"2021-05-05T12:00:00"}
2021-05-05 14:15:04.2044|INFO|ExAlgo.Core.Cache.QuoteRepositoryManager|Current Data loaded at  5/5/2021 2:15:04 PM
2021-05-05 14:27:53.5510|INFO|ExAlgo.Core.Order.OrderProcessor|Recieved order for {"BrokerageAndTxn":250.0,"Instrument":"HCL TECHNOLOGIES","BuyPrice":909.9,"Target":908.5351499999999,"StopLoss":918.999,"OrderTime":"2021-05-05T14:27:53.55097+05:30","SellTime":"0001-01-01T00:00:00","Result":"NA","GrossProfit":0.0,"InstrumentToken":1850625,"OrderType":"Short","Qty":549,"ConnorsRsi":91.39631268740510518835716541,"Ema200":921.7043958278892150684808320,"NetProfit":-250.0,"OrderStrategy":"ConnorsRsiAndEma200","RevicedStopLoss":{},"PullDownTime":"2021-05-05T14:15:00"}
2021-05-05 14:30:04.2185|INFO|ExAlgo.Core.Cache.QuoteRepositoryManager|Current Data loaded at  5/5/2021 2:30:04 PM
2021-05-05 14:45:04.2216|INFO|ExAlgo.Core.Cache.QuoteRepositoryManager|Current Data loaded at  5/5/2021 2:45:04 PM
2021-05-05 14:49:51.6935|INFO|ExAlgo.Core.Order.OrderProcessor|Order executed for HCL TECHNOLOGIES - {"BrokerageAndTxn":250.0,"Instrument":"HCL TECHNOLOGIES","BuyPrice":909.9,"Target":908.5351499999999,"StopLoss":918.999,"OrderTime":"2021-05-05T14:27:53.55097+05:30","SellTime":"2021-05-05T14:49:51.693438+05:30","Result":"Profit","GrossProfit":749.3026500000269,"InstrumentToken":1850625,"OrderType":"Short","Qty":549,"ConnorsRsi":91.39631268740510518835716541,"Ema200":921.7043958278892150684808320,"NetProfit":499.3026500000269,"OrderStrategy":"ConnorsRsiAndEma200","RevicedStopLoss":{},"PullDownTime":"2021-05-05T14:15:00"}
2021-05-05 15:00:04.2300|INFO|ExAlgo.Core.Cache.QuoteRepositoryManager|Current Data loaded at  5/5/2021 3:00:04 PM
2021-05-05 15:15:04.2422|INFO|ExAlgo.Core.Cache.QuoteRepositoryManager|Current Data loaded at  5/5/2021 3:15:04 PM
2021-05-05 15:30:00.0603|INFO|ExAlgo.Core.Order.OrderProcessor|[{"BrokerageAndTxn":250.0,"Instrument":"AXIS BANK","BuyPrice":706.35,"Target":708.46905,"StopLoss":700.6992,"OrderTime":"2021-05-05T09:15:00.686083+05:30","SellTime":"2021-05-05T09:15:08.475805+05:30","Result":"Profit","GrossProfit":1498.1683499999926,"InstrumentToken":1510401,"OrderType":"Long","Qty":707,"ConnorsRsi":0.0,"Ema200":0.0,"NetProfit":1248.1683499999926,"OrderStrategy":"BankIndexGap","RevicedStopLoss":{},"PullDownTime":"2021-05-05T09:15:00"},{"BrokerageAndTxn":250.0,"Instrument":"KOTAK MAHINDRA BANK","BuyPrice":1741.2,"Target":1746.4236,"StopLoss":1727.2704,"OrderTime":"2021-05-05T09:15:00.82128+05:30","SellTime":"2021-05-05T09:15:45.061608+05:30","Result":"Profit","GrossProfit":1499.1732000000193,"InstrumentToken":492033,"OrderType":"Long","Qty":287,"ConnorsRsi":0.0,"Ema200":0.0,"NetProfit":1249.1732000000193,"OrderStrategy":"BankIndexGap","RevicedStopLoss":{},"PullDownTime":"2021-05-05T09:15:00"},{"BrokerageAndTxn":250.0,"Instrument":"STATE BANK OF INDIA","BuyPrice":356.3,"Target":357.3689,"StopLoss":353.44960000000003,"OrderTime":"2021-05-05T09:15:00.820628+05:30","SellTime":"2021-05-05T09:21:10.255592+05:30","Result":"Loss","GrossProfit":-3999.111199999985,"InstrumentToken":779521,"OrderType":"Long","Qty":1403,"ConnorsRsi":0.0,"Ema200":0.0,"NetProfit":-4249.111199999985,"OrderStrategy":"BankIndexGap","RevicedStopLoss":{},"PullDownTime":"2021-05-05T09:15:00"},{"BrokerageAndTxn":250.0,"Instrument":"EICHER MOTORS","BuyPrice":2387.1,"Target":2383.51935,"StopLoss":2410.971,"OrderTime":"2021-05-05T09:31:09.741274+05:30","SellTime":"2021-05-05T09:31:14.507184+05:30","Result":"Profit","GrossProfit":748.3558499999344,"InstrumentToken":232961,"OrderType":"Short","Qty":209,"ConnorsRsi":91.16988649607829129831676431,"Ema200":2415.7002434734485851912469574,"NetProfit":498.35584999993443,"OrderStrategy":"ConnorsRsiAndEma200","RevicedStopLoss":{},"PullDownTime":"2021-05-05T09:30:00"},{"BrokerageAndTxn":250.0,"Instrument":"BAJAJ FINANCE","BuyPrice":5576.6,"Target":5584.9649,"StopLoss":5520.834000000001,"OrderTime":"2021-05-05T09:31:06.154416+05:30","SellTime":"2021-05-05T09:31:47.604977+05:30","Result":"Profit","GrossProfit":744.4760999999708,"InstrumentToken":81153,"OrderType":"Long","Qty":89,"ConnorsRsi":9.189346367295030976072244473,"Ema200":5272.9471466928777120867546426,"NetProfit":494.47609999997076,"OrderStrategy":"ConnorsRsiAndEma200","RevicedStopLoss":{},"PullDownTime":"2021-05-05T09:30:00"},{"BrokerageAndTxn":250.0,"Instrument":"INFOSYS","BuyPrice":1337.5,"Target":1335.49375,"StopLoss":1350.875,"OrderTime":"2021-05-05T09:32:40.909206+05:30","SellTime":"2021-05-05T09:32:49.312519+05:30","Result":"Profit","GrossProfit":748.3312499999884,"InstrumentToken":408065,"OrderType":"Short","Qty":373,"ConnorsRsi":90.08489117184640554978312314,"Ema200":1354.1101162664768997418516296,"NetProfit":498.33124999998836,"OrderStrategy":"ConnorsRsiAndEma200","RevicedStopLoss":{},"PullDownTime":"2021-05-05T09:30:00"},{"BrokerageAndTxn":250.0,"Instrument":"SHREE CEMENT","BuyPrice":28044.4,"Target":28002.333400000003,"StopLoss":28324.844,"OrderTime":"2021-05-05T09:42:30.181279+05:30","SellTime":"2021-05-05T09:42:35.474663+05:30","Result":"Profit","GrossProfit":715.1321999999927,"InstrumentToken":794369,"OrderType":"Short","Qty":17,"ConnorsRsi":93.20069370160593792216589461,"Ema200":28335.309665723557606140014989,"NetProfit":465.13219999999274,"OrderStrategy":"ConnorsRsiAndEma200","RevicedStopLoss":{},"PullDownTime":"2021-05-05T09:30:00"},{"BrokerageAndTxn":250.0,"Instrument":"RELIANCE INDUSTRIES","BuyPrice":1929.0,"Target":1926.1065,"StopLoss":1948.29,"OrderTime":"2021-05-05T09:35:36.167232+05:30","SellTime":"2021-05-05T09:52:58.920785+05:30","Result":"Profit","GrossProfit":749.4164999999921,"InstrumentToken":738561,"OrderType":"Short","Qty":259,"ConnorsRsi":90.55634943413941661324544776,"Ema200":1964.5182110925076885225051498,"NetProfit":499.4164999999921,"OrderStrategy":"ConnorsRsiAndEma200","RevicedStopLoss":{},"PullDownTime":"2021-05-05T09:30:00"},{"BrokerageAndTxn":250.0,"Instrument":"BRITANNIA INDUSTRIES","BuyPrice":3457.8,"Target":3452.6133,"StopLoss":3492.378,"OrderTime":"2021-05-05T09:51:17.533433+05:30","SellTime":"2021-05-05T09:55:04.945578+05:30","Result":"Profit","GrossProfit":746.8847999999998,"InstrumentToken":140033,"OrderType":"Short","Qty":144,"ConnorsRsi":90.99616903122222287941317054,"Ema200":3514.6611699399088930634794841,"NetProfit":496.8847999999998,"OrderStrategy":"ConnorsRsiAndEma200","RevicedStopLoss":{},"PullDownTime":"2021-05-05T09:45:00"},{"BrokerageAndTxn":250.0,"Instrument":"TATA CONSULTANCY SERV LT","BuyPrice":3064.2,"Target":3073.3925999999997,"StopLoss":3039.6863999999996,"OrderTime":"2021-05-05T09:15:00.821213+05:30","SellTime":"2021-05-05T10:01:10.977094+05:30","Result":"Profit","GrossProfit":1498.3937999999616,"InstrumentToken":2953217,"OrderType":"Long","Qty":163,"ConnorsRsi":0.0,"Ema200":0.0,"NetProfit":1248.3937999999616,"OrderStrategy":"ITIndexGap","RevicedStopLoss":{},"PullDownTime":"2021-05-05T09:15:00"},{"BrokerageAndTxn":250.0,"Instrument":"EICHER MOTORS","BuyPrice":2386.55,"Target":2382.9701750000004,"StopLoss":2410.4155,"OrderTime":"2021-05-05T10:01:46.270752+05:30","SellTime":"2021-05-05T10:03:25.280443+05:30","Result":"Profit","GrossProfit":748.1834249999374,"InstrumentToken":232961,"OrderType":"Short","Qty":209,"ConnorsRsi":91.79271417794732675830153409,"Ema200":2414.9355252561924124256005170,"NetProfit":498.1834249999374,"OrderStrategy":"ConnorsRsiAndEma200","RevicedStopLoss":{},"PullDownTime":"2021-05-05T10:00:00"},{"BrokerageAndTxn":250.0,"Instrument":"SBI LIFE INSURANCE CO","BuyPrice":984.0,"Target":985.476,"StopLoss":974.16,"OrderTime":"2021-05-05T10:33:58.376106+05:30","SellTime":"2021-05-05T10:35:16.304883+05:30","Result":"Profit","GrossProfit":749.8080000000191,"InstrumentToken":5582849,"OrderType":"Long","Qty":508,"ConnorsRsi":9.55977637254302556264602530,"Ema200":943.6720562946670520832972402,"NetProfit":499.8080000000191,"OrderStrategy":"ConnorsRsiAndEma200","RevicedStopLoss":{},"PullDownTime":"2021-05-05T10:30:00"},{"BrokerageAndTxn":250.0,"Instrument":"SBI LIFE INSURANCE CO","BuyPrice":980.05,"Target":981.5200749999999,"StopLoss":970.2494999999999,"OrderTime":"2021-05-05T10:47:57.163627+05:30","SellTime":"2021-05-05T10:48:27.733659+05:30","Result":"Profit","GrossProfit":749.7382499999367,"InstrumentToken":5582849,"OrderType":"Long","Qty":510,"ConnorsRsi":9.75149436063960029949499784,"Ema200":944.0535337699374397558029884,"NetProfit":499.73824999993667,"OrderStrategy":"ConnorsRsiAndEma200","RevicedStopLoss":{},"PullDownTime":"2021-05-05T10:45:00"},{"BrokerageAndTxn":250.0,"Instrument":"ITC","BuyPrice":200.85,"Target":200.548725,"StopLoss":202.8585,"OrderTime":"2021-05-05T10:45:37.994503+05:30","SellTime":"2021-05-05T10:50:31.913386+05:30","Result":"Profit","GrossProfit":749.8734749999712,"InstrumentToken":424961,"OrderType":"Short","Qty":2489,"ConnorsRsi":90.53368037825304678696420844,"Ema200":203.49744928064568829108211293,"NetProfit":499.8734749999712,"OrderStrategy":"ConnorsRsiAndEma200","RevicedStopLoss":{},"PullDownTime":"2021-05-05T10:45:00"},{"BrokerageAndTxn":250.0,"Instrument":"GRASIM INDUSTRIES","BuyPrice":1420.55,"Target":1422.680825,"StopLoss":1406.3445,"OrderTime":"2021-05-05T10:50:58.277028+05:30","SellTime":"2021-05-05T10:50:59.558687+05:30","Result":"Profit","GrossProfit":747.9195750000072,"InstrumentToken":315393,"OrderType":"Long","Qty":351,"ConnorsRsi":9.749427711251738639425679853,"Ema200":1376.6705743406253224996386461,"NetProfit":497.91957500000717,"OrderStrategy":"ConnorsRsiAndEma200","RevicedStopLoss":{},"PullDownTime":"2021-05-05T10:45:00"},{"BrokerageAndTxn":250.0,"Instrument":"BAJAJ FINSERV.","BuyPrice":10925.0,"Target":10941.3875,"StopLoss":10815.75,"OrderTime":"2021-05-05T11:21:13.929943+05:30","SellTime":"2021-05-05T11:21:58.912439+05:30","Result":"Profit","GrossProfit":737.4375000000582,"InstrumentToken":4268801,"OrderType":"Long","Qty":45,"ConnorsRsi":6.8670469882305101157990893067,"Ema200":10655.701113384208512527258191,"NetProfit":487.4375000000582,"OrderStrategy":"ConnorsRsiAndEma200","RevicedStopLoss":{},"PullDownTime":"2021-05-05T11:15:00"},{"BrokerageAndTxn":250.0,"Instrument":"BAJAJ FINANCE","BuyPrice":5484.4,"Target":5492.6266,"StopLoss":5429.556,"OrderTime":"2021-05-05T11:21:49.368218+05:30","SellTime":"2021-05-05T11:22:34.926715+05:30","Result":"Profit","GrossProfit":748.6206000000238,"InstrumentToken":81153,"OrderType":"Long","Qty":91,"ConnorsRsi":9.694960878695597143049638547,"Ema200":5290.9222705817992096387528200,"NetProfit":498.62060000002384,"OrderStrategy":"ConnorsRsiAndEma200","RevicedStopLoss":{},"PullDownTime":"2021-05-05T11:15:00"},{"BrokerageAndTxn":250.0,"Instrument":"GRASIM INDUSTRIES","BuyPrice":1416.0,"Target":1418.124,"StopLoss":1401.84,"OrderTime":"2021-05-05T11:24:51.749442+05:30","SellTime":"2021-05-05T11:26:25.940089+05:30","Result":"Profit","GrossProfit":749.7719999999972,"InstrumentToken":315393,"OrderType":"Long","Qty":353,"ConnorsRsi":9.758033348598218382965292707,"Ema200":1377.4971331504537653673646455,"NetProfit":499.7719999999972,"OrderStrategy":"ConnorsRsiAndEma200","RevicedStopLoss":{},"PullDownTime":"2021-05-05T11:15:00"},{"BrokerageAndTxn":250.0,"Instrument":"BAJAJ FINSERV.","BuyPrice":10935.4,"Target":10951.8031,"StopLoss":10826.046,"OrderTime":"2021-05-05T11:36:03.142514+05:30","SellTime":"2021-05-05T11:36:18.756608+05:30","Result":"Profit","GrossProfit":738.1394999999902,"InstrumentToken":4268801,"OrderType":"Long","Qty":45,"ConnorsRsi":8.851593346298447947155035267,"Ema200":10658.462941623578667554735489,"NetProfit":488.1394999999902,"OrderStrategy":"ConnorsRsiAndEma200","RevicedStopLoss":{},"PullDownTime":"2021-05-05T11:30:00"},{"BrokerageAndTxn":250.0,"Instrument":"GRASIM INDUSTRIES","BuyPrice":1415.0,"Target":1417.1225,"StopLoss":1400.85,"OrderTime":"2021-05-05T11:40:00.105618+05:30","SellTime":"2021-05-05T11:42:40.919085+05:30","Result":"Profit","GrossProfit":749.242499999993,"InstrumentToken":315393,"OrderType":"Long","Qty":353,"ConnorsRsi":8.97130567352159672793971299,"Ema200":1377.8718163766246912159289394,"NetProfit":499.242499999993,"OrderStrategy":"ConnorsRsiAndEma200","RevicedStopLoss":{},"PullDownTime":"2021-05-05T11:30:00"},{"BrokerageAndTxn":250.0,"Instrument":"BAJAJ FINANCE","BuyPrice":5465.0,"Target":5473.1975,"StopLoss":5410.35,"OrderTime":"2021-05-05T11:38:36.141611+05:30","SellTime":"2021-05-05T11:42:48.206107+05:30","Result":"Profit","GrossProfit":745.9725000000326,"InstrumentToken":81153,"OrderType":"Long","Qty":91,"ConnorsRsi":9.747585764608868072479072577,"Ema200":5292.5753529071504454339737738,"NetProfit":495.9725000000326,"OrderStrategy":"ConnorsRsiAndEma200","RevicedStopLoss":{},"PullDownTime":"2021-05-05T11:30:00"},{"BrokerageAndTxn":250.0,"Instrument":"TATA STEEL","BuyPrice":1058.2,"Target":1059.7873,"StopLoss":1047.618,"OrderTime":"2021-05-05T11:41:14.001951+05:30","SellTime":"2021-05-05T11:51:30.136667+05:30","Result":"Loss","GrossProfit":-4994.704000000027,"InstrumentToken":895745,"OrderType":"Long","Qty":472,"ConnorsRsi":9.731272364049305320428163137,"Ema200":1010.6615516669577652945488932,"NetProfit":-5244.704000000027,"OrderStrategy":"ConnorsRsiAndEma200","RevicedStopLoss":{},"PullDownTime":"2021-05-05T11:30:00"},{"BrokerageAndTxn":250.0,"Instrument":"TATA STEEL","BuyPrice":1047.5,"Target":1049.07125,"StopLoss":1037.025,"OrderTime":"2021-05-05T11:51:30.762341+05:30","SellTime":"2021-05-05T11:52:21.146468+05:30","Result":"Profit","GrossProfit":749.4862499999581,"InstrumentToken":895745,"OrderType":"Long","Qty":477,"ConnorsRsi":5.7889979987599939954837504367,"Ema200":1011.0696697286415857218187662,"NetProfit":499.4862499999581,"OrderStrategy":"ConnorsRsiAndEma200","RevicedStopLoss":{},"PullDownTime":"2021-05-05T11:45:00"},{"BrokerageAndTxn":250.0,"Instrument":"JSW STEEL","BuyPrice":717.0,"Target":718.0755,"StopLoss":709.83,"OrderTime":"2021-05-05T11:39:47.535122+05:30","SellTime":"2021-05-05T11:54:24.728959+05:30","Result":"Profit","GrossProfit":749.6235000000452,"InstrumentToken":3001089,"OrderType":"Long","Qty":697,"ConnorsRsi":9.645330990746900225395644523,"Ema200":693.18417152074414513951443267,"NetProfit":499.62350000004517,"OrderStrategy":"ConnorsRsiAndEma200","RevicedStopLoss":{},"PullDownTime":"2021-05-05T11:30:00"},{"BrokerageAndTxn":250.0,"Instrument":"DR. REDDY'S LABORATORIES","BuyPrice":5138.4,"Target":5146.107599999999,"StopLoss":5087.016,"OrderTime":"2021-05-05T12:02:28.933526+05:30","SellTime":"2021-05-05T12:03:16.897957+05:30","Result":"Profit","GrossProfit":747.6371999999392,"InstrumentToken":225537,"OrderType":"Long","Qty":97,"ConnorsRsi":9.913684570843012835845438479,"Ema200":5105.6793660467287302936558067,"NetProfit":497.6371999999392,"OrderStrategy":"ConnorsRsiAndEma200","RevicedStopLoss":{},"PullDownTime":"2021-05-05T12:00:00"},{"BrokerageAndTxn":250.0,"Instrument":"MAHINDRA & MAHINDRA","BuyPrice":747.95,"Target":746.828075,"StopLoss":755.4295000000001,"OrderTime":"2021-05-05T12:37:09.706417+05:30","SellTime":"2021-05-05T12:44:49.905457+05:30","Result":"Profit","GrossProfit":749.4459000000497,"InstrumentToken":519937,"OrderType":"Short","Qty":668,"ConnorsRsi":90.20977431052532020584073658,"Ema200":765.49759881497276743649090623,"NetProfit":499.44590000004973,"OrderStrategy":"ConnorsRsiAndEma200","RevicedStopLoss":{},"PullDownTime":"2021-05-05T12:30:00"},{"BrokerageAndTxn":250.0,"Instrument":"CIPLA","BuyPrice":888.8,"Target":887.4667999999999,"StopLoss":897.688,"OrderTime":"2021-05-05T12:51:40.912+05:30","SellTime":"2021-05-05T12:52:57.673117+05:30","Result":"Profit","GrossProfit":749.2584000000497,"InstrumentToken":177665,"OrderType":"Short","Qty":562,"ConnorsRsi":90.01421653452310131506004056,"Ema200":905.2393627768712993987460699,"NetProfit":499.25840000004973,"OrderStrategy":"ConnorsRsiAndEma200","RevicedStopLoss":{},"PullDownTime":"2021-05-05T12:45:00"},{"BrokerageAndTxn":250.0,"Instrument":"HDFC BANK","BuyPrice":1407.45,"Target":1405.338825,"StopLoss":1421.5245,"OrderTime":"2021-05-05T12:55:33.739249+05:30","SellTime":"2021-05-05T12:56:07.344379+05:30","Result":"Profit","GrossProfit":749.4671249999665,"InstrumentToken":341249,"OrderType":"Short","Qty":355,"ConnorsRsi":90.33081926973821421856805774,"Ema200":1417.3512471435160208098181234,"NetProfit":499.4671249999665,"OrderStrategy":"ConnorsRsiAndEma200","RevicedStopLoss":{},"PullDownTime":"2021-05-05T12:45:00"},{"BrokerageAndTxn":250.0,"Instrument":"HDFC","BuyPrice":2399.2,"Target":2395.6011999999996,"StopLoss":2423.192,"OrderTime":"2021-05-05T13:07:42.137981+05:30","SellTime":"2021-05-05T13:14:31.936593+05:30","Result":"Profit","GrossProfit":748.5504000000656,"InstrumentToken":340481,"OrderType":"Short","Qty":208,"ConnorsRsi":90.11541357693260664877699691,"Ema200":2453.4872854500861178829587747,"NetProfit":498.55040000006557,"OrderStrategy":"ConnorsRsiAndEma200","RevicedStopLoss":{},"PullDownTime":"2021-05-05T13:00:00"},{"BrokerageAndTxn":250.0,"Instrument":"CIPLA","BuyPrice":887.8,"Target":886.4683,"StopLoss":896.678,"OrderTime":"2021-05-05T13:02:31.371275+05:30","SellTime":"2021-05-05T13:28:30.149494+05:30","Result":"Loss","GrossProfit":-4998.314000000013,"InstrumentToken":177665,"OrderType":"Short","Qty":563,"ConnorsRsi":90.10847626901887905082955949,"Ema200":905.0735799959528106838937347,"NetProfit":-5248.314000000013,"OrderStrategy":"ConnorsRsiAndEma200","RevicedStopLoss":{},"PullDownTime":"2021-05-05T13:00:00"},{"BrokerageAndTxn":250.0,"Instrument":"CIPLA","BuyPrice":896.7,"Target":895.35495,"StopLoss":905.667,"OrderTime":"2021-05-05T13:28:30.703957+05:30","SellTime":"2021-05-05T13:31:06.690003+05:30","Result":"Profit","GrossProfit":749.1928499999922,"InstrumentToken":177665,"OrderType":"Short","Qty":557,"ConnorsRsi":97.13552216973845419741175178,"Ema200":904.9554852672873835375018326,"NetProfit":499.1928499999922,"OrderStrategy":"ConnorsRsiAndEma200","RevicedStopLoss":{},"PullDownTime":"2021-05-05T13:15:00"},{"BrokerageAndTxn":250.0,"Instrument":"GRASIM INDUSTRIES","BuyPrice":1405.8,"Target":1407.9087,"StopLoss":1391.742,"OrderTime":"2021-05-05T13:34:15.775561+05:30","SellTime":"2021-05-05T13:39:04.880386+05:30","Result":"Profit","GrossProfit":748.5884999999544,"InstrumentToken":315393,"OrderType":"Long","Qty":355,"ConnorsRsi":9.98500596161898008295090174,"Ema200":1380.5186657172360162185885049,"NetProfit":498.58849999995437,"OrderStrategy":"ConnorsRsiAndEma200","RevicedStopLoss":{},"PullDownTime":"2021-05-05T13:30:00"},{"BrokerageAndTxn":250.0,"Instrument":"INFOSYS","BuyPrice":1337.3,"Target":1335.29405,"StopLoss":1350.673,"OrderTime":"2021-05-05T12:04:13.933948+05:30","SellTime":"2021-05-05T14:12:55.274099+05:30","Result":"Profit","GrossProfit":748.2193499999703,"InstrumentToken":408065,"OrderType":"Short","Qty":373,"ConnorsRsi":90.89573639785510893434167743,"Ema200":1351.9690158919473121013142278,"NetProfit":498.2193499999703,"OrderStrategy":"ConnorsRsiAndEma200","RevicedStopLoss":{},"PullDownTime":"2021-05-05T12:00:00"},{"BrokerageAndTxn":250.0,"Instrument":"HCL TECHNOLOGIES","BuyPrice":909.9,"Target":908.5351499999999,"StopLoss":918.999,"OrderTime":"2021-05-05T14:27:53.55097+05:30","SellTime":"2021-05-05T14:49:51.693438+05:30","Result":"Profit","GrossProfit":749.3026500000269,"InstrumentToken":1850625,"OrderType":"Short","Qty":549,"ConnorsRsi":91.39631268740510518835716541,"Ema200":921.7043958278892150684808320,"NetProfit":499.3026500000269,"OrderStrategy":"ConnorsRsiAndEma200","RevicedStopLoss":{},"PullDownTime":"2021-05-05T14:15:00"}]
2021-05-05 15:30:04.2421|INFO|ExAlgo.Core.Cache.QuoteRepositoryManager|Current Data loaded at  5/5/2021 3:30:04 PM
