2021-05-06 08:50:05.1510|INFO|Topshelf.HostFactory|Configuration Result:
[Success] Name EzAlgoTrading.Standard
[Success] DisplayName EzAlgoTrading.Standard 1.0.0.0
[Success] Description Datafactory to process rail reference data
[Success] ServiceName EzAlgoTrading.Standard
2021-05-06 08:50:05.1801|INFO|Topshelf.HostConfigurators.HostConfiguratorImpl|Topshelf v4.3.0.0, .NET Core 3.1.13 (3.1.13)
2021-05-06 08:50:05.4512|ERROR|Topshelf.Runtime.Windows.WindowsHostEnvironment|Unable to get parent process (ignored)
2021-05-06 08:50:05.4521|DEBUG|Topshelf.Builders.RunBuilder|Running as a console application, creating the console host.
2021-05-06 08:50:05.4856|DEBUG|Topshelf.Hosts.ConsoleRunHost|Starting up as a console application
2021-05-06 08:50:05.5482|INFO|ExAlgo.Core.Cache.QuoteRepositoryManager|Historical Data loaded at  5/6/2021 8:50:05 AM
2021-05-06 08:50:06.2716|INFO|ExAlgo.Core.Cache.QuoteRepositoryManager|ADANI PORT & SEZ Pivot Details , PivoPoint: 749.38333333333333333333333333,previousPivotPoint: 770.00,IsUptrendPivot : False,  Resistance1: 765.7666666666666666666666667, Support1: 723.9666666666666666666666667,  Points Change :5.7458714344206360038214821900
2021-05-06 08:50:06.6581|INFO|ExAlgo.Core.Cache.QuoteRepositoryManager|ASIAN PAINTS Pivot Details , PivoPoint: 2577.1166666666666666666666667,previousPivotPoint: 2593.1166666666666666666666667,IsUptrendPivot : False,  Resistance1: 2608.1333333333333333333333334, Support1: 2540.7333333333333333333333334,  Points Change :2.7846510349161462629119044800
2021-05-06 08:50:06.9253|INFO|ExAlgo.Core.Cache.QuoteRepositoryManager|AXIS BANK Pivot Details , PivoPoint: 712.56666666666666666666666667,previousPivotPoint: 705.81666666666666666666666667,IsUptrendPivot : True,  Resistance1: 725.0333333333333333333333333, Support1: 706.1333333333333333333333333,  Points Change :2.7214285714285714285714285700
2021-05-06 08:50:07.2171|INFO|ExAlgo.Core.Cache.QuoteRepositoryManager|BAJAJ AUTO Pivot Details , PivoPoint: 3828.5666666666666666666666667,previousPivotPoint: 3846.6833333333333333333333333,IsUptrendPivot : False,  Resistance1: 3873.0333333333333333333333334, Support1: 3804.5333333333333333333333334,  Points Change :1.8102058613673000184984540600
2021-05-06 08:50:07.4585|INFO|ExAlgo.Core.Cache.QuoteRepositoryManager|BAJAJ FINSERV. Pivot Details , PivoPoint: 11065.066666666666666666666667,previousPivotPoint: 11027.75,IsUptrendPivot : True,  Resistance1: 11214.933333333333333333333334, Support1: 10940.133333333333333333333334,  Points Change :2.5601912928759894459102902400
2021-05-06 08:50:07.7196|INFO|ExAlgo.Core.Cache.QuoteRepositoryManager|BAJAJ FINANCE Pivot Details , PivoPoint: 5557.75,previousPivotPoint: 5634.8666666666666666666666667,IsUptrendPivot : False,  Resistance1: 5661.00, Support1: 5415.50,  Points Change :4.5411195070060890616976010600
2021-05-06 08:50:07.9839|INFO|ExAlgo.Core.Cache.QuoteRepositoryManager|BHARTI AIRTEL Pivot Details , PivoPoint: 559.63333333333333333333333333,previousPivotPoint: 554.73333333333333333333333333,IsUptrendPivot : True,  Resistance1: 565.1166666666666666666666667, Support1: 554.3166666666666666666666667,  Points Change :1.9765342960288808664259927800
2021-05-06 08:50:08.2746|INFO|ExAlgo.Core.Cache.QuoteRepositoryManager|BHARAT PETROLEUM CORP  LT Pivot Details , PivoPoint: 425.76666666666666666666666667,previousPivotPoint: 423.48333333333333333333333333,IsUptrendPivot : True,  Resistance1: 430.5333333333333333333333333, Support1: 420.0333333333333333333333333,  Points Change :2.5178147268408551068883610500
2021-05-06 08:50:08.5206|INFO|ExAlgo.Core.Cache.QuoteRepositoryManager|BRITANNIA INDUSTRIES Pivot Details , PivoPoint: 3447.8,previousPivotPoint: 3439.8666666666666666666666667,IsUptrendPivot : True,  Resistance1: 3459.2, Support1: 3437.6,  Points Change :0.6591487813750454710803928700
2021-05-06 08:50:08.7868|INFO|ExAlgo.Core.Cache.QuoteRepositoryManager|CIPLA Pivot Details , PivoPoint: 886.8,previousPivotPoint: 890.0166666666666666666666667,IsUptrendPivot : False,  Resistance1: 903.5, Support1: 874.6,  Points Change :3.4522439585730724971231300300
2021-05-06 08:50:09.0412|INFO|ExAlgo.Core.Cache.QuoteRepositoryManager|COAL INDIA Pivot Details , PivoPoint: 133.5,previousPivotPoint: 133.56666666666666666666666667,IsUptrendPivot : False,  Resistance1: 134.5, Support1: 132.5,  Points Change :1.5094339622641509433962264200
2021-05-06 08:50:09.3215|INFO|ExAlgo.Core.Cache.QuoteRepositoryManager|DIVI'S LABORATORIES Pivot Details , PivoPoint: 4026.5666666666666666666666667,previousPivotPoint: 4018.5666666666666666666666667,IsUptrendPivot : True,  Resistance1: 4078.133333333333333333333333, Support1: 3988.933333333333333333333333,  Points Change :2.2528301886792452830188679200
2021-05-06 08:50:09.5692|INFO|ExAlgo.Core.Cache.QuoteRepositoryManager|DR. REDDY'S LABORATORIES Pivot Details , PivoPoint: 5147.0,previousPivotPoint: 5117.85,IsUptrendPivot : True,  Resistance1: 5223.5, Support1: 5092.5,  Points Change :2.6035502958579881656804733700
2021-05-06 08:50:09.8184|INFO|ExAlgo.Core.Cache.QuoteRepositoryManager|EICHER MOTORS Pivot Details , PivoPoint: 2372.9666666666666666666666667,previousPivotPoint: 2381.6833333333333333333333333,IsUptrendPivot : False,  Resistance1: 2389.2333333333333333333333334, Support1: 2358.8333333333333333333333334,  Points Change :1.3006301584944091998896692200
2021-05-06 08:50:10.0840|INFO|ExAlgo.Core.Cache.QuoteRepositoryManager|GAIL (INDIA) Pivot Details , PivoPoint: 145.9,previousPivotPoint: 142.45,IsUptrendPivot : True,  Resistance1: 148.8, Support1: 143.0,  Points Change :4.0909090909090909090909090900
2021-05-06 08:50:10.3411|INFO|ExAlgo.Core.Cache.QuoteRepositoryManager|GRASIM INDUSTRIES Pivot Details , PivoPoint: 1426.3166666666666666666666667,previousPivotPoint: 1423.55,IsUptrendPivot : True,  Resistance1: 1447.6333333333333333333333334, Support1: 1397.6833333333333333333333334,  Points Change :3.5551601423487544483985765100
2021-05-06 08:50:10.6088|INFO|ExAlgo.Core.Cache.QuoteRepositoryManager|HCL TECHNOLOGIES Pivot Details , PivoPoint: 907.2666666666666666666666667,previousPivotPoint: 905.8166666666666666666666667,IsUptrendPivot : True,  Resistance1: 913.9333333333333333333333334, Support1: 903.7333333333333333333333334,  Points Change :1.1325782811459027315123251200
2021-05-06 08:50:10.8604|INFO|ExAlgo.Core.Cache.QuoteRepositoryManager|HDFC Pivot Details , PivoPoint: 2380.6333333333333333333333333,previousPivotPoint: 2395.0833333333333333333333333,IsUptrendPivot : False,  Resistance1: 2407.2666666666666666666666666, Support1: 2358.3666666666666666666666666,  Points Change :2.0815632965165675446049277800
2021-05-06 08:50:11.1629|INFO|ExAlgo.Core.Cache.QuoteRepositoryManager|HDFC BANK Pivot Details , PivoPoint: 1399.0833333333333333333333333,previousPivotPoint: 1398.9333333333333333333333333,IsUptrendPivot : True,  Resistance1: 1416.3666666666666666666666666, Support1: 1388.5666666666666666666666666,  Points Change :2.0192516465223999421003112100
2021-05-06 08:50:11.4358|INFO|ExAlgo.Core.Cache.QuoteRepositoryManager|HDFC LIFE INS CO Pivot Details , PivoPoint: 672.25,previousPivotPoint: 671.76666666666666666666666667,IsUptrendPivot : True,  Resistance1: 677.50, Support1: 668.75,  Points Change :1.3193403298350824587706146900
2021-05-06 08:50:11.6965|INFO|ExAlgo.Core.Cache.QuoteRepositoryManager|HERO MOTOCORP Pivot Details , PivoPoint: 2788,previousPivotPoint: 2790.0166666666666666666666667,IsUptrendPivot : False,  Resistance1: 2808, Support1: 2776,  Points Change :1.1560693641618497109826589600
2021-05-06 08:50:11.9505|INFO|ExAlgo.Core.Cache.QuoteRepositoryManager|HINDALCO  INDUSTRIES  Pivot Details , PivoPoint: 368.76666666666666666666666667,previousPivotPoint: 369.33333333333333333333333333,IsUptrendPivot : False,  Resistance1: 373.23333333333333333333333334, Support1: 363.83333333333333333333333334,  Points Change :2.580290968981608564370024700
2021-05-06 08:50:12.2191|INFO|ExAlgo.Core.Cache.QuoteRepositoryManager|HINDUSTAN UNILEVER. Pivot Details , PivoPoint: 2397.8666666666666666666666667,previousPivotPoint: 2399.8666666666666666666666667,IsUptrendPivot : False,  Resistance1: 2427.0833333333333333333333334, Support1: 2365.7833333333333333333333334,  Points Change :2.7589555231883140185337639600
2021-05-06 08:50:12.4796|INFO|ExAlgo.Core.Cache.QuoteRepositoryManager|ICICI BANK. Pivot Details , PivoPoint: 597.90,previousPivotPoint: 596.33333333333333333333333333,IsUptrendPivot : True,  Resistance1: 611.05, Support1: 591.05,  Points Change :3.4376603386351975371985633700
2021-05-06 08:50:12.7305|INFO|ExAlgo.Core.Cache.QuoteRepositoryManager|INDUSIND BANK Pivot Details , PivoPoint: 925.75,previousPivotPoint: 917.5333333333333333333333333,IsUptrendPivot : True,  Resistance1: 941.85, Support1: 916.75,  Points Change :2.7988562630594963158473551100
2021-05-06 08:50:12.9758|INFO|ExAlgo.Core.Cache.QuoteRepositoryManager|INFOSYS Pivot Details , PivoPoint: 1338.1666666666666666666666667,previousPivotPoint: 1337.0833333333333333333333333,IsUptrendPivot : True,  Resistance1: 1348.5333333333333333333333334, Support1: 1332.6333333333333333333333334,  Points Change :1.2125320078325048953155595700
2021-05-06 08:50:13.2612|INFO|ExAlgo.Core.Cache.QuoteRepositoryManager|INDIAN OIL CORP Pivot Details , PivoPoint: 92.53333333333333333333333333,previousPivotPoint: 92.05,IsUptrendPivot : True,  Resistance1: 93.26666666666666666666666666, Support1: 91.61666666666666666666666666,  Points Change :1.7973856209150326797385620900
2021-05-06 08:50:13.5191|INFO|ExAlgo.Core.Cache.QuoteRepositoryManager|ITC Pivot Details , PivoPoint: 201.16666666666666666666666667,previousPivotPoint: 200.40,IsUptrendPivot : True,  Resistance1: 202.83333333333333333333333334, Support1: 200.33333333333333333333333334,  Points Change :1.2531328320802005012531328300
2021-05-06 08:50:13.8534|INFO|ExAlgo.Core.Cache.QuoteRepositoryManager|JSW STEEL Pivot Details , PivoPoint: 721.53333333333333333333333333,previousPivotPoint: 721.56666666666666666666666667,IsUptrendPivot : False,  Resistance1: 729.9666666666666666666666667, Support1: 710.0666666666666666666666667,  Points Change :2.7906324498667788528958070400
2021-05-06 08:50:14.0982|INFO|ExAlgo.Core.Cache.QuoteRepositoryManager|KOTAK MAHINDRA BANK Pivot Details , PivoPoint: 1758.2333333333333333333333333,previousPivotPoint: 1740.7833333333333333333333333,IsUptrendPivot : True,  Resistance1: 1794.4666666666666666666666666, Support1: 1739.2166666666666666666666666,  Points Change :3.2580289215401591265462570400
2021-05-06 08:50:14.3456|INFO|ExAlgo.Core.Cache.QuoteRepositoryManager|LARSEN & TOUBRO. Pivot Details , PivoPoint: 1335.8666666666666666666666667,previousPivotPoint: 1339.6666666666666666666666667,IsUptrendPivot : False,  Resistance1: 1347.6833333333333333333333334, Support1: 1325.7333333333333333333333334,  Points Change :1.7182779456193353474320241700
2021-05-06 08:50:14.5926|INFO|ExAlgo.Core.Cache.QuoteRepositoryManager|MAHINDRA & MAHINDRA Pivot Details , PivoPoint: 744.85,previousPivotPoint: 745.1,IsUptrendPivot : False,  Resistance1: 752.35, Support1: 740.80,  Points Change :1.5799823692954499220180375700
2021-05-06 08:50:14.8345|INFO|ExAlgo.Core.Cache.QuoteRepositoryManager|MARUTI SUZUKI INDIA. Pivot Details , PivoPoint: 6557.3333333333333333333333333,previousPivotPoint: 6544.5333333333333333333333333,IsUptrendPivot : True,  Resistance1: 6631.666666666666666666666667, Support1: 6515.666666666666666666666667,  Points Change :1.7892950794385315440382538900
2021-05-06 08:50:15.1067|INFO|ExAlgo.Core.Cache.QuoteRepositoryManager|NESTLE INDIA Pivot Details , PivoPoint: 16541.016666666666666666666667,previousPivotPoint: 16520.35,IsUptrendPivot : True,  Resistance1: 16616.983333333333333333333334, Support1: 16472.033333333333333333333334,  Points Change :0.9269358254164527311339241500
2021-05-06 08:50:15.3587|INFO|ExAlgo.Core.Cache.QuoteRepositoryManager|NTPC Pivot Details , PivoPoint: 104.08333333333333333333333333,previousPivotPoint: 104.41666666666666666666666667,IsUptrendPivot : False,  Resistance1: 105.36666666666666666666666666, Support1: 102.51666666666666666666666666,  Points Change :2.7723735408560311284046692600
2021-05-06 08:50:15.6070|INFO|ExAlgo.Core.Cache.QuoteRepositoryManager|OIL AND NATURAL GAS CORP. Pivot Details , PivoPoint: 111.93333333333333333333333333,previousPivotPoint: 109.08333333333333333333333333,IsUptrendPivot : True,  Resistance1: 113.36666666666666666666666666, Support1: 109.86666666666666666666666666,  Points Change :3.1674208144796380090497737600
2021-05-06 08:50:15.8617|INFO|ExAlgo.Core.Cache.QuoteRepositoryManager|POWER GRID CORP.. Pivot Details , PivoPoint: 218.55,previousPivotPoint: 218.75,IsUptrendPivot : False,  Resistance1: 220.30, Support1: 216.75,  Points Change :1.6374538745387453874538745400
2021-05-06 08:50:16.1223|INFO|ExAlgo.Core.Cache.QuoteRepositoryManager|RELIANCE INDUSTRIES Pivot Details , PivoPoint: 1922.5833333333333333333333333,previousPivotPoint: 1932.1666666666666666666666667,IsUptrendPivot : False,  Resistance1: 1937.1166666666666666666666666, Support1: 1906.9666666666666666666666666,  Points Change :1.595870129189486648672728700
2021-05-06 08:50:16.3730|INFO|ExAlgo.Core.Cache.QuoteRepositoryManager|SBI LIFE INSURANCE CO Pivot Details , PivoPoint: 984.9166666666666666666666667,previousPivotPoint: 977.6666666666666666666666667,IsUptrendPivot : True,  Resistance1: 1004.8333333333333333333333334, Support1: 950.0333333333333333333333334,  Points Change :5.6787564766839378238341968900
2021-05-06 08:50:16.6133|INFO|ExAlgo.Core.Cache.QuoteRepositoryManager|STATE BANK OF INDIA Pivot Details , PivoPoint: 353.96666666666666666666666667,previousPivotPoint: 354.71666666666666666666666667,IsUptrendPivot : False,  Resistance1: 359.88333333333333333333333334, Support1: 350.53333333333333333333333334,  Points Change :2.7155172413793103448275862100
2021-05-06 08:50:16.8596|INFO|ExAlgo.Core.Cache.QuoteRepositoryManager|SHREE CEMENT Pivot Details , PivoPoint: 27879.083333333333333333333333,previousPivotPoint: 27814.166666666666666666666667,IsUptrendPivot : True,  Resistance1: 28039.816666666666666666666666, Support1: 27713.766666666666666666666666,  Points Change :1.1947332147380499615707981400
2021-05-06 08:50:17.1095|INFO|ExAlgo.Core.Cache.QuoteRepositoryManager|SUN PHARMACEUTICAL IND L Pivot Details , PivoPoint: 671.06666666666666666666666667,previousPivotPoint: 650.9,IsUptrendPivot : True,  Resistance1: 699.6333333333333333333333333, Support1: 654.4333333333333333333333333,  Points Change :7.1078240560529388867263526700
2021-05-06 08:50:17.3440|INFO|ExAlgo.Core.Cache.QuoteRepositoryManager|TATA MOTORS Pivot Details , PivoPoint: 291.63333333333333333333333333,previousPivotPoint: 292.58333333333333333333333333,IsUptrendPivot : False,  Resistance1: 294.56666666666666666666666666, Support1: 289.36666666666666666666666666,  Points Change :1.871750433275563258232235700
2021-05-06 08:50:17.6029|INFO|ExAlgo.Core.Cache.QuoteRepositoryManager|TATA STEEL Pivot Details , PivoPoint: 1068.6666666666666666666666667,previousPivotPoint: 1070.5333333333333333333333333,IsUptrendPivot : False,  Resistance1: 1090.3333333333333333333333334, Support1: 1049.3833333333333333333333334,  Points Change :3.949379178605539637058261700
2021-05-06 08:50:17.8600|INFO|ExAlgo.Core.Cache.QuoteRepositoryManager|TATA CONSULTANCY SERV LT Pivot Details , PivoPoint: 3082.8333333333333333333333333,previousPivotPoint: 3059.2833333333333333333333333,IsUptrendPivot : True,  Resistance1: 3113.2666666666666666666666666, Support1: 3066.2666666666666666666666666,  Points Change :1.5397719827021360241121740300
2021-05-06 08:50:18.1205|INFO|ExAlgo.Core.Cache.QuoteRepositoryManager|TECH MAHINDRA Pivot Details , PivoPoint: 961.6666666666666666666666667,previousPivotPoint: 961.4666666666666666666666667,IsUptrendPivot : True,  Resistance1: 969.5333333333333333333333334, Support1: 952.6333333333333333333333334,  Points Change :1.9764089121887287024901703800
2021-05-06 08:50:18.3739|INFO|ExAlgo.Core.Cache.QuoteRepositoryManager|TITAN COMPANY Pivot Details , PivoPoint: 1421.70,previousPivotPoint: 1412.7666666666666666666666667,IsUptrendPivot : True,  Resistance1: 1439.75, Support1: 1411.60,  Points Change :2.0307823856348867037195382600
2021-05-06 08:50:18.6213|INFO|ExAlgo.Core.Cache.QuoteRepositoryManager|ULTRATECH CEMENT Pivot Details , PivoPoint: 6358.1333333333333333333333333,previousPivotPoint: 6336.6666666666666666666666667,IsUptrendPivot : True,  Resistance1: 6421.866666666666666666666667, Support1: 6316.266666666666666666666667,  Points Change :1.6776817488561260803253685800
2021-05-06 08:50:18.8871|INFO|ExAlgo.Core.Cache.QuoteRepositoryManager|UPL Pivot Details , PivoPoint: 633.6,previousPivotPoint: 623.18333333333333333333333333,IsUptrendPivot : True,  Resistance1: 649.8, Support1: 624.2,  Points Change :4.2730884618503202789264574700
2021-05-06 08:50:19.1435|INFO|ExAlgo.Core.Cache.QuoteRepositoryManager|WIPRO Pivot Details , PivoPoint: 490.48333333333333333333333333,previousPivotPoint: 482.93333333333333333333333333,IsUptrendPivot : True,  Resistance1: 496.2666666666666666666666667, Support1: 484.9666666666666666666666667,  Points Change :2.627767432236705979722739500
2021-05-06 08:50:19.1486|INFO|Topshelf.Hosts.ConsoleRunHost|The EzAlgoTrading.Standard service is now running, press Control+C to exit.
istoricalData scheduled at ..9:13
2021-05-06 08:50:19.1486|INFO|ExAlgo.Core.HostService|LoadCurrentData scheduled at ..9:30
2021-05-06 08:50:19.1486|INFO|ExAlgo.Core.HostService|RegisterAndProcessTicks scheduled at ..9:15
2021-05-06 08:50:19.1486|INFO|ExAlgo.Core.HostService|WriteConfirmation scheduled at ..15:30
2021-05-06 09:03:53.4488|INFO|Topshelf.HostFactory|Configuration Result:
[Success] Name EzAlgoTrading.Standard
[Success] DisplayName EzAlgoTrading.Standard 1.0.0.0
[Success] Description Datafactory to process rail reference data
[Success] ServiceName EzAlgoTrading.Standard
2021-05-06 09:03:53.5039|INFO|Topshelf.HostConfigurators.HostConfiguratorImpl|Topshelf v4.3.0.0, .NET Core 3.1.13 (3.1.13)
2021-05-06 09:03:53.6533|ERROR|Topshelf.Runtime.Windows.WindowsHostEnvironment|Unable to get parent process (ignored)
2021-05-06 09:03:53.6542|DEBUG|Topshelf.Builders.RunBuilder|Running as a console application, creating the console host.
2021-05-06 09:03:53.6633|DEBUG|Topshelf.Hosts.ConsoleRunHost|Starting up as a console application
2021-05-06 09:03:53.6974|INFO|Topshelf.Hosts.ConsoleRunHost|The EzAlgoTrading.Standard service is now running, press Control+C to exit.
2021-05-06 09:03:53.6974|INFO|ExAlgo.Core.HostService|Scheduler registered..
2021-05-06 09:03:53.6974|INFO|ExAlgo.Core.HostService|LoadHistoricalData scheduled at ..9:13
2021-05-06 09:03:53.6974|INFO|ExAlgo.Core.HostService|LoadCurrentData scheduled at ..9:30
2021-05-06 09:03:53.6974|INFO|ExAlgo.Core.HostService|RegisterAndProcessTicks scheduled at ..9:15
2021-05-06 09:03:53.6974|INFO|ExAlgo.Core.HostService|WriteConfirmation scheduled at ..15:30
2021-05-06 09:11:00.0284|INFO|ExAlgo.Core.Cache.QuoteRepositoryManager|Historical Data loaded at  5/6/2021 9:11:00 AM
2021-05-06 09:11:00.7608|INFO|ExAlgo.Core.Cache.QuoteRepositoryManager|ADANI PORT & SEZ Pivot Details , PivoPoint: 749.38333333333333333333333333,previousPivotPoint: 770.00,IsUptrendPivot : False,  Resistance1: 765.7666666666666666666666667, Support1: 723.9666666666666666666666667,  Points Change :5.7458714344206360038214821900
2021-05-06 09:11:01.0379|INFO|ExAlgo.Core.Cache.QuoteRepositoryManager|ASIAN PAINTS Pivot Details , PivoPoint: 2577.1166666666666666666666667,previousPivotPoint: 2593.1166666666666666666666667,IsUptrendPivot : False,  Resistance1: 2608.1333333333333333333333334, Support1: 2540.7333333333333333333333334,  Points Change :2.7846510349161462629119044800
2021-05-06 09:11:01.3399|INFO|ExAlgo.Core.Cache.QuoteRepositoryManager|AXIS BANK Pivot Details , PivoPoint: 712.56666666666666666666666667,previousPivotPoint: 705.81666666666666666666666667,IsUptrendPivot : True,  Resistance1: 725.0333333333333333333333333, Support1: 706.1333333333333333333333333,  Points Change :2.7214285714285714285714285700
2021-05-06 09:11:01.6224|INFO|ExAlgo.Core.Cache.QuoteRepositoryManager|BAJAJ AUTO Pivot Details , PivoPoint: 3828.5666666666666666666666667,previousPivotPoint: 3846.6833333333333333333333333,IsUptrendPivot : False,  Resistance1: 3873.0333333333333333333333334, Support1: 3804.5333333333333333333333334,  Points Change :1.8102058613673000184984540600
2021-05-06 09:11:01.8917|INFO|ExAlgo.Core.Cache.QuoteRepositoryManager|BAJAJ FINSERV. Pivot Details , PivoPoint: 11065.066666666666666666666667,previousPivotPoint: 11027.75,IsUptrendPivot : True,  Resistance1: 11214.933333333333333333333334, Support1: 10940.133333333333333333333334,  Points Change :2.5601912928759894459102902400
2021-05-06 09:11:02.1934|INFO|ExAlgo.Core.Cache.QuoteRepositoryManager|BAJAJ FINANCE Pivot Details , PivoPoint: 5557.75,previousPivotPoint: 5634.8666666666666666666666667,IsUptrendPivot : False,  Resistance1: 5661.00, Support1: 5415.50,  Points Change :4.5411195070060890616976010600
2021-05-06 09:11:02.4865|INFO|ExAlgo.Core.Cache.QuoteRepositoryManager|BHARTI AIRTEL Pivot Details , PivoPoint: 559.63333333333333333333333333,previousPivotPoint: 554.73333333333333333333333333,IsUptrendPivot : True,  Resistance1: 565.1166666666666666666666667, Support1: 554.3166666666666666666666667,  Points Change :1.9765342960288808664259927800
2021-05-06 09:11:02.7471|INFO|ExAlgo.Core.Cache.QuoteRepositoryManager|BHARAT PETROLEUM CORP  LT Pivot Details , PivoPoint: 425.76666666666666666666666667,previousPivotPoint: 423.48333333333333333333333333,IsUptrendPivot : True,  Resistance1: 430.5333333333333333333333333, Support1: 420.0333333333333333333333333,  Points Change :2.5178147268408551068883610500
2021-05-06 09:11:03.0256|INFO|ExAlgo.Core.Cache.QuoteRepositoryManager|BRITANNIA INDUSTRIES Pivot Details , PivoPoint: 3447.8,previousPivotPoint: 3439.8666666666666666666666667,IsUptrendPivot : True,  Resistance1: 3459.2, Support1: 3437.6,  Points Change :0.6591487813750454710803928700
2021-05-06 09:11:16.3947|INFO|ExAlgo.Core.Cache.QuoteRepositoryManager|CIPLA Pivot Details , PivoPoint: 886.8,previousPivotPoint: 890.0166666666666666666666667,IsUptrendPivot : False,  Resistance1: 903.5, Support1: 874.6,  Points Change :3.4522439585730724971231300300
2021-05-06 09:11:16.7078|INFO|ExAlgo.Core.Cache.QuoteRepositoryManager|COAL INDIA Pivot Details , PivoPoint: 133.5,previousPivotPoint: 133.56666666666666666666666667,IsUptrendPivot : False,  Resistance1: 134.5, Support1: 132.5,  Points Change :1.5094339622641509433962264200
2021-05-06 09:11:16.9732|INFO|ExAlgo.Core.Cache.QuoteRepositoryManager|DIVI'S LABORATORIES Pivot Details , PivoPoint: 4026.5666666666666666666666667,previousPivotPoint: 4018.5666666666666666666666667,IsUptrendPivot : True,  Resistance1: 4078.133333333333333333333333, Support1: 3988.933333333333333333333333,  Points Change :2.2528301886792452830188679200
2021-05-06 09:11:17.2857|INFO|ExAlgo.Core.Cache.QuoteRepositoryManager|DR. REDDY'S LABORATORIES Pivot Details , PivoPoint: 5147.0,previousPivotPoint: 5117.85,IsUptrendPivot : True,  Resistance1: 5223.5, Support1: 5092.5,  Points Change :2.6035502958579881656804733700
2021-05-06 09:11:17.5796|INFO|ExAlgo.Core.Cache.QuoteRepositoryManager|EICHER MOTORS Pivot Details , PivoPoint: 2372.9666666666666666666666667,previousPivotPoint: 2381.6833333333333333333333333,IsUptrendPivot : False,  Resistance1: 2389.2333333333333333333333334, Support1: 2358.8333333333333333333333334,  Points Change :1.3006301584944091998896692200
2021-05-06 09:11:17.8844|INFO|ExAlgo.Core.Cache.QuoteRepositoryManager|GAIL (INDIA) Pivot Details , PivoPoint: 145.9,previousPivotPoint: 142.45,IsUptrendPivot : True,  Resistance1: 148.8, Support1: 143.0,  Points Change :4.0909090909090909090909090900
2021-05-06 09:11:18.1689|INFO|ExAlgo.Core.Cache.QuoteRepositoryManager|GRASIM INDUSTRIES Pivot Details , PivoPoint: 1426.3166666666666666666666667,previousPivotPoint: 1423.55,IsUptrendPivot : True,  Resistance1: 1447.6333333333333333333333334, Support1: 1397.6833333333333333333333334,  Points Change :3.5551601423487544483985765100
2021-05-06 09:11:18.4324|INFO|ExAlgo.Core.Cache.QuoteRepositoryManager|HCL TECHNOLOGIES Pivot Details , PivoPoint: 907.2666666666666666666666667,previousPivotPoint: 905.8166666666666666666666667,IsUptrendPivot : True,  Resistance1: 913.9333333333333333333333334, Support1: 903.7333333333333333333333334,  Points Change :1.1325782811459027315123251200
2021-05-06 09:11:18.7072|INFO|ExAlgo.Core.Cache.QuoteRepositoryManager|HDFC Pivot Details , PivoPoint: 2380.6333333333333333333333333,previousPivotPoint: 2395.0833333333333333333333333,IsUptrendPivot : False,  Resistance1: 2407.2666666666666666666666666, Support1: 2358.3666666666666666666666666,  Points Change :2.0815632965165675446049277800
2021-05-06 09:11:18.9965|INFO|ExAlgo.Core.Cache.QuoteRepositoryManager|HDFC BANK Pivot Details , PivoPoint: 1399.0833333333333333333333333,previousPivotPoint: 1398.9333333333333333333333333,IsUptrendPivot : True,  Resistance1: 1416.3666666666666666666666666, Support1: 1388.5666666666666666666666666,  Points Change :2.0192516465223999421003112100
2021-05-06 09:11:19.2613|INFO|ExAlgo.Core.Cache.QuoteRepositoryManager|HDFC LIFE INS CO Pivot Details , PivoPoint: 672.25,previousPivotPoint: 671.76666666666666666666666667,IsUptrendPivot : True,  Resistance1: 677.50, Support1: 668.75,  Points Change :1.3193403298350824587706146900
2021-05-06 09:11:19.5352|INFO|ExAlgo.Core.Cache.QuoteRepositoryManager|HERO MOTOCORP Pivot Details , PivoPoint: 2788,previousPivotPoint: 2790.0166666666666666666666667,IsUptrendPivot : False,  Resistance1: 2808, Support1: 2776,  Points Change :1.1560693641618497109826589600
2021-05-06 09:11:19.8010|INFO|ExAlgo.Core.Cache.QuoteRepositoryManager|HINDALCO  INDUSTRIES  Pivot Details , PivoPoint: 368.76666666666666666666666667,previousPivotPoint: 369.33333333333333333333333333,IsUptrendPivot : False,  Resistance1: 373.23333333333333333333333334, Support1: 363.83333333333333333333333334,  Points Change :2.580290968981608564370024700
2021-05-06 09:11:20.0596|INFO|ExAlgo.Core.Cache.QuoteRepositoryManager|HINDUSTAN UNILEVER. Pivot Details , PivoPoint: 2397.8666666666666666666666667,previousPivotPoint: 2399.8666666666666666666666667,IsUptrendPivot : False,  Resistance1: 2427.0833333333333333333333334, Support1: 2365.7833333333333333333333334,  Points Change :2.7589555231883140185337639600
2021-05-06 09:11:20.3493|INFO|ExAlgo.Core.Cache.QuoteRepositoryManager|ICICI BANK. Pivot Details , PivoPoint: 597.90,previousPivotPoint: 596.33333333333333333333333333,IsUptrendPivot : True,  Resistance1: 611.05, Support1: 591.05,  Points Change :3.4376603386351975371985633700
2021-05-06 09:11:20.6227|INFO|ExAlgo.Core.Cache.QuoteRepositoryManager|INDUSIND BANK Pivot Details , PivoPoint: 925.75,previousPivotPoint: 917.5333333333333333333333333,IsUptrendPivot : True,  Resistance1: 941.85, Support1: 916.75,  Points Change :2.7988562630594963158473551100
2021-05-06 09:11:20.8656|INFO|ExAlgo.Core.Cache.QuoteRepositoryManager|INFOSYS Pivot Details , PivoPoint: 1338.1666666666666666666666667,previousPivotPoint: 1337.0833333333333333333333333,IsUptrendPivot : True,  Resistance1: 1348.5333333333333333333333334, Support1: 1332.6333333333333333333333334,  Points Change :1.2125320078325048953155595700
2021-05-06 09:11:21.1360|INFO|ExAlgo.Core.Cache.QuoteRepositoryManager|INDIAN OIL CORP Pivot Details , PivoPoint: 92.53333333333333333333333333,previousPivotPoint: 92.05,IsUptrendPivot : True,  Resistance1: 93.26666666666666666666666666, Support1: 91.61666666666666666666666666,  Points Change :1.7973856209150326797385620900
2021-05-06 09:11:21.4148|INFO|ExAlgo.Core.Cache.QuoteRepositoryManager|ITC Pivot Details , PivoPoint: 201.16666666666666666666666667,previousPivotPoint: 200.40,IsUptrendPivot : True,  Resistance1: 202.83333333333333333333333334, Support1: 200.33333333333333333333333334,  Points Change :1.2531328320802005012531328300
2021-05-06 09:11:21.6752|INFO|ExAlgo.Core.Cache.QuoteRepositoryManager|JSW STEEL Pivot Details , PivoPoint: 721.53333333333333333333333333,previousPivotPoint: 721.56666666666666666666666667,IsUptrendPivot : False,  Resistance1: 729.9666666666666666666666667, Support1: 710.0666666666666666666666667,  Points Change :2.7906324498667788528958070400
2021-05-06 09:11:21.9504|INFO|ExAlgo.Core.Cache.QuoteRepositoryManager|KOTAK MAHINDRA BANK Pivot Details , PivoPoint: 1758.2333333333333333333333333,previousPivotPoint: 1740.7833333333333333333333333,IsUptrendPivot : True,  Resistance1: 1794.4666666666666666666666666, Support1: 1739.2166666666666666666666666,  Points Change :3.2580289215401591265462570400
2021-05-06 09:11:22.2220|INFO|ExAlgo.Core.Cache.QuoteRepositoryManager|LARSEN & TOUBRO. Pivot Details , PivoPoint: 1335.8666666666666666666666667,previousPivotPoint: 1339.6666666666666666666666667,IsUptrendPivot : False,  Resistance1: 1347.6833333333333333333333334, Support1: 1325.7333333333333333333333334,  Points Change :1.7182779456193353474320241700
2021-05-06 09:11:22.4884|INFO|ExAlgo.Core.Cache.QuoteRepositoryManager|MAHINDRA & MAHINDRA Pivot Details , PivoPoint: 744.85,previousPivotPoint: 745.1,IsUptrendPivot : False,  Resistance1: 752.35, Support1: 740.80,  Points Change :1.5799823692954499220180375700
2021-05-06 09:11:22.7557|INFO|ExAlgo.Core.Cache.QuoteRepositoryManager|MARUTI SUZUKI INDIA. Pivot Details , PivoPoint: 6557.3333333333333333333333333,previousPivotPoint: 6544.5333333333333333333333333,IsUptrendPivot : True,  Resistance1: 6631.666666666666666666666667, Support1: 6515.666666666666666666666667,  Points Change :1.7892950794385315440382538900
2021-05-06 09:11:23.0443|INFO|ExAlgo.Core.Cache.QuoteRepositoryManager|NESTLE INDIA Pivot Details , PivoPoint: 16541.016666666666666666666667,previousPivotPoint: 16520.35,IsUptrendPivot : True,  Resistance1: 16616.983333333333333333333334, Support1: 16472.033333333333333333333334,  Points Change :0.9269358254164527311339241500
2021-05-06 09:11:23.3148|INFO|ExAlgo.Core.Cache.QuoteRepositoryManager|NTPC Pivot Details , PivoPoint: 104.08333333333333333333333333,previousPivotPoint: 104.41666666666666666666666667,IsUptrendPivot : False,  Resistance1: 105.36666666666666666666666666, Support1: 102.51666666666666666666666666,  Points Change :2.7723735408560311284046692600
2021-05-06 09:11:23.5886|INFO|ExAlgo.Core.Cache.QuoteRepositoryManager|OIL AND NATURAL GAS CORP. Pivot Details , PivoPoint: 111.93333333333333333333333333,previousPivotPoint: 109.08333333333333333333333333,IsUptrendPivot : True,  Resistance1: 113.36666666666666666666666666, Support1: 109.86666666666666666666666666,  Points Change :3.1674208144796380090497737600
2021-05-06 09:11:23.8684|INFO|ExAlgo.Core.Cache.QuoteRepositoryManager|POWER GRID CORP.. Pivot Details , PivoPoint: 218.55,previousPivotPoint: 218.75,IsUptrendPivot : False,  Resistance1: 220.30, Support1: 216.75,  Points Change :1.6374538745387453874538745400
2021-05-06 09:11:24.2068|INFO|ExAlgo.Core.Cache.QuoteRepositoryManager|RELIANCE INDUSTRIES Pivot Details , PivoPoint: 1922.5833333333333333333333333,previousPivotPoint: 1932.1666666666666666666666667,IsUptrendPivot : False,  Resistance1: 1937.1166666666666666666666666, Support1: 1906.9666666666666666666666666,  Points Change :1.595870129189486648672728700
2021-05-06 09:11:24.5026|INFO|ExAlgo.Core.Cache.QuoteRepositoryManager|SBI LIFE INSURANCE CO Pivot Details , PivoPoint: 984.9166666666666666666666667,previousPivotPoint: 977.6666666666666666666666667,IsUptrendPivot : True,  Resistance1: 1004.8333333333333333333333334, Support1: 950.0333333333333333333333334,  Points Change :5.6787564766839378238341968900
2021-05-06 09:11:24.7933|INFO|ExAlgo.Core.Cache.QuoteRepositoryManager|STATE BANK OF INDIA Pivot Details , PivoPoint: 353.96666666666666666666666667,previousPivotPoint: 354.71666666666666666666666667,IsUptrendPivot : False,  Resistance1: 359.88333333333333333333333334, Support1: 350.53333333333333333333333334,  Points Change :2.7155172413793103448275862100
2021-05-06 09:11:25.0933|INFO|ExAlgo.Core.Cache.QuoteRepositoryManager|SHREE CEMENT Pivot Details , PivoPoint: 27879.083333333333333333333333,previousPivotPoint: 27814.166666666666666666666667,IsUptrendPivot : True,  Resistance1: 28039.816666666666666666666666, Support1: 27713.766666666666666666666666,  Points Change :1.1947332147380499615707981400
2021-05-06 09:11:25.3589|INFO|ExAlgo.Core.Cache.QuoteRepositoryManager|SUN PHARMACEUTICAL IND L Pivot Details , PivoPoint: 671.06666666666666666666666667,previousPivotPoint: 650.9,IsUptrendPivot : True,  Resistance1: 699.6333333333333333333333333, Support1: 654.4333333333333333333333333,  Points Change :7.1078240560529388867263526700
2021-05-06 09:11:25.6246|INFO|ExAlgo.Core.Cache.QuoteRepositoryManager|TATA MOTORS Pivot Details , PivoPoint: 291.63333333333333333333333333,previousPivotPoint: 292.58333333333333333333333333,IsUptrendPivot : False,  Resistance1: 294.56666666666666666666666666, Support1: 289.36666666666666666666666666,  Points Change :1.871750433275563258232235700
2021-05-06 09:11:25.9042|INFO|ExAlgo.Core.Cache.QuoteRepositoryManager|TATA STEEL Pivot Details , PivoPoint: 1068.6666666666666666666666667,previousPivotPoint: 1070.5333333333333333333333333,IsUptrendPivot : False,  Resistance1: 1090.3333333333333333333333334, Support1: 1049.3833333333333333333333334,  Points Change :3.949379178605539637058261700
2021-05-06 09:11:26.2378|INFO|ExAlgo.Core.Cache.QuoteRepositoryManager|TATA CONSULTANCY SERV LT Pivot Details , PivoPoint: 3082.8333333333333333333333333,previousPivotPoint: 3059.2833333333333333333333333,IsUptrendPivot : True,  Resistance1: 3113.2666666666666666666666666, Support1: 3066.2666666666666666666666666,  Points Change :1.5397719827021360241121740300
2021-05-06 09:11:26.4950|INFO|ExAlgo.Core.Cache.QuoteRepositoryManager|TECH MAHINDRA Pivot Details , PivoPoint: 961.6666666666666666666666667,previousPivotPoint: 961.4666666666666666666666667,IsUptrendPivot : True,  Resistance1: 969.5333333333333333333333334, Support1: 952.6333333333333333333333334,  Points Change :1.9764089121887287024901703800
2021-05-06 09:11:26.7878|INFO|ExAlgo.Core.Cache.QuoteRepositoryManager|TITAN COMPANY Pivot Details , PivoPoint: 1421.70,previousPivotPoint: 1412.7666666666666666666666667,IsUptrendPivot : True,  Resistance1: 1439.75, Support1: 1411.60,  Points Change :2.0307823856348867037195382600
2021-05-06 09:11:27.0511|INFO|ExAlgo.Core.Cache.QuoteRepositoryManager|ULTRATECH CEMENT Pivot Details , PivoPoint: 6358.1333333333333333333333333,previousPivotPoint: 6336.6666666666666666666666667,IsUptrendPivot : True,  Resistance1: 6421.866666666666666666666667, Support1: 6316.266666666666666666666667,  Points Change :1.6776817488561260803253685800
2021-05-06 09:11:27.3621|INFO|ExAlgo.Core.Cache.QuoteRepositoryManager|UPL Pivot Details , PivoPoint: 633.6,previousPivotPoint: 623.18333333333333333333333333,IsUptrendPivot : True,  Resistance1: 649.8, Support1: 624.2,  Points Change :4.2730884618503202789264574700
2021-05-06 09:11:27.7208|INFO|ExAlgo.Core.Cache.QuoteRepositoryManager|WIPRO Pivot Details , PivoPoint: 490.48333333333333333333333333,previousPivotPoint: 482.93333333333333333333333333,IsUptrendPivot : True,  Resistance1: 496.2666666666666666666666667, Support1: 484.9666666666666666666666667,  Points Change :2.627767432236705979722739500
2021-05-06 09:30:04.0155|INFO|ExAlgo.Core.Cache.QuoteRepositoryManager|Current Data loaded at  5/6/2021 9:30:04 AM
2021-05-06 09:32:18.9141|INFO|ExAlgo.Core.Order.OrderProcessor|Recieved order for {"BrokerageAndTxn":250.0,"Instrument":"EICHER MOTORS","BuyPrice":2386.75,"Target":2383.169875,"StopLoss":2410.6175,"OrderTime":"2021-05-06T09:32:18.759312+05:30","SellTime":"0001-01-01T00:00:00","Result":"NA","GrossProfit":0.0,"InstrumentToken":232961,"OrderType":"Short","Qty":209,"ConnorsRsi":90.72457056556136421245235961,"Ema200":2405.1104782880455519886656869,"NetProfit":-250.0,"OrderStrategy":"ConnorsRsiAndEma200","RevicedStopLoss":{},"PullDownTime":"2021-05-06T09:30:00"}
2021-05-06 09:33:02.5166|INFO|ExAlgo.Core.Order.OrderProcessor|Recieved order for {"BrokerageAndTxn":250.0,"Instrument":"TATA MOTORS","BuyPrice":293.45,"Target":293.009825,"StopLoss":296.3845,"OrderTime":"2021-05-06T09:33:02.515461+05:30","SellTime":"0001-01-01T00:00:00","Result":"NA","GrossProfit":0.0,"InstrumentToken":884737,"OrderType":"Short","Qty":1703,"ConnorsRsi":90.20312809165919260395029642,"Ema200":295.84846253656266083727952077,"NetProfit":-250.0,"OrderStrategy":"ConnorsRsiAndEma200","RevicedStopLoss":{},"PullDownTime":"2021-05-06T09:30:00"}
2021-05-06 09:34:22.9113|INFO|ExAlgo.Core.Order.OrderProcessor|Order executed for TATA MOTORS - {"BrokerageAndTxn":250.0,"Instrument":"TATA MOTORS","BuyPrice":293.45,"Target":293.009825,"StopLoss":296.3845,"OrderTime":"2021-05-06T09:33:02.515461+05:30","SellTime":"2021-05-06T09:34:22.910545+05:30","Result":"Profit","GrossProfit":749.6180250000325,"InstrumentToken":884737,"OrderType":"Short","Qty":1703,"ConnorsRsi":90.20312809165919260395029642,"Ema200":295.84846253656266083727952077,"NetProfit":499.6180250000325,"OrderStrategy":"ConnorsRsiAndEma200","RevicedStopLoss":{},"PullDownTime":"2021-05-06T09:30:00"}
2021-05-06 09:35:11.4728|INFO|ExAlgo.Core.Order.OrderProcessor|Recieved order for {"BrokerageAndTxn":250.0,"Instrument":"HDFC","BuyPrice":2405.0,"Target":2401.3925,"StopLoss":2429.05,"OrderTime":"2021-05-06T09:35:11.472235+05:30","SellTime":"0001-01-01T00:00:00","Result":"NA","GrossProfit":0.0,"InstrumentToken":340481,"OrderType":"Short","Qty":207,"ConnorsRsi":90.15890166596060610216714961,"Ema200":2446.1405531792980370539366560,"NetProfit":-250.0,"OrderStrategy":"ConnorsRsiAndEma200","RevicedStopLoss":{},"PullDownTime":"2021-05-06T09:30:00"}
2021-05-06 09:36:24.1024|INFO|ExAlgo.Core.Order.OrderProcessor|Recieved order for {"BrokerageAndTxn":250.0,"Instrument":"MAHINDRA & MAHINDRA","BuyPrice":751.35,"Target":750.222975,"StopLoss":758.8635,"OrderTime":"2021-05-06T09:36:24.102156+05:30","SellTime":"0001-01-01T00:00:00","Result":"NA","GrossProfit":0.0,"InstrumentToken":519937,"OrderType":"Short","Qty":665,"ConnorsRsi":90.60227795368151872744179928,"Ema200":763.14896517462802938136058552,"NetProfit":-250.0,"OrderStrategy":"ConnorsRsiAndEma200","RevicedStopLoss":{},"PullDownTime":"2021-05-06T09:30:00"}
2021-05-06 09:45:04.0068|INFO|ExAlgo.Core.Cache.QuoteRepositoryManager|Current Data loaded at  5/6/2021 9:45:04 AM
2021-05-06 09:47:00.1431|INFO|ExAlgo.Core.Order.OrderProcessor|Order executed for EICHER MOTORS - {"BrokerageAndTxn":250.0,"Instrument":"EICHER MOTORS","BuyPrice":2386.75,"Target":2383.169875,"StopLoss":2410.6175,"OrderTime":"2021-05-06T09:32:18.759312+05:30","SellTime":"2021-05-06T09:47:00.142707+05:30","Result":"Loss","GrossProfit":-4988.307499999937,"InstrumentToken":232961,"OrderType":"Short","Qty":209,"ConnorsRsi":90.72457056556136421245235961,"Ema200":2405.1104782880455519886656869,"NetProfit":-5238.307499999937,"OrderStrategy":"ConnorsRsiAndEma200","RevicedStopLoss":{},"PullDownTime":"2021-05-06T09:30:00"}
2021-05-06 09:47:00.1792|INFO|ExAlgo.Core.Order.OrderProcessor|Recieved order for {"BrokerageAndTxn":250.0,"Instrument":"TATA MOTORS","BuyPrice":294.0,"Target":293.559,"StopLoss":296.94,"OrderTime":"2021-05-06T09:47:00.178991+05:30","SellTime":"0001-01-01T00:00:00","Result":"NA","GrossProfit":0.0,"InstrumentToken":884737,"OrderType":"Short","Qty":1700,"ConnorsRsi":90.68571620242832420543110795,"Ema200":295.82237148232083069396480262,"NetProfit":-250.0,"OrderStrategy":"ConnorsRsiAndEma200","RevicedStopLoss":{},"PullDownTime":"2021-05-06T09:45:00"}
2021-05-06 09:49:30.1598|INFO|ExAlgo.Core.Order.OrderProcessor|Order executed for MAHINDRA & MAHINDRA - {"BrokerageAndTxn":250.0,"Instrument":"MAHINDRA & MAHINDRA","BuyPrice":751.35,"Target":750.222975,"StopLoss":758.8635,"OrderTime":"2021-05-06T09:36:24.102156+05:30","SellTime":"2021-05-06T09:49:30.159612+05:30","Result":"Loss","GrossProfit":-4996.477500000037,"InstrumentToken":519937,"OrderType":"Short","Qty":665,"ConnorsRsi":90.60227795368151872744179928,"Ema200":763.14896517462802938136058552,"NetProfit":-5246.477500000037,"OrderStrategy":"ConnorsRsiAndEma200","RevicedStopLoss":{},"PullDownTime":"2021-05-06T09:30:00"}
2021-05-06 09:49:30.6841|INFO|ExAlgo.Core.Order.OrderProcessor|Recieved order for {"BrokerageAndTxn":250.0,"Instrument":"MAHINDRA & MAHINDRA","BuyPrice":758.65,"Target":757.512025,"StopLoss":766.2365,"OrderTime":"2021-05-06T09:49:30.683849+05:30","SellTime":"0001-01-01T00:00:00","Result":"NA","GrossProfit":0.0,"InstrumentToken":519937,"OrderType":"Short","Qty":659,"ConnorsRsi":95.83323024374709289981796528,"Ema200":763.10347809536630083354154901,"NetProfit":-250.0,"OrderStrategy":"ConnorsRsiAndEma200","RevicedStopLoss":{},"PullDownTime":"2021-05-06T09:45:00"}
2021-05-06 09:51:17.5554|INFO|ExAlgo.Core.Order.OrderProcessor|Order executed for MAHINDRA & MAHINDRA - {"BrokerageAndTxn":250.0,"Instrument":"MAHINDRA & MAHINDRA","BuyPrice":758.65,"Target":757.512025,"StopLoss":766.2365,"OrderTime":"2021-05-06T09:49:30.683849+05:30","SellTime":"2021-05-06T09:51:17.555201+05:30","Result":"Profit","GrossProfit":749.9255249999696,"InstrumentToken":519937,"OrderType":"Short","Qty":659,"ConnorsRsi":95.83323024374709289981796528,"Ema200":763.10347809536630083354154901,"NetProfit":499.92552499996964,"OrderStrategy":"ConnorsRsiAndEma200","RevicedStopLoss":{},"PullDownTime":"2021-05-06T09:45:00"}
2021-05-06 10:00:04.0261|INFO|ExAlgo.Core.Cache.QuoteRepositoryManager|Current Data loaded at  5/6/2021 10:00:04 AM
2021-05-06 10:15:04.0455|INFO|ExAlgo.Core.Cache.QuoteRepositoryManager|Current Data loaded at  5/6/2021 10:15:04 AM
2021-05-06 10:17:02.0013|INFO|ExAlgo.Core.Order.OrderProcessor|Order executed for TATA MOTORS - {"BrokerageAndTxn":250.0,"Instrument":"TATA MOTORS","BuyPrice":294.0,"Target":293.559,"StopLoss":296.94,"OrderTime":"2021-05-06T09:47:00.178991+05:30","SellTime":"2021-05-06T10:17:02.001042+05:30","Result":"Profit","GrossProfit":749.6999999999534,"InstrumentToken":884737,"OrderType":"Short","Qty":1700,"ConnorsRsi":90.68571620242832420543110795,"Ema200":295.82237148232083069396480262,"NetProfit":499.69999999995343,"OrderStrategy":"ConnorsRsiAndEma200","RevicedStopLoss":{},"PullDownTime":"2021-05-06T09:45:00"}
2021-05-06 10:17:57.7817|INFO|ExAlgo.Core.Order.OrderProcessor|Recieved order for {"BrokerageAndTxn":250.0,"Instrument":"BAJAJ FINANCE","BuyPrice":5500.3,"Target":5508.55045,"StopLoss":5445.2970000000005,"OrderTime":"2021-05-06T10:17:57.781566+05:30","SellTime":"0001-01-01T00:00:00","Result":"NA","GrossProfit":0.0,"InstrumentToken":81153,"OrderType":"Long","Qty":90,"ConnorsRsi":9.971435075963283886151691013,"Ema200":5328.5479277265597336721026324,"NetProfit":-250.0,"OrderStrategy":"ConnorsRsiAndEma200","RevicedStopLoss":{},"PullDownTime":"2021-05-06T10:15:00"}
2021-05-06 10:18:18.1930|INFO|ExAlgo.Core.Order.OrderProcessor|Order executed for BAJAJ FINANCE - {"BrokerageAndTxn":250.0,"Instrument":"BAJAJ FINANCE","BuyPrice":5500.3,"Target":5508.55045,"StopLoss":5445.2970000000005,"OrderTime":"2021-05-06T10:17:57.781566+05:30","SellTime":"2021-05-06T10:18:18.192853+05:30","Result":"Profit","GrossProfit":742.5405000000028,"InstrumentToken":81153,"OrderType":"Long","Qty":90,"ConnorsRsi":9.971435075963283886151691013,"Ema200":5328.5479277265597336721026324,"NetProfit":492.5405000000028,"OrderStrategy":"ConnorsRsiAndEma200","RevicedStopLoss":{},"PullDownTime":"2021-05-06T10:15:00"}
2021-05-06 10:20:25.3171|INFO|ExAlgo.Core.Order.OrderProcessor|Recieved order for {"BrokerageAndTxn":250.0,"Instrument":"INDUSIND BANK","BuyPrice":920.05,"Target":921.430075,"StopLoss":910.8494999999999,"OrderTime":"2021-05-06T10:20:25.316974+05:30","SellTime":"0001-01-01T00:00:00","Result":"NA","GrossProfit":0.0,"InstrumentToken":1346049,"OrderType":"Long","Qty":543,"ConnorsRsi":9.167234606028711052374415313,"Ema200":911.2374641627792556880095583,"NetProfit":-250.0,"OrderStrategy":"ConnorsRsiAndEma200","RevicedStopLoss":{},"PullDownTime":"2021-05-06T10:15:00"}
2021-05-06 10:20:33.8391|INFO|ExAlgo.Core.Order.OrderProcessor|Order executed for INDUSIND BANK - {"BrokerageAndTxn":250.0,"Instrument":"INDUSIND BANK","BuyPrice":920.05,"Target":921.430075,"StopLoss":910.8494999999999,"OrderTime":"2021-05-06T10:20:25.316974+05:30","SellTime":"2021-05-06T10:20:33.838915+05:30","Result":"Profit","GrossProfit":749.3807250000536,"InstrumentToken":1346049,"OrderType":"Long","Qty":543,"ConnorsRsi":9.167234606028711052374415313,"Ema200":911.2374641627792556880095583,"NetProfit":499.38072500005364,"OrderStrategy":"ConnorsRsiAndEma200","RevicedStopLoss":{},"PullDownTime":"2021-05-06T10:15:00"}
2021-05-06 10:30:00.1882|INFO|ExAlgo.Core.Order.OrderProcessor|Recieved order for {"BrokerageAndTxn":250.0,"Instrument":"BAJAJ FINANCE","BuyPrice":5495.55,"Target":5503.793325000001,"StopLoss":5440.5945,"OrderTime":"2021-05-06T10:30:00.188044+05:30","SellTime":"0001-01-01T00:00:00","Result":"NA","GrossProfit":0.0,"InstrumentToken":81153,"OrderType":"Long","Qty":90,"ConnorsRsi":9.288409618112921979059755117,"Ema200":5328.5479277265597336721026324,"NetProfit":-250.0,"OrderStrategy":"ConnorsRsiAndEma200","RevicedStopLoss":{},"PullDownTime":"2021-05-06T10:30:00"}
2021-05-06 10:30:04.0481|INFO|ExAlgo.Core.Cache.QuoteRepositoryManager|Current Data loaded at  5/6/2021 10:30:04 AM
2021-05-06 10:31:10.9171|INFO|ExAlgo.Core.Order.OrderProcessor|Order executed for HDFC - {"BrokerageAndTxn":250.0,"Instrument":"HDFC","BuyPrice":2405.0,"Target":2401.3925,"StopLoss":2429.05,"OrderTime":"2021-05-06T09:35:11.472235+05:30","SellTime":"2021-05-06T10:31:10.916716+05:30","Result":"Profit","GrossProfit":746.7525000000023,"InstrumentToken":340481,"OrderType":"Short","Qty":207,"ConnorsRsi":90.15890166596060610216714961,"Ema200":2446.1405531792980370539366560,"NetProfit":496.7525000000023,"OrderStrategy":"ConnorsRsiAndEma200","RevicedStopLoss":{},"PullDownTime":"2021-05-06T09:30:00"}
2021-05-06 10:36:55.4038|INFO|ExAlgo.Core.Order.OrderProcessor|Order executed for BAJAJ FINANCE - {"BrokerageAndTxn":250.0,"Instrument":"BAJAJ FINANCE","BuyPrice":5495.55,"Target":5503.793325000001,"StopLoss":5440.5945,"OrderTime":"2021-05-06T10:30:00.188044+05:30","SellTime":"2021-05-06T10:36:55.40368+05:30","Result":"Profit","GrossProfit":741.899250000075,"InstrumentToken":81153,"OrderType":"Long","Qty":90,"ConnorsRsi":9.288409618112921979059755117,"Ema200":5328.5479277265597336721026324,"NetProfit":491.89925000007497,"OrderStrategy":"ConnorsRsiAndEma200","RevicedStopLoss":{},"PullDownTime":"2021-05-06T10:30:00"}
2021-05-06 10:45:04.0693|INFO|ExAlgo.Core.Cache.QuoteRepositoryManager|Current Data loaded at  5/6/2021 10:45:04 AM
2021-05-06 11:00:04.0667|INFO|ExAlgo.Core.Cache.QuoteRepositoryManager|Current Data loaded at  5/6/2021 11:00:04 AM
2021-05-06 11:15:04.0857|INFO|ExAlgo.Core.Cache.QuoteRepositoryManager|Current Data loaded at  5/6/2021 11:15:04 AM
2021-05-06 11:30:04.1014|INFO|ExAlgo.Core.Cache.QuoteRepositoryManager|Current Data loaded at  5/6/2021 11:30:04 AM
2021-05-06 11:45:04.1321|INFO|ExAlgo.Core.Cache.QuoteRepositoryManager|Current Data loaded at  5/6/2021 11:45:04 AM
2021-05-06 12:00:04.1490|INFO|ExAlgo.Core.Cache.QuoteRepositoryManager|Current Data loaded at  5/6/2021 12:00:04 PM
2021-05-06 12:15:04.1644|INFO|ExAlgo.Core.Cache.QuoteRepositoryManager|Current Data loaded at  5/6/2021 12:15:04 PM
2021-05-06 12:17:58.3833|INFO|ExAlgo.Core.Order.OrderProcessor|Recieved order for {"BrokerageAndTxn":250.0,"Instrument":"HDFC","BuyPrice":2417.85,"Target":2414.2232249999997,"StopLoss":2442.0285,"OrderTime":"2021-05-06T12:17:58.377544+05:30","SellTime":"0001-01-01T00:00:00","Result":"NA","GrossProfit":0.0,"InstrumentToken":340481,"OrderType":"Short","Qty":206,"ConnorsRsi":90.46919634101074059123303835,"Ema200":2442.2774864145998112262271036,"NetProfit":-250.0,"OrderStrategy":"ConnorsRsiAndEma200","RevicedStopLoss":{},"PullDownTime":"2021-05-06T12:15:00"}
2021-05-06 12:23:39.6644|INFO|ExAlgo.Core.Order.OrderProcessor|Recieved order for {"BrokerageAndTxn":250.0,"Instrument":"UPL","BuyPrice":631.4,"Target":632.3471,"StopLoss":625.086,"OrderTime":"2021-05-06T12:23:39.664265+05:30","SellTime":"0001-01-01T00:00:00","Result":"NA","GrossProfit":0.0,"InstrumentToken":2889473,"OrderType":"Long","Qty":791,"ConnorsRsi":9.630226466906061320694839413,"Ema200":618.44335117563313941680439119,"NetProfit":-250.0,"OrderStrategy":"ConnorsRsiAndEma200","RevicedStopLoss":{},"PullDownTime":"2021-05-06T12:15:00"}
2021-05-06 12:30:01.3381|INFO|ExAlgo.Core.Order.OrderProcessor|Order executed for UPL - {"BrokerageAndTxn":250.0,"Instrument":"UPL","BuyPrice":631.4,"Target":632.3471,"StopLoss":625.086,"OrderTime":"2021-05-06T12:23:39.664265+05:30","SellTime":"2021-05-06T12:30:01.337952+05:30","Result":"Profit","GrossProfit":749.156100000022,"InstrumentToken":2889473,"OrderType":"Long","Qty":791,"ConnorsRsi":9.630226466906061320694839413,"Ema200":618.44335117563313941680439119,"NetProfit":499.156100000022,"OrderStrategy":"ConnorsRsiAndEma200","RevicedStopLoss":{},"PullDownTime":"2021-05-06T12:15:00"}
2021-05-06 12:30:04.1799|INFO|ExAlgo.Core.Cache.QuoteRepositoryManager|Current Data loaded at  5/6/2021 12:30:04 PM
2021-05-06 12:30:05.0643|INFO|ExAlgo.Core.Order.OrderProcessor|Recieved order for {"BrokerageAndTxn":250.0,"Instrument":"HDFC BANK","BuyPrice":1406.0,"Target":1403.891,"StopLoss":1420.06,"OrderTime":"2021-05-06T12:30:05.063504+05:30","SellTime":"0001-01-01T00:00:00","Result":"NA","GrossProfit":0.0,"InstrumentToken":341249,"OrderType":"Short","Qty":355,"ConnorsRsi":90.61563618808459933231521784,"Ema200":1413.9553813415099416681746215,"NetProfit":-250.0,"OrderStrategy":"ConnorsRsiAndEma200","RevicedStopLoss":{},"PullDownTime":"2021-05-06T12:30:00"}
2021-05-06 12:35:57.7810|INFO|ExAlgo.Core.Order.OrderProcessor|Order executed for HDFC BANK - {"BrokerageAndTxn":250.0,"Instrument":"HDFC BANK","BuyPrice":1406.0,"Target":1403.891,"StopLoss":1420.06,"OrderTime":"2021-05-06T12:30:05.063504+05:30","SellTime":"2021-05-06T12:35:57.780964+05:30","Result":"Profit","GrossProfit":748.6949999999488,"InstrumentToken":341249,"OrderType":"Short","Qty":355,"ConnorsRsi":90.61563618808459933231521784,"Ema200":1413.9553813415099416681746215,"NetProfit":498.6949999999488,"OrderStrategy":"ConnorsRsiAndEma200","RevicedStopLoss":{},"PullDownTime":"2021-05-06T12:30:00"}
2021-05-06 12:36:55.8987|INFO|ExAlgo.Core.Order.OrderProcessor|Recieved order for {"BrokerageAndTxn":250.0,"Instrument":"UPL","BuyPrice":630.5,"Target":631.44575,"StopLoss":624.195,"OrderTime":"2021-05-06T12:36:55.898619+05:30","SellTime":"0001-01-01T00:00:00","Result":"NA","GrossProfit":0.0,"InstrumentToken":2889473,"OrderType":"Long","Qty":793,"ConnorsRsi":9.11655476406039189408472705,"Ema200":618.59083669882237925867996662,"NetProfit":-250.0,"OrderStrategy":"ConnorsRsiAndEma200","RevicedStopLoss":{},"PullDownTime":"2021-05-06T12:30:00"}
2021-05-06 12:38:10.9378|INFO|ExAlgo.Core.Order.OrderProcessor|Recieved order for {"BrokerageAndTxn":250.0,"Instrument":"HCL TECHNOLOGIES","BuyPrice":914.9,"Target":913.52765,"StopLoss":924.049,"OrderTime":"2021-05-06T12:38:10.937779+05:30","SellTime":"0001-01-01T00:00:00","Result":"NA","GrossProfit":0.0,"InstrumentToken":1850625,"OrderType":"Short","Qty":546,"ConnorsRsi":90.73899959777585386264796373,"Ema200":919.5767945595915507765736071,"NetProfit":-250.0,"OrderStrategy":"ConnorsRsiAndEma200","RevicedStopLoss":{},"PullDownTime":"2021-05-06T12:30:00"}
2021-05-06 12:38:40.3107|INFO|ExAlgo.Core.Order.OrderProcessor|Order executed for UPL - {"BrokerageAndTxn":250.0,"Instrument":"UPL","BuyPrice":630.5,"Target":631.44575,"StopLoss":624.195,"OrderTime":"2021-05-06T12:36:55.898619+05:30","SellTime":"2021-05-06T12:38:40.310634+05:30","Result":"Profit","GrossProfit":749.9797499999986,"InstrumentToken":2889473,"OrderType":"Long","Qty":793,"ConnorsRsi":9.11655476406039189408472705,"Ema200":618.59083669882237925867996662,"NetProfit":499.9797499999986,"OrderStrategy":"ConnorsRsiAndEma200","RevicedStopLoss":{},"PullDownTime":"2021-05-06T12:30:00"}
2021-05-06 12:45:04.2098|INFO|ExAlgo.Core.Cache.QuoteRepositoryManager|Current Data loaded at  5/6/2021 12:45:04 PM
2021-05-06 13:00:04.1844|INFO|ExAlgo.Core.Cache.QuoteRepositoryManager|Current Data loaded at  5/6/2021 1:00:04 PM
2021-05-06 13:15:04.2080|INFO|ExAlgo.Core.Cache.QuoteRepositoryManager|Current Data loaded at  5/6/2021 1:15:04 PM
2021-05-06 13:23:21.1415|INFO|ExAlgo.Core.Order.OrderProcessor|Recieved order for {"BrokerageAndTxn":250.0,"Instrument":"INDIAN OIL CORP","BuyPrice":92.1,"Target":92.23814999999999,"StopLoss":91.17899999999999,"OrderTime":"2021-05-06T13:23:21.141319+05:30","SellTime":"0001-01-01T00:00:00","Result":"NA","GrossProfit":0.0,"InstrumentToken":415745,"OrderType":"Long","Qty":5428,"ConnorsRsi":8.373995009789326372126322973,"Ema200":91.03561809920802980679122541,"NetProfit":-250.0,"OrderStrategy":"ConnorsRsiAndEma200","RevicedStopLoss":{},"PullDownTime":"2021-05-06T13:15:00"}
2021-05-06 13:23:55.9606|INFO|ExAlgo.Core.Order.OrderProcessor|Order executed for HDFC - {"BrokerageAndTxn":250.0,"Instrument":"HDFC","BuyPrice":2417.85,"Target":2414.2232249999997,"StopLoss":2442.0285,"OrderTime":"2021-05-06T12:17:58.377544+05:30","SellTime":"2021-05-06T13:23:55.960504+05:30","Result":"Profit","GrossProfit":747.1156500000507,"InstrumentToken":340481,"OrderType":"Short","Qty":206,"ConnorsRsi":90.46919634101074059123303835,"Ema200":2442.2774864145998112262271036,"NetProfit":497.11565000005066,"OrderStrategy":"ConnorsRsiAndEma200","RevicedStopLoss":{},"PullDownTime":"2021-05-06T12:15:00"}
2021-05-06 13:30:04.1995|INFO|ExAlgo.Core.Cache.QuoteRepositoryManager|Current Data loaded at  5/6/2021 1:30:04 PM
2021-05-06 13:41:35.5580|INFO|ExAlgo.Core.Order.OrderProcessor|Order executed for INDIAN OIL CORP - {"BrokerageAndTxn":250.0,"Instrument":"INDIAN OIL CORP","BuyPrice":92.1,"Target":92.23814999999999,"StopLoss":91.17899999999999,"OrderTime":"2021-05-06T13:23:21.141319+05:30","SellTime":"2021-05-06T13:41:35.557775+05:30","Result":"Profit","GrossProfit":749.8781999999774,"InstrumentToken":415745,"OrderType":"Long","Qty":5428,"ConnorsRsi":8.373995009789326372126322973,"Ema200":91.03561809920802980679122541,"NetProfit":499.87819999997737,"OrderStrategy":"ConnorsRsiAndEma200","RevicedStopLoss":{},"PullDownTime":"2021-05-06T13:15:00"}
2021-05-06 13:43:47.0032|INFO|ExAlgo.Core.Order.OrderProcessor|Recieved order for {"BrokerageAndTxn":250.0,"Instrument":"ASIAN PAINTS","BuyPrice":2544.9,"Target":2541.0826500000003,"StopLoss":2570.349,"OrderTime":"2021-05-06T13:43:47.000234+05:30","SellTime":"0001-01-01T00:00:00","Result":"NA","GrossProfit":0.0,"InstrumentToken":60417,"OrderType":"Short","Qty":196,"ConnorsRsi":90.01922414357650326752434592,"Ema200":2573.2827516196634240875820459,"NetProfit":-250.0,"OrderStrategy":"ConnorsRsiAndEma200","RevicedStopLoss":{},"PullDownTime":"2021-05-06T13:30:00"}
2021-05-06 13:45:04.2095|INFO|ExAlgo.Core.Cache.QuoteRepositoryManager|Current Data loaded at  5/6/2021 1:45:04 PM
2021-05-06 13:49:59.5809|INFO|ExAlgo.Core.Order.OrderProcessor|Order executed for ASIAN PAINTS - {"BrokerageAndTxn":250.0,"Instrument":"ASIAN PAINTS","BuyPrice":2544.9,"Target":2541.0826500000003,"StopLoss":2570.349,"OrderTime":"2021-05-06T13:43:47.000234+05:30","SellTime":"2021-05-06T13:49:59.579767+05:30","Result":"Profit","GrossProfit":748.2005999999819,"InstrumentToken":60417,"OrderType":"Short","Qty":196,"ConnorsRsi":90.01922414357650326752434592,"Ema200":2573.2827516196634240875820459,"NetProfit":498.20059999998193,"OrderStrategy":"ConnorsRsiAndEma200","RevicedStopLoss":{},"PullDownTime":"2021-05-06T13:30:00"}
2021-05-06 14:00:04.2234|INFO|ExAlgo.Core.Cache.QuoteRepositoryManager|Current Data loaded at  5/6/2021 2:00:04 PM
2021-05-06 14:08:25.9873|INFO|ExAlgo.Core.Order.OrderProcessor|Order executed for HCL TECHNOLOGIES - {"BrokerageAndTxn":250.0,"Instrument":"HCL TECHNOLOGIES","BuyPrice":914.9,"Target":913.52765,"StopLoss":924.049,"OrderTime":"2021-05-06T12:38:10.937779+05:30","SellTime":"2021-05-06T14:08:25.987259+05:30","Result":"Profit","GrossProfit":749.303099999961,"InstrumentToken":1850625,"OrderType":"Short","Qty":546,"ConnorsRsi":90.73899959777585386264796373,"Ema200":919.5767945595915507765736071,"NetProfit":499.303099999961,"OrderStrategy":"ConnorsRsiAndEma200","RevicedStopLoss":{},"PullDownTime":"2021-05-06T12:30:00"}
2021-05-06 14:15:04.2265|INFO|ExAlgo.Core.Cache.QuoteRepositoryManager|Current Data loaded at  5/6/2021 2:15:04 PM
2021-05-06 14:30:04.2340|INFO|ExAlgo.Core.Cache.QuoteRepositoryManager|Current Data loaded at  5/6/2021 2:30:04 PM
2021-05-06 14:45:04.2420|INFO|ExAlgo.Core.Cache.QuoteRepositoryManager|Current Data loaded at  5/6/2021 2:45:04 PM
2021-05-06 15:00:04.2493|INFO|ExAlgo.Core.Cache.QuoteRepositoryManager|Current Data loaded at  5/6/2021 3:00:04 PM
2021-05-06 15:15:04.2577|INFO|ExAlgo.Core.Cache.QuoteRepositoryManager|Current Data loaded at  5/6/2021 3:15:04 PM
2021-05-06 15:30:00.0674|INFO|ExAlgo.Core.Order.OrderProcessor|[{"BrokerageAndTxn":250.0,"Instrument":"TATA MOTORS","BuyPrice":293.45,"Target":293.009825,"StopLoss":296.3845,"OrderTime":"2021-05-06T09:33:02.515461+05:30","SellTime":"2021-05-06T09:34:22.910545+05:30","Result":"Profit","GrossProfit":749.6180250000325,"InstrumentToken":884737,"OrderType":"Short","Qty":1703,"ConnorsRsi":90.20312809165919260395029642,"Ema200":295.84846253656266083727952077,"NetProfit":499.6180250000325,"OrderStrategy":"ConnorsRsiAndEma200","RevicedStopLoss":{},"PullDownTime":"2021-05-06T09:30:00"},{"BrokerageAndTxn":250.0,"Instrument":"EICHER MOTORS","BuyPrice":2386.75,"Target":2383.169875,"StopLoss":2410.6175,"OrderTime":"2021-05-06T09:32:18.759312+05:30","SellTime":"2021-05-06T09:47:00.142707+05:30","Result":"Loss","GrossProfit":-4988.307499999937,"InstrumentToken":232961,"OrderType":"Short","Qty":209,"ConnorsRsi":90.72457056556136421245235961,"Ema200":2405.1104782880455519886656869,"NetProfit":-5238.307499999937,"OrderStrategy":"ConnorsRsiAndEma200","RevicedStopLoss":{},"PullDownTime":"2021-05-06T09:30:00"},{"BrokerageAndTxn":250.0,"Instrument":"MAHINDRA & MAHINDRA","BuyPrice":751.35,"Target":750.222975,"StopLoss":758.8635,"OrderTime":"2021-05-06T09:36:24.102156+05:30","SellTime":"2021-05-06T09:49:30.159612+05:30","Result":"Loss","GrossProfit":-4996.477500000037,"InstrumentToken":519937,"OrderType":"Short","Qty":665,"ConnorsRsi":90.60227795368151872744179928,"Ema200":763.14896517462802938136058552,"NetProfit":-5246.477500000037,"OrderStrategy":"ConnorsRsiAndEma200","RevicedStopLoss":{},"PullDownTime":"2021-05-06T09:30:00"},{"BrokerageAndTxn":250.0,"Instrument":"MAHINDRA & MAHINDRA","BuyPrice":758.65,"Target":757.512025,"StopLoss":766.2365,"OrderTime":"2021-05-06T09:49:30.683849+05:30","SellTime":"2021-05-06T09:51:17.555201+05:30","Result":"Profit","GrossProfit":749.9255249999696,"InstrumentToken":519937,"OrderType":"Short","Qty":659,"ConnorsRsi":95.83323024374709289981796528,"Ema200":763.10347809536630083354154901,"NetProfit":499.92552499996964,"OrderStrategy":"ConnorsRsiAndEma200","RevicedStopLoss":{},"PullDownTime":"2021-05-06T09:45:00"},{"BrokerageAndTxn":250.0,"Instrument":"TATA MOTORS","BuyPrice":294.0,"Target":293.559,"StopLoss":296.94,"OrderTime":"2021-05-06T09:47:00.178991+05:30","SellTime":"2021-05-06T10:17:02.001042+05:30","Result":"Profit","GrossProfit":749.6999999999534,"InstrumentToken":884737,"OrderType":"Short","Qty":1700,"ConnorsRsi":90.68571620242832420543110795,"Ema200":295.82237148232083069396480262,"NetProfit":499.69999999995343,"OrderStrategy":"ConnorsRsiAndEma200","RevicedStopLoss":{},"PullDownTime":"2021-05-06T09:45:00"},{"BrokerageAndTxn":250.0,"Instrument":"BAJAJ FINANCE","BuyPrice":5500.3,"Target":5508.55045,"StopLoss":5445.2970000000005,"OrderTime":"2021-05-06T10:17:57.781566+05:30","SellTime":"2021-05-06T10:18:18.192853+05:30","Result":"Profit","GrossProfit":742.5405000000028,"InstrumentToken":81153,"OrderType":"Long","Qty":90,"ConnorsRsi":9.971435075963283886151691013,"Ema200":5328.5479277265597336721026324,"NetProfit":492.5405000000028,"OrderStrategy":"ConnorsRsiAndEma200","RevicedStopLoss":{},"PullDownTime":"2021-05-06T10:15:00"},{"BrokerageAndTxn":250.0,"Instrument":"INDUSIND BANK","BuyPrice":920.05,"Target":921.430075,"StopLoss":910.8494999999999,"OrderTime":"2021-05-06T10:20:25.316974+05:30","SellTime":"2021-05-06T10:20:33.838915+05:30","Result":"Profit","GrossProfit":749.3807250000536,"InstrumentToken":1346049,"OrderType":"Long","Qty":543,"ConnorsRsi":9.167234606028711052374415313,"Ema200":911.2374641627792556880095583,"NetProfit":499.38072500005364,"OrderStrategy":"ConnorsRsiAndEma200","RevicedStopLoss":{},"PullDownTime":"2021-05-06T10:15:00"},{"BrokerageAndTxn":250.0,"Instrument":"HDFC","BuyPrice":2405.0,"Target":2401.3925,"StopLoss":2429.05,"OrderTime":"2021-05-06T09:35:11.472235+05:30","SellTime":"2021-05-06T10:31:10.916716+05:30","Result":"Profit","GrossProfit":746.7525000000023,"InstrumentToken":340481,"OrderType":"Short","Qty":207,"ConnorsRsi":90.15890166596060610216714961,"Ema200":2446.1405531792980370539366560,"NetProfit":496.7525000000023,"OrderStrategy":"ConnorsRsiAndEma200","RevicedStopLoss":{},"PullDownTime":"2021-05-06T09:30:00"},{"BrokerageAndTxn":250.0,"Instrument":"BAJAJ FINANCE","BuyPrice":5495.55,"Target":5503.793325000001,"StopLoss":5440.5945,"OrderTime":"2021-05-06T10:30:00.188044+05:30","SellTime":"2021-05-06T10:36:55.40368+05:30","Result":"Profit","GrossProfit":741.899250000075,"InstrumentToken":81153,"OrderType":"Long","Qty":90,"ConnorsRsi":9.288409618112921979059755117,"Ema200":5328.5479277265597336721026324,"NetProfit":491.89925000007497,"OrderStrategy":"ConnorsRsiAndEma200","RevicedStopLoss":{},"PullDownTime":"2021-05-06T10:30:00"},{"BrokerageAndTxn":250.0,"Instrument":"UPL","BuyPrice":631.4,"Target":632.3471,"StopLoss":625.086,"OrderTime":"2021-05-06T12:23:39.664265+05:30","SellTime":"2021-05-06T12:30:01.337952+05:30","Result":"Profit","GrossProfit":749.156100000022,"InstrumentToken":2889473,"OrderType":"Long","Qty":791,"ConnorsRsi":9.630226466906061320694839413,"Ema200":618.44335117563313941680439119,"NetProfit":499.156100000022,"OrderStrategy":"ConnorsRsiAndEma200","RevicedStopLoss":{},"PullDownTime":"2021-05-06T12:15:00"},{"BrokerageAndTxn":250.0,"Instrument":"HDFC BANK","BuyPrice":1406.0,"Target":1403.891,"StopLoss":1420.06,"OrderTime":"2021-05-06T12:30:05.063504+05:30","SellTime":"2021-05-06T12:35:57.780964+05:30","Result":"Profit","GrossProfit":748.6949999999488,"InstrumentToken":341249,"OrderType":"Short","Qty":355,"ConnorsRsi":90.61563618808459933231521784,"Ema200":1413.9553813415099416681746215,"NetProfit":498.6949999999488,"OrderStrategy":"ConnorsRsiAndEma200","RevicedStopLoss":{},"PullDownTime":"2021-05-06T12:30:00"},{"BrokerageAndTxn":250.0,"Instrument":"UPL","BuyPrice":630.5,"Target":631.44575,"StopLoss":624.195,"OrderTime":"2021-05-06T12:36:55.898619+05:30","SellTime":"2021-05-06T12:38:40.310634+05:30","Result":"Profit","GrossProfit":749.9797499999986,"InstrumentToken":2889473,"OrderType":"Long","Qty":793,"ConnorsRsi":9.11655476406039189408472705,"Ema200":618.59083669882237925867996662,"NetProfit":499.9797499999986,"OrderStrategy":"ConnorsRsiAndEma200","RevicedStopLoss":{},"PullDownTime":"2021-05-06T12:30:00"},{"BrokerageAndTxn":250.0,"Instrument":"HDFC","BuyPrice":2417.85,"Target":2414.2232249999997,"StopLoss":2442.0285,"OrderTime":"2021-05-06T12:17:58.377544+05:30","SellTime":"2021-05-06T13:23:55.960504+05:30","Result":"Profit","GrossProfit":747.1156500000507,"InstrumentToken":340481,"OrderType":"Short","Qty":206,"ConnorsRsi":90.46919634101074059123303835,"Ema200":2442.2774864145998112262271036,"NetProfit":497.11565000005066,"OrderStrategy":"ConnorsRsiAndEma200","RevicedStopLoss":{},"PullDownTime":"2021-05-06T12:15:00"},{"BrokerageAndTxn":250.0,"Instrument":"INDIAN OIL CORP","BuyPrice":92.1,"Target":92.23814999999999,"StopLoss":91.17899999999999,"OrderTime":"2021-05-06T13:23:21.141319+05:30","SellTime":"2021-05-06T13:41:35.557775+05:30","Result":"Profit","GrossProfit":749.8781999999774,"InstrumentToken":415745,"OrderType":"Long","Qty":5428,"ConnorsRsi":8.373995009789326372126322973,"Ema200":91.03561809920802980679122541,"NetProfit":499.87819999997737,"OrderStrategy":"ConnorsRsiAndEma200","RevicedStopLoss":{},"PullDownTime":"2021-05-06T13:15:00"},{"BrokerageAndTxn":250.0,"Instrument":"ASIAN PAINTS","BuyPrice":2544.9,"Target":2541.0826500000003,"StopLoss":2570.349,"OrderTime":"2021-05-06T13:43:47.000234+05:30","SellTime":"2021-05-06T13:49:59.579767+05:30","Result":"Profit","GrossProfit":748.2005999999819,"InstrumentToken":60417,"OrderType":"Short","Qty":196,"ConnorsRsi":90.01922414357650326752434592,"Ema200":2573.2827516196634240875820459,"NetProfit":498.20059999998193,"OrderStrategy":"ConnorsRsiAndEma200","RevicedStopLoss":{},"PullDownTime":"2021-05-06T13:30:00"},{"BrokerageAndTxn":250.0,"Instrument":"HCL TECHNOLOGIES","BuyPrice":914.9,"Target":913.52765,"StopLoss":924.049,"OrderTime":"2021-05-06T12:38:10.937779+05:30","SellTime":"2021-05-06T14:08:25.987259+05:30","Result":"Profit","GrossProfit":749.303099999961,"InstrumentToken":1850625,"OrderType":"Short","Qty":546,"ConnorsRsi":90.73899959777585386264796373,"Ema200":919.5767945595915507765736071,"NetProfit":499.303099999961,"OrderStrategy":"ConnorsRsiAndEma200","RevicedStopLoss":{},"PullDownTime":"2021-05-06T12:30:00"}]
2021-05-06 15:30:04.2599|INFO|ExAlgo.Core.Cache.QuoteRepositoryManager|Current Data loaded at  5/6/2021 3:30:04 PM
2021-05-06 15:45:04.2768|INFO|ExAlgo.Core.Cache.QuoteRepositoryManager|Current Data loaded at  5/6/2021 3:45:04 PM
2021-05-06 16:00:04.2860|INFO|ExAlgo.Core.Cache.QuoteRepositoryManager|Current Data loaded at  5/6/2021 4:00:04 PM
2021-05-06 16:15:04.3005|INFO|ExAlgo.Core.Cache.QuoteRepositoryManager|Current Data loaded at  5/6/2021 4:15:04 PM
2021-05-06 16:30:04.3198|INFO|ExAlgo.Core.Cache.QuoteRepositoryManager|Current Data loaded at  5/6/2021 4:30:04 PM
2021-05-06 16:45:04.3226|INFO|ExAlgo.Core.Cache.QuoteRepositoryManager|Current Data loaded at  5/6/2021 4:45:04 PM
2021-05-06 17:00:04.3280|INFO|ExAlgo.Core.Cache.QuoteRepositoryManager|Current Data loaded at  5/6/2021 5:00:04 PM
2021-05-06 17:15:04.3399|INFO|ExAlgo.Core.Cache.QuoteRepositoryManager|Current Data loaded at  5/6/2021 5:15:04 PM
2021-05-06 17:30:04.3426|INFO|ExAlgo.Core.Cache.QuoteRepositoryManager|Current Data loaded at  5/6/2021 5:30:04 PM
2021-05-06 17:45:04.3548|INFO|ExAlgo.Core.Cache.QuoteRepositoryManager|Current Data loaded at  5/6/2021 5:45:04 PM
2021-05-06 18:00:04.3641|INFO|ExAlgo.Core.Cache.QuoteRepositoryManager|Current Data loaded at  5/6/2021 6:00:04 PM
2021-05-06 18:15:04.3781|INFO|ExAlgo.Core.Cache.QuoteRepositoryManager|Current Data loaded at  5/6/2021 6:15:04 PM
